# Innovus TCL Run Log
# Time: 2026-07-10T08:36:49.762Z
# Innovus Commands: setMultiCpuUsage, setPreference, init_design, set_global, set_table_style, unplaceAllBlocks, floorPlan, globalNetConnect, setAddRingMode, addRing, setAddStripeMode, addStripe, sroute, verify_drc, verifyConnectivity, setEndCapMode, deleteFiller, addEndCap, verifyEndCap, set_well_tap_mode, addWellTap, verifyWellTap, setPlaceMode, place_opt_design, setDelayCalMode, setAnalysisMode, setOptMode, setTieHiLoMode, set_interactive_constraint_modes, setLimitedAccessFeature, optDesign, checkPlace, check_timing, report_timing, timeDesign, verifyPowerDomain, setNanoRouteMode, add_ndr, create_route_type, set_ccopt_property, report_clocks, get_clocks, create_ccopt_skew_group, create_ccopt_clock_tree_spec, source, clock_opt_design, report_ccopt_clock_trees, report_ccopt_skew_groups, setPGPinUseSignalRoute, setRouteMode, earlyGlobalRoute, reset_parasitics, extractRC, routeDesign, setExtractRCMode, verifyWellAntenna, verifyACLimit, set_default_switching_activity, propagate_activity, write_tcf, saveDesign, set_power_analysis_mode, set_power_output_dir, read_activity_file, set_power, set_dynamic_power_simulation, report_power, report_constraint, report_area, defOut, rcOut, all_hold_analysis_views, all_setup_analysis_views, write_sdf, saveNetlist, setStreamOutMode, deleteRouteBlk, deletePlaceBlockage, streamOut
# ========================================

── STDOUT ──
_FILE_BEGIN_ innovus/0_cmd.tcl

─── 📄 innovus/0_cmd.tcl ───

_FILE_END_ innovus/0_cmd.tcl
_FILE_BEGIN_ innovus/0_eco.tcl

─── 📄 innovus/0_eco.tcl ───

_FILE_END_ innovus/0_eco.tcl
_FILE_BEGIN_ innovus/0_setenv.tcl

─── 📄 innovus/0_setenv.tcl ───

_FILE_END_ innovus/0_setenv.tcl
_FILE_BEGIN_ innovus/1_init.tcl

─── 📄 innovus/1_init.tcl ───

设置本地可用CPU数: 10
_FILE_ERROR_ innovus/1_init.tcl
_ERROR_MSG_ list element in quotes followed by "*" instead of space
_ERROR_INFO_ list element in quotes followed by "*" instead of space
    while executing
"switch -glob -- $arg {
            "-help" {
                set help 1
            }
            "-"* {
                # 未知选项静默跳过
  ..."
    (procedure "setPreference" line 9)
    invoked from within
"setPreference EnableRectilinearDesign 1"
    (file "/Users/echoro/Documents/时擎实习/vscode-plugins/example/innovus/1_init.tcl" line 34)
    invoked from within
"source "/Users/echoro/Documents/时擎实习/vscode-plugins/example/innovus/1_init.tcl""

