# Innovus TCL Run Log
# Time: 2026-07-10T08:31:22.348Z
# Innovus Commands: setMultiCpuUsage, setPreference, init_design, set_global, set_table_style, unplaceAllBlocks, floorPlan, globalNetConnect, setAddRingMode, addRing, setAddStripeMode, addStripe, sroute, verify_drc, verifyConnectivity, setEndCapMode, deleteFiller, addEndCap, verifyEndCap, set_well_tap_mode, addWellTap, verifyWellTap, setPlaceMode, place_opt_design, setDelayCalMode, setAnalysisMode, setOptMode, setTieHiLoMode, set_interactive_constraint_modes, setLimitedAccessFeature, optDesign, checkPlace, check_timing, report_timing, timeDesign, verifyPowerDomain, setNanoRouteMode, add_ndr, create_route_type, set_ccopt_property, report_clocks, get_clocks, create_ccopt_skew_group, create_ccopt_clock_tree_spec, source, clock_opt_design, report_ccopt_clock_trees, report_ccopt_skew_groups, setPGPinUseSignalRoute, setRouteMode, earlyGlobalRoute, reset_parasitics, extractRC, routeDesign, setExtractRCMode, verifyWellAntenna, verifyACLimit, set_default_switching_activity, propagate_activity, write_tcf, saveDesign, set_power_analysis_mode, set_power_output_dir, read_activity_file, set_power, set_dynamic_power_simulation, report_power, report_constraint, report_area, defOut, rcOut, all_hold_analysis_views, all_setup_analysis_views, write_sdf, saveNetlist, setStreamOutMode, deleteRouteBlk, deletePlaceBlockage, streamOut
# ========================================

── STDOUT ──
_FILE_BEGIN_ innovus/0_cmd.tcl

─── 📄 innovus/0_cmd.tcl ───

_FILE_END_ innovus/0_cmd.tcl
_FILE_BEGIN_ innovus/0_eco.tcl

─── 📄 innovus/0_eco.tcl ───

_FILE_END_ innovus/0_eco.tcl
_FILE_BEGIN_ innovus/0_setenv.tcl

─── 📄 innovus/0_setenv.tcl ───

_FILE_END_ innovus/0_setenv.tcl
_FILE_BEGIN_ innovus/1_init.tcl

─── 📄 innovus/1_init.tcl ───

Executing 'setMultiCpuUsage' command with the following settings:
---
Local resource allocation: Local CPU = 10.
--- End of simulation ---
仿真命令: setPreference EnableRectilinearDesign 1
操作描述: 正在将偏好参数 'EnableRectilinearDesign' 设置为 '1'
注意: 当前操作为仿真模式，不会实际修改 EDA 工具的运行时配置。
若需查看全部可用偏好，请查阅工具手册。
**INFO: Initializing design environment...
**INFO: No setup view list specified (using default)
**INFO: No hold view list specified (using default)
**INFO: Design initialization complete.
  set_global: report_timing_format = instance arc transition capacitance cell fanout load slew delay incr_delay arrival
=== Table Style Configuration (simulated) ===
  Target table name: report_timing
  Column splitting: DISABLED (data stays in the same line)
  Row order: NORMAL
  Frame mode: NO FIXED WIDTH (columns have fixed min width but no max limit)
==============================================
_FILE_END_ innovus/1_init.tcl
_FILE_BEGIN_ innovus/2_floorplan.tcl

─── 📄 innovus/2_floorplan.tcl ───

Info: Removing all placed blocks from the design...
Info: All blocks are now unplaced. Floorplan cleared.
Error: unknown option '0.0'
Error: unknown option '213.2'
Error: unknown option '191.88'
Error: unknown option '12.299999999999999'
Error: unknown option '11.07'
Error: unknown option '200.89999999999998'
Error: unknown option '180.81'
Error: unknown option '24.599999999999998'
Error: unknown option '22.14'
Error: unknown option '188.6'
Error: unknown option '169.74'
Executing floorPlan command ...
==========================================
Main specification mode: -b
  Die box:    0.0
  I/O box:    
  Core box:   

Auxiliary options:
  -site:                  CoreSite
==========================================
FloorPlan command simulation complete.
Core Box: 24.599999999999998 22.14 424.6 62.14
_FILE_END_ innovus/2_floorplan.tcl
_FILE_BEGIN_ innovus/3_powerplan.tcl

─── 📄 innovus/3_powerplan.tcl ───

globalNetConnect: 执行全局网络连接
  全局网络名称: VDD
  类型: pgpin
  实例基本名称模式: *
  引脚名称模式: VDD
  覆盖现有设置
（模拟执行，无实际效果）
globalNetConnect: 执行全局网络连接
  全局网络名称: GND
  类型: pgpin
  实例基本名称模式: *
  引脚名称模式: GND
  覆盖现有设置
（模拟执行，无实际效果）
globalNetConnect: 执行全局网络连接
  全局网络名称: VDD
  类型: tiehi
  实例基本名称模式: *
  引脚名称模式: VDD
  覆盖现有设置
（模拟执行，无实际效果）
globalNetConnect: 执行全局网络连接
  全局网络名称: GND
  类型: tielo
  实例基本名称模式: *
  引脚名称模式: GND
  覆盖现有设置
（模拟执行，无实际效果）
=== AddRing Mode Configuration ===
  -reset : Reset all or specified options to default values.
=================================
=== AddRing Mode Configuration ===
  -stacked_via_bottom_layer = M1
  -stacked_via_top_layer = M8
=================================
[⚠ Unknown] addRing: -center 1 -nets {VDD GND} -type core_rings -layer {top M8 bottom M1 left M7 right M8} -width 4.1 -spacing 2.05 -offset 8.2 -jog_distance 8.2 -threshold 8.2
All options have been reset to default values.
setAddStripeMode configuration:
   -stacked_via_bottom_layer = M1    ()
   -stacked_via_top_layer = M8    ()
Error: invalid value '1' for boolean option -ignore_nondefault_domains. Use true/false.
_FILE_ERROR_ innovus/3_powerplan.tcl
_ERROR_MSG_ addStripe: 未知选项 '-nets'
_ERROR_INFO_ addStripe: 未知选项 '-nets'
    while executing
"error "addStripe: 未知选项 '$arg'""
    (procedure "addStripe" line 83)
    invoked from within
"addStripe -nets [list $VDD_PIN $VSS_PIN] \
    -layer M7 \
    -direction horizontal \
    -width [expr $core_site_height*0.8] \
    -spacing [expr $c..."
    (file "/Users/echoro/Documents/时擎实习/vscode-plugins/example/innovus/3_powerplan.tcl" line 62)
    invoked from within
"source "/Users/echoro/Documents/时擎实习/vscode-plugins/example/innovus/3_powerplan.tcl""

