# Innovus TCL Run Log
# Time: 2026-07-10T08:40:40.241Z
# Innovus Commands: setMultiCpuUsage, setPreference, init_design, set_global, set_table_style, unplaceAllBlocks, floorPlan, globalNetConnect, setAddRingMode, addRing, setAddStripeMode, addStripe, sroute, verify_drc, verifyConnectivity, setEndCapMode, deleteFiller, addEndCap, verifyEndCap, set_well_tap_mode, addWellTap, verifyWellTap, setPlaceMode, place_opt_design, setDelayCalMode, setAnalysisMode, setOptMode, setTieHiLoMode, set_interactive_constraint_modes, setLimitedAccessFeature, optDesign, checkPlace, check_timing, report_timing, timeDesign, verifyPowerDomain, setNanoRouteMode, add_ndr, create_route_type, set_ccopt_property, report_clocks, get_clocks, create_ccopt_skew_group, create_ccopt_clock_tree_spec, source, clock_opt_design, report_ccopt_clock_trees, report_ccopt_skew_groups, setPGPinUseSignalRoute, setRouteMode, earlyGlobalRoute, reset_parasitics, extractRC, routeDesign, setExtractRCMode, verifyWellAntenna, verifyACLimit, set_default_switching_activity, propagate_activity, write_tcf, saveDesign, set_power_analysis_mode, set_power_output_dir, read_activity_file, set_power, set_dynamic_power_simulation, report_power, report_constraint, report_area, defOut, rcOut, all_hold_analysis_views, all_setup_analysis_views, write_sdf, saveNetlist, setStreamOutMode, deleteRouteBlk, deletePlaceBlockage, streamOut
# ========================================

── STDOUT ──
_FILE_BEGIN_ innovus/0_cmd.tcl

─── 📄 innovus/0_cmd.tcl ───

_FILE_END_ innovus/0_cmd.tcl
_FILE_BEGIN_ innovus/0_eco.tcl

─── 📄 innovus/0_eco.tcl ───

_FILE_END_ innovus/0_eco.tcl
_FILE_BEGIN_ innovus/0_setenv.tcl

─── 📄 innovus/0_setenv.tcl ───

_FILE_END_ innovus/0_setenv.tcl
_FILE_BEGIN_ innovus/1_init.tcl

─── 📄 innovus/1_init.tcl ───

本地可用CPU: 10
设置偏好: 参数名 EnableRectilinearDesign, 值 1
设置全局值: report_timing_format
描述: 已启用无最大宽度的固定最小宽度
描述: 已启用禁用列换行
描述: 指定要更改格式的表格名称: report_timing
_FILE_END_ innovus/1_init.tcl
_FILE_BEGIN_ innovus/2_floorplan.tcl

─── 📄 innovus/2_floorplan.tcl ───

移除所有已放置的模块
默认工艺站点: CoreSite
定义完整布局规划: 芯片框、I/O框和核心框 0.0
Core Box: 24.599999999999998 22.14 424.6 62.14
_FILE_END_ innovus/2_floorplan.tcl
_FILE_BEGIN_ innovus/3_powerplan.tcl

─── 📄 innovus/3_powerplan.tcl ───

全局网络名称: VDD
全局网络类型: pgpin
引脚名称模式: VDD
单元实例基本名称模式: *
覆盖现有设置: 已启用
全局网络名称: GND
全局网络类型: pgpin
引脚名称模式: GND
单元实例基本名称模式: *
覆盖现有设置: 已启用
全局网络名称: VDD
全局网络类型: tiehi
引脚名称模式: VDD
单元实例基本名称模式: *
覆盖现有设置: 已启用
全局网络名称: GND
全局网络类型: tielo
引脚名称模式: GND
单元实例基本名称模式: *
覆盖现有设置: 已启用
重置环形电源地线添加模式: 将所有或指定的选项重置为默认值
设置堆叠过孔底层LEF层: M1
设置堆叠过孔顶层LEF层: M8
将核心环线居中放置在I/O焊盘和核心边界之间: 已启用
网络名称: VDD GND
环线类型: core_rings
环线层: top M8 bottom M1 left M7 right M8
宽度值: 4.1
间距值: 2.05
偏移值: 8.2
最小拐折距离: 8.2
与预布线环线合并阈值: 8.2
重置所有选项为默认值
设置堆叠过孔底层: M1
设置堆叠过孔顶层: M8
设置忽略非默认域: 1
网络名称: VDD GND
条带所在的金属层: M7
条带方向: horizontal
条带宽度: 2.952
间距: 2.214
条带组之间的距离: 66.42
条带起始边界: bottom
起始偏移值: 16.605
终止偏移值: 0
模块环最高层限制: M8
模块环最低层限制: M1
网络名称: VDD GND
条带所在的金属层: M6
条带方向: vertical
条带宽度: 2.952
间距: 2.46
条带组之间的距离: 29.52
条带起始边界: left
起始偏移值: 0.82
终止偏移值: 0
模块环最高层限制: M8
模块环最低层限制: M1
合并条带阈值: 0.82
同层走线拐弯的最大长度: 0.82
设置忽略非默认域: 0
连接对象类型:  blockPin corePin 
网络列表: VDD GND
层切换范围: M1(1) M8(8)
交叉通孔层范围: M1 M8
目标通孔层范围: M1 M8
模块引脚目标:  nearestRingStripe nearestTarget 
模块引脚类型: useLef
允许布线绕线: 值 1
允许层切换: 值 1
连接对象类型: padPin padRing floatingStripe
网络列表: VDD GND
交叉通孔层范围: M1 M8
目标通孔层范围: M1 M8
允许布线绕线: 值 true
允许层切换: 值 true
层切换范围: M1(1)M8(8)
指定最大报告错误数量: {9999}
指定违规信息报告文件: {/Users/echoro/Documents/时擎实习/vscode-plugins/example/innovus/../output/smic13_tt/reports/powerplan/verify.drc.rpt}
验证连接性: 指定检查的网络 VDD GND
验证连接性: 错误数量上限 1000
验证连接性: 警告数量上限 50
验证连接性: 导线类型 special
验证连接性: 违规报告文件 /Users/echoro/Documents/时擎实习/vscode-plugins/example/innovus/../output/smic13_tt/reports/powerplan/verifyConnectivity.rpt
_FILE_END_ innovus/3_powerplan.tcl
_FILE_BEGIN_ innovus/4_placement.tcl

─── 📄 innovus/4_placement.tcl ───

描述: 将端盖模式所有或指定选项重置为默认值
删除名称以此前缀开头的填充单元: 前缀 ENDCAP
描述: 顶部边缘带N阱的端盖单元: FILLER16HD
描述: 底部边缘带N阱的端盖单元: FILLER16HD
描述: 左侧边缘带N阱的端盖单元: FILLER16HD
描述: 右侧边缘带N阱的端盖单元: FILLER16HD
描述: 左上角带N阱的端盖单元: FILLER16HD
描述: 右下角带N阱的端盖单元: FILLER16HD
描述: 左上边缘带N阱的端盖单元: FILLER16HD
描述: 左下边缘带N阱的端盖单元: FILLER16HD
描述: 右上边缘带N阱的端盖单元: FILLER16HD
描述: 右下边缘带N阱的端盖单元: FILLER16HD
描述: 端盖单元的前缀: ENDCAP
描述: 为没有行的端盖单元技术站点创建行: true
验证端接单元: 报告文件名 /Users/echoro/Documents/时擎实习/vscode-plugins/example/innovus/../output/smic13_tt/reports/placement_phase/EndCap.rpt
描述: 已重置阱接触插入模式选项
删除名称以此前缀开头的填充单元: 前缀 WELLTAP
描述: 设置行中第一个阱接触与行起始的偏移: 18.45μm
创建阱接触单元: 阱接触单元类型 FILLER16HD
创建阱接触单元: 起始行号 1
创建阱接触单元: 单元前缀 WELLTAP
指定阱接触单元: FILLER16HD
最大允许距离: 18.45
报告文件: /Users/echoro/Documents/时擎实习/vscode-plugins/example/innovus/../output/smic13_tt/reports/placement_phase/WellCap.rpt
拥堵驱动全局布局器的努力程度级别: medium
_FILE_END_ innovus/4_placement.tcl
_FILE_BEGIN_ innovus/5_opt.tcl

─── 📄 innovus/5_opt.tcl ───

设置时序分析类型: onChipVariation
设置高低电平连接单元列表: {TIELHD TIEHHD}
[⚠ Unknown] addTieHiLo: -cell {TIELHD TIEHHD} -prefix TIE
[⚠ Unknown] all_constraint_modes: -active
设置交互式约束模式: 约束模式列表 {}
设置受限访问功能: 功能名称 ediUsePreRouteGigaOpt, 状态 启用
优化阶段: 时钟树综合前优化
报告输出目录: /Users/echoro/Documents/时擎实习/vscode-plugins/example/innovus/../output/smic13_tt/reports/opt
输出文件名前缀: prects
详细信息: 启用
输出重定向到文件: /Users/echoro/Documents/时擎实习/vscode-plugins/example/innovus/../output/smic13_tt/reports/opt/check_timing.rpt (覆盖模式)
仅报告非约束路径: 已启用
非约束路径的延迟限制: 20
输出重定向到文件: /Users/echoro/Documents/时擎实习/vscode-plugins/example/innovus/../output/smic13_tt/reports/opt/timing_report_postPlace.rpt
描述: 已启用 -preCTS (时钟树综合前阶段)
描述: -outDir 设为 "/Users/echoro/Documents/时擎实习/vscode-plugins/example/innovus/../output/smic13_tt/reports/opt/preCTS_time" (输出目录)
验证电源域: 验证库绑定
验证全局连接: 模块列表 -isoNetPD
验证移位器: 网络列表文件 /Users/echoro/Documents/时擎实习/vscode-plugins/example/innovus/../output/smic13_tt/reports/opt/place.xnets.rpt
_FILE_END_ innovus/5_opt.tcl
_FILE_BEGIN_ innovus/6_CTS.tcl

─── 📄 innovus/6_CTS.tcl ───

设置受限访问功能: 功能名称 ccopt_native_cts, 状态 启用
[⚠ Unknown] set_ccopt_mode: -integration native
添加非默认布线规则: 名称 CTS_2W1S
非默认布线规则间距乘数设置: M1:M8 1
非默认布线规则宽度乘数设置: M1:M8 2
添加非默认布线规则: 名称 CTS_2W2S
非默认布线规则间距乘数设置: M1:M8 2
非默认布线规则宽度乘数设置: M1:M8 2
创建布线类型: 类型名称 leaf_rule
创建布线类型: 非默认规则 CTS_2W1S
创建布线类型: 首选底层 M6
创建布线类型: 首选顶层 M7
创建布线类型: 类型名称 trunk_rule
创建布线类型: 非默认规则 CTS_2W2S
创建布线类型: 首选底层 M7
创建布线类型: 首选顶层 M8
设置CCopt属性: 属性名称 -route_type, 值 leaf_rule, 网络类型 leaf
设置CCopt属性: 属性名称 -route_type, 值 trunk_rule, 网络类型 trunk
设置CCopt属性: 属性名称 target_max_trans, 值 0.25, 网络类型 trunk
设置CCopt属性: 属性名称 target_max_trans, 值 0.25, 网络类型 leaf
获取时钟
创建时钟偏斜优化偏斜组, 名称 ref_clk_grp, 自动确定接收端
描述: 写入时钟树规范脚本文件: /Users/echoro/Documents/时擎实习/vscode-plugins/example/innovus/../output/smic13_tt/reports/CTS_specs/cts.spec
[⚠ Unknown] set_ccopt_effort: -high
仅构建时钟树
公共路径悲观消除: none
优化阶段: 时钟树综合后优化
报告输出目录: /Users/echoro/Documents/时擎实习/vscode-plugins/example/innovus/../output/smic13_tt/reports/CTS
输出文件名前缀: postCTS
优化阶段: 时钟树综合后优化
优化选项: 启用保持时间修复
报告输出目录: /Users/echoro/Documents/时擎实习/vscode-plugins/example/innovus/../output/smic13_tt/reports/CTS
输出文件名前缀: postCTS_hold
将报告内容保存到文件: /Users/echoro/Documents/时擎实习/vscode-plugins/example/innovus/../output/smic13_tt/reports/CTS/clock_trees.rpt
报告内容保存到文件: /Users/echoro/Documents/时擎实习/vscode-plugins/example/innovus/../output/smic13_tt/reports/CTS/skew_groups.rpt
仅报告非约束路径: 已启用
非约束路径的延迟限制: 20
输出重定向到文件: /Users/echoro/Documents/时擎实习/vscode-plugins/example/innovus/../output/smic13_tt/reports/CTS/timing_report_postccopt.rpt
_FILE_END_ innovus/6_CTS.tcl
_FILE_BEGIN_ innovus/7_route.tcl

─── 📄 innovus/7_route.tcl ───

设置电源地引脚使用信号布线资源: 为所有备用和非主轨道的主要电源/地引脚启用信号布线
执行NR早期全局布线
重置寄生参数
提取寄生RC参数
RC提取模式: 提取引擎 postRoute
设置时序分析类型: onChipVariation
公共路径悲观消除: both
优化阶段: 布线后优化
优化选项: 启用建立时间/DRV修复
优化阶段: 布线后优化
优化选项: 启用保持时间修复
描述: 已启用 -postRoute (布线后阶段)
描述: -outDir 设为 "/Users/echoro/Documents/时擎实习/vscode-plugins/example/innovus/../output/smic13_tt/reports/route/postRoute_time" (输出目录)
_FILE_END_ innovus/7_route.tcl
_FILE_BEGIN_ innovus/8_verify.tcl

─── 📄 innovus/8_verify.tcl ───

[⚠ Unknown] saveIoFile: -locations -temp /Users/echoro/Documents/时擎实习/vscode-plugins/example/innovus/../input/smic13_tt/io/top.io
[⚠ Unknown] clearDrc: 
[⚠ Unknown] deselectAll: 
验证连接性: 导线类型 regular
验证连接性: 已启用 -noAntenna (忽略由未连接导线引起的违规)
验证连接性: 已启用 -noWeakConnect (禁用检查弱连接端口多个端口的布线)
验证连接性: 已启用 -noUnConnPin (忽略未连接引脚的违规)
验证连接性: 已启用 -noSoftPGConnect (禁用利用主切片层)
验证连接性: 错误数量上限 1000
验证连接性: 警告数量上限 50
[⚠ Unknown] dbGet: top.markers.message
[⚠ Unknown] clearDrc: 
[⚠ Unknown] globalDetailRoute: 
[⚠ Unknown] deselectAll: 
验证交流限制：正在检查交流限制条件...
设置默认的开关活动性: 重置所有选项
设置默认的开关活动性: 主输入活动性 0.2
设置默认的开关活动性: 时序逻辑输出活动性 0.2
传播活动性
描述: 输出文件名: /Users/echoro/Documents/时擎实习/vscode-plugins/example/innovus/../output/smic13_tt/reports/verify/test.tcf
描述: 写入 TCF 文件: /Users/echoro/Documents/时擎实习/vscode-plugins/example/innovus/../output/smic13_tt/reports/verify/test.tcf
保存恢复脚本到文件: /Users/echoro/Documents/时擎实习/vscode-plugins/example/innovus/../output/smic13_tt/dbs/finish.enc
_FILE_END_ innovus/8_verify.tcl
_FILE_BEGIN_ innovus/9_report.tcl

─── 📄 innovus/9_report.tcl ───

[⚠ Unknown] mkdir: -p /Users/echoro/Documents/时擎实习/vscode-plugins/example/innovus/../output/smic13_tt/reports/summary_3dims/power
重置功耗分析模式设置为默认值
分析方法: static
未知选项: -analysis_view (跳过)
未知选项: setup_view (跳过)
工艺角: max
创建二进制数据库: true
写入静态电流: true
尊重负能量: true
忽略控制信号: true
电源分析输出目录: 已重置所有选项
设置电源分析输出目录: 路径 /Users/echoro/Documents/时擎实习/vscode-plugins/example/innovus/../output/smic13_tt/reports/summary_3dims/power
设置默认的开关活动性: 重置所有选项
设置默认的开关活动性: 主输入活动性 0.2
设置默认的开关活动性: 默认操作周期 10.0
重置并忽略所有先前的活动文件
设置功耗: 重置所有选项为默认值，已启用
[⚠ Unknown] set_powerup_analysis: -reset
设置动态功耗仿真: 所有选项重置为默认值
功耗报告: 报告网络开关功耗、负载电容、翻转率和开关值
功耗报告: 静态功耗报告摘要类型为 detailed
功耗报告: 报告文件名设置为 /Users/echoro/Documents/时擎实习/vscode-plugins/example/innovus/../output/smic13_tt/reports/summary_3dims/power/usb_link_top.rpt
功耗报告: 输出目录设置为 /Users/echoro/Documents/时擎实习/vscode-plugins/example/innovus/../output/smic13_tt/reports/summary_3dims/power
[⚠ Unknown] mkdir: -p /Users/echoro/Documents/时擎实习/vscode-plugins/example/innovus/../output/smic13_tt/reports/summary_3dims/timing
报告所有违规的摘要: 已启用
重定向输出到文件: /Users/echoro/Documents/时擎实习/vscode-plugins/example/innovus/../output/smic13_tt/reports/summary_3dims/timing/violations.txt
将报告内容保存到文件: /Users/echoro/Documents/时擎实习/vscode-plugins/example/innovus/../output/smic13_tt/reports/summary_3dims/timing/clock_trees.rpt
报告内容保存到文件: /Users/echoro/Documents/时擎实习/vscode-plugins/example/innovus/../output/smic13_tt/reports/summary_3dims/timing/skew_groups.rpt
仅报告非约束路径: 已启用
非约束路径的延迟限制: 20
输出重定向到文件: /Users/echoro/Documents/时擎实习/vscode-plugins/example/innovus/../output/smic13_tt/reports/summary_3dims/timing/timing_report_postCCopt.rpt
[⚠ Unknown] mkdir: -p /Users/echoro/Documents/时擎实习/vscode-plugins/example/innovus/../output/smic13_tt/reports/summary_3dims/area
报告面积: 按单元类型细分面积（缓冲器、反相器、组合逻辑、触发器、锁存器、时钟门控单元、宏单元、物理单元）
报告面积: 包含物理单元在面积计算中
报告面积: 按单元类型细分面积（缓冲器、反相器、组合逻辑、触发器、锁存器、时钟门控单元、宏单元、物理单元）
_FILE_END_ innovus/9_report.tcl
_FILE_BEGIN_ innovus/10_outfiles.tcl

─── 📄 innovus/10_outfiles.tcl ───

输出DEF文件: 未指定文件名
描述: 将布局规划数据写入DEF文件
描述: 将网表写入DEF文件
描述: 将布线信息写入DEF文件的NETS部分
重置寄生参数
提取寄生RC参数
RC输出: 指定SPEF文件名: /Users/echoro/Documents/时擎实习/vscode-plugins/example/innovus/../output/smic13_tt/output/SPEF/worst.spef
重置寄生参数
提取寄生RC参数
RC输出: 指定SPEF文件名: /Users/echoro/Documents/时擎实习/vscode-plugins/example/innovus/../output/smic13_tt/output/SPEF/best.spef
列出所有保持时间分析视图
列出所有建立时间分析视图: setup_view1, setup_view2
视角: setup_view，用于填充SDF的min和max槽位
理想时钟网络: 已启用，将理想时钟网络上的延时弧标记为0
SDF输出文件: /Users/echoro/Documents/时擎实习/vscode-plugins/example/innovus/../output/smic13_tt/output/SDF/setup_view.sdf
视角: hold_view，用于填充SDF的min和max槽位
理想时钟网络: 已启用，将理想时钟网络上的延时弧标记为0
SDF输出文件: /Users/echoro/Documents/时擎实习/vscode-plugins/example/innovus/../output/smic13_tt/output/SDF/hold_view.sdf
[⚠ Unknown] dbGet: top.insts.isPhysOnly 1 -p1
[⚠ Unknown] dbGet: .name
[⚠ Unknown] dbGet: top.insts.cell.name -u -regexp .*FILL.*
排除叶单元定义: 已启用
写入网表文件: .//Users/echoro/Documents/时擎实习/vscode-plugins/example/innovus/../output/smic13_tt/output/NETLIST/layout_netlist.v
排除叶单元定义: 已启用
排除单元实例: {}
包含电源地端口: 已启用
包含物理实例（如填充单元）: 已启用
展平总线: 已启用
写入网表文件: .//Users/echoro/Documents/时擎实习/vscode-plugins/example/innovus/../output/smic13_tt/output/NETLIST/layout_netlist.lvs.v
描述: 指定是否为具有.extraN语法的DEF引脚以及具有多个端口的LEF引脚附加冒号标签: true
删除所有布线阻塞: 已启用
删除所有布局障碍物
输出文件名: /Users/echoro/Documents/时擎实习/vscode-plugins/example/innovus/../output/smic13_tt/output/GDSII/top.gds
附加实例名称属性编号: 127
库名称: DesignLib
单位精度: 1000
输出模式: ALL
保存恢复脚本到文件: /Users/echoro/Documents/时擎实习/vscode-plugins/example/innovus/../output/smic13_tt/dbs/finish.enc
_FILE_END_ innovus/10_outfiles.tcl

