# Innovus TCL Run Log
# Time: 2026-07-10T09:45:54.332Z
# Innovus Commands: setMultiCpuUsage, setPreference, init_design, set_global, set_table_style, unplaceAllBlocks, floorPlan, globalNetConnect, setAddRingMode, addRing, setAddStripeMode, addStripe, sroute, verify_drc, verifyConnectivity, setEndCapMode, deleteFiller, addEndCap, verifyEndCap, set_well_tap_mode, addWellTap, verifyWellTap, setPlaceMode, place_opt_design, setDelayCalMode, setAnalysisMode, setOptMode, setTieHiLoMode, set_interactive_constraint_modes, setLimitedAccessFeature, optDesign, checkPlace, check_timing, report_timing, timeDesign, verifyPowerDomain, setNanoRouteMode, add_ndr, create_route_type, set_ccopt_property, report_clocks, get_clocks, create_ccopt_skew_group, create_ccopt_clock_tree_spec, source, clock_opt_design, report_ccopt_clock_trees, report_ccopt_skew_groups, setPGPinUseSignalRoute, setRouteMode, earlyGlobalRoute, reset_parasitics, extractRC, routeDesign, setExtractRCMode, verifyWellAntenna, verifyACLimit, set_default_switching_activity, propagate_activity, write_tcf, saveDesign, set_power_analysis_mode, set_power_output_dir, read_activity_file, set_power, set_dynamic_power_simulation, report_power, report_constraint, report_area, defOut, rcOut, all_hold_analysis_views, all_setup_analysis_views, write_sdf, saveNetlist, setStreamOutMode, deleteRouteBlk, deletePlaceBlockage, streamOut
# ========================================

── STDOUT ──
_FILE_BEGIN_ innovus/0_cmd.tcl

─── 📄 innovus/0_cmd.tcl ───

_FILE_END_ innovus/0_cmd.tcl
_FILE_BEGIN_ innovus/0_eco.tcl

─── 📄 innovus/0_eco.tcl ───

_FILE_END_ innovus/0_eco.tcl
_FILE_BEGIN_ innovus/0_setenv.tcl

─── 📄 innovus/0_setenv.tcl ───

_FILE_END_ innovus/0_setenv.tcl
_FILE_BEGIN_ innovus/1_init.tcl

─── 📄 innovus/1_init.tcl ───

Set multi CPU usage: localCpu=10
Set preference: name=EnableRectilinearDesign, value=1
Initialized design: setup view list=default, hold view list=default
set_table_style: no_frame_fix_width flag set
set_table_style: nosplit flag set
set_table_style: name=report_timing
_FILE_END_ innovus/1_init.tcl
_FILE_BEGIN_ innovus/2_floorplan.tcl

─── 📄 innovus/2_floorplan.tcl ───

Unplaced all blocks.
FloorPlan: site=CoreSite
FloorPlan: boxes=0.0
Core Box: 24.599999999999998 22.14 424.6 62.14
_FILE_END_ innovus/2_floorplan.tcl
_FILE_BEGIN_ innovus/3_powerplan.tcl

─── 📄 innovus/3_powerplan.tcl ───

Global net connection: net=VDD, type=pgpin, pin=VDD, instanceBasename=*, override
Global net connection: net=GND, type=pgpin, pin=GND, instanceBasename=*, override
Global net connection: net=VDD, type=tiehi, pin=VDD, instanceBasename=*, override
Global net connection: net=GND, type=tielo, pin=GND, instanceBasename=*, override
setAddRingMode: reset all options to default values
setAddRingMode: stacked_via_bottom_layer='M1'
setAddRingMode: stacked_via_top_layer='M8'
addRing: center=1
addRing: jog_distance=8.2
addRing: layer=top M8 bottom M1 left M7 right M8
addRing: nets=VDD GND
addRing: offset=8.2
addRing: spacing=2.05
addRing: threshold=8.2
addRing: type=core_rings
addRing: width=4.1
addStripeMode: Resetting all options to default.
addStripeMode: Stacked via bottom layer = M1
addStripeMode: Stacked via top layer = M8
addStripeMode: Break at non-default domain enabled.
Added stripe: nets=VDD GND
Added stripe: layer=M7
Added stripe: direction=horizontal
Added stripe: width=2.952
Added stripe: spacing=2.214
Added stripe: set_to_set_distance=66.42
Added stripe: start_from=bottom
Added stripe: start_offset=16.605
Added stripe: stop_offset=0
Added stripe: block_ring_top_layer_limit=M8
Added stripe: block_ring_bottom_layer_limit=M1
Added stripe: nets=VDD GND
Added stripe: layer=M6
Added stripe: direction=vertical
Added stripe: width=2.952
Added stripe: spacing=2.46
Added stripe: set_to_set_distance=29.52
Added stripe: start_from=left
Added stripe: start_offset=0.82
Added stripe: stop_offset=0
Added stripe: block_ring_top_layer_limit=M8
Added stripe: block_ring_bottom_layer_limit=M1
Added stripe: merge_stripes_value=0.82
Added stripe: max_same_layer_jog_length=0.82
addStripeMode: Break at non-default domain enabled.
Connect objects:  blockPin corePin 
Routing specified nets: VDD GND
Routing layer range: M1(1) M8(8)
Target via layer range: M1 M8
Block pins connected: useLef
Allow jogging: 1
Allow layer change: 1
Special route completed
Connect objects: padPin padRing floatingStripe
Routing specified nets: VDD GND
Target via layer range: M1 M8
Allow jogging: true
Allow layer change: true
Routing layer range: M1(1)M8(8)
Special route completed
Limiting number of errors to report: 9999
Reporting violations to file: /Users/echoro/Documents/时擎实习/vscode-plugins/example/innovus/../output/smic13_tt/reports/powerplan/verify.drc.rpt
Specifying whether to check named nets: VDD GND
Specifying the maximum number of errors to report: 1000
Specifying the maximum number of warnings to report: 50
Specifying the type of wires to verify: special
Specifying the report file for connectivity violation data: /Users/echoro/Documents/时擎实习/vscode-plugins/example/innovus/../output/smic13_tt/reports/powerplan/verifyConnectivity.rpt
_FILE_END_ innovus/3_powerplan.tcl
_FILE_BEGIN_ innovus/4_placement.tcl

─── 📄 innovus/4_placement.tcl ───

SetEndCapMode: reset flag set
Deleted fillers: prefix=ENDCAP
SetEndCapMode: topEdge = FILLER16HD
SetEndCapMode: bottomEdge = FILLER16HD
SetEndCapMode: leftEdge = FILLER16HD
SetEndCapMode: rightEdge = FILLER16HD
SetEndCapMode: leftTopCorner = FILLER16HD
SetEndCapMode: rightBottomCorner = FILLER16HD
SetEndCapMode: leftTopEdge = FILLER16HD
SetEndCapMode: leftBottomEdge = FILLER16HD
SetEndCapMode: rightTopEdge = FILLER16HD
SetEndCapMode: rightBottomEdge = FILLER16HD
SetEndCapMode: prefix = ENDCAP
SetEndCapMode: create_rows flag set
Added end cap
End cap verification: report=/Users/echoro/Documents/时擎实习/vscode-plugins/example/innovus/../output/smic13_tt/reports/placement_phase/EndCap.rpt
Well tap mode: reset to default
Deleted fillers: prefix=WELLTAP
Well tap mode: in-row offset = 18.45
Well tap: cell=FILLER16HD
Well tap: prefix=WELLTAP
Well tap: startRowNum=1
verifyWellTap: cell = FILLER16HD
verifyWellTap: rule = 18.45
verifyWellTap: report = /Users/echoro/Documents/时擎实习/vscode-plugins/example/innovus/../output/smic13_tt/reports/placement_phase/WellCap.rpt
Place mode: congestion effort=medium
_FILE_END_ innovus/4_placement.tcl
_FILE_BEGIN_ innovus/5_opt.tcl

─── 📄 innovus/5_opt.tcl ───

Setting analysis type: onChipVariation (single/bcwc/onChipVariation)
Tie hi lo mode: cell={TIELHD TIEHHD}
[⚠ Unknown] addTieHiLo: -cell {TIELHD TIEHHD} -prefix TIE
[⚠ Unknown] all_constraint_modes: -active
Set interactive constraint modes: modes = {{}}
Set limited access feature: name=ediUsePreRouteGigaOpt, value=1
preCTS option enabled
Directory for report files: /Users/echoro/Documents/时擎实习/vscode-plugins/example/innovus/../output/smic13_tt/reports/opt
File Name Prefix option: prects
Checking timing...
  Port/pin list: /Users/echoro/Documents/时擎实习/vscode-plugins/example/innovus/../output/smic13_tt/reports/opt/check_timing.rpt
  Verbose mode: on
report_timing: Reports only the unconstrained paths
report_timing: Path delay limit for unconstrained paths: 20
report_timing: Redirects output to file: /Users/echoro/Documents/时擎实习/vscode-plugins/example/innovus/../output/smic13_tt/reports/opt/timing_report_postPlace.rpt
Option: preCTS
Option: Output Directory = /Users/echoro/Documents/时擎实习/vscode-plugins/example/innovus/../output/smic13_tt/reports/opt/preCTS_time
Verifying library binding
List of modules for global connection: -isoNetPD
Verifying shifter power domain: /Users/echoro/Documents/时擎实习/vscode-plugins/example/innovus/../output/smic13_tt/reports/opt/place.xnets.rpt
_FILE_END_ innovus/5_opt.tcl
_FILE_BEGIN_ innovus/6_CTS.tcl

─── 📄 innovus/6_CTS.tcl ───

Set limited access feature: name=ccopt_native_cts, value=1
[⚠ Unknown] set_ccopt_mode: -integration native
Added NDR rule:
  name=CTS_2W1S
  spacing_multiplier=M1:M8 1
  width_multiplier=M1:M8 2
Added NDR rule:
  name=CTS_2W2S
  spacing_multiplier=M1:M8 2
  width_multiplier=M1:M8 2
Created route type: name=leaf_rule, bottom_preferred_layer=M6, non_default_rule=CTS_2W1S, top_preferred_layer=M7
Created route type: name=trunk_rule, bottom_preferred_layer=M7, non_default_rule=CTS_2W2S, top_preferred_layer=M8
Property applies to net type: leaf
Setting CCOpt property: name=-route_type
Setting CCOpt property value: leaf_rule
Property applies to net type: trunk
Setting CCOpt property: name=-route_type
Setting CCOpt property value: trunk_rule
Property applies to net type: trunk
Setting CCOpt property: name=target_max_trans
Setting CCOpt property value: 0.25
Property applies to net type: leaf
Setting CCOpt property: name=target_max_trans
Setting CCOpt property value: 0.25
Reporting all clocks.
No clock query parameters specified
User-defined identifier for this skew group: ref_clk_grp
Automatically determine the target sinks.
Created ccopt clock tree spec: file=/Users/echoro/Documents/时擎实习/vscode-plugins/example/innovus/../output/smic13_tt/reports/CTS_specs/cts.spec
[⚠ Unknown] set_ccopt_effort: -high
Building clock tree only
Setting CPPR mode: none (enabled/disabled/...)
postCTS option enabled
Directory for report files: /Users/echoro/Documents/时擎实习/vscode-plugins/example/innovus/../output/smic13_tt/reports/CTS
File Name Prefix option: postCTS
postCTS option enabled
Hold Fixing option enabled
Directory for report files: /Users/echoro/Documents/时擎实习/vscode-plugins/example/innovus/../output/smic13_tt/reports/CTS
File Name Prefix option: postCTS_hold
Saving report to file: /Users/echoro/Documents/时擎实习/vscode-plugins/example/innovus/../output/smic13_tt/reports/CTS/clock_trees.rpt
Saving report to file: /Users/echoro/Documents/时擎实习/vscode-plugins/example/innovus/../output/smic13_tt/reports/CTS/skew_groups.rpt
report_timing: Reports only the unconstrained paths
report_timing: Path delay limit for unconstrained paths: 20
report_timing: Redirects output to file: /Users/echoro/Documents/时擎实习/vscode-plugins/example/innovus/../output/smic13_tt/reports/CTS/timing_report_postccopt.rpt
_FILE_END_ innovus/6_CTS.tcl
_FILE_BEGIN_ innovus/7_route.tcl

─── 📄 innovus/7_route.tcl ───

Set PG pin use signal route: all=true
Early global route: completed.
Reset parasitics.
Extracting RC parasitics.
Set extract RCMode: engine=postRoute
Setting analysis type: onChipVariation (single/bcwc/onChipVariation)
Setting CPPR mode: both (enabled/disabled/...)
postRoute option enabled
Setup/DRV Fixing option enabled
postRoute option enabled
Hold Fixing option enabled
Option: postRoute
Option: Output Directory = /Users/echoro/Documents/时擎实习/vscode-plugins/example/innovus/../output/smic13_tt/reports/route/postRoute_time
_FILE_END_ innovus/7_route.tcl
_FILE_BEGIN_ innovus/8_verify.tcl

─── 📄 innovus/8_verify.tcl ───

[⚠ Unknown] saveIoFile: -locations -temp /Users/echoro/Documents/时擎实习/vscode-plugins/example/innovus/../input/smic13_tt/io/top.io
[⚠ Unknown] clearDrc: 
[⚠ Unknown] deselectAll: 
Specifying the type of wires to verify: regular
Ignoring violations due to unconnected wires
Disabling checking for routing to more than one port of weakly connected pin ports
Ignoring unconnected-pin violations
Disabling utilizing masterslice layers in connectivity check
Specifying the maximum number of errors to report: 1000
Specifying the maximum number of warnings to report: 50
[⚠ Unknown] dbGet: top.markers.message
[⚠ Unknown] clearDrc: 
[⚠ Unknown] globalDetailRoute: 
[⚠ Unknown] deselectAll: 
Verifying well antenna...
AC limit verified.
Reset all options
Set input activity: 0.2 (average number of times primary input switches per cycle)
Set sequential logic output activity: 0.2
Propagated activity
Writing TCF file: /Users/echoro/Documents/时擎实习/vscode-plugins/example/innovus/../output/smic13_tt/reports/verify/test.tcf
Saved design to /Users/echoro/Documents/时擎实习/vscode-plugins/example/innovus/../output/smic13_tt/dbs/finish.enc
_FILE_END_ innovus/8_verify.tcl
_FILE_BEGIN_ innovus/9_report.tcl

─── 📄 innovus/9_report.tcl ───

[⚠ Unknown] mkdir: -p /Users/echoro/Documents/时擎实习/vscode-plugins/example/innovus/../output/smic13_tt/reports/summary_3dims/power
Reset all or specified options to default value
Specify type of analysis: static
Define library corner: max
Create binary database of power results
Generate current data files per net
Keep negative internal energy numbers from .lib
Ignore control signals when propagating activity
Reset power output directory options
Set power output directory to /Users/echoro/Documents/时擎实习/vscode-plugins/example/innovus/../output/smic13_tt/reports/summary_3dims/power
Reset all options
Set input activity: 0.2 (average number of times primary input switches per cycle)
Set default operating period: 10.0 (1/frequency)
Reset previous activity files
set_power: flag: reset
[⚠ Unknown] set_powerup_analysis: -reset
Reset dynamic power simulation options to default.
Report net switching power, load capacitance, toggle rate, switching values for each net
Report summary format: detailed. Valid values: simple, detailed
Output report file: /Users/echoro/Documents/时擎实习/vscode-plugins/example/innovus/../output/smic13_tt/reports/summary_3dims/power/usb_link_top.rpt
Output directory: /Users/echoro/Documents/时擎实习/vscode-plugins/example/innovus/../output/smic13_tt/reports/summary_3dims/power
[⚠ Unknown] mkdir: -p /Users/echoro/Documents/时擎实习/vscode-plugins/example/innovus/../output/smic13_tt/reports/summary_3dims/timing
Reporting summary of worst violation per pin/port of each DRV and timing violations
Redirecting output to file: /Users/echoro/Documents/时擎实习/vscode-plugins/example/innovus/../output/smic13_tt/reports/summary_3dims/timing/violations.txt (overwrite)
Saving report to file: /Users/echoro/Documents/时擎实习/vscode-plugins/example/innovus/../output/smic13_tt/reports/summary_3dims/timing/clock_trees.rpt
Saving report to file: /Users/echoro/Documents/时擎实习/vscode-plugins/example/innovus/../output/smic13_tt/reports/summary_3dims/timing/skew_groups.rpt
report_timing: Reports only the unconstrained paths
report_timing: Path delay limit for unconstrained paths: 20
report_timing: Redirects output to file: /Users/echoro/Documents/时擎实习/vscode-plugins/example/innovus/../output/smic13_tt/reports/summary_3dims/timing/timing_report_postCCopt.rpt
[⚠ Unknown] mkdir: -p /Users/echoro/Documents/时擎实习/vscode-plugins/example/innovus/../output/smic13_tt/reports/summary_3dims/area
Area report: detail flag enabled
Area report completed
Area report: include physical cells flag enabled
Area report: detail flag enabled
Area report completed
_FILE_END_ innovus/9_report.tcl
_FILE_BEGIN_ innovus/10_outfiles.tcl

─── 📄 innovus/10_outfiles.tcl ───

defOut: Writing floorplan data
defOut: Writing netlist to DEF
defOut: Writing routing information to NETS
defOut: Output file name = /Users/echoro/Documents/时擎实习/vscode-plugins/example/innovus/../output/smic13_tt/output/DEF/top.def.gz
Reset parasitics.
Extracting RC parasitics.
RC output, spef=/Users/echoro/Documents/时擎实习/vscode-plugins/example/innovus/../output/smic13_tt/output/SPEF/worst.spef
Reset parasitics.
Extracting RC parasitics.
RC output, spef=/Users/echoro/Documents/时擎实习/vscode-plugins/example/innovus/../output/smic13_tt/output/SPEF/best.spef
Hold analysis views: {default_hold_view slow_hold_view fast_hold_view}
Setup analysis views: {core_setup io_setup scan_setup}
Option -view: setup_view
Flag set: -ideal_clock_network
Output file: /Users/echoro/Documents/时擎实习/vscode-plugins/example/innovus/../output/smic13_tt/output/SDF/setup_view.sdf
Option -view: hold_view
Flag set: -ideal_clock_network
Output file: /Users/echoro/Documents/时擎实习/vscode-plugins/example/innovus/../output/smic13_tt/output/SDF/hold_view.sdf
[⚠ Unknown] dbGet: top.insts.isPhysOnly 1 -p1
[⚠ Unknown] dbGet: .name
[⚠ Unknown] dbGet: top.insts.cell.name -u -regexp .*FILL.*
Excluding leaf cell definitions
Saving netlist to file: .//Users/echoro/Documents/时擎实习/vscode-plugins/example/innovus/../output/smic13_tt/output/NETLIST/layout_netlist.v
Excluding leaf cell definitions
Excluding cell instances: {}
Including power/ground in module port list
Including physical instances (fillers)
Writing flattened-bus Verilog netlist
Saving netlist to file: .//Users/echoro/Documents/时擎实习/vscode-plugins/example/innovus/../output/smic13_tt/output/NETLIST/layout_netlist.lvs.v
Set stream out mode: virtualConnection=true
Deleted all routing blockages.
Deleted all place blockages.
Streaming out: fileName=/Users/echoro/Documents/时擎实习/vscode-plugins/example/innovus/../output/smic13_tt/output/GDSII/top.gds, attachInstanceName=127, libName=DesignLib, units=1000, mode=ALL
Saved design to /Users/echoro/Documents/时擎实习/vscode-plugins/example/innovus/../output/smic13_tt/dbs/finish.enc
_FILE_END_ innovus/10_outfiles.tcl

