Usage: report_constraint [-help] [<pin_port_list>] [-all_violators]
                         [-check_type {pulse_width clock_period recovery removal clock_gating_setup clock_gating_hold skew pulse_clock_max_width pulse_clock_min_width electromigration rail_swing clock_pulse_width_sensitivity}]
                         [-clock] [-connection_class] [-data]
                         [-drv_fields {pin pin_type sequential direction ref_cell partition max_frequency_clock max_clock_frequency transition_frequency max_transition min_transition max_capacitance min_capacitance max_fanout min_fanout transition_actual capacitance_actual fanout_actual transition_si transition_slack capacitance_slack fanout_slack max_slack min_slack user_constraint lib_constraint drv_source driver_pin driver_ref_cell driver_transition driver_transition_slack driver_max_transition driver_min_transition driver_max_capacitance driver_min_capacitance net_fanout driver_max_fanout receiver_pin receiver_ref_cell receiver_transition receiver_max_transition net hnet object_type net_type total_capacitance net_resistance view edge transition_nsigma}]
                         [-drv_output_format {txt|csv}]
                         [-drv_violation_type {max_capacitance max_transition max_fanout min_capacitance min_transition min_fanout pulse_clock_max_transition pulse_clock_min_transition}]
                         [-early] [-em_type {peak rms avg all}] [-late]
                         [-max_pins_per_drv <integer>]
                         [-retime {aocv path_slew_propagation aocv_path_slew_propagation}]
                         [-retime_mode {path exhaustive}] [-verbose]
                         [-view <viewName>] [-worst_drv_per_net]
                         [> <file_name[.gz]>] [>> <file_name[.gz]>]

-help                                   # Prints out the command usage
<pin_port_list>                         # When specified, all DRV and timing
                                        # checks are restricted to the
                                        # specified pins or ports only
                                        # (string, optional)
-all_violators                          # Reports a summary of worst violation
                                        # per pin/port of each DRV and timing
                                        # violations (bool, optional)
-check_type {pulse_width clock_period recovery removal clock_gating_setup clock_gating_hold skew pulse_clock_max_width pulse_clock_min_width electromigration rail_swing clock_pulse_width_sensitivity}
                                        # Reports setup or hold checks (enum_list, optional)
-clock                                  # Reports DRV violations for each pin
                                        # in clock network (bool, optional)
-connection_class                       # Reports violations if the connection
                                        # class attributes of the driving pin
                                        # and receiving pin of a net are
                                        # different (bool, optional)
-data                                   # Reports DRV violations for each pin
                                        # in data network (bool, optional)
-drv_fields {pin pin_type sequential direction ref_cell partition max_frequency_clock max_clock_frequency transition_frequency max_transition min_transition max_capacitance min_capacitance max_fanout min_fanout transition_actual capacitance_actual fanout_actual transition_si transition_slack capacitance_slack fanout_slack max_slack min_slack user_constraint lib_constraint drv_source driver_pin driver_ref_cell driver_transition driver_transition_slack driver_max_transition driver_min_transition driver_max_capacitance driver_min_capacitance net_fanout driver_max_fanout receiver_pin receiver_ref_cell receiver_transition receiver_max_transition net hnet object_type net_type total_capacitance net_resistance view edge transition_nsigma}
                                        # generate DRV report in extended
                                        # format (enum_list, optional)
-drv_output_format {txt|csv}            # Output format to export DRV violation
                                        # report either in ASCII
                                        # space-separated Text format or in CSV
                                        # format.The default is to export in
                                        # space-separated Text format.
                                        # (enum_list, optional)
-drv_violation_type {max_capacitance max_transition max_fanout min_capacitance min_transition min_fanout pulse_clock_max_transition pulse_clock_min_transition}
                                        # Reports DRV violations (enum_list, optional)
-early                                  # Reports all of the hold checks,
                                        # including regular, clock_gating_hold,
                                        # and data-to-data hold checks. Also
                                        # reports path delays from
                                        # set_min_delay (bool, optional)
-em_type {peak rms avg all}             # Reports DRV violations as per
                                        # specified EM type table lookup
                                        # (enum, optional)
-late                                   # Reports all of the setup checks,
                                        # including regular,
                                        # clock_gating_setup, and data-to-data
                                        # setup checks. Also reports path
                                        # delays from set_max_delay
                                        # (bool, optional)
-max_pins_per_drv <integer>             # Specifies the maximum total number of
                                        # violations to be reported with
                                        # -all_violators option per DRV check
                                        # (int, optional)
-retime {aocv path_slew_propagation aocv_path_slew_propagation}
                                        # Reanalyzes the specified set of paths
                                        # using the specified method
                                        # (enum, optional)
-retime_mode {path exhaustive}          # Reanalyzes the specified set of paths
                                        # using the specified retime mode
                                        # (enum, optional)
-verbose                                # Generates a report that displays the
                                        # full data path with accompanying
                                        # required time and slack calculation
                                        # for timing checks (bool, optional)
-view <viewName>                        # Generates a report for specified
                                        # analysis view (string, optional)
-worst_drv_per_net                      # Reports only the worst DRV violation
                                        # per net, when there are multiple
                                        # violations from same DRV check on the
                                        # pins connected to the net
                                        # (bool, optional)
> <file_name[.gz]>                      # Output file name
                                        # (redirect_operator, optional)
>> <file_name[.gz]>                     # Output file name
                                        # (redirect_operator, optional)