Usage: saveNetlist [-help] <fileName> [-abstract] [-derivePGPortDir]
                   [-excludeCellDef <string>] [-excludeCellInst <string>]
                   [-excludeIlm] [-excludeTopCellPGPort <string>]
                   [-exportTopPGNets] [-flattenBus] [-ilm] [-includeBumpCell]
                   [-includePhysicalCell <string>] [-includePhysicalInst]
                   [-includeThruSubstrateInsts] [-keepAllBackslash]
                   [-lineLength <integer>] [-omitFloatingPort]
                   [-removePowerGround] [-replaceTieConnection]
                   [-replaceWorWandWithWire]
                   [-replace_inout_with_output_for_pg_ports] [-shortenNames]
                   [-topModuleFirst] [-useCdsThruForAssign]
                   [-useEEQCellMap <string>] [-useEEQCellWithLibertyInfo]
                   [-writeConstantForSignalConnection] [-writeSupply0Supply1] [-excludeLeafCell | -onlyLeafCell | -onlyStdCell | -onlyMacro | -module <string>] [-followLogicalModuleOrder | -flat ] [-applyMaskShift [-maskShiftSuffix <string>] [-cellNameMapFile <string>] [-ignoreFixedMask ] [-cellInstanceColor {true | false}] [-cellMasterColor {true | false}] ] [-topCell <cellName> ] [-includePowerGround [-includeVirtualPG ]] [-phys [-includeVirtualPG ]]

-help                                 # Prints out the command usage
<fileName>                            # Specifies the name of the file where
                                      # the netlist is written (string, required)
-abstract                             # write an empty Verilog module with port
                                      # declarations for the specified module
                                      # (default is the top module)
                                      # (bool, optional)
-applyMaskShift                       # Add a suffix to the cell name of a leaf
                                      # instance based on the instance's color
                                      # assignments. Note the netlist must be
                                      # unique or -flat must specified for the
                                      # option to take effect. (bool, optional)
-cellInstanceColor {true false}       # Use the instance-based color
                                      # (enum, optional)
-cellMasterColor {true false}         # Use the cell master-based color from
                                      # the Innovus color engine (enum, optional)
-cellNameMapFile <string>             # Replace the cell name of the leaf
                                      # instance with the name specified in the
                                      # map file(s). If cell name is not
                                      # defined in the map file, change the
                                      # cell name bases on the tool's default
                                      # naming rule. (string, optional)
-derivePGPortDir                      # Specifies whether to derive (vs.
                                      # assume) directions of implicit PG ports
                                      # in saving a physical netlist.
                                      # (bool, optional)
-excludeCellDef <string>              # Excludes the definition of the
                                      # specified cells (string, optional)
-excludeCellInst <string>             # Excludes the instances of the specified
                                      # cells from the netlist (string, optional)
-excludeIlm                           # Exclude ilm module (bool, optional)
-excludeLeafCell                      # Excludes leaf cell definitions in the
                                      # netlist (bool, optional)
-excludeTopCellPGPort <string>        # Excludes the specified power and ground
                                      # port(s) from the top cell's module port
                                      # list (string, optional)
-exportTopPGNets                      # Use top-cell PG nets as ports for the
                                      # top module in a physical netlist
                                      # created with -phys or
                                      # -includePowerGround option.
                                      # (bool, optional)
-flat                                 # Writes a flattened Verilog netlist
                                      # (bool, optional)
-flattenBus                           # Writes a flattened-bus Verilog netlist
                                      # (bool, optional)
-followLogicalModuleOrder             # Follow logical module order
                                      # (bool, optional)
-ignoreFixedMask                      # Ignore fixedMask of the cell
                                      # (bool, optional)
-ilm                                  # Writes out a netlist with ILM guts
                                      # (bool, optional)
-includeBumpCell                      # Writes bump cell information to the
                                      # netlist (bool, optional)
-includePhysicalCell <string>         # Includes the physical instances of the
                                      # specified cells (string, optional)
-includePhysicalInst                  # Includes physical instances, such as
                                      # fillers (bool, optional)
-includePowerGround                   # Includes PG terms in module port list
                                      # (bool, optional)
-includeThruSubstrateInsts            # Writes thru-substrate connectivity
                                      # (bool, optional)
-includeVirtualPG                     # Includes virtual PG components
                                      # (bool, optional)
-keepAllBackslash                     # Keeps all backslash in names
                                      # (bool, optional)
-lineLength <integer>                 # Specifies the maximum number of
                                      # characters per line for module port
                                      # lists and instance port connections
                                      # (int, optional)
-maskShiftSuffix <string>             # Add a user suffix to the cell name of a
                                      # leaf instance. Note the option needs to
                                      # be used with -applyMaskShift to take
                                      # effect. (string, optional)
-module <string>                      # Saves the netlist of the specified
                                      # module (string, optional)
-omitFloatingPort                     # Omits unconnected instance ports from
                                      # the saved netlist (bool, optional)
-onlyLeafCell                         # Writes only leaf cell definitions in
                                      # the netlist (bool, optional)
-onlyMacro                            # Writes only macro or block cell
                                      # definitions to the netlist
                                      # (bool, optional)
-onlyStdCell                          # Writes only standard cell instances in
                                      # the netlist (bool, optional)
-phys                                 # Same as '-includePowerGround
                                      # -includePhysicalInst' (bool, optional)
-removePowerGround                    # Removes PG ports, PG nets, PG pin
                                      # connections and replaces PG net
                                      # connections on signal pins with 1'b1 or
                                      # 1'b0 (bool, optional)
-replaceTieConnection                 # Replaces 1'b1 and 1'b0 constants with
                                      # undriven nets in the output netlist
                                      # (bool, optional)
-replaceWorWandWithWire               # Replace wor/wand with wire statement
                                      # (bool, optional)
-replace_inout_with_output_for_pg_ports    # Change the direction of inout P/G
                                           # ports to output except for the
                                           # ones defined by IEEE1801/UPF.
                                           # Their directions remain unchanged.
                                           # (bool, optional)
-shortenNames                         # Map net/instance names to shorter names
                                      # to reduce file size (used with -flat)
                                      # (bool, optional)
-topCell <cellName>                   # Saves the specified module along with
                                      # its submodules (string, optional)
-topModuleFirst                       # Write out top module first
                                      # (bool, optional)
-useCdsThruForAssign                  # Replace assign statement with cds_thru,
                                      # the output netlist won't be able to
                                      # read back by Innovus. This is only for
                                      # third party tool. (bool, optional)
-useEEQCellMap <string>               # Define the master cell and the EEQ
                                      # cells to be mapped to the master cell
                                      # {{masterCell cell1 cell2} ...}
                                      # (string, optional)
-useEEQCellWithLibertyInfo            # use EEQ cell with timing library info
                                      # as the master cell of a leaf instance.
                                      # (bool, optional)
-writeConstantForSignalConnection     # write constant value for tie pin
                                      # connection (bool, optional)
-writeSupply0Supply1                  # Write supply0/supply1 for PG nets
                                      # (bool, optional)