Usage: create_path_category [-help] [-capture_latency <string>]
                            [-check_type <string>] [-clock <string>]
                            [-comment <string>] [-critical_false_path <string>]
                            [-delay_of_any_inst <string>]
                            [-delay_of_any_inst_not_of_celltype <string>]
                            [-delay_of_any_inst_not_of_name <string>]
                            [-delay_of_any_inst_of_celltype <string>]
                            [-delay_of_any_inst_of_name <string>]
                            [-delay_of_any_net <string>]
                            [-delay_of_any_net_not_of_name <string>]
                            [-delay_of_any_net_of_name <string>]
                            [-delay_of_every_inst <string>]
                            [-delay_of_every_inst_not_of_celltype <string>]
                            [-delay_of_every_inst_not_of_name <string>]
                            [-delay_of_every_inst_of_celltype <string>]
                            [-delay_of_every_inst_of_name <string>]
                            [-delay_of_every_net <string>]
                            [-delay_of_every_net_not_of_name <string>]
                            [-delay_of_every_net_of_name <string>]
                            [-file <string>] [-from_cell <string>]
                            [-from_clock <string>] [-from_clock_edge <string>]
                            [-from_inst <string>] [-from_inst_pointer <string>]
                            [-from_pd <string>] [-from_pin <string>]
                            [-from_port <string>] [-from_port_pointer <string>]
                            [-incr_delay_of_any_net <string>]
                            [-incr_delay_of_every_net <string>]
                            [-launch_latency <string>] [-master <string>]
                            -name <string> [-not_from_cell <string>]
                            [-not_from_clock <string>]
                            [-not_from_clock_edge <string>]
                            [-not_from_inst <string>] [-not_from_pd <string>]
                            [-not_from_pin <string>] [-not_from_port <string>]
                            [-not_through_cell <string>]
                            [-not_through_inst <string>]
                            [-not_through_net <string>]
                            [-not_through_pd <string>]
                            [-not_through_pin <string>]
                            [-not_through_port <string>] [-not_to_cell <string>]
                            [-not_to_clock <string>]
                            [-not_to_clock_edge <string>]
                            [-not_to_inst <string>] [-not_to_pd <string>]
                            [-not_to_pin <string>] [-not_to_port <string>]
                            [-number_of_insts <string>]
                            [-number_of_insts_not_of_celltype <string>]
                            [-number_of_insts_not_of_name <string>]
                            [-number_of_insts_of_celltype <string>]
                            [-number_of_insts_of_name <string>] [-overwrite]
                            [-sdc <string>] [-skew <string>] [-slack <string>]
                            [-through_cell <string>] [-through_inst <string>]
                            [-through_net <string>] [-through_pd <string>]
                            [-through_pin <string>] [-through_port <string>]
                            [-to_cell <string>] [-to_clock <string>]
                            [-to_clock_edge <string>] [-to_inst <string>]
                            [-to_inst_pointer <string>] [-to_pd <string>]
                            [-to_pin <string>] [-to_port <string>]
                            [-to_port_pointer <string>]
                            [-total_delay_of_insts <string>]
                            [-total_delay_of_insts_not_of_celltype <string>]
                            [-total_delay_of_insts_not_of_name <string>]
                            [-total_delay_of_insts_of_celltype <string>]
                            [-total_delay_of_insts_of_name <string>]
                            [-total_delay_of_level_of_chain_of_insttype <string>]
                            [-total_delay_of_nets <string>]
                            [-total_delay_of_nets_not_of_name <string>]
                            [-total_delay_of_nets_of_name <string>]
                            [-total_delay_of_path <string>]
                            [-total_incr_delay_of_path <string>]
                            [-uncertainty <string>] [-view <string>]

-help                                      # Prints out the command usage
-capture_latency <string>                  # Indicates that the capture latency
                                           # of the path must match the
                                           # specified float value.
                                           # (string, optional)
-check_type <string>                       # Indicates that the check type
                                           # matches the specified option.
                                           # Valid values are {Setup Check |
                                           # Hold Check | Clock Gating Setup
                                           # Check | Library Clock Gating Setup
                                           # Check | Clock Gating Hold Check |
                                           # Library Clock Gating Hold Check |
                                           # External Delay Assertion | Latch
                                           # Borrowed Time Check | PulseWidth
                                           # Check | ClockPeriod Check |
                                           # Recovery Check | Removal Check |
                                           # Skew Check | NoChangeSetup Check |
                                           # NoChangeHold Check}
                                           # (string, optional)
-clock <string>                            # Allows to search the Clock Tree
                                           # instead of the data path. Default:
                                           # the tool searches the data path by
                                           # default. (string, optional)
-comment <string>                          # Specifies a comment that is
                                           # associated with the category.
                                           # (string, optional)
-critical_false_path <string>              # Specifies the critical false path.
                                           # (string, optional)
-delay_of_any_inst <string>                # Indicates that the delay of any
                                           # instance in the design matches the
                                           # specified float value.
                                           # (string, optional)
-delay_of_any_inst_not_of_celltype <string>
                                           # Indicates that the delay of any
                                           # instance in the design not
                                           # matching the specified celltype
                                           # matches the specified float value.
                                           # (string, optional)
-delay_of_any_inst_not_of_name <string>    # Indicates that the delay of any
                                           # instance in the design not
                                           # matching the specified name
                                           # matches the specified float value.
                                           # (string, optional)
-delay_of_any_inst_of_celltype <string>    # Indicates that the delay of any
                                           # instance in the design matching
                                           # the specified celltype matches the
                                           # specified float value.
                                           # (string, optional)
-delay_of_any_inst_of_name <string>        # Indicates that the delay of any
                                           # instance in the design matching
                                           # the specified name matches the
                                           # specified float value.
                                           # (string, optional)
-delay_of_any_net <string>                 # Indicates that the delay of any
                                           # net in the design matches the
                                           # specified float value.
                                           # (string, optional)
-delay_of_any_net_not_of_name <string>     # Indicates that the delay of any
                                           # net in the design not matching the
                                           # specified name matches the
                                           # specified float value.
                                           # (string, optional)
-delay_of_any_net_of_name <string>         # Indicates that the delay of any
                                           # net in the design matching the
                                           # specified name matches the
                                           # specified float value.
                                           # (string, optional)
-delay_of_every_inst <string>              # Indicates that the delay of every
                                           # instance in the design matches the
                                           # specified float value.
                                           # (string, optional)
-delay_of_every_inst_not_of_celltype <string>
                                           # Indicates that the delay of every
                                           # instance in the design not
                                           # matching the specified celltype
                                           # matches the specified float value.
                                           # (string, optional)
-delay_of_every_inst_not_of_name <string>
                                           # Indicates that the delay of every
                                           # instance in the design not
                                           # matching the specified name
                                           # matches the specified float value.
                                           # (string, optional)
-delay_of_every_inst_of_celltype <string>
                                           # Indicates that the delay of every
                                           # instance in the design matching
                                           # the specified celltype matches the
                                           # specified float value.
                                           # (string, optional)
-delay_of_every_inst_of_name <string>      # Indicates that the delay of every
                                           # instance in the design matching
                                           # the specified name matches the
                                           # specified float value.
                                           # (string, optional)
-delay_of_every_net <string>               # Indicates that the delay of every
                                           # instance in the design matches the
                                           # specified float value.
                                           # (string, optional)
-delay_of_every_net_not_of_name <string>
                                           # Indicates that the delay of every
                                           # net in the design not matching the
                                           # specified name matches the
                                           # specified float value.
                                           # (string, optional)
-delay_of_every_net_of_name <string>       # Indicates that the delay of every
                                           # net in the design matching the
                                           # specified name matches the
                                           # specified float value.
                                           # (string, optional)
-file <string>                             # Specifies the file name.
                                           # (string, optional)
-from_cell <string>                        # Indicates that the path must be
                                           # from the specified cell.
                                           # (string, optional)
-from_clock <string>                       # Indicates that the path must be
                                           # from the specified clock.
                                           # (string, optional)
-from_clock_edge <string>                  # Indicates that the path must be
                                           # from the specified clock edge.
                                           # (string, optional)
-from_inst <string>                        # Indicates that the path must be
                                           # from the specified instance
                                           # (string, optional)
-from_inst_pointer <string>                # Indicates that the path must be
                                           # from the specified instance
                                           # pointer. (string, optional)
-from_pd <string>                          # Indicates that the path must be
                                           # from the specified power domain.
                                           # (string, optional)
-from_pin <string>                         # Indicates that the path must be
                                           # from the specified pin.
                                           # (string, optional)
-from_port <string>                        # Indicates that the path must be
                                           # from the specified port pattern.
                                           # (string, optional)
-from_port_pointer <string>                # Indicates that the path must be
                                           # from the specified port pointer
                                           # pattern. (string, optional)
-incr_delay_of_any_net <string>            # Indicates that the incremental
                                           # delay of at least a net that
                                           # matches the specified "float"
                                           # value. (string, optional)
-incr_delay_of_every_net <string>          # Indicates that the incremental
                                           # delay of every net that matches
                                           # the specified "float" value.
                                           # (string, optional)
-launch_latency <string>                   # Indicates that the launch latency
                                           # of the path must match the
                                           # specified float value.
                                           # (string, optional)
-master <string>                           # Specifies that the new category
                                           # should be created as a nested
                                           # category of the specified master
                                           # category. Default: the category is
                                           # created as a new category at the
                                           # top level. (string, optional)
-name <string>                             # Specifies the name of the category
                                           # to be created. (string, required)
-not_from_cell <string>                    # Indicates that the path must not
                                           # be from the specified cell.
                                           # (string, optional)
-not_from_clock <string>                   # Indicates that the path must not
                                           # be from the specified clock.
                                           # (string, optional)
-not_from_clock_edge <string>              # Indicates that the path must not
                                           # be from the specified clock edge.
                                           # (string, optional)
-not_from_inst <string>                    # Indicates that the path must not
                                           # be from the specified instance.
                                           # (string, optional)
-not_from_pd <string>                      # Indicates that the path must not
                                           # be from the specified power
                                           # domain. (string, optional)
-not_from_pin <string>                     # Indicates that the path must not
                                           # be from the specified pin.
                                           # (string, optional)
-not_from_port <string>                    # Indicates that the path must not
                                           # be from the specified port
                                           # pattern. (string, optional)
-not_through_cell <string>                 # Indicates that the path must not
                                           # be through the specified cell.
                                           # (string, optional)
-not_through_inst <string>                 # Indicates that the path must not
                                           # be through the specified instance.
                                           # (string, optional)
-not_through_net <string>                  # Indicates that the path must not
                                           # be through the specified net.
                                           # (string, optional)
-not_through_pd <string>                   # Indicates that the path must not
                                           # be through the specified power
                                           # domain. (string, optional)
-not_through_pin <string>                  # Indicates that the path must not
                                           # be through the specified pin.
                                           # (string, optional)
-not_through_port <string>                 # Indicates that the path must not
                                           # be through the specified port
                                           # pattern. (string, optional)
-not_to_cell <string>                      # Indicates that the path must not
                                           # be to the specified cell.
                                           # (string, optional)
-not_to_clock <string>                     # Indicates that the path must not
                                           # be to the specified clock.
                                           # (string, optional)
-not_to_clock_edge <string>                # Indicates that the path must not
                                           # be to the specified clock edge.
                                           # (string, optional)
-not_to_inst <string>                      # Indicates that the path must not
                                           # be to the specified instance.
                                           # (string, optional)
-not_to_pd <string>                        # Indicates that the path must not
                                           # be to the specified power domain.
                                           # (string, optional)
-not_to_pin <string>                       # Indicates that the path must not
                                           # be to the pin. (string, optional)
-not_to_port <string>                      # Indicates that the path must not
                                           # be to the specified port pattern.
                                           # (string, optional)
-number_of_insts <string>                  # Indicates that the number of
                                           # instances in the data segment
                                           # (with launch and capture clock
                                           # paths) must match the specified
                                           # integer value. (string, optional)
-number_of_insts_not_of_celltype <string>
                                           # Indicates that the number of
                                           # instances not matching the
                                           # specified celltype match the
                                           # specified integer value.
                                           # (string, optional)
-number_of_insts_not_of_name <string>      # Indicates that the number of
                                           # instances not matching the
                                           # specified instance name match the
                                           # specified integer value.
                                           # (string, optional)
-number_of_insts_of_celltype <string>      # Indicates that the number of
                                           # instances matching the specified
                                           # celltype match the specified
                                           # integer value. (string, optional)
-number_of_insts_of_name <string>          # Indicates that the number of
                                           # instances matching the specified
                                           # instance name match the specified
                                           # integer value. (string, optional)
-overwrite                                 # Overwrites any predefined category
                                           # with the same name in your
                                           # category list. (bool, optional)
-sdc <string>                              # Creates a category based on the
                                           # SDC constraint as per the
                                           # specified SDC file name and line
                                           # number. (string, optional)
-skew <string>                             # Indicates that the skew of the
                                           # path must match the specified
                                           # float value. (string, optional)
-slack <string>                            # Indicates that the slack of the
                                           # path must match the specified
                                           # float value. (string, optional)
-through_cell <string>                     # Indicates that the path must be
                                           # through the specified cell.
                                           # (string, optional)
-through_inst <string>                     # Indicates that the path must be
                                           # through the specified instance.
                                           # (string, optional)
-through_net <string>                      # Indicates that the path must be
                                           # through the specified net.
                                           # (string, optional)
-through_pd <string>                       # Indicates that the path must be
                                           # through the specified power
                                           # domain. (string, optional)
-through_pin <string>                      # Indicates that the path must be
                                           # through the specified pin.
                                           # (string, optional)
-through_port <string>                     # Indicates that the path must be
                                           # through the specified port
                                           # pattern. (string, optional)
-to_cell <string>                          # Indicates that the path must be to
                                           # the specified cell.
                                           # (string, optional)
-to_clock <string>                         # Indicates that the path must be to
                                           # the specified clock.
                                           # (string, optional)
-to_clock_edge <string>                    # Indicates that the path must be to
                                           # the specified clock edge.
                                           # (string, optional)
-to_inst <string>                          # Indicates that the path must be to
                                           # the specified instance.
                                           # (string, optional)
-to_inst_pointer <string>                  # Indicates that the path must be to
                                           # the specified instance pointer.
                                           # (string, optional)
-to_pd <string>                            # Indicates that the path must be
                                           # the specified power domain.
                                           # (string, optional)
-to_pin <string>                           # Indicates that the path must be to
                                           # the specified pin. (string, optional)
-to_port <string>                          # Indicates that the path must be to
                                           # the specified port pattern.
                                           # (string, optional)
-to_port_pointer <string>                  # Indicates that the path must be to
                                           # the specified port pointer
                                           # pattern. (string, optional)
-total_delay_of_insts <string>             # Indicates that the total delay of
                                           # instances matches the specified
                                           # float value. (string, optional)
-total_delay_of_insts_not_of_celltype <string>
                                           # Indicates that the total delay of
                                           # instances not matching the
                                           # specified celltype matches the
                                           # specified float value.
                                           # (string, optional)
-total_delay_of_insts_not_of_name <string>
                                           # Indicates that the total delay of
                                           # instances not matching the
                                           # specified name matches the
                                           # specified float value.
                                           # (string, optional)
-total_delay_of_insts_of_celltype <string>
                                           # Indicates that the total delay of
                                           # instances matching the specified
                                           # celltype matches the specified
                                           # float value. (string, optional)
-total_delay_of_insts_of_name <string>     # Indicates that the total delay of
                                           # instances matching the specified
                                           # name matches the specified float
                                           # value. (string, optional)
-total_delay_of_level_of_chain_of_insttype <string>
                                           # Indicates that the total delay of
                                           # level of chain matching the
                                           # specified insttype matches the
                                           # specified string value.
                                           # (string, optional)
-total_delay_of_nets <string>              # Indicates that the total delay of
                                           # nets matches the specified float
                                           # value. (string, optional)
-total_delay_of_nets_not_of_name <string>
                                           # Indicates that the total delay of
                                           # nets not matching the specified
                                           # name matches the specified float
                                           # value. (string, optional)
-total_delay_of_nets_of_name <string>      # Indicates that the total delay of
                                           # nets matching the specified name
                                           # matches the specified float value.
                                           # (string, optional)
-total_delay_of_path <string>              # Indicates that the total delay of
                                           # path matches the specified float
                                           # value. (string, optional)
-total_incr_delay_of_path <string>         # Indicates that the total
                                           # incremental delay of path matches
                                           # the specified float value.
                                           # (string, optional)
-uncertainty <string>                      # Indicates that the uncertainty of
                                           # the path must match the specified
                                           # float value. (string, optional)
-view <string>                             # Specifies the view name
                                           # (string, optional)