Usage: addPowerSwitch [-help] [-1801PowerSwitchRuleName <string>]
                      [-acknowledgeTreeCell <string>]
                      [-acknowledgeTreeHierInstance <string>]
                      [-allowPartialStripeRowOverlap <string>] [-area <string>]
                      [-backToBackChain <string>] [-bottomNumSwitch <string>]
                      [-bottomOffset <string>] [-bottomOrientation <string>]
                      [-bottomPattern <string>] [-bottomSide <string>]
                      [-bufferCellNameBottom <string>]
                      [-bufferCellNameHorizontal <string>]
                      [-bufferCellNameLeft <string>]
                      [-bufferCellNameRight <string>]
                      [-bufferCellNameTop <string>]
                      [-bufferCellNameVertical <string>]
                      [-bufferCellSideList <string>] [-bufferDelay <string>]
                      [-bufferSwitchSameDirection <string>] [-cellEM <string>]
                      [-cellEnablePin <string>] [-chainByRow <string>]
                      [-checkerBoard <string>] [-column]
                      [-commitPrototype <string>]
                      [-connectBottomSwitchEnablePins <string>]
                      [-continuePattern <string>] [-cornerCellList <string>]
                      [-cornerCellListByCorner <string>]
                      [-cornerOrientationList <string>]
                      [-counterclockwise <string>]
                      [-cpfPowerSwitchRuleName <string>]
                      [-deviceThresholdVolt <string>] [-distribute <string>]
                      [-enableNetIn <string>] [-enableNetOut <string>]
                      [-enablePinIn <string>] [-enablePinOut <string>]
                      [-endOffset <string>] [-endOffsetBottom <string>]
                      [-endOffsetHorizontal <string>] [-endOffsetLeft <string>]
                      [-endOffsetRight <string>] [-endOffsetTop <string>]
                      [-endOffsetVertical <string>]
                      [-fillerCellNameBottom <string>]
                      [-fillerCellNameHorizontal <string>]
                      [-fillerCellNameLeft <string>]
                      [-fillerCellNameRight <string>]
                      [-fillerCellNameTop <string>]
                      [-fillerCellNameVertical <string>]
                      [-fillerCellSideList <string>]
                      [-firstInstanceName <string>] [-forceOffset <string>]
                      [-getSwitchInstances <string>]
                      [-globalBufferCellName <string>]
                      [-globalFillerCellName <string>] [-globalOffset <string>]
                      [-globalPattern <string>] [-globalSwitchCellName <string>]
                      [-ground <string>] [-height <string>]
                      [-honorNonRegularPitchStripe <string>]
                      [-horizontalNumSwitch <string>]
                      [-horizontalOffset <string>]
                      [-horizontalOrientation <string>]
                      [-horizontalPattern <string>] [-horizontalPitch <string>]
                      [-horizontalSide <string>] [-iLeak <string>]
                      [-idSat <string>] [-ignoreShifterRule <string>]
                      [-ignoreSoftBlockage <string>] [-incremental <string>]
                      [-insideCornerCellList <string>]
                      [-instancePrefix <string>] [-leftNumSwitch <string>]
                      [-leftOffset <string>] [-leftOrientation <string>]
                      [-leftPattern <string>] [-leftSide <string>]
                      [-loadCapacitance <string>] [-logical]
                      [-loopbackAtEnd <string>] [-maxChainDepth <string>]
                      [-maxDistance <string>] [-maxFanout <string>]
                      [-maxIRPercent <string>] [-maxLeakageCurrent <string>]
                      [-maxLeakagePercent <string>] [-maxRampUpCurrent <string>]
                      [-maxSwitchIR <string>] [-noDoubleHeightCheck <string>]
                      [-noEnableChain <string>] [-noFiller <string>]
                      [-noFixedStdCellOverlap <string>]
                      [-noMinGapAdjust <string>]
                      [-noPgCapacitanceEstimate <string>]
                      [-noPgDecapEstimate <string>] [-noRowVerify <string>]
                      [-numSwitches <string>]
                      [-numberSimultaneousRampUpChain <string>]
                      [-offsetX <string>] [-orientation <string>]
                      [-parallelEnable <string>] [-pgCapacitance <string>]
                      [-pgCapacitanceFactor <string>] [-pgInductance <string>]
                      [-placeByNetWireIntersect <string>]
                      [-placeUnderVerticalNet <string>]
                      [-placementAdjustX <string>] [-placementAdjustXY <string>]
                      [-placementAdjustY <string>] [-power <string>]
                      [-powerDomain <string>] [-protoReportFile <string>]
                      [-prototypeChainDepth <string>]
                      [-prototypeChainDepthGivenRampUpCurrent <string>]
                      [-prototypeDelayGivenRampUpCurrent <string>]
                      [-prototypeMaxChainDepth <string>]
                      [-prototypeMinChainDepth <string>]
                      [-prototypeNumberSwitches <string>]
                      [-prototypeRampUpTime <string>]
                      [-prototypeSweepChainDepth <string>]
                      [-prototypeSweepSwitchNumber <string>]
                      [-r0Corner <string>] [-r0InsideCorner <string>]
                      [-r0Side <string>] [-r0SideOrientation <string>]
                      [-rOn <string>] [-rampUpChainDepth <string>]
                      [-rampUpRailVoltagePercent <string>]
                      [-rampUpTime <string>] [-readPowerSwitchCell <string>]
                      [-reportFile <string>] [-rightNumSwitch <string>]
                      [-rightOffset <string>] [-rightOrientation <string>]
                      [-rightPattern <string>] [-rightSide <string>] [-ring]
                      [-shiftCellsOutsideBlockage] [-sideEndOffsetList <string>]
                      [-sideNumSwitchList <string>] [-sideOffsetList <string>]
                      [-sideOrientationList <string>]
                      [-sidePatternList <string>]
                      [-sideStartOffsetList <string>] [-skipRows <string>]
                      [-skipX <string>] [-skipY <string>]
                      [-snapToNearest <string>] [-specifySideList <string>]
                      [-startEnableChainAtCorner <string>]
                      [-startOffset <string>] [-startOffsetBottom <string>]
                      [-startOffsetHorizontal <string>]
                      [-startOffsetLeft <string>] [-startOffsetRight <string>]
                      [-startOffsetTop <string>] [-startOffsetVertical <string>]
                      [-switchCellNameBottom <string>]
                      [-switchCellNameHorizontal <string>]
                      [-switchCellNameLeft <string>]
                      [-switchCellNameRight <string>]
                      [-switchCellNameTop <string>]
                      [-switchCellNameVertical <string>]
                      [-switchCellSideList <string>]
                      [-switchModuleInstance <string>] [-switchPitch <string>]
                      [-switchPitchBottom <string>]
                      [-switchPitchHorizontal <string>]
                      [-switchPitchLeft <string>] [-switchPitchRight <string>]
                      [-switchPitchSideList <string>] [-switchPitchTop <string>]
                      [-switchPitchVertical <string>]
                      [-tapFromNearestEnableNet <string>] [-topDown <string>]
                      [-topNumSwitch <string>] [-topOffset <string>]
                      [-topOrientation <string>] [-topPattern <string>]
                      [-topSide <string>] [-totalLeakagePower <string>]
                      [-totalNumberPatterns <string>] [-totalPower <string>]
                      [-vertex <string>] [-verticalNumSwitch <string>]
                      [-verticalOffset <string>] [-verticalOrientation <string>]
                      [-verticalPattern <string>] [-verticalSide <string>]
                      [-voltage <string>] [-width <string>]

-help                                     # Prints out the command usage
-1801PowerSwitchRuleName <string>         # (string, optional)
-acknowledgeTreeCell <string>             # (string, optional)
-acknowledgeTreeHierInstance <string>     # (string, optional)
-allowPartialStripeRowOverlap <string>    # (string, optional)
-area <string>                            # (string, optional)
-backToBackChain <string>                 # (string, optional)
-bottomNumSwitch <string>                 # (string, optional)
-bottomOffset <string>                    # (string, optional)
-bottomOrientation <string>               # (string, optional)
-bottomPattern <string>                   # (string, optional)
-bottomSide <string>                      # (string, optional)
-bufferCellNameBottom <string>            # (string, optional)
-bufferCellNameHorizontal <string>        # (string, optional)
-bufferCellNameLeft <string>              # (string, optional)
-bufferCellNameRight <string>             # (string, optional)
-bufferCellNameTop <string>               # (string, optional)
-bufferCellNameVertical <string>          # (string, optional)
-bufferCellSideList <string>              # (string, optional)
-bufferDelay <string>                     # (string, optional)
-bufferSwitchSameDirection <string>       # (string, optional)
-cellEM <string>                          # (string, optional)
-cellEnablePin <string>                   # (string, optional)
-chainByRow <string>                      # (string, optional)
-checkerBoard <string>                    # (string, optional)
-column                                   # (bool, optional)
-commitPrototype <string>                 # (string, optional)
-connectBottomSwitchEnablePins <string>   # (string, optional)
-continuePattern <string>                 # (string, optional)
-cornerCellList <string>                  # (string, optional)
-cornerCellListByCorner <string>          # (string, optional)
-cornerOrientationList <string>           # (string, optional)
-counterclockwise <string>                # (string, optional)
-cpfPowerSwitchRuleName <string>          # (string, optional)
-deviceThresholdVolt <string>             # (string, optional)
-distribute <string>                      # (string, optional)
-enableNetIn <string>                     # (string, optional)
-enableNetOut <string>                    # (string, optional)
-enablePinIn <string>                     # (string, optional)
-enablePinOut <string>                    # (string, optional)
-endOffset <string>                       # (string, optional)
-endOffsetBottom <string>                 # (string, optional)
-endOffsetHorizontal <string>             # (string, optional)
-endOffsetLeft <string>                   # (string, optional)
-endOffsetRight <string>                  # (string, optional)
-endOffsetTop <string>                    # (string, optional)
-endOffsetVertical <string>               # (string, optional)
-fillerCellNameBottom <string>            # (string, optional)
-fillerCellNameHorizontal <string>        # (string, optional)
-fillerCellNameLeft <string>              # (string, optional)
-fillerCellNameRight <string>             # (string, optional)
-fillerCellNameTop <string>               # (string, optional)
-fillerCellNameVertical <string>          # (string, optional)
-fillerCellSideList <string>              # (string, optional)
-firstInstanceName <string>               # (string, optional)
-forceOffset <string>                     # (string, optional)
-getSwitchInstances <string>              # (string, optional)
-globalBufferCellName <string>            # (string, optional)
-globalFillerCellName <string>            # (string, optional)
-globalOffset <string>                    # (string, optional)
-globalPattern <string>                   # (string, optional)
-globalSwitchCellName <string>            # (string, optional)
-ground <string>                          # (string, optional)
-height <string>                          # (string, optional)
-honorNonRegularPitchStripe <string>      # (string, optional)
-horizontalNumSwitch <string>             # (string, optional)
-horizontalOffset <string>                # (string, optional)
-horizontalOrientation <string>           # (string, optional)
-horizontalPattern <string>               # (string, optional)
-horizontalPitch <string>                 # (string, optional)
-horizontalSide <string>                  # (string, optional)
-iLeak <string>                           # (string, optional)
-idSat <string>                           # (string, optional)
-ignoreShifterRule <string>               # (string, optional)
-ignoreSoftBlockage <string>              # (string, optional)
-incremental <string>                     # (string, optional)
-insideCornerCellList <string>            # (string, optional)
-instancePrefix <string>                  # (string, optional)
-leftNumSwitch <string>                   # (string, optional)
-leftOffset <string>                      # (string, optional)
-leftOrientation <string>                 # (string, optional)
-leftPattern <string>                     # (string, optional)
-leftSide <string>                        # (string, optional)
-loadCapacitance <string>                 # (string, optional)
-logical                                  # (bool, optional)
-loopbackAtEnd <string>                   # (string, optional)
-maxChainDepth <string>                   # (string, optional)
-maxDistance <string>                     # (string, optional)
-maxFanout <string>                       # (string, optional)
-maxIRPercent <string>                    # (string, optional)
-maxLeakageCurrent <string>               # (string, optional)
-maxLeakagePercent <string>               # (string, optional)
-maxRampUpCurrent <string>                # (string, optional)
-maxSwitchIR <string>                     # (string, optional)
-noDoubleHeightCheck <string>             # (string, optional)
-noEnableChain <string>                   # (string, optional)
-noFiller <string>                        # (string, optional)
-noFixedStdCellOverlap <string>           # (string, optional)
-noMinGapAdjust <string>                  # (string, optional)
-noPgCapacitanceEstimate <string>         # (string, optional)
-noPgDecapEstimate <string>               # (string, optional)
-noRowVerify <string>                     # (string, optional)
-numSwitches <string>                     # (string, optional)
-numberSimultaneousRampUpChain <string>   # (string, optional)
-offsetX <string>                         # (string, optional)
-orientation <string>                     # (string, optional)
-parallelEnable <string>                  # (string, optional)
-pgCapacitance <string>                   # (string, optional)
-pgCapacitanceFactor <string>             # (string, optional)
-pgInductance <string>                    # (string, optional)
-placeByNetWireIntersect <string>         # (string, optional)
-placeUnderVerticalNet <string>           # (string, optional)
-placementAdjustX <string>                # (string, optional)
-placementAdjustXY <string>               # (string, optional)
-placementAdjustY <string>                # (string, optional)
-power <string>                           # (string, optional)
-powerDomain <string>                     # (string, optional)
-protoReportFile <string>                 # (string, optional)
-prototypeChainDepth <string>             # (string, optional)
-prototypeChainDepthGivenRampUpCurrent <string>
                                          # (string, optional)
-prototypeDelayGivenRampUpCurrent <string>
                                          # (string, optional)
-prototypeMaxChainDepth <string>          # (string, optional)
-prototypeMinChainDepth <string>          # (string, optional)
-prototypeNumberSwitches <string>         # (string, optional)
-prototypeRampUpTime <string>             # (string, optional)
-prototypeSweepChainDepth <string>        # (string, optional)
-prototypeSweepSwitchNumber <string>      # (string, optional)
-r0Corner <string>                        # (string, optional)
-r0InsideCorner <string>                  # (string, optional)
-r0Side <string>                          # (string, optional)
-r0SideOrientation <string>               # (string, optional)
-rOn <string>                             # (string, optional)
-rampUpChainDepth <string>                # (string, optional)
-rampUpRailVoltagePercent <string>        # (string, optional)
-rampUpTime <string>                      # (string, optional)
-readPowerSwitchCell <string>             # (string, optional)
-reportFile <string>                      # (string, optional)
-rightNumSwitch <string>                  # (string, optional)
-rightOffset <string>                     # (string, optional)
-rightOrientation <string>                # (string, optional)
-rightPattern <string>                    # (string, optional)
-rightSide <string>                       # (string, optional)
-ring                                     # (bool, optional)
-shiftCellsOutsideBlockage                # (bool, optional)
-sideEndOffsetList <string>               # (string, optional)
-sideNumSwitchList <string>               # (string, optional)
-sideOffsetList <string>                  # (string, optional)
-sideOrientationList <string>             # (string, optional)
-sidePatternList <string>                 # (string, optional)
-sideStartOffsetList <string>             # (string, optional)
-skipRows <string>                        # (string, optional)
-skipX <string>                           # (string, optional)
-skipY <string>                           # (string, optional)
-snapToNearest <string>                   # (string, optional)
-specifySideList <string>                 # (string, optional)
-startEnableChainAtCorner <string>        # (string, optional)
-startOffset <string>                     # (string, optional)
-startOffsetBottom <string>               # (string, optional)
-startOffsetHorizontal <string>           # (string, optional)
-startOffsetLeft <string>                 # (string, optional)
-startOffsetRight <string>                # (string, optional)
-startOffsetTop <string>                  # (string, optional)
-startOffsetVertical <string>             # (string, optional)
-switchCellNameBottom <string>            # (string, optional)
-switchCellNameHorizontal <string>        # (string, optional)
-switchCellNameLeft <string>              # (string, optional)
-switchCellNameRight <string>             # (string, optional)
-switchCellNameTop <string>               # (string, optional)
-switchCellNameVertical <string>          # (string, optional)
-switchCellSideList <string>              # (string, optional)
-switchModuleInstance <string>            # (string, optional)
-switchPitch <string>                     # (string, optional)
-switchPitchBottom <string>               # (string, optional)
-switchPitchHorizontal <string>           # (string, optional)
-switchPitchLeft <string>                 # (string, optional)
-switchPitchRight <string>                # (string, optional)
-switchPitchSideList <string>             # (string, optional)
-switchPitchTop <string>                  # (string, optional)
-switchPitchVertical <string>             # (string, optional)
-tapFromNearestEnableNet <string>         # (string, optional)
-topDown <string>                         # (string, optional)
-topNumSwitch <string>                    # (string, optional)
-topOffset <string>                       # (string, optional)
-topOrientation <string>                  # (string, optional)
-topPattern <string>                      # (string, optional)
-topSide <string>                         # (string, optional)
-totalLeakagePower <string>               # (string, optional)
-totalNumberPatterns <string>             # (string, optional)
-totalPower <string>                      # (string, optional)
-vertex <string>                          # (string, optional)
-verticalNumSwitch <string>               # (string, optional)
-verticalOffset <string>                  # (string, optional)
-verticalOrientation <string>             # (string, optional)
-verticalPattern <string>                 # (string, optional)
-verticalSide <string>                    # (string, optional)
-voltage <string>                         # (string, optional)
-width <string>                           # (string, optional)