Usage: setPlaceMode [-help] [-reset]
                    [-place_3d_use_existing_bump_tsv {true|false}]
                    [-place_design_enable_3d {true|false}]
                    [-place_design_floorplan_mode {true|false}]
                    [-place_design_integrity_ir_fix_effort {low|medium|high}]
                    [-place_design_refine_macro {true|false}]
                    [-place_design_refine_place {true|false}]
                    [-place_detail_activity_power_driven {true|false}]
                    [-place_detail_allow_border_pin_abut {true|false}]
                    [-place_detail_allow_single_height_row_symmetry_x <siteName>]
                    [-place_detail_check_cut_spacing {true|false}]
                    [-place_detail_check_inst_space_group {true|false}]
                    [-place_detail_check_route {true|false}]
                    [-place_detail_color_aware_legal {true|false}]
                    [-place_detail_context_aware_legal {none|all|optional|required|user|ignore_soft}]
                    [-place_detail_eco_max_distance <micron>]
                    [-place_detail_eco_priority_insts {placed|fixed|eco}]
                    [-place_detail_fixed_shifter {true|false}]
                    [-place_detail_honor_inst_pad {true|false}]
                    [-place_detail_io_pin_blockage {true|false}]
                    [-place_detail_iraware_max_drive_strength <value>]
                    [-place_detail_irdrop_aware_effort {none|low|medium|high}]
                    [-place_detail_irdrop_aware_timing_effort {none|standard|high}]
                    [-place_detail_irdrop_region_number <value>]
                    [-place_detail_legalization_inst_gap <site>]
                    [-place_detail_max_shifter_column_depth <value>]
                    [-place_detail_max_shifter_depth <value>]
                    [-place_detail_max_shifter_row_depth <value>]
                    [-place_detail_no_filler_without_implant {true|false}]
                    [-place_detail_pad_fixed_insts {true|false}]
                    [-place_detail_pad_physical_cells {true|false}]
                    [-place_detail_PGFTV_insertion_cell_list <value>]
                    [-place_detail_preroute_as_obs {layerNum ...}]
                    [-place_detail_preserve_routing {true|false}]
                    [-place_detail_remove_affected_routing {true|false}]
                    [-place_detail_swap_eeq_cells {true|false}]
                    [-place_detail_use_check_drc {true|false}]
                    [-place_detail_use_diffusion_transition_fill {true|false}]
                    [-place_detail_use_GA_filler_groups {true|false}]
                    [-place_detail_use_no_diffusion_one_site_filler {true|false}]
                    [-place_detail_wire_length_opt_effort {none|medium|high}]
                    [-place_global_activity_power_driven {false|true}]
                    [-place_global_activity_power_driven_effort {standard|high}]
                    [-place_global_align_macro {true|false}]
                    [-place_global_allow_3d_stack {true|false}]
                    [-place_global_auto_blockage_in_channel {none|soft|partial}]
                    [-place_global_clock_gate_aware {true|false}]
                    [-place_global_clock_power_driven {true|false}]
                    [-place_global_clock_power_driven_effort {low|standard|high}]
                    [-place_global_cong_effort {low|medium|high|extreme|auto}]
                    [-place_global_cpg_effort {low|medium|high|extreme}]
                    [-place_global_cpg_file <macro_loc_ori_file_name>]
                    [-place_global_enable_advanced_pipeline {true|false}]
                    [-place_global_enable_distributed_place {true|false}]
                    [-place_global_ignore_scan {true|1|false|0|auto}]
                    [-place_global_ignore_spare {true|false}]
                    [-place_global_max_density <value>]
                    [-place_global_module_aware_spare {true|false}]
                    [-place_global_module_padding {<module> <factor>}]
                    [-place_global_place_io_pins {true|false}]
                    [-place_global_reorder_scan {true|false}]
                    [-place_global_soft_guide_strength {low|medium|high}]
                    [-place_global_timing_effort {medium|high}]
                    [-place_global_uniform_density {false|true}]
                    [-place_hard_fence {true|false}]
                    [-place_hierarchical_flow {true|false}]
                    [-place_opt_post_place_tcl <string>]
                    [-place_opt_run_global_place {none|seed|full}]
                    [-place_spare_update_timing_graph {true|false}]

-help                                      # Prints out the command usage
-reset                                     # Resets all or specified options to default value
-place_3d_use_existing_bump_tsv {true|false}
                                           # reuse pre-placed bumps or TSVs (bool, default=false)
-place_design_enable_3d {true|false}       # enable 3d placement
                                           # (bool, default=false)
-place_design_floorplan_mode {true|false}
                                           # run placement in floorplan mode (bool, default=false)
-place_design_integrity_ir_fix_effort {low|medium|high}
                                           # set power integrity placement IR
                                           # fixing effort
                                           # (enums={low medium high}, default=medium)
-place_design_refine_macro {true|false}    # specify whether to run
                                           # refine_macro_place after
                                           # place_design -concurrent_macro
                                           # (bool, default=false)
-place_design_refine_place {true|false}    # if set to false, calls to
                                           # refinePlace from other apps (such
                                           # as placeDesign, optDesign) will
                                           # not run refinePlace
                                           # (bool, default=true)
-place_detail_activity_power_driven {true|false}
                                           # (bool, default=false)
-place_detail_allow_border_pin_abut {true|false}
                                           # allow instance abut with its
                                           # neighbors when it has pins near by
                                           # the cell boundary
                                           # (bool, default=false)
-place_detail_allow_single_height_row_symmetry_x <siteName>
                                           # allow single height row to be
                                           # symmetryX (string, default="")
-place_detail_check_cut_spacing {true|false}
                                           # Check via cut spacing during DRC
                                           # checking (bool, default=false)
-place_detail_check_inst_space_group {true|false}
                                           # check inst space group (bool, default=false)
-place_detail_check_route {true|false}     # do DRV checks against FIXED wires
                                           # during legalization, along with
                                           # preroutes (bool, default=false)
-place_detail_color_aware_legal {true|false}
                                           # enable adjacent cell color
                                           # conflict check in legalization
                                           # (bool, default=false)
-place_detail_context_aware_legal {none|all|optional|required|user|ignore_soft}
                                           # specify the types of cell context
                                           # rules the placer needs to honor.
                                           # The argument values [optional,
                                           # required, user ignore_soft] can be
                                           # used separately or combined, but
                                           # they are exclusive to all | none
                                           # (default=all)
                                           # (enums={none all optional required user ignore_soft}_list, default=all)
-place_detail_eco_max_distance <micron>    # specify max distance (in micron)
                                           # for refinePlace ECO mode
                                           # (float, default=0, min=0, max=9999)
-place_detail_eco_priority_insts {placed|fixed|eco}
                                           # select instance priority for
                                           # refinePlace ECO mode
                                           # (enums={placed fixed eco}, default=placed)
-place_detail_fixed_shifter {true|false}
                                           # mark shifters FIXED once placed (bool, default=false)
-place_detail_honor_inst_pad {true|false}
                                           # honor padding from specifyInstPad
                                           # in detail placement
                                           # (bool, default=false)
-place_detail_io_pin_blockage {true|false}
                                           # ioPins from top-level are treated
                                           # as pre-routes during DRV checks   
                                           # in legalization (bool, default=false)
-place_detail_iraware_max_drive_strength <value>
                                           # (float, default=0, min=0, max=2147483647)
-place_detail_irdrop_aware_effort {none|low|medium|high}
                                           # selects which IR drop optimization
                                           # effort level to use during
                                           # refinePlace
                                           # (enums={none low medium high}, default=none)
-place_detail_irdrop_aware_timing_effort {none|standard|high}
                                           # selects which timing effort level
                                           # to use during refinePlace
                                           # (enums={none standard high}, default=high)
-place_detail_irdrop_region_number <value>
                                           # value for debug_irdrop -nregion in
                                           # native API (uint, default=100)
-place_detail_legalization_inst_gap <site>
                                           # minimum gap between instances
                                           # (unit sites) (int, default=0)
-place_detail_max_shifter_column_depth <value>
                                           # maximum distance from vertical
                                           # power domain boundary that a
                                           # shifter can be placed
                                           # (float, default=9999)
-place_detail_max_shifter_depth <value>    # maximum distance from a horizontal
                                           # or vertical power domain boundary
                                           # that a shifter can be placed
                                           # (float, default=9999)
-place_detail_max_shifter_row_depth <value>
                                           # maximum distance from a horizontal
                                           # power domain bounary that a
                                           # shifter can be placed
                                           # (float, default=9999)
-place_detail_no_filler_without_implant {true|false}
                                           # there is no cell which  has no
                                           # implant obs (bool, default=false)
-place_detail_pad_fixed_insts {true|false}
                                           # honor cell-padding for FIXED
                                           # instances in refinePlace
                                           # (bool, default=false)
-place_detail_pad_physical_cells {true|false}
                                           # padding overlap with physcial
                                           # cells would be honored
                                           # (bool, default=false)
-place_detail_PGFTV_insertion_cell_list <value>
                                           # Specify list of cells as PG FTV
                                           # cells (string, default="")
-place_detail_preroute_as_obs {layerNum ...}
                                           # specify layers on which preroute
                                           # are taken as OBS (string, default="")
-place_detail_preserve_routing {true|false}
                                           # do not delete routed wires during
                                           # refinePlace (bool, default=true)
-place_detail_remove_affected_routing {true|false}
                                           # delete only wires whose nets were
                                           # touched due to moved cells
                                           # (bool, default=false)
-place_detail_swap_eeq_cells {true|false}
                                           # replace master cells by its EEQ
                                           # cell during legalization, to keep
                                           # max-dist move low
                                           # (bool, default=false)
-place_detail_use_check_drc {true|false}
                                           # Use FGC based DRC engine in
                                           # legalization (bool, default=false)
-place_detail_use_diffusion_transition_fill {true|false}
                                           # insert OD transition filler in 1X
                                           # gap (bool, default=false)
-place_detail_use_GA_filler_groups {true|false}
                                           # filler cell insts will only be
                                           # replaced by logic insts that
                                           # belong to same GA groups.
                                           # (bool, default=false)
-place_detail_use_no_diffusion_one_site_filler {true|false}
                                           # override -fillerGapMinGap to 0 and
                                           # all source-drain spacing rule to 1
                                           # site during legalizing
                                           # (bool, default=false)
-place_detail_wire_length_opt_effort {none|medium|high}
                                           # selects which wire-length
                                           # optimization effort level to use
                                           # during refinePlace
                                           # (enums={none medium high}, default=medium)
-place_global_activity_power_driven {false|true}
                                           # identifies and constrains
                                           # power-critical nets to reduce
                                           # switching power
                                           # (enums={false true}, default=false)
-place_global_activity_power_driven_effort {standard|high}
                                           # -place_global_activity_power_driven_effort
                                           # mode
                                           # (enums={standard high}, default=standard)
-place_global_align_macro {true|false}     # enable mixed-placer to align
                                           # nearby same-size macros during
                                           # global placement (bool, default=true)
-place_global_allow_3d_stack {true|false}
                                           # (bool, default=false)
-place_global_auto_blockage_in_channel {none|soft|partial}
                                           # Placement will (temporarily) block
                                           # channels between areas with
                                           # limited routing capacity
                                           # (enums={none soft partial}, default=partial)
-place_global_clock_gate_aware {true|false}
                                           # find better placement for clock
                                           # gating elements towards the center
                                           # of gravity for fanout
                                           # (bool, default=true)
-place_global_clock_power_driven {true|false}
                                           # clock power driven (bool, default=true)
-place_global_clock_power_driven_effort {low|standard|high}
                                           # -place_global_clock_power_driven_effort
                                           # mode
                                           # (enums={low standard high}, default=low)
-place_global_cong_effort {low|medium|high|extreme|auto}
                                           # level of effort for congestion
                                           # driven global placer
                                           # (enums={low medium high extreme auto}, default=auto)
-place_global_cpg_effort {low|medium|high|extreme}
                                           # level of effort for CPG (enums={low medium high extreme}, default=low)
-place_global_cpg_file <macro_loc_ori_file_name>
                                           # (string, default="")
-place_global_enable_advanced_pipeline {true|false}
                                           # (bool, default=false)
-place_global_enable_distributed_place {true|false}
                                           # enable distributed placement
                                           # platform (bool, default=false)
-place_global_ignore_scan {true|1|false|0|auto}
                                           # ignore scan net during placement (enums={true 1 false 0 auto}, default=true)
-place_global_ignore_spare {true|false}    # discard spare cell connections
                                           # during global placement
                                           # (bool, default=false)
-place_global_max_density <value>          # placement strives to not let
                                           # density exceed given value, in any
                                           # part of design (float, default=-1)
-place_global_module_aware_spare {true|false}
                                           # Spare insts are placed randomly
                                           # along with the containing module's
                                           # insts (bool, default=false)
-place_global_module_padding {<module> <factor>}
                                           # define the padding factor for the
                                           # given module to reduce the local
                                           # density and congestion
                                           # (string, default="")
-place_global_place_io_pins {true|false}
                                           # place IO Pins concurrently with
                                           # std.cell placement, and do layer
                                           # assignment (bool, default=false)
-place_global_reorder_scan {true|false}    # turn on reorder scan during
                                           # placement (bool, default=true)
-place_global_soft_guide_strength {low|medium|high}
                                           # level of effort for user definded
                                           # softGuide for global placer
                                           # (enums={low medium high}, default=low)
-place_global_timing_effort {medium|high}
                                           # level of effort for timing driven
                                           # global placer
                                           # (enums={medium high}, default=medium)
-place_global_uniform_density {false|true}
                                           # enable even cell distribution for
                                           # designs with less than 70%
                                           # utilization
                                           # (enums={false true}, default=false)
-place_hard_fence {true|false}             # honor fence and region constraints
                                           # in refinePlace (bool, default=true)
-place_hierarchical_flow {true|false}      # enable hierarchical pin assignment
                                           # flow (bool, default=false)
-place_opt_post_place_tcl <string>         # a tcl script to be sourced after
                                           # initial placement and before
                                           # preCTS optimization in
                                           # place_opt_design (string, default="")
-place_opt_run_global_place {none|seed|full}
                                           # place opt run global place (enums={none seed full}, default=full)
-place_spare_update_timing_graph {true|false}
                                           # update timing graph during
                                           # placeSpareModule (bool, default=true)