Usage: uiSet [-help] <name> [-before <name>] [-checked <true|false>]
             [-command <string>] [-disabled <true|false>] [-enablevar <string>]
             [-foreground <string>] [-icon <file>] [-in <name>]
             [-label <string>] [-menuseparate <true|false>] [-message <string>]
             [-movable <true|false>] [-newline <true|false>]
             [-shortcut <string>] [-statusbar <string>] [-title <string>]
             [-tooltip <string>] [-underline <integer>] [-value <string>]
             [-variable <string>] [-visible <true|false>] [-visiblevar <string>] [-geometry <string> | -fullscreen <true|false>]

-help                              # Prints out the command usage
<name>                             # Widget Name (string, required)
-before <name>                     # Next Sibling Widget Name
                                   # (string, optional)
-checked <true|false>              # On/Off for Check Box and Radio Button
                                   # (bool, optional)
-command <string>                  # Tcl Command (string, optional)
-disabled <true|false>             # Widget State (bool, optional)
-enablevar <string>                # Tcl Global Variable For Enable
                                   # (string, optional)
-foreground <string>               # Icon Foreground color (string, optional)
-fullscreen <true|false>           # Full Screen (bool, optional)
-geometry <string>                 # Window Geometry (string, optional)
-icon <file>                       # Icon File Name (string, optional)
-in <name>                         # Parent Widget Name (string, optional)
-label <string>                    # Widget Label (string, optional)
-menuseparate <true|false>         # the menu tear off status (bool, optional)
-message <string>                  # Message on StatusBar (string, optional)
-movable <true|false>              # Movable or Not (bool, optional)
-newline <true|false>              # Start With New Row (bool, optional)
-shortcut <string>                 # Shortcut Key (string, optional)
-statusbar <string>                # StatusBar in Window (string, optional)
-title <string>                    # Window Title (string, optional)
-tooltip <string>                  # Tooltip (string, optional)
-underline <integer>               # Index of a Character for Underline
                                   # (int, optional)
-value <string>                    # Widget Value (string, optional)
-variable <string>                 # Tcl Global Variable (string, optional)
-visible <true|false>              # Visible Status (bool, optional)
-visiblevar <string>               # Tcl Global Variable For Visible
                                   # (string, optional)