Usage: floorPlan [-help] [-adjustToSite] [-coreMarginsBy {io die}]
                 [-dieSizeByIoHeight {min max}] [-flip {n s f}]
                 [-fplanOrigin {center llcorner}] [-noResize] [-noSnapToGrid]
                 [-overlapSameSiteRow] {-b <die_box io_box core_box> | -s <W H Left Bottom Right Top> | -d <W H Left Bottom Right Top> | -r <aspectRatio [rowDensity [Left Bottom Right Top]]> | -su <aspectRatio [stdCellDensity [Left Bottom Right Top]]> | -keepShape <util>} [-site <site> | -siteOnly <site>]

-help                                   # Prints out the command usage
-adjustToSite                           # floorplan boxes is multiple times of
                                        # io site or core site's width
                                        # (bool, optional)
-b <die_box io_box core_box>            # specify all 3 boxes of floorplan
                                        # (list, required)
-coreMarginsBy {io die}                 # core margin to io or die
                                        # (enum, optional)
-d <W H Left Bottom Right Top>          # by DIE size and core to edge
                                        # (list, required)
-dieSizeByIoHeight {min max}            # use max or min io height for inital
                                        # die size (enum, optional)
-flip {n s f}                           # to flip rows (enum, optional)
-fplanOrigin {center llcorner}          # set fplan origin at center or lower
                                        # left (enum, optional)
-keepShape <util>                       # target utilization after resize
                                        # (float, required)
-noResize                               # check if need do floorplan if
                                        # everthing is same (bool, optional)
-noSnapToGrid                           # do not change input floorplan boxes
                                        # (bool, optional)
-overlapSameSiteRow                     # allow same site row overlapping
                                        # (bool, optional)
-r <aspectRatio [rowDensity [Left Bottom Right Top]]>
                                        # by aspectRatio, density and core to
                                        # edge (list, required)
-s <W H Left Bottom Right Top>          # by core size and core to edge
                                        # (list, required)
-site <site>                            # default tech site name
                                        # ((site), optional)
-siteOnly <site>                        # default tech site name, only create
                                        # row for the site ((site), optional)
-su <aspectRatio [stdCellDensity [Left Bottom Right Top]]>
                                        # by aspectRatio, density and core to
                                        # edge (list, required)