Usage: set_signal_em_analysis_mode [-help] [-reset]
                                   [-additional_individual_violation_report {true|false}]
                                   [-avgRecovery <double>]
                                   [-check_thermal_aware_em {true|false}]
                                   [-current_scale_factor <currentScale>]
                                   [-current_scale_table <current_scale_table_file>]
                                   [-default_freq_for_unconstrained_nets <freq_in_Hz>]
                                   [-delta_T <double>]
                                   [-delta_T_layer_list <value>]
                                   [-detailed {true|false}]
                                   [-effort_level {low|medium|high}]
                                   [-em_cdf_percentage <float value>]
                                   [-em_limit_scale_factor <limitScale>]
                                   [-em_limit_scale_table <em_limit_scale_table_file>]
                                   [-em_res_width {drawn|silicon}]
                                   [-em_temperature <double>]
                                   [-em_temperature_layer_list <value>]
                                   [-em_threshold <double>]
                                   [-enable_seb {true|false}]
                                   [-env_temperature <double>]
                                   [-error <integer>]
                                   [-extraction_tech_file <filename>]
                                   [-forceHoldView {true|false}]
                                   [-handle_pin_obs_via {true|false}]
                                   [-Ipeak_Td_method {effective_width_from_integration|effective_half_peak_width|max_equivalent_dc_peak|sum_half_peak_width}]
                                   [-lifetime <double>] [-method <value>]
                                   [-min_net_freq_file <filename>]
                                   [-minPeakDutyRatio <double>]
                                   [-minPeakFreq <double>]
                                   [-net_file <list_file>]
                                   [-net_freq_file <filename>]
                                   [-report_db {true|false}]
                                   [-seb_lifetime <double>]
                                   [-seb_table <filename>]
                                   [-seb_temperature <double>]
                                   [-simulation_net <simulation_net_list>]
                                   [-simulation_net_file <simulation_net_file>]
                                   [-skip_category_mode <integer>]
                                   [-skip_net <net_name_list>]
                                   [-skip_net_file <list_file>]
                                   [-use_rms_delta_t {true|false}]
                                   [-useQrcTech {true|false}] [-view <viewName>] [ -read_detail_delta_temperature_file <filename> ] [-net <net_name_list> | -selected {true | false}] [-report <filename> ] [-toggle <double> ]  [ -set_current_file <filename>] [-ircx_models <filename> | -ict_em_models <filename>]

-help                                     # Prints out the command usage
-reset                                    # Resets all or specified options to default value
-additional_individual_violation_report {true|false}
                                          # Report calculated duty ratio in
                                          # addition with applied duty ratio in
                                          # report file. (bool, default=false)
-avgRecovery <double>                     # override QRC tech em_recover factor
                                          # for all layers used in Iavg limits.
                                          # (float, default=1, min=-1, max=1)
-check_thermal_aware_em {true|false}      # check thermal aware EM
                                          # (bool, default=false)
-current_scale_factor <currentScale>      # Scale Signal EM current, syntax:
                                          # -current_scale_factor { [rms
                                          # <rms_value>] [peak <peak_value>]
                                          # [avg <avg_value>] }
                                          # (string, default="")
-current_scale_table <current_scale_table_file>
                                          # Specifies the layer-based scale
                                          # table for current (string, default="")
-default_freq_for_unconstrained_nets <freq_in_Hz>
                                          # Specifies the frequency for EM
                                          # calculation when a net has no
                                          # defined frequency or a defined
                                          # frequency of 0Hz in the design.
                                          # Unit: Hz. (float, default=1000000)
-delta_T <double>                         # maximum change in temperature
                                          # allowed in units of Celsius.  Used
                                          # in the QRC tech for RMS limits.
                                          # Default=5. (float, default=5)
-delta_T_layer_list <value>               # Specifies layer based delta
                                          # temperature for EM RMS currnet
                                          # limit analysis (string, default="")
-detailed {true|false}                    # Generates a detailed report
                                          # containing information for all
                                          # signal nets, including those
                                          # without violations
                                          # (bool, default=false)
-effort_level {low|medium|high}           # Enum_list legal values are: low,
                                          # medium, high. Default: low.
                                          # (enums={low  medium high}, default=low)
-em_cdf_percentage <float value>          # Specify em cumulative distribution
                                          # factor (cdf) percentage.
                                          # (float, default=1e-09)
-em_limit_scale_factor <limitScale>       # Scale Signal EM limit, syntax:
                                          # -em_limit_scale_factor { [rms
                                          # <rms_value>] [peak <peak_value>]
                                          # [avg <avg_value>] }
                                          # (string, default="")
-em_limit_scale_table <em_limit_scale_table_file>
                                          # Specifies the layer-based scale
                                          # table for em_limit
                                          # (string, default="")
-em_res_width {drawn|silicon}             # Specifies width used to get EM
                                          # limit. enum_list legal values are:
                                          # drawn, silicon. Default: drawn.
                                          # (enums={drawn silicon}, default=drawn)
-em_temperature <double>                  # Specifies the temperature used to
                                          # lookup the temperature scaling
                                          # factor. By default, no scaling is
                                          # done. Unit: Celsius.
                                          # (float, default=-1)
-em_temperature_layer_list <value>        # Specifies layer based EM
                                          # temperature for EM AVG current
                                          # limit analysis (string, default="")
-em_threshold <double>                    # The value is the ratio of signal
                                          # current (avg/peak/rms) to the
                                          # respective EM limit. Default: 1.0.
                                          # (float, default=1)
-enable_seb {true|false}                  # Enable SEB calculation
                                          # (bool, default=false)
-env_temperature <double>                 # environment temperature. Unit:
                                          # Celsius. (float, default=-1)
-error <integer>                          # Specifies the maximam number of
                                          # errors to report. (int, default=10000)
-extraction_tech_file <filename>          # Specify qrcTechFile name.
                                          # (string, default="")
-forceHoldView {true|false}               # Turn this on to force hold view.
                                          # (bool, default=false)
-handle_pin_obs_via {true|false}          # Turn on to handle pin obs via.
                                          # (bool, default=false)
-ict_em_models <filename>                 # Specify ict EM file to provide EM
                                          # rule if EM rule not exists in
                                          # qrcTechFile. (string, default="")
-Ipeak_Td_method {effective_width_from_integration|effective_half_peak_width|max_equivalent_dc_peak|sum_half_peak_width}
                                          # Specifies Td calculation method for
                                          # Ipeak check. enum_list legal values
                                          # are:
                                          # effective_width_from_integration,
                                          # effective_half_peak_width,
                                          # max_equivalent_dc_peak,
                                          # sum_half_peak_width. Default:
                                          # effective_width_from_integration.
                                          # (enums={effective_width_from_integration effective_half_peak_width max_equivalent_dc_peak sum_half_peak_width}, default=effective_width_from_integration)
-ircx_models <filename>                   # Specify ircx model file.
                                          # (string, default="")
-lifetime <double>                        # Specifies the hours of operation
                                          # used to lookup the lifetime scaling
                                          # factor. By default, no scaling is
                                          # done. Unit: hour.
                                          # (float, default=87600)
-method <value>                           # Specifies the current waveform
                                          # calculation method, check one or
                                          # more of Irms, Ipeak, and Iavg
                                          # limits. enum_list legal values are:
                                          # rms, peak, avg. Default: rms.
                                          # (string, default="")
-min_net_freq_file <filename>             # Specify minimum net freq file for
                                          # user input net frequency by regular
                                          # expression. (string, default="")
-minPeakDutyRatio <double>                # Do not check Ipeak for nets with
                                          # duty ratio below <duty_ratio>.
                                          # default = 0.05, range 0.0 to 1.0.
                                          # (float, default=-1, min=0, max=1)
-minPeakFreq <double>                     # Do not check Ipeak for nets with
                                          # frequency below <freq> in units of
                                          # hertz. default = 1e6. Unit: Hz.
                                          # (float, default=1000000)
-net <net_name_list>                      # Specifies whether to check named or
                                          # selected nets (string, default="")
-net_file <list_file>                     # Specifies from file the net to
                                          # check in signalEM analysis
                                          # (string, default="")
-net_freq_file <filename>                 # Specify net freq file for user
                                          # input net frequency.
                                          # (string, default="")
-read_detail_delta_temperature_file <filename>
                                          # Specify detail delta temperature
                                          # file for thermal aware checking.
                                          # (string, default="")
-report <filename>                        # Specifies the report file for the
                                          # violation data (string, default="")
-report_db {true|false}                   # Enable writing a db file to store
                                          # data for GUI display.
                                          # (bool, default=false)
-seb_lifetime <double>                    # Specifies the hours of operation.
                                          # By default, it's 5 years. Unit :
                                          # hour. (float, default=43800)
-seb_table <filename>                     # Specify seb table file.
                                          # (string, default="")
-seb_temperature <double>                 # Specifies the temperature of
                                          # operation. By default, it's 110c.
                                          # Unit: Celsius. (float, default=-273)
-selected {true|false}                    # Specifies whether to check named or
                                          # selected nets (bool, default=false)
-set_current_file <filename>              # Specify current file to provide
                                          # currents for cell/instance's pin.
                                          # (string, default="")
-simulation_net <simulation_net_list>     # Specifies a list of nets to use
                                          # simulation mode (string, default="")
-simulation_net_file <simulation_net_file>
                                          # Specifies a file contained a list
                                          # of nets to use simulation mode
                                          # (string, default="")
-skip_category_mode <integer>             # Specify the mode that under which
                                          # condition a net should be skipped
                                          # and which category a skipped net
                                          # belongs to. (int, default=1)
-skip_net <net_name_list>                 # Specifies the net to be skipped in
                                          # signalEM analysis (string, default="")
-skip_net_file <list_file>                # Specifies the net to be skipped in
                                          # signalEM analysis (string, default="")
-toggle <double>                          # Specifies the toggle rate for
                                          # signal nets
                                          # (float, default=1, min=0, max=1)
-use_rms_delta_t {true|false}             # Turn on to use rms delta
                                          # temperature. (bool, default=false)
-useQrcTech {true|false}                  # Turn this on to force Irms checks
                                          # to use the QRC tech file rather
                                          # than the LEF tech.  If either Ipeak
                                          # or Iavg is also checked, then all
                                          # checks will use the QRC tech file,
                                          # including Irms. (bool, default=true)
-view <viewName>                          # Specifies the name of the view
                                          # (string, default="")