[00:56:16.003424] Periodic Lic check successful
[00:56:16.003424] Feature usage summary:
[00:56:16.003424] Innovus_Hier_Opt  
[00:56:16.003424] Innovus_3D_IC_Opt  
[00:56:16.016528]   Voltus_Power_Integrity_AA
[00:56:16.267967]  Innovus_Impl_System 
(#102) This command "help create_thermal_model" required an extra checkout of license vtsaa.
Additional license(s) checked out: 1 'vtsaa' (Voltus_Power_Integrity_AA; VTS201; 25.1) license(s)

Usage: create_thermal_model [-help] [-leakage_temperature_scale_table <string>]
                            [-leakage_temperature_scale_table_file <string>]
                            [-metal_density_file <string>] [-power_db <string>]
                            [-vtm_SI_unit <string>]
                            [-vtm_conductivity_inputs <string>]
                            [-vtm_densitytable_tile <string>]
                            [-vtm_file <string>] [-vtm_format <string>]
                            [-vtm_format_version <string>]
                            [-vtm_header_include_file <string>]
                            [-vtm_leakage_temp <string>]
                            [-vtm_output_dir <string>]
                            [-vtm_powertable_tile <string>] [-vtm_tile <string>]
                            [-vtm_tile_size <string>]

-help                                 # Prints out the command usage
-leakage_temperature_scale_table <string>
                                      # <leakage scaling table> (string, optional)
-leakage_temperature_scale_table_file <string>
                                      # <leakage sclaing table file> (string, optional)
-metal_density_file <string>          # <metal density text file path>
                                      # (string, optional)
-power_db <string>                    # <power db path> (string, optional)
-vtm_SI_unit <string>                 # <use SI unit> (string, optional)
-vtm_conductivity_inputs <string>     # <vtm conductivity file name>
                                      # (string, optional)
-vtm_densitytable_tile <string>       # <metal table tile size>
                                      # (string, optional)
-vtm_file <string>                    # <output file name> (string, optional)
-vtm_format <string>                  # <vtm data format> (string, optional)
-vtm_format_version <string>          # <new/default format> (string, optional)
-vtm_header_include_file <string>     # <header file include>
                                      # (string, optional)
-vtm_leakage_temp <string>            # <leakage temperature>
                                      # (string, optional)
-vtm_output_dir <string>              # <output dir name> (string, optional)
-vtm_powertable_tile <string>         # <power table tile size>
                                      # (string, optional)
-vtm_tile <string>                    # <tile size {intX intY}>
                                      # (string, optional)
-vtm_tile_size <string>               # <single tile size {Xsize Ysize}>
                                      # (string, optional)