Usage: add_text [-help]
                [-alignment {centerCenter centerLeft centerRight lowerCenter lowerLeft lowerRight upperCenter upperLeft upperRight}]
                [-drafting {true false}]
                [-font {euroStyle gothic math roman script stick fixed swedish milSpec}]
                [-height <value>] -label {string} [-layer {layerNameOrPointer}]
                [-oaPurpose {string}]
                [-orient {MX MX90 MY MY90 R0 R180 R270 R90}] -pt <x> <y>

-help                           # Prints out the command usage
-alignment {centerCenter centerLeft centerRight lowerCenter lowerLeft lowerRight upperCenter upperLeft upperRight}
                                # the alignment (enum, optional)
-drafting {true false}          # Indicates if the text is always displayed
                                # (enum, optional)
-font {euroStyle gothic math roman script stick fixed swedish milSpec}
                                # Font name, default = stick (enum, optional)
-height <value>                 # The height in microns (float, optional)
-label {string}                 # The text (string, required)
-layer {layerNameOrPointer}     # Layer name or layer pointer
                                # (string, optional)
-oaPurpose {string}             # User specified purpose name for OA text layer
                                # purpose pair support. Only values available
                                # that exist in the library's tech graph are
                                # allowed {drawing fill slot OPCSerif
                                # OPCAntiSerif annotation gapFill redundant
                                # oaAny oaNo oaFillOPC oaCustomFill}. The
                                # default value is 'drawing'. (string, optional)
-orient {MX MX90 MY MY90 R0 R180 R270 R90}
                                # the orientation (enum, optional)
-pt <x> <y>                     # The beginning coordinate of the text (values
                                # are in micron) (point, required)