Usage: getFillerMode [-help] [-add_fillers_with_drc] [-avoid_abutment_patterns]
                     [-check_signal_drc] [-check_trim_rule] [-core]
                     [-corePrefix] [-createRows] [-diffCellViol]
                     [-distribute_implant_evenly]
                     [-double_height_filler_insertion] [-ecoMode]
                     [-enable_restore_filler_flow] [-fitGap]
                     [-honorPrerouteAsObs] [-horizontal_exception_cell]
                     [-horizontal_max_length] [-horizontal_repair_cell]
                     [-keepFixed] [-preserveUserOrder] [-scheme] [-swap_cell]
                     [-vertical_stack_exception_cell]
                     [-vertical_stack_left_edge_exception_cell]
                     [-vertical_stack_max_length] [-vertical_stack_repair_cell]
                     [-vertical_stack_repair_edge]
                     [-vertical_stack_right_edge_exception_cell] [-y_flip_type]
                     [-quiet] [-nonDefault]

-help                                      # Prints out the command usage
-add_fillers_with_drc                      # call second addFiller without drc
                                           # checking (bool, default=true)
-avoid_abutment_patterns                   # illegal abutment patterns
                                           # (string, default="")
-check_signal_drc                          # DRC checking after filler
                                           # insertion (bool, default=true)
-check_trim_rule                           # check trim-2-trim rule between
                                           # cell trim and routing trim.
                                           # (bool, default=false)
-core                                      # List of filler cells
                                           # (string, default="")
-corePrefix                                # Prefix of filler cells
                                           # (string, default="")
-createRows                                # Create rows for filler cell
                                           # techSites which do not have rows
                                           # in the floor plan
                                           # (bool, default=true)
-diffCellViol                              # Check violations between different
                                           # cell types (bool, default=false)
-distribute_implant_evenly                 # distribute implant evenly for
                                           # fillers (bool, default=false)
-double_height_filler_insertion            # enable double height filler during
                                           # filler insertion.
                                           # (bool, default=false)
-ecoMode                                   # Fillers inserted in ecoFlow
                                           # (bool, default=false)
-enable_restore_filler_flow                # enable restore filler flow.
                                           # (bool, default=true)
-fitGap                                    # Filler command fit 1-site gap
                                           # (bool, default=true)
-honorPrerouteAsObs                        # Filler command honors
                                           # setPrerouteAsObs value
                                           # (bool, default=false)
-horizontal_exception_cell                 # List of exceptional cells for
                                           # horizontal stack checking
                                           # (string, default="")
-horizontal_max_length                     # specify instance max length (in
                                           # micron) aligned in horizontal
                                           # direction
                                           # (float, default=0, min=0, max=50000)
-horizontal_repair_cell                    # List of filler cells to fix
                                           # horizontal max length violation
                                           # (string, default="")
-keepFixed                                 # 'FIXED' fillers are kepted
                                           # (bool, default=false)
-preserveUserOrder                         # Instruct tool to insert fillers by
                                           # the user defined order
                                           # (bool, default=false)
-scheme                                    # Instruct tool to select
                                           # locationFirst|cellFirst scheme
                                           # (enums={locationFirst cellFirst}, default=locationFirst)
-swap_cell                                 # swap cell pairs
                                           # (string, default="")
-vertical_stack_exception_cell             # List of exceptional cells for
                                           # vertical stack checking
                                           # (string, default="")
-vertical_stack_left_edge_exception_cell
                                           # List of cells only check right
                                           # edge for vertical stack violation
                                           # (string, default="")
-vertical_stack_max_length                 # specify instance max length (in
                                           # micron) aligned in vertical
                                           # direction
                                           # (float, default=0, min=0, max=20000)
-vertical_stack_repair_cell                # List of filler cells to fix
                                           # vertical stack violation
                                           # (string, default="")
-vertical_stack_repair_edge                # specify the edge to use of
                                           # vertical repair cell
                                           # (enums={left right}, default="")
-vertical_stack_right_edge_exception_cell
                                           # List of cells only check left edge
                                           # for vertical stack violation
                                           # (string, default="")
-y_flip_type                               # Defines first or last cell with
                                           # certain cell size should be
                                           # y-flipped (string, default="")
-quiet                                     # Displays the current settings in Tcl list format only
-nonDefault                                # Displays the current settings which are not default settings