Usage: get_power_analysis_mode [-help] [-add_simulation]
                               [-adjust_input_activity_in_iterations]
                               [-adjust_macro_activity_in_iterations]
                               [-annotation_detail_report]
                               [-auto_twf_delay_annotation]
                               [-average_rise_fall_cap] [-binary_db_name]
                               [-block_independent_peakpower]
                               [-boundary_gate_leakage_file]
                               [-boundary_gate_leakage_report]
                               [-boundary_leakage_cell_property_file]
                               [-boundary_leakage_edge_annotation_file]
                               [-boundary_leakage_multi_pgpin_support]
                               [-boundary_leakage_pessimism_removal]
                               [-boundary_leakage_PXE_support] [-bulk_pins]
                               [-capacity] [-case_insensitive_mapping]
                               [-clock_source_as_clock]
                               [-comprehensive_automapping] [-constant_override]
                               [-corner] [-create_binary_db] [-create_driver_db]
                               [-create_gui_db] [-current_generation_method]
                               [-decap_cell_list] [-default_frequency]
                               [-default_slew] [-default_supply_voltage]
                               [-detailed_view_current_only]
                               [-disable_clock_gate_clipping]
                               [-disable_leakage_scaling] [-disable_static]
                               [-distribute_switching_power]
                               [-distributed_combine_report_format]
                               [-distributed_setup] [-domain_based_clipping]
                               [-dynamic_glitch_filter]
                               [-dynamic_scale_clock_by_frequency]
                               [-dynamic_scale_clock_by_name]
                               [-dynamic_vectorless_ranking_methods]
                               [-enable_auto_mapping] [-enable_auto_queue]
                               [-enable_disk_mapping]
                               [-enable_duty_prop_with_global]
                               [-enable_dynamic_current_slew_load_interpolation]
                               [-enable_dynamic_scaling]
                               [-enable_flop_state_propagation]
                               [-enable_force_propagation]
                               [-enable_generated_clock]
                               [-enable_input_net_power]
                               [-enable_interactive_reports]
                               [-enable_mt_in_vectorbasedflow]
                               [-enable_mt_reports]
                               [-enable_mt_state_propagation]
                               [-enable_pba_for_tempus_pi]
                               [-enable_power_target_flow]
                               [-enable_rtl_vectorbased_dynamic_analysis]
                               [-enable_scan_report]
                               [-enable_single_cycle_scheduling]
                               [-enable_slew_based_ccs_pin_cap]
                               [-enable_stable_clock_gating]
                               [-enable_stable_flop_scheduling]
                               [-enable_state_propagation] [-enable_tempus_pi]
                               [-enable_xp] [-enhanced_blackbox_avg]
                               [-enhanced_blackbox_max] [-equivalent_annotation]
                               [-event_based_leakage_power]
                               [-external_load_config_file]
                               [-extraction_tech_file] [-extractor_include]
                               [-fanout_limit] [-flatten_xpgv_block_instances]
                               [-force_library_merging]
                               [-from_x_transition_factor]
                               [-from_z_transition_factor]
                               [-generate_activity_mapping_report]
                               [-generate_current_for_rail]
                               [-generate_flop_ranking_data]
                               [-generate_leakage_power_map_based_on_calculated_leakage]
                               [-generate_static_report_from_state_propagation]
                               [-handle_glitch] [-handle_transport_glitch]
                               [-handle_tri_state] [-hier_delimiter]
                               [-honor_combinational_logic_on_clock_net]
                               [-honor_negative_energy] [-honor_net_activity]
                               [-honor_non_mission_leakage] [-hybrid_analysis]
                               [-ignore_control_signals]
                               [-ignore_data_phase_for_clk]
                               [-ignore_end_toggles_in_profile]
                               [-ignore_glitches_at_same_time_stamp]
                               [-ignore_inout_pin_cap]
                               [-ignore_macro_leakage_scale_for_temp]
                               [-include_seq_clockpin_power]
                               [-include_timing_in_current_file]
                               [-ir_derated_timing_view]
                               [-keep_clock_gate_ratio_in_iterations]
                               [-leakage_scale_factor_for_temp]
                               [-library_preference] [-macro_pgv_leakage]
                               [-macro_toggle_pin_percentage]
                               [-mbff_toggle_behavior]
                               [-mbff_toggle_pin_percentage]
                               [-memory_current_scaling_method]
                               [-merge_switched_net_currents] [-method]
                               [-min_leaf_count] [-multi_scenario_simulation]
                               [-off_pg_bulk_leakage] [-off_pg_nets]
                               [-output_current_data_prefix] [-partition_count]
                               [-partition_twf] [-pin_based_twf]
                               [-power_grid_library]
                               [-power_include_initial_x_transitions]
                               [-power_match_state_for_logic_x]
                               [-pre_simulation_empty_period]
                               [-pre_simulation_period]
                               [-pre_simulation_power_exclude_period]
                               [-precision]
                               [-quit_on_activity_coverage_threshold]
                               [-read_rcdb] [-relax_arc_match]
                               [-report_black_boxes]
                               [-report_clock_instance_switching_info]
                               [-report_idle_instances]
                               [-report_instance_switching_info]
                               [-report_instance_switching_list]
                               [-report_library_usage]
                               [-report_missing_bulk_connectivity]
                               [-report_missing_input] [-report_missing_nets]
                               [-report_scan_chain_stats] [-report_stat]
                               [-report_time_display_fraction_digits]
                               [-report_twf_attributes]
                               [-reuse_flop_ranking_data]
                               [-reuse_flop_ranking_data_hier] [-save_bbox]
                               [-scale_to_sdc_clock_frequency]
                               [-scan_chain_activity] [-scan_chain_name]
                               [-scan_control_file] [-scan_mbff_chain_type]
                               [-set_power_event_based] [-settling_buffer]
                               [-show_cell_usage_stats] [-smart_window]
                               [-split_bus_power] [-start_time_alignment]
                               [-state_dependent_leakage]
                               [-stateprop_ignore_unannot_pins]
                               [-static_multi_mode_scenario_file]
                               [-static_netlist] [-switching_power_on_rise_only]
                               [-thermal_input_file]
                               [-thermal_leakage_temperature_scale_table_file]
                               [-to_x_transition_factor]
                               [-to_z_transition_factor]
                               [-transition_factor_based_duty]
                               [-transition_time_method] [-twf_delay_annotation]
                               [-twf_load_cap] [-unified_power_switch_flow]
                               [-use_cell_leakage_power_density]
                               [-use_fastest_clock_for_dynamic_scheduling]
                               [-use_lef_for_missing_cells]
                               [-use_only_ddv_current] [-use_physical_partition]
                               [-use_twf_stable_randomized_arrival_delay]
                               [-use_zero_delay_vector_file]
                               [-vector_profile_mode]
                               [-worst_case_vector_activity] [-worst_step_size]
                               [-worst_window_count] [-worst_window_coverage]
                               [-worst_window_reports] [-worst_window_size]
                               [-worst_window_type]
                               [-write_boundary_leakage_edge_annotation]
                               [-write_default_uti] [-write_dynamic_currents]
                               [-write_profiling_db] [-write_simulation_db]
                               [-write_static_currents]
                               [-x_count_transition_using_3_states]
                               [-x_transition_factor] [-z_transition_factor]
                               [-zero_delay_vector_toggle_shift]
                               [-quiet] [-nonDefault]

-help                                    # Prints out the command usage
-add_simulation                          # Add simulation for design coverage
                                         # (bool, default=false)
-adjust_input_activity_in_iterations     # Adjust input activity in state
                                         # propagation. (bool, default=true)
-adjust_macro_activity_in_iterations     # Adjust macro activity in state
                                         # propagation. (bool, default=true)
-annotation_detail_report                # Generate detailed annotation report
                                         # showing objects in their specific
                                         # type blocks. (bool, default=false)
-auto_twf_delay_annotation               # Auto detect zero delay vectors
                                         # (bool, default=false)
-average_rise_fall_cap                   # When set to true, the software uses
                                         # the average of rise and fall
                                         # capacitance from the liberty file.
                                         # (bool, default=false)
-binary_db_name                          # Specifies the name of the binary
                                         # power database file ( filename.db ).
                                         # (string, default="")
-block_independent_peakpower             # Power profiling done independently
                                         # for each vector, design block
                                         # (bool, default=false)
-boundary_gate_leakage_file              # liberty side file required for
                                         # boundary gate leakage calculation
                                         # (string, default="")
-boundary_gate_leakage_report            # generate verbose report for boundary
                                         # gate leakage calculation
                                         # (bool, default=false)
-boundary_leakage_cell_property_file     # Cell properties file for boundary
                                         # leakage flow (string, default="")
-boundary_leakage_edge_annotation_file   # read edge annotation summary file
                                         # for boundary gate leakage flow
                                         # (string, default="")
-boundary_leakage_multi_pgpin_support    # Support for computing boundary
                                         # leakage power for cells with
                                         # multiple pg-pins by selecting the
                                         # pg-pin connected to M0 rail
                                         # (bool, default=false)
-boundary_leakage_pessimism_removal      # Support for S-FCs-S pessimism
                                         # removal feature in boundary leakage
                                         # calculation (bool, default=true)
-boundary_leakage_PXE_support            # Support for PXE feature in boundary
                                         # leakage calculation
                                         # (bool, default=false)
-bulk_pins                               # Defines power and ground bulk LEF
                                         # pins for the design.
                                         # (string, default="")
-capacity                                # Specifies the segment count for
                                         # profiler
                                         # (enums={low medium high}, default=low)
-case_insensitive_mapping                # Case insensitive auto-mapping,
                                         # ignoring the case(upper or lower) of
                                         # a character while matching rtl with
                                         # design names. (bool, default=false)
-clock_source_as_clock                   # Specifies to use the correct clock
                                         # frequency for activity calculation.
                                         # (bool, default=false)
-comprehensive_automapping               # Comprehensively perform instance
                                         # name mapping between the RTL netlist
                                         # and GATE level netlist.
                                         # (bool, default=false)
-constant_override                       # Specifies to give higher precedence
                                         # to propagated constants defined
                                         # using the set_case_analysis command.
                                         # (bool, default=false)
-corner                                  # Defines the library corner (for
                                         # non-MMMC setup). (string, default="")
-create_binary_db                        # A value of true creates a binary
                                         # database of power results.
                                         # (bool, default=false)
-create_driver_db                        # Specifies to determine all the
                                         # drivers/receivers on the ground net.
                                         # (bool, default=false)
-create_gui_db                           # A value of true creates a binary
                                         # database of power results for gui.
                                         # (bool, default=true)
-current_generation_method               # choose avg or peak current
                                         # generation method (string, default=avg)
-decap_cell_list                         # Specifies the physical only cells,
                                         # such as decap cells, to include in
                                         # the power report. (string, default="")
-default_frequency                       # Specifies to set the default
                                         # frequency in the MHz unit for net
                                         # not annotated by TWF.
                                         # (float, default=-1)
-default_slew                            # Specifies to set the default slew in
                                         # the ns unit for net not annotated by
                                         # TWF. (string, default="")
-default_supply_voltage                  # Specifies to set a default voltage
                                         # for power nets in a scenario where
                                         # the power engine cannot determine
                                         # the voltage of these nets.
                                         # (string, default="")
-detailed_view_current_only              # Ignore switching current for
                                         # instances with detailed view
                                         # (bool, default=true)
-disable_clock_gate_clipping             # Specifies to enable clock gate
                                         # output clipping so that the output
                                         # transition density of an ICG cell
                                         # does not exceed the input clock pin
                                         # transition density.
                                         # (bool, default=true)
-disable_leakage_scaling                 # Specifies to exclude leakage power
                                         # during scaling factor computation
                                         # when target power is specified using
                                         # the set_power command.
                                         # (bool, default=false)
-disable_static                          # When set to true in the dynamic
                                         # vector-based or dynamic vectorless
                                         # flows, the command performs only
                                         # dynamic analysis and turns-off
                                         # static power calculation.
                                         # (bool, default=false)
-distribute_switching_power              # distribute switching power to all
                                         # connected I/O instances if the net
                                         # does not have a driver instance
                                         # (bool, default=false)
-distributed_combine_report_format       # control which power report files
                                         # need to be combined
                                         # (string, default=reduced)
-distributed_setup                       # Specifies a file containing the
                                         # customized setup details for running
                                         # power analysis in the distributed
                                         # mode. (string, default="")
-domain_based_clipping                   # Determines the frequency to be used
                                         # to clip propagated activity that is
                                         # too high. (bool, default=false)
-dynamic_glitch_filter                   # set absolute time threshold value
                                         # (in ns) for dynamic glitch filter
                                         # (float, default=-1)
-dynamic_scale_clock_by_frequency        # set clock frequency scaling ratio by
                                         # frenquency value (string, default="")
-dynamic_scale_clock_by_name             # set clock frequency scaling ratio by
                                         # clock name (string, default="")
-dynamic_vectorless_ranking_methods      # choose ranking options from: load,
                                         # slack, clock and vector_activity
                                         # (string, default="")
-enable_auto_mapping                     # Specifies to automatically perform
                                         # instance name mapping between the
                                         # RTL netlist and GATE level netlist.
                                         # (bool, default=false)
-enable_auto_queue                       # Automatically assign power job to
                                         # proper queue (bool, default=false)
-enable_disk_mapping                     # Enable disk caching of toggles.
                                         # (bool, default=false)
-enable_duty_prop_with_global            # Specifies to propagate duty cycle
                                         # with the global switching activity
                                         # setting for all data nets in the
                                         # dynamic vectorless analysis flow.
                                         # (bool, default=false)
-enable_dynamic_current_slew_load_interpolation
                                         # enable dynamic current slew load
                                         # interpolation (bool, default=false)
-enable_dynamic_scaling                  # Enables set_power scaling for
                                         # dynamic power analysis.
                                         # (bool, default=false)
-enable_flop_state_propagation           # Enable flop state propagation
                                         # (bool, default=false)
-enable_force_propagation                # Enable force propagation
                                         # (bool, default=false)
-enable_generated_clock                  # Specifies to get generated clock
                                         # frequency during activity
                                         # propagation for static power
                                         # analysis. (bool, default=true)
-enable_input_net_power                  # Specifies to calculate the switching
                                         # power of input nets.
                                         # (bool, default=false)
-enable_interactive_reports              # Enable voltus interactive reports
                                         # (bool, default=true)
-enable_mt_in_vectorbasedflow            # Specifies to enable multi-threading
                                         # for the VCD/FSDB based dynamic
                                         # vector-based flows.
                                         # (bool, default=true)
-enable_mt_reports                       # to enable multithreaded power report
                                         # generation (bool, default=false)
-enable_mt_state_propagation             # Enable Multithreading in state
                                         # propagation (bool, default=true)
-enable_pba_for_tempus_pi                # ensure path based timing analysis in
                                         # tempus-pi flow. (bool, default=true)
-enable_power_target_flow                # enable vectorless state propagation
                                         # with power target (bool, default=false)
-enable_rtl_vectorbased_dynamic_analysis
                                         # Specifies to take an RTL or partial
                                         # VCD/FSDB file as input and use that
                                         # for dynamic vector-based flow.
                                         # (bool, default=false)
-enable_scan_report                      # enable scan report automatical
                                         # generation (bool, default=false)
-enable_single_cycle_scheduling          # Stage-propagation based vectorless
                                         # flow schedules new flops/macros
                                         # every cycle to achieve faster toggle
                                         # coverage. (bool, default=false)
-enable_slew_based_ccs_pin_cap           # honor ccs pin cap
                                         # (bool, default=false)
-enable_stable_clock_gating              # Use stable clock gate in vless flow
                                         # (bool, default=false)
-enable_stable_flop_scheduling           # Enable stable flop scheduling
                                         # (bool, default=false)
-enable_state_propagation                # enable vectorless state propagation
                                         # dynamic analysis (bool, default=false)
-enable_tempus_pi                        # enable timing critical path analysis
                                         # in state propagation based
                                         # vectorless flow. (bool, default=false)
-enable_xp                               # standalone power analysis in
                                         # voltus-XP (bool, default=false)
-enhanced_blackbox_avg                   # Specifies to use the average toggle
                                         # rate of related inputs for enhanced
                                         # blackbox propagation.
                                         # (bool, default=false)
-enhanced_blackbox_max                   # Specifies to use the maximum toggle
                                         # rate of related inputs for enhanced
                                         # blackbox propagation.
                                         # (bool, default=false)
-equivalent_annotation                   # Enable Qbar annotation
                                         # (bool, default=false)
-event_based_leakage_power               # Event based leakage power
                                         # (bool, default=false)
-external_load_config_file               # Allow user to provide external load
                                         # file to set external load manually.
                                         # (string, default="")
-extraction_tech_file                    # technology file for exaction
                                         # (string, default="")
-extractor_include                       # extraction include file
                                         # (string, default="")
-fanout_limit                            # Specifies the fanout limit for nets.
                                         # (int, default=-1)
-flatten_xpgv_block_instances            # Identify text file containing name
                                         # of block instances which need to use
                                         # DEF while already having PGV
                                         # (string, default="")
-force_library_merging                   # force library merging even if there
                                         # is some error during merging
                                         # (bool, default=false)
-from_x_transition_factor                # activity count for x to 0/1
                                         # transition (float, default=0.5)
-from_z_transition_factor                # activity count for z to 0/1
                                         # transition (float, default=0.25)
-generate_activity_mapping_report        # turn on/off generation of
                                         # activity_mapping.rpt
                                         # (bool, default=false)
-generate_current_for_rail               # Generates current files for the
                                         # specified rail. (string, default="")
-generate_flop_ranking_data              # Specifies the name of the dir
                                         # containing the ranking data.
                                         # (string, default="")
-generate_leakage_power_map_based_on_calculated_leakage
                                         # Print leakage power table based on
                                         # calculated leakage power.
                                         # (bool, default=false)
-generate_static_report_from_state_propagation
                                         # generate static report from state
                                         # propagation flow (bool, default=false)
-handle_glitch                           # A transition is defined as a glitch
                                         # when the time difference between two
                                         # sequential toggles are less than
                                         # half of the rise transition time +
                                         # fall transition time in the
                                         # vector-based static power
                                         # calculation. (bool, default=false)
-handle_transport_glitch                 # Enable transport glitch support
                                         # (bool, default=false)
-handle_tri_state                        # When set to true , all tristate
                                         # device enable pin values will be
                                         # taken into account when determining
                                         # the propagation of the activity
                                         # through tristate gates.
                                         # (bool, default=false)
-hier_delimiter                          # Specifies the hierarchical delimiter
                                         # in the DEF file. The default
                                         # hierarchical delimiter is a forward
                                         # slash ( / ) but can be changed by
                                         # setting the -hier_delimiter
                                         # parameter. (string, default="")
-honor_combinational_logic_on_clock_net  # Specifies the behavior of
                                         # combination logic on clock net.
                                         # (bool, default=true)
-honor_negative_energy                   # A value of true specifies that
                                         # Voltus will keep negative internal
                                         # energy numbers from the .lib
                                         # internal power table.
                                         # (bool, default=true)
-honor_net_activity                      # honor net activity from activity
                                         # file (bool, default=true)
-honor_non_mission_leakage               # Option to activate Non-Mission
                                         # leakage flow (bool, default=false)
-hybrid_analysis                         # Vbased + Vless runs done separately
                                         # and results combined
                                         # (bool, default=false)
-ignore_control_signals                  # A value of true specifies that
                                         # control signals will be ignored when
                                         # propagating activity.
                                         # (bool, default=true)
-ignore_data_phase_for_clk               # (bool, default=false)
-ignore_end_toggles_in_profile           # ignore toggles on end boundary in
                                         # profiler analysis (bool, default=false)
-ignore_glitches_at_same_time_stamp      # Specifies to ignore glitches at the
                                         # same transient time in the
                                         # vector-based static and dynamic
                                         # power analysis flow.
                                         # (bool, default=true)
-ignore_inout_pin_cap                    # When set to true , ignores the
                                         # bidirectional pin capacitances (
                                         # direction : inout ) defined for I/O
                                         # cells in the .lib file, when
                                         # calculating switching power and
                                         # internal power. (bool, default=false)
-ignore_macro_leakage_scale_for_temp     # Option for ignoring leakage power
                                         # scaling on macro cell
                                         # (bool, default=false)
-include_seq_clockpin_power              # Reports the clock pin power of
                                         # flip-flops as part of the clock
                                         # network power. (bool, default=false)
-include_timing_in_current_file          # enable timing bit writing in current
                                         # file (bool, default=false)
-ir_derated_timing_view                  # set timing view in tempus-pi flow.
                                         # (string, default="")
-keep_clock_gate_ratio_in_iterations     # Keep clock gate ratio in state
                                         # propagation. (bool, default=false)
-leakage_scale_factor_for_temp           # Performs a linear scaling of the
                                         # leakage power for temperature in all
                                         # libraries. (float, default=1)
-library_preference                      # option to choose instance binding to
                                         # closest voltage or ecsm/ccsp
                                         # library. (string, default=voltage)
-macro_pgv_leakage                       # Use PG pin based leakage current
                                         # from PGV instead of from liberty.
                                         # (bool, default=true)
-macro_toggle_pin_percentage             # Set percentage of the number of
                                         # Macro bits to schedule
                                         # (float, default=0)
-mbff_toggle_behavior                    # select mbff toggle: simultaneous |
                                         # independent(default) | sbff |
                                         # pin_percentage during vectorless
                                         # state propagation dynamic analysis
                                         # (enums={simultaneous independent sbff pin_percentage}, default=independent)
-mbff_toggle_pin_percentage              # The percentage of MBFF bits to
                                         # schedule (float, default=0)
-memory_current_scaling_method           # NLPM Current Scaling Method for
                                         # Memories [1/2/3]  (int, default=0)
-merge_switched_net_currents             # Specifies to merge switched net
                                         # currents into always-on currents.
                                         # (bool, default=false)
-method                                  # Specifies the type of analysis to be
                                         # performed.
                                         # (enums={static dynamic dynamic_vectorless dynamic_vectorbased dynamic_mixed_mode vector_profile event_based}, default=static)
-min_leaf_count                          # min number of leaf instances count
                                         # (int, default=0)
-multi_scenario_simulation               # Enable multi-scenario simulation
                                         # (bool, default=false)
-off_pg_bulk_leakage                     # Contribute the bulk pin leakage to
                                         # the connected always on rail and
                                         # zero leakage to the off rail
                                         # (bool, default=false)
-off_pg_nets                             # The name of the power rails that
                                         # will be turned off.
                                         # (string, default="")
-output_current_data_prefix              # Specifies a prefix to the static or
                                         # dynamic current files generated by
                                         # the software. (string, default="")
-partition_count                         # Number of physical partitions for
                                         # distributed run. (int, default=0)
-partition_twf                           # turn on/off twf partitioning in
                                         # distributed flow (bool, default=false)
-pin_based_twf                           # turn on/off generation of pin based
                                         # TWF in dynamic method
                                         # (bool, default=false)
-power_grid_library                      # Specifies the name of the Cadence
                                         # power cell libraries ( .cl ).
                                         # (string, default="")
-power_include_initial_x_transitions     # Controls how the initial X state
                                         # toggle should be counted.
                                         # (bool, default=true)
-power_match_state_for_logic_x           # Controls how the logic X will be
                                         # evaluated in the boolean function of
                                         # the 'when' state of a power table.
                                         # (string, default=x)
-pre_simulation_empty_period             # Set pre-simulation empty period for
                                         # power analysis (string, default="")
-pre_simulation_period                   # Set pre-simulation period for power
                                         # analysis (string, default="")
-pre_simulation_power_exclude_period     # To specify pre simulation power
                                         # exclude duration (string, default="")
-precision                               # Specifies precision of decimal range
                                         # [1-8] to ensure consistent decimal
                                         # places are displayed for each power
                                         # component. (int, default=8)
-quit_on_activity_coverage_threshold     # Specifies the activity
                                         # (VCD/FSDB/TCF) coverage threshold
                                         # value. (float, default=0)
-read_rcdb                               # Specifies to write a SPEF file
                                         # containing only the total C for
                                         # signal nets and pass it to the
                                         # Dynamic Power engine.
                                         # (bool, default=false)
-relax_arc_match                         # Fallback arc lookup when no exact
                                         # match (bool, default=false)
-report_black_boxes                      # Specify this parameter to report
                                         # cells that are used as black boxes.
                                         # (bool, default=false)
-report_clock_instance_switching_info    # Generate a report for clock instance
                                         # switched during state propagation
                                         # (string, default=None)
-report_idle_instances                   # report non-switching instances in
                                         # vectorless state propagation dynamic
                                         # analysis (bool, default=false)
-report_instance_switching_info          # all or output_logic or none
                                         # (enums={all output_logic none}, default=none)
-report_instance_switching_list          # specify file which is having list of
                                         # instances (string, default="")
-report_library_usage                    # generate report for lib usage
                                         # (bool, default=false)
-report_missing_bulk_connectivity        # Specifies to report missing bulk
                                         # pins in the missing input report (
                                         # -report_missing_input ).
                                         # (bool, default=false)
-report_missing_input                    # Specifies to report missing netlist
                                         # information in input files, such as
                                         # library, LEF/DEF, PGV, SPEF, TWF,
                                         # and missing logical connectivity for
                                         # cell instance (PGNET).
                                         # (bool, default=false)
-report_missing_nets                     # Controls reporting of missing nets
                                         # in both static and dynamic power
                                         # analysis. (bool, default=false)
-report_scan_chain_stats                 # report scan chain analysis
                                         # statistics (bool, default=false)
-report_stat                             # Reports a set of statistics on the
                                         # instance power, instance power
                                         # density, clock power, or transition
                                         # density. (bool, default=false)
-report_time_display_fraction_digits     # specify display fraction digits of
                                         # reporting time (int, default=-1)
-report_twf_attributes                   # TWF attributes report format
                                         # (string, default="")
-reuse_flop_ranking_data                 # Specifies the name of the dir
                                         # containing the ranking data.
                                         # (string, default="")
-reuse_flop_ranking_data_hier            # A hierarchy name from the user that
                                         # will be used to search the ranking
                                         # data for the block level being
                                         # analyzed. (string, default="")
-save_bbox                               # save the instance bbox to a text
                                         # file when output power db
                                         # (bool, default=false)
-scale_to_sdc_clock_frequency            # Specifies to enable the VCD clock
                                         # frequency to be scaled up to the SDC
                                         # clock frequency. (bool, default=false)
-scan_chain_activity                     # define scan chain name and activity
                                         # (string, default="")
-scan_chain_name                         # define scan chain name and pattern
                                         # (string, default="")
-scan_control_file                       # Specifies the scan control file name
                                         # required to run the Scan Mode
                                         # Analysis flow. (string, default="")
-scan_mbff_chain_type                    # Specifies the type of multi-bit scan
                                         # flip-flop. (string, default=liberty)
-set_power_event_based                   # Constrained power analysis in event
                                         # based power (bool, default=false)
-settling_buffer                         # Specifies the settling buffer time
                                         # (in ps unit) between multiple
                                         # windows of a VCD file.
                                         # (string, default="")
-show_cell_usage_stats                   # show cell usage stats in power
                                         # report  (bool, default=false)
-smart_window                            # Max power metric window extraction
                                         # (bool, default=false)
-split_bus_power                         # A value of false applies the
                                         # internal power number to each
                                         # individual bit. (bool, default=false)
-start_time_alignment                    # Specifies to align all the signals
                                         # of the activity file at time zero.
                                         # (bool, default=true)
-state_dependent_leakage                 # When set to false , power analysis
                                         # performs state independent leakage
                                         # power calculation. (bool, default=true)
-stateprop_ignore_unannot_pins           # Enable ignore unannotated pins in
                                         # state propagation (bool, default=false)
-static_multi_mode_scenario_file         # set static multi-mode scenario file
                                         # name (string, default="")
-static_netlist                          # Specifies to perform static power
                                         # analysis using a Verilog or DEF only
                                         # neltist. (string, default=verilog)
-switching_power_on_rise_only            # Switching power analysis done only
                                         # for rise toggles (bool, default=false)
-thermal_input_file                      # Specifies to read a power map file
                                         # to perform thermal analysis.
                                         # (string, default="")
-thermal_leakage_temperature_scale_table_file
                                         # Defines library/cell/instance based
                                         # leakage power scaling factors on
                                         # each temperature point.
                                         # (string, default="")
-to_x_transition_factor                  # activity count for 0/1 to x
                                         # transition (float, default=0.5)
-to_z_transition_factor                  # activity count for 0/1 to z
                                         # transition (float, default=0.25)
-transition_factor_based_duty            # Duty calculation using transition
                                         # factor of toggle (bool, default=false)
-transition_time_method                  # Specifies the minimum, maximum, or
                                         # average transition time method that
                                         # will be used with the integrated
                                         # timer or the external TWF.
                                         # (string, default=max)
-twf_delay_annotation                    # Allows you to choose between min,
                                         # max, or avg arrival times from the
                                         # timing window file (TWF).
                                         # (string, default=avg)
-twf_load_cap                            # Allows you to ignore or to select
                                         # minimum, maximum, or average value
                                         # of TWF external load or capacitance
                                         # for power calculation.
                                         # (string, default=max)
-unified_power_switch_flow               # if enable ups flow
                                         # (bool, default=false)
-use_cell_leakage_power_density          # Specifies to use library leakage
                                         # density times area
                                         # (default_leakage_power_density).
                                         # (bool, default=true)
-use_fastest_clock_for_dynamic_scheduling
                                         # Specifies to use only the respective
                                         # fastest clock associated with each
                                         # net or pin to schedule events for a
                                         # given simulation period.
                                         # (bool, default=false)
-use_lef_for_missing_cells               # Allows a combination of LEF and PGV
                                         # in the dynamic analysis flow.
                                         # (bool, default=false)
-use_only_ddv_current                    # use only DDV current from PGV
                                         # (bool, default=true)
-use_physical_partition                  # use geometric partition in DP
                                         # (bool, default=false)
-use_twf_stable_randomized_arrival_delay
                                         # Allows tool to choose among all,
                                         # data_only and none for stable
                                         # randomized delay annotation from
                                         # timing window file.
                                         # (string, default=none)
-use_zero_delay_vector_file              # Enables zero delay mode in
                                         # vector-based dynamic analysis to
                                         # avoid pessimism in current
                                         # estimation. (bool, default=false)
-vector_profile_mode                     # activity or density
                                         # (enums={activity event_based power_density transient}, default=event_based)
-worst_case_vector_activity              # Specifies to use the worst activity
                                         # value when multiple vectors are
                                         # specified in the static power
                                         # calculation flow. (bool, default=false)
-worst_step_size                         # Set worst step size for power
                                         # analysis (string, default="")
-worst_window_count                      # Set worst window count for power
                                         # analysis (int, default=1)
-worst_window_coverage                   # Set worst window coverage type
                                         # (string, default="")
-worst_window_reports                    # generate Power reports for full
                                         # simuation and worst power window
                                         # (string, default=full)
-worst_window_size                       # Set worst window size for power
                                         # analysis (string, default="")
-worst_window_type                       # Set worst window type for power
                                         # analysis (string, default="")
-write_boundary_leakage_edge_annotation  # write edge annotation summary for
                                         # boundary gate leakage flow
                                         # (bool, default=false)
-write_default_uti                       # For instances that are not hooked to
                                         # any power/ground rail, the current
                                         # for these instances are reflected in
                                         # the default static current files.
                                         # (bool, default=true)
-write_dynamic_currents                  # Current write with method
                                         # event_based (bool, default=false)
-write_profiling_db                      # turn on/off profiling database
                                         # writing (bool, default=false)
-write_simulation_db                     # Save functional waveform foreach
                                         # instance when parsing FSDB/VCD
                                         # (bool, default=false)
-write_static_currents                   # A value of true tells Voltus to
                                         # generate the current data files per
                                         # net. (bool, default=false)
-x_count_transition_using_3_states       # Toggle count using 3 states in VCD
                                         # (bool, default=false)
-x_transition_factor                     # When using VCD/FSDB one can specify
                                         # how transitions to and from X are
                                         # counted. (float, default=0.5)
-z_transition_factor                     # When using VCD/FSDB one can specify
                                         # how transitions to and from Z are
                                         # counted. (float, default=0.25)
-zero_delay_vector_toggle_shift          # Specifies to shift the current
                                         # waveform in the zero-delay VCD flow.
                                         # (string, default="")
-quiet                                   # Displays the current settings in Tcl list format only
-nonDefault                              # Displays the current settings which are not default settings