Usage: getEndCapMode [-help] [-antenna_tap_fill_wall_cells]
                     [-avoidTwoSitesCellAbut] [-barrier_border_cell_bottom_y]
                     [-barrier_border_cell_top_y] [-barrier_cell_x]
                     [-barrier_cell_xy] [-barrier_cell_y]
                     [-barrier_keepout_from_boundary] [-barrier_pitch]
                     [-barrier_termination_bottom_y]
                     [-barrier_termination_top_y] [-barrier_termination_x]
                     [-barrier_y_mode] [-bottomEdge] [-boundary_tap]
                     [-boundary_tap_swap_flow] [-cells] [-create_rows]
                     [-DoubleHeightIncornerProtrusion]
                     [-enable_shrink_physical_cell_flow] [-flipY]
                     [-incrementalLeftEdge] [-incrementalRightEdge]
                     [-insert_nppp_wall] [-leftBottomCorner]
                     [-leftBottomCornerEven] [-leftBottomCornerNeighbor]
                     [-leftBottomCornerOdd] [-leftBottomEdge]
                     [-leftBottomEdgeEven] [-leftBottomEdgeNeighbor]
                     [-leftBottomEdgeOdd] [-leftCornerBottomBorder]
                     [-leftCornerTopBorder] [-leftEdge] [-leftEdgeBottomBorder]
                     [-leftEdgeEven] [-leftEdgeOdd] [-leftEdgeTopBorder]
                     [-leftTopCorner] [-leftTopCornerEven]
                     [-leftTopCornerNeighbor] [-leftTopCornerOdd] [-leftTopEdge]
                     [-leftTopEdgeEven] [-leftTopEdgeNeighbor] [-leftTopEdgeOdd]
                     [-min_horizontal_channel_width] [-min_jog_height]
                     [-min_jog_width] [-min_vertical_channel_width]
                     [-nppp_wall_pitch] [-nppp_wall_to_FILLWALL_spacing]
                     [-nppp_wall_to_incorner_spacing] [-prefix]
                     [-rightBottomCorner] [-rightBottomCornerEven]
                     [-rightBottomCornerNeighbor] [-rightBottomCornerOdd]
                     [-rightBottomEdge] [-rightBottomEdgeEven]
                     [-rightBottomEdgeNeighbor] [-rightBottomEdgeOdd]
                     [-rightCornerBottomBorder] [-rightCornerTopBorder]
                     [-rightEdge] [-rightEdgeBottomBorder] [-rightEdgeEven]
                     [-rightEdgeOdd] [-rightEdgeTopBorder] [-rightTopCorner]
                     [-rightTopCornerEven] [-rightTopCornerNeighbor]
                     [-rightTopCornerOdd] [-rightTopEdge] [-rightTopEdgeEven]
                     [-rightTopEdgeNeighbor] [-rightTopEdgeOdd] [-topBottomEdge]
                     [-topEdge] [-useEvenOddSite]
                     [-wall_keepout_from_vertical_boundary] [-wall_offset]
                     [-wall_pitch] [-wall_shift_step]
                     [-wall_to_convex_corner_spacing] [-quiet] [-nonDefault]

-help                                      # Prints out the command usage
-antenna_tap_fill_wall_cells               # N2 spr flow fillwall cells
                                           # (string, default="")
-avoidTwoSitesCellAbut                     # avoid 2 sites boundary cell abut
                                           # to incorner cell in N10
                                           # (bool, default=false)
-barrier_border_cell_bottom_y              # horizontal bottom border break
                                           # cell (string, default="")
-barrier_border_cell_top_y                 # horizontal top border break cell
                                           # (string, default="")
-barrier_cell_x                            # vertical break cell
                                           # (string, default="")
-barrier_cell_xy                           # horizontal vertical overlap break
                                           # cell (string, default="")
-barrier_cell_y                            # horizontal break cell
                                           # (string, default="")
-barrier_keepout_from_boundary             # break cell x and y Keepout
                                           # distance from boundary value
                                           # (string, default="")
-barrier_pitch                             # break cell x and y pitch value
                                           # (string, default="")
-barrier_termination_bottom_y              # horizontal termination bottom
                                           # break cell (string, default="")
-barrier_termination_top_y                 # horizontal termination top break
                                           # cell (string, default="")
-barrier_termination_x                     # vertical termination break cell
                                           # (string, default="")
-barrier_y_mode                            # use mode 1 or 2 for barrier y cell
                                           # insertion (enums={1 2}, default=2)
-bottomEdge                                # EndCaps with n-well at the bottom
                                           # edge (string, default="")
-boundary_tap                              # New flow to add cap cell and tap
                                           # cell together (bool, default=false)
-boundary_tap_swap_flow                    # boundary tap swap flow
                                           # (bool, default=false)
-cells                                     # Specify endCaps cell candidates
                                           # for N10 that has defined in LEF
                                           # (string, default="")
-create_rows                               # Create rows for endtap cell
                                           # techSites which do not have rows
                                           # in the floor plan
                                           # (bool, default=false)
-DoubleHeightIncornerProtrusion            # allow double height in-corner cell
                                           # to protrude into core area
                                           # (bool, default=false)
-enable_shrink_physical_cell_flow          # Samsung shrink left/right edge
                                           # cell flow (bool, default=false)
-flipY                                     # Flips the orientation of the
                                           # endcap instances in Y direction if
                                           # the site symmetry allows it.
                                           # (bool, default=false)
-incrementalLeftEdge                       # EndCap lists with n-well at the
                                           # left edge (string, default="")
-incrementalRightEdge                      # EndCap list with n-well at the
                                           # right edge (string, default="")
-insert_nppp_wall                          # cells will be used for np wall
                                           # (string, default="")
-leftBottomCorner                          # EndCap with n-well at the left
                                           # bottom corner (string, default="")
-leftBottomCornerEven                      # EndCap with n-well at the left
                                           # bottom corner, even sites
                                           # (string, default="")
-leftBottomCornerNeighbor                  # The cell to be abutted with the
                                           # left side of leftBottomCorner in
                                           # R0 orientation (string, default="")
-leftBottomCornerOdd                       # EndCap with n-well at the left
                                           # bottom corner, odd sites
                                           # (string, default="")
-leftBottomEdge                            # EndCap with n-well at the left
                                           # bottom edge (string, default="")
-leftBottomEdgeEven                        # EndCap with n-well at the left
                                           # bottom edge, even sites
                                           # (string, default="")
-leftBottomEdgeNeighbor                    # The cell to be abutted with the
                                           # right edge of leftBottomEdge in R0
                                           # orientation (string, default="")
-leftBottomEdgeOdd                         # EndCap with n-well at the left
                                           # bottom edge, odd sites
                                           # (string, default="")
-leftCornerBottomBorder                    # inner corner's border cell
                                           # (string, default="")
-leftCornerTopBorder                       # inner corner's border cell
                                           # (string, default="")
-leftEdge                                  # EndCap with n-well at the left
                                           # edge (string, default="")
-leftEdgeBottomBorder                      # EndCaps with n-well at the left
                                           # edge, poly at the bottom boundary
                                           # (string, default="")
-leftEdgeEven                              # EndCap with n-well at the left
                                           # edge, even sites (string, default="")
-leftEdgeOdd                               # EndCap with n-well at the left
                                           # edge, odd sites (string, default="")
-leftEdgeTopBorder                         # EndCaps with n-well at the left
                                           # edge, poly at the top boundary
                                           # (string, default="")
-leftTopCorner                             # EndCap with n-well at the left top
                                           # corner (string, default="")
-leftTopCornerEven                         # EndCap with n-well at the left top
                                           # corner, even sites
                                           # (string, default="")
-leftTopCornerNeighbor                     # The cell to be abutted with the
                                           # left side of leftTopCorner in R0
                                           # orientation (string, default="")
-leftTopCornerOdd                          # EndCap with n-well at the left top
                                           # corner, odd sites
                                           # (string, default="")
-leftTopEdge                               # EndCap with n-well at the left top
                                           # edge (string, default="")
-leftTopEdgeEven                           # EndCap with n-well at the left top
                                           # edge, even sites (string, default="")
-leftTopEdgeNeighbor                       # The cell to be abutted with the
                                           # right edge of leftTopEdge in R0
                                           # orientation (string, default="")
-leftTopEdgeOdd                            # EndCap with n-well at the left top
                                           # edge, odd sites (string, default="")
-min_horizontal_channel_width              # (uint, default=0)
-min_jog_height                            # (uint, default=0)
-min_jog_width                             # (uint, default=0)
-min_vertical_channel_width                # (uint, default=0)
-nppp_wall_pitch                           # (float, default=0, min=0, max=2147483647)
-nppp_wall_to_FILLWALL_spacing             # (float, default=0, min=0, max=2147483647)
-nppp_wall_to_incorner_spacing             # (float, default=0, min=0, max=2147483647)
-prefix                                    # Prefix of EndCap cells
                                           # (string, default="")
-rightBottomCorner                         # EndCap with n-well at the right
                                           # bottom corner (string, default="")
-rightBottomCornerEven                     # EndCap with n-well at the right
                                           # bottom corner, even sites
                                           # (string, default="")
-rightBottomCornerNeighbor                 # The cell to be abutted with the
                                           # right side of rightBottomCorner in
                                           # R0 orientation (string, default="")
-rightBottomCornerOdd                      # EndCap with n-well at the right
                                           # bottom corner, odd sites
                                           # (string, default="")
-rightBottomEdge                           # EndCap with n-well at the right
                                           # bottom edge (string, default="")
-rightBottomEdgeEven                       # EndCap with n-well at the right
                                           # bottom edge, even sites
                                           # (string, default="")
-rightBottomEdgeNeighbor                   # The cell to be abutted with the
                                           # left edge of rightBottomEdge in R0
                                           # orientation (string, default="")
-rightBottomEdgeOdd                        # EndCap with n-well at the right
                                           # bottom edge, odd sites
                                           # (string, default="")
-rightCornerBottomBorder                   # inner corner's border cell
                                           # (string, default="")
-rightCornerTopBorder                      # inner corner's border cell
                                           # (string, default="")
-rightEdge                                 # EndCap with n-well at the right
                                           # edge (string, default="")
-rightEdgeBottomBorder                     # EndCaps with n-well at the right
                                           # edge, poly at the bottom boundary
                                           # (string, default="")
-rightEdgeEven                             # EndCap with n-well at the right
                                           # edge, even sites (string, default="")
-rightEdgeOdd                              # EndCap with n-well at the right
                                           # edge, odd sites (string, default="")
-rightEdgeTopBorder                        # EndCaps with n-well at the right
                                           # edge, poly at the top boundary
                                           # (string, default="")
-rightTopCorner                            # EndCap with n-well at the right
                                           # top corner (string, default="")
-rightTopCornerEven                        # EndCap with n-well at the right
                                           # top corner, even sites
                                           # (string, default="")
-rightTopCornerNeighbor                    # The cell to be abutted with the
                                           # right side of rightTopCorner in R0
                                           # orientation (string, default="")
-rightTopCornerOdd                         # EndCap with n-well at the right
                                           # top corner, odd sites
                                           # (string, default="")
-rightTopEdge                              # EndCap with n-well at the right
                                           # top edge (string, default="")
-rightTopEdgeEven                          # EndCap with n-well at the right
                                           # top edge, even sites
                                           # (string, default="")
-rightTopEdgeNeighbor                      # The cell to be abutted with the
                                           # left edge of rightTopEdge in R0
                                           # orientation (string, default="")
-rightTopEdgeOdd                           # EndCap with n-well at the right
                                           # top edge, odd sites
                                           # (string, default="")
-topBottomEdge                             # EndCaps with n-well at the both
                                           # top and bottom edges
                                           # (string, default="")
-topEdge                                   # EndCaps with n-well at the top
                                           # edge (string, default="")
-useEvenOddSite                            # use even or odd poly sites
                                           # (enums={none even odd}, default=none)
-wall_keepout_from_vertical_boundary       # (float, default=0, min=0, max=2147483647)
-wall_offset                               # (float, default=0, min=0, max=2147483647)
-wall_pitch                                # (float, default=0, min=0, max=2147483647)
-wall_shift_step                           # (float, default=0, min=0, max=2147483647)
-wall_to_convex_corner_spacing             # (float, default=0, min=0, max=2147483647)
-quiet                                     # Displays the current settings in Tcl list format only
-nonDefault                                # Displays the current settings which are not default settings