Product Version     25.10    Cadence Design Systems, Inc.
add_cell_obs(25.10)                                        add_cell_obs(25.10)

Name
       add_cell_obs

Syntax
       add_cell_obs

       [-help]

       -cell <cell_name_or_pointer>[-exceptPGNet]

       -layer <layer_name_or_pointer>

       [-mask <int_value>]

       {-rects {{<llx1 lly1 urx1 ury1>} {<llx2 lly2 urx2 ury2>}...} | -polygon
       {<x1 y1 x2 y2 x3 y3 ...>}}

       [-spacing <value> | -design_rule_width <value>]

       Adds  obstruction  to a cell. The added obs is saved in the database by
       its own. You do not need to resource it after restoring  the  database.
       It adds an obstruction geometry to a cell on the specified layer and is
       helpful  when  you  want  to  add  a temporary cell obstruction without
       changing the cell's LEF and reloading Innovus.

Parameters
       -help  Prints a brief description that includes the  type  and  default
              information for each add_cell_obs parameter.

              For  a  detailed  description of the command and all its parame-
              ters, use the man command:

              man add_cell_obs

       -cell <cell_name_or_pointer>
              Specifies the cell name or pointer.

       -design_rule_width <value>
              Specifies the design rule width.

       -exceptPGNet
              Ignores the Power/Ground routing while checking for  DRC  viola-
              tions  (including shorts) involving the added obs. This paramete
              r is equivalent to LEF MACRO OBS LAYER # EXCEPTPGNET.

       -layer <layer_name_or_pointer>
              Specifies the layer name or pointer.

       -mask <int_value>
              Specifies the integer value of the mask (within the mask  range)
              for the created OBS.

              Default: 0, which means that the mask is uncolored.

       -polygon {<x1 y1 x2 y2 x3 y3> < ...>}
              Specifies the polygon shape.

       -rects {{<llx1 lly1 urx1 ury1>} {<llx2 lly2 urx2 ury2>}...}
              Specifies the Obs rect list for adding obstruction geometries.

       -spacing <value>
              Specifies the spacing value.

Related Information
       delete_cell_obs

                           Fri Apr 04 01:25:37 2025        add_cell_obs(25.10)