Product Version     25.10    Cadence Design Systems, Inc.
reset_pulse_cl...max_transition(25.10)  reset_pulse_cl...max_transition(25.10)

Name
       reset_pulse_clock_max_transition - Resets the maximum pulse clock tran-
       sition  constraint  specified (using the set_pulse_clock_max_transition
       command) on the pulse generator cells, pulse generator  library  cells,
       clocks, and/or current design

Syntax
       reset_pulse_clock_max_transition

       <object_list>[-transitive_fanout]

       [-rise]

       [-fall]

       Resets  the  maximum pulse clock transition constraint specified (using
       the set_pulse_clock_max_transition  command)  on  the  pulse  generator
       cells, pulse generator library cells, clocks, and/or current design.

Parameters
       -fall  Resets transition limit value for falling transition.

       <object_list>
              Specifies  a list of objects - pulse generator cells, pulse gen-
              erator library cells, clocks, or current design - for which  the
              transition value is to be reset.

       -rise  Resets transition limit value for rising transition.

       -transitive_fanout
              Specifies the transition limit value for transitive fanout.

Related Information
              * set_pulse_clock_max_transition

                           Fri Apr 04 01:r2e5s:e3t7_p2u0l2s5e_cl...max_transition(25.10)