Product Version     25.10    Cadence Design Systems, Inc.
get_ctd_win_id(25.10)                                    get_ctd_win_id(25.10)

Name
       get_ctd_win_id - Retrieves the IDs of the CTD windows

Syntax
       get_ctd_win_id

       [-help]

       [-all]

       [-detail]

       Retrieves  the  IDs of the CTD windows. If no parameters are specified,
       the command retrieves the window ID of the current active  CTD  window.
       For  example, if you create a window with the ID, user_id, and then run
       this command without specifying any parameters, the  software  displays
       the following information:

       ctd_win -title my_title -id user_id

       get_ctd_win_id

       user_id

       Note:  Before using this command, ensure that a CTD window is open. You
       can open a CTD window using the ctd_win command.

Parameters
       -help  Outputs a brief description that includes type and  default  in-
              formation for each get_ctd_win_id parameter.

              For a detailed description of the command and all of its parame-
              ters, use the man command:

               man get_ctd_win_id

       -all   Retrieves the IDs of all CTD windows.

       -detail
              Retrieves  the  IDs  of CTD windows, with a mapping to their ti-
              tles.

Examples
              * The following command retrieves the ID of all CTD  windows  in
                the current session:

       get_ctd_win_id -all

       user_id1 user_id2 user_id3

              * The following command retrieves the IDs of CTD windows, with a
                mapping of their titles:

       get_ctd_win_id -detail

       user_id2 : Clock Tree Debugger : title2

       where,  user_id2  is  the  window ID, Clock Tree Debugger is the window
       type, and title2 is the mapping title for this window.

Related Information
              * create_ccopt_clock_tree_spec

              * close_ctd_win

              * ctd_trace

              * get_ctd_win_title

              * gui_zoom_ctd

              * set_ctd_win_title

              * The following chapter in the Innovus Menu Reference

                * Clock Menu

                           Fri Apr 04 01:25:37 2025      get_ctd_win_id(25.10)