Product Version     25.10    Cadence Design Systems, Inc.
reportCritInstance(25.10)                            reportCritInstance(25.10)

Name
       reportCritInstance  -  Reports  instances  in  critical paths where the
       slack is less than the target slack

Syntax
       reportCritInstance

       [-help]

       -outfile <fileName>

       [-view <viewName>]

       [-targetSlack <slackValue>]

       Reports instances in critical paths where the slack is  less  than  the
       target slack.

Parameters
       -help  Outputs  a  brief description that includes type and default in-
              formation for each reportCritInstance parameter.

              For a detailed description of the command and all of its parame-
              ters, use the man command:

              man reportCritinstance.

       -outfile <fileName>
              Specifies the report output file.

              Note: See Examples, which show the file format.

       -targetSlack <slackValue>
              Reports paths with slack less than the  specified  <slackValue>.
              Specify the value in nanoseconds (ns).

              Default: 0

       -view <viewName>
              Generates  the report based on the specified analysis view only.
              You can specify this parameter only  when  the  software  is  in
              multi-mode multi-corner timing analysis mode.

Command Order
       Use  this  command after the timing graph is built by timeDesign/optDe-
       sign.

Examples
              * The following command generates an output file named inst.rpt,
                which includes all the instance names and cell names. The  in-
                stances  are  on the critical paths whose slack is less than 0
                ns.

                reportCritInstance -outfile inst.rpt

              * The  following  command  generates  an   output   file   named
                inst.rpt2,  which includes all the instance names and the cell
                names. The instances are on critical paths whose slack is less
                than -0.3 ns.

                reportCritInstance -outfile inst.rpt2 -targetSlack -0.3

              * The following shows the file format for reportCritInstance:

                Instance name:Cell name

                SUBCHIP1/XBUS_IO_REG1/XPMT12_0INV1/XPMTINV1_WFDO02XINV: IV170

                SUBCHIP1/XBUS_IO_REG1/XPMT12_0INV1/XPMTINV1_WFDO07XINV: IV170

                SUBCHIP1/XBUS_IO_REG1/XPMT12_0INV1/XPMTINV1_WFDO06XINV: IV170

                SUBCHIP1/XBUS_IO_REG1/XPMT12_0INV2/XPMTINV2_WFDO07XINV: IV170

                SUBCHIP1/XBUS_IO_REG1/XPMT12_0INV2/XPMTINV2_WFDO06XINV: IV170

                SUBCHIP1/XBUS_IO_REG1/XPMT12_0INV2/XPMTINV2_WFDO02XINV: IV17

Related Information
              * optDesign

              * setOptMode

              * timeDesign

                           Fri Apr 04 01:25:37 2025  reportCritInstance(25.10)