Product Version     25.10    Cadence Design Systems, Inc.
report_ccopt_...ee_convergence(25.10)    report_ccopt_...ee_convergence(25.10)

Name
       report_ccopt_clock_tree_convergence  - This command is used to report a
       summary of the convergence above clock sinks and to identify the  names
       of sinks with the highest number of clock path networks

Syntax
       report_ccopt_clock_tree_convergence

       [-help]

       [-file< fileName>]

       This command is used to report a summary of the convergence above clock
       sinks  and  to  identify  the names of sinks with the highest number of
       clock path networks.  If there are sinks with  many  paths  leading  to
       them,  there can be a considerable impact on runtime. Reducing the com-
       plexity of the logic, or excluding sinks that need not have timing con-
       straints from the clock trees can help improve runtime.

       In the above sample report, 5 primary IOs have 1400  paths  leading  to
       them  from  the  clock  sources.The  report also shows a table with the
       names of sinks with most paths leading to them. In the "Sinks with most
       paths leading to them" section of  the  report,  the  five  sinks,  Ow-
       est/nout[n], have 1400 paths leading to them. These sinks are likely to
       be problematic and need to be checked.

Parameters
       -help  Outputs  a  brief description that includes type and default in-
              formation for each report_ ccopt_clock_tree_convergence  parame-
              ter.  For  a  detailed description of the command and all of its
              parameters, use the man command:

               man report_ccopt_clock_tree_convergence

       -file <fileName>
              Specifies the file name in which the report will be saved.

       Example

       A sample report is shown below.

Related Information
              * check_ccopt_clock_tree_convergence

              * create_ccopt_clock_tree_spec

              * The following topic in the Innovus User Guide

                * Clock Tree Convergence Reporting

                           Fri Apr 04 01:2r5e:p3o7rt2_0c2c5opt_...ee_convergence(25.10)