Product Version     25.10    Cadence Design Systems, Inc.
timing_self_loop_paths_no_skew(25.10)    timing_self_loop_paths_no_skew(25.10)

Name
       timing_self_loop_paths_no_skew

Syntax
       timing_self_loop_paths_no_skew

       {true | false}

       Default: false

       When  set to true, factors the skew on self loops. The software ignores
       the skew on the clock pin for hold analysis for data paths  originating
       on  sequential  elements (for example, Q-pin of a flip flop) and ending
       on the data pins of the same element (D-pin of the same flip flop). Use
       this variable to eliminate pessimism due to skew when  the  launch  and
       the capture edge of the clock are the same.

       To set this global variable, use the set_global command.

       Note: The timing_self_loop_paths_no_skew global should not be used with
       the setAnalysisMode command. Use this global only when the setAnalysis-
       Mode  command  is  not  available.  When the setAnalysisMode command is
       available, use the -timingSelfLoopsNoSkew parameter to enable skew fac-
       toring on self loops.

                           Fri Apr 04 01:2t5i:m3i7ng2_0s2e5lf_loop_paths_no_skew(25.10)