Product Version     25.10    Cadence Design Systems, Inc.
assignSigToBump(25.10)                                  assignSigToBump(25.10)

Name
       assignSigToBump  - Assigns selected or specified bumps to the specified
       net or pin

Syntax
       assignSigToBump

       [-help]

       { {{-net <net_name> | {-top_pin <port> }}  {-bumps  <bump_name_list>  |
       -selected}} }

       Assigns  selected  or  specified bumps to the specified net or pin. The
       command supports signal, power, as well  as  ground  nets.  Feedthrough
       bumps with multiple pins are also supported.

Parameters
       -help  Prints a brief description that includes type and default infor-
              mation for each assignSigToBump parameter.

              For a detailed description of the command and all of its parame-
              ters, use the man command:

              man assignSigToBump

       -bumps <bump_name_list>
              Specifies  the  bumps  to  be assigned to the net specified with
              -net. Use braces to enclose the bump names.

       -net <net_name>
              Specifies the signal or PG net to which  bumps  are  to  be  as-
              signed.

       -selected
              Assigns the selected bumps to the specified net.

       -top_pin <port>
              Specifies the name of the top-level pin to which bumps are to be
              assigned. After assignment, the pin name of the bump is the top-
              level  pin  name and the net name of the bump is the net name of
              the specified pin.

              This parameter cannot be used with the -net parameter.

Examples
              *

                The following command assigns bump_1 and bump_2 to the  signal
                net sig[1]:

                assignSigToBump -net sig[1] -bumps {bump_1 bump_2}

              *

                The following command assigns bump_1 to the power net VDD:

                assignSigToBump -net VDD -bumps bump_1

              *

                The following command assigns the selected bumps to the ground
                net VSS:

                assignSigToBump -net VSS -selected

Related Information
              * assignBump

              * assignPGBumps

              * unassignBump

              * Flip Chip Methodologies chapter of the User Guide

              * Tools Menu chapter in the Menu Reference

                * Flip Chip

                           Fri Apr 04 01:25:37 2025     assignSigToBump(25.10)