Product Version     25.10    Cadence Design Systems, Inc.
modify_ccopt_skew_group(25.10)                  modify_ccopt_skew_group(25.10)

Name
       modify_ccopt_skew_group - This command is used internally to add or re-
       move  sinks  in existing skew groups produced automatically by the cre-
       ate_ccopt_skew_group command, but you can also use it to modify  exist-
       ing skew_group objects

Syntax
       modify_ccopt_skew_group

       [-help]

       [-make_exclusive]

        -skew_group <skew_group_name>

        [-add_sinks <pins> | -remove_sinks <pins>]

        [-add_ignore_pins <pins> | -remove_ignore_pins <pins>]

       This command is used internally to add or remove sinks in existing skew
       groups  produced  automatically by the create_ccopt_skew_group command,
       but you can also use it to modify existing  skew_group  objects.  Sinks
       and ignore pins can be added or removed using the appropriate switches.

Parameters
       -help  Outputs  a  brief description that includes type and default in-
              formation for each modify_ccopt_skew_group parameter. For a  de-
              tailed description of the command and all of its parameters, use
              the man command:

               man modify_ccopt_skew_group

       -add_ignore_pins <pins>
              Specifies the ignore pins to be added to the skew group.

       -add_sinks <pins>
              Specifies the sink pins to be added to the skew group.

       -make_exclusive
              When  specified,  sets  the exclusive_sinks_rank property of the
              specified skew group (using  the  -skew_group  parameter)  to  a
              value  of  one more than the current exclusive_sinks_rank of all
              skew groups sharing the current skew group mode.

       -remove_ignore_pins <pins>
              Specifies the ignore pins to be removed from the skew group.

       -remove_sinks <pins>
              Specifies the sink pins to be removed from the skew group.

       -skew_group <skew_group_name>
              Specifies the user-defined identifier for the skew group  to  be
              modified.

Example
              *

                The  following  command specifies the sink pins to be added to
                the specified skew group:

                modify_ccopt_skew_group -skew_group clkA -add_sinks f1/ck

Related Information
              * create_ccopt_skew_group

              * get_ccopt_property

              * get_ccopt_skew_groups

              * get_ccopt_skew_group_delay

              * get_ccopt_skew_group_path

              * delete_ccopt_skew_groups

              * report_ccopt_skew_groups

              * set_ccopt_property

              * The following topics in the Innovus User Guide

                * Automatic Clock Tree Specification Creation

                * Manual Setup and Adjustment of the Clock Tree Specification

                           Fri Apr 04 01:25:37 20m2o5dify_ccopt_skew_group(25.10)