Product Version     25.10    Cadence Design Systems, Inc.
get_lib_arcs(25.10)                                        get_lib_arcs(25.10)

Name
       get_lib_arcs - Creates a collection of library timing arcs

Syntax
       get_lib_arcs

       [-help]

       { [-to <to_lib_pins>] [-from <from_lib_pins>]

         | -of_objects {<lib_cell_list> | <timing_arcs>} }

       [-filter <expr>]

       [-quiet]

       Creates  a collection of library timing arcs. Assign these library tim-
       ing arcs to a variable, or pass them to another command. If no  objects
       match the criteria, an empty collection is returned.

Parameters
       -help  Prints out the command usage.

       -filter <expr>
              Filters  the  collection  with the specified expression. For any
              library arcs that match the pattern, the software evaluates  the
              expression based on the attribute of the library arc.

              For  details  on  how to create filter expressions, refer to the
              filter_collection command.

       -from <from_lib_pins>
              Creates a collection of all library arcs that originate from the
              specified library pins. You can specify a pattern  for  the  pin
              name, a collection of pins, or a pattern and a collection.

              If  you specify this parameter with the -to parameter, the soft-
              ware creates a collection of all library arcs that exist between
              the "to" and "from" library pins.

              Note: You cannot specify this parameter with the -of_objects pa-
              rameter.

       -of_objects {<lib_cell_list> | <timing_arcs>}
              Creates a collection of all library  arcs  that  are  associated
              with the specified library cells or timing arcs.

              You  can  specify  a  list  of library cells or a list of timing
              arcs, but you cannot specify a list that contains  both  library
              cells and timing arcs. You can specify a pattern for the library
              cell or timing arc name, a collection of library cells or timing
              arcs, or a pattern and a collection.

              Note:  You  cannot  specify this parameter with the -to or -from
              parameters.

       -quiet Suppresses all error and warning  messages  generated  when  the
              get_lib_arcs command is run.

       -to <to_lib_pins>
              Creates  a  collection of all library arcs that terminate at the
              specified library pins. You can specify a pattern  for  the  pin
              name, a collection of pins, or a pattern and a collection.

              If  you  specify  this  parameter  with the -from parameter, the
              software creates a collection of all library arcs that exist be-
              tween the "to" and "from" library pins.

              Note: You cannot specify this parameter with the -of_objects pa-
              rameter.

Examples
              * The following command reports the timing type off all the tim-
                ing arcs of the flop 'DFF':

                get_property [get_lib_arcs -of_objects DFF] timing_type

                Sample output:

                minimum_period minimum_period min_pulse_width  min_pulse_width
                setup_rising hold_rising rising_edge rising_edge

Related Information
              * report_lib_arcs

              * get_lib_cells

              * get_lib_pg_pins

              * get_lib_pins

              * get_libs

                           Fri Apr 04 01:25:37 2025        get_lib_arcs(25.10)