Product Version     25.10    Cadence Design Systems, Inc.
createUserBundleNet(25.10)                          createUserBundleNet(25.10)

Name
       createUserBundleNet  -  Creates  a bundle of specified nets that can be
       displayed as flightlines

Syntax
       createUserBundleNet

       [-help]

       <name>

       -nets <listOfNets>

       <-object1> <string>-object2< > <string>

       Creates a bundle of specified nets that can  be  displayed  as  flight-
       lines.  Bundled  nets help you with data flow analysis before and after
       layout. Net bundles can be created and viewed in floorplan  and  amoeba
       views.  Each  custom  net  bundle displays the number of nets in it and
       works for macros, blobs, and giudes.

       Using createUserBundleNet, you can create custom bundled nets that  al-
       low  you  to define your own net bundles as per your requirements. This
       is useful while debugging physical properties of interconnects within a
       complicated hierarchical design because you can define  start  and  end
       points  of  a  net bundle. As a result, you can create and display only
       relevant flightlines, instead of looking  at  all  the  flightlines  of
       specified nets.

       Note: One net can be part of multiple net bundles simultaneously.

       You  can  display flightline net bundles using the displayUserBundleNet
       command and delete them using the deleteUserBundleNet command.

       Note: You can choose to display flightlines for only  bundled  nets  by
       using  the  Show  Net  Bundle FlightLine Only option in the Preferences
       form. If this option is not selected, the net  bundle  flightlines  are
       displayed along with other selection-based flightlines by default.

Parameters
       -help  Prints a brief description that includes type and default infor-
              mation for each createUserBundleNet parameter.

              For a detailed description of the command and all of its parame-
              ters, use the man command:

              man createUserBundleNet

       <name> Specifies the name of the custom net bundle.

       -nets <listOfNets>
              Specifies the list of nets to be included in the net bundle. You
              can  use  patterns  with wildcards to specify net names. All the
              nets that match the specified pattern are put in the  same  bun-
              dle.

       -object1 <string>
              Specifies  the  name  of  object which is the start point of the
              nets. The object type includes module, block, black box, and  IO
              pad.

       -object2 <string>
              Specifies the name of object which is the end point of the nets.
              The object type includes module, block, black box, and IO pad.

Examples
              * The  following command creates a bundle called bundle_1, which
                contains flightlines of nets net_1 and net_2:

                createUserBundleNet bundle_1 -nets {net_1 net_2} -object1 Mod-
                ule1 -object2 Module2

                You can then use the displayUserBundleNet command  to  display
                bundle_1 flightlines as follows:

                displayUserBundleNet -netBundle bundle_1

Related Information
              * deleteUserBundleNet

              * displayUserBundleNet

              * View Menu chapter of the Menu Reference

                * Preferences - Flightline

                           Fri Apr 04 01:25:37 2025 createUserBundleNet(25.10)