Product Version     25.10    Cadence Design Systems, Inc.
dumpNanoCongestArea(25.10)                          dumpNanoCongestArea(25.10)

Name
       dumpNanoCongestArea  - Writes the NanoRoute routing congestion informa-
       tion to an ASCll output file

Syntax
       dumpNanoCongestArea

       [-help]

       <file_name>

       [-all]

       Writes the NanoRoute routing congestion information to an ASCll  output
       file.  The  output  file reports the total number of overflowed tracks,
       and the coordinates of overflow cells, vertical tracks, and  horizontal
       tracks.  The following example shows the information for a gcell in the
       ASCII output file:

       (1192900, 974400) (1209700, 991200) V: -1/9/24 H: 0/16/39

       The gcell has one vertical (V) track overflow (-1) from a  layer.  How-
       ever,  if all tracks are counted, it has nine remaining vertical tracks
       among 24 total tracks.

       For horizontal (H) tracks, there was no overflow from  any  layer  (0),
       and it has 16 remaining tracks among 39.

       You can use the dumpNanoCongestArea command after running the NanoRoute
       globalRoutecommand.

Parameters
       -all   Writes  the  congestion information for all gcells in the design
              to the specified output file.

       <file_name>
              Writes the congestion information for only  the  most  congested
              gcells in the design to the specified output file.

       -help  Outputs  a  brief description that includes the type and default
              information for each dumpNanoCongestArea parameter.

              For a detailed description of the command and all of its parame-
              ters, use the man command

              man dumpNanoCongestArea.

Related Information
              * dumpCongestArea

              * dumpNetsInCongestedArea

              * earlyGlobalRoute

              * Using the NanoRoute Router chapter in the Innovus User Guide

                           Fri Apr 04 01:25:37 2025 dumpNanoCongestArea(25.10)