Product Version     25.10    Cadence Design Systems, Inc.
analyze_signal_resistance(25.10)              analyze_signal_resistance(25.10)

Name
       analyze_signal_resistance

Syntax
       analyze_signal_resistance

       [-help]

       [-instance_pair_list_file <filename>]

       -net <net_name>

       [-output_dir <directory>]

       [-report <filename>]

       [-threshold <value>]

       Computes  effective  resistance  for  signal  nets  from  a  given  in-
       stance1/pin1 to instance2/pin2 accounting all applicable  manufacturing
       effects.  You can use the effective resistance output file to determine
       whether the critical routes are within the specified resistance limits.

Parameters
       -help  Outputs the command usage and a brief description about the com-
              mand parameters.

       -instance_pair_list_file <filename>
              Specifies the file name containing the signal  net  instance-pin
              pairs for which effective resistance needs to be computed.

              The format of the file is:

              INST1 PIN1 INST2 PIN2

       -net <net_name>
              Specifies the name of the signal net.

       -output_dir <directory>
              Specifies the name of the output directory.

       -report <filename>
              Specifies the name of the report file in which details of effec-
              tive resistance between instance-pin pairs are written.

       -threshold <value>
              Specifies  the  minimum allowed effective resistance between in-
              stance-pin pairs.

Examples
              * The following command computes effective  resistance  for  the
                signal net n_13190:

                analyze_signal_resistance -net n_13190

              * The  following  command  computes effective resistance for the
                signal net n_13190, and writes the  effective  resistance  de-
                tails in the report n_13190.rpt:

                analyze_signal_resistance -net n_13190 -report n_13190.rpt

              * The following command computes effective resistance for signal
                net instance-pin pairs specified in the file instance.list:

                analyze_signal_resistance  -net  n_0  -instance_pair_list_file
                instance.list

Related Information
              * set_rail_analysis_mode

              * analyze_resistance

              * "Static Power, IRdrop and EM Analysis" in the Voltus IC  Power
                Integrity Solution User Guide

                           Fri Apr 04 01:25:37a2n0a2l5yze_signal_resistance(25.10)