Product Version     25.10    Cadence Design Systems, Inc.
set_ctd_win_title(25.10)                              set_ctd_win_title(25.10)

Name
       set_ctd_win_title - Specifies the title of the CTD window

Syntax
       set_ctd_win_title

       [-help]

       <title>

       [-id <WindowIDName>]

       Specifies the title of the CTD window. By default, this command is used
       to set the title of the current active CTD window either if a unique ID
       has not been specified for this window or if you want to change the ex-
       isting window ID.

       You  can  also  set the window title from the context menu of the Clock
       Tree Viewer in the CTD. Click Set Window Title, type the title for  the
       CTD  session,  and press enter. The new title appears in the top bar of
       the CTD. This is shown in below image.

Parameters
       -help  Outputs a brief description that includes type and  default  in-
              formation  for  each set_ctd_win_title parameter. For a detailed
              description of the command and all of its  parameters,  use  the
              man command:

               man set_ctd_win_title

       -id  <WindowIDName>
              Specifies  the  ID  of  the  window whose title is to be set. If
              there are several CTD windows open in the current session,  with
              window IDs, user_id1, user_id3, user_id3, and so on, with corre-
              sponding  window titles, title1, title2, title3, and so on, then
              the following command will only change the title1 of window with
              ID, user_id1, to my_new_title.

              set_ctd_win_title <my_new_title> -id <user_id1>

       <title>
              Specifies the title to be given to the  specified  window.  This
              parameter is required.

Examples
              * The following command sets the window title of the current CTD
                window, my_title, to my_new_title:

       set_ctd_win_title <my_new_title>

       The active CTD window title will be changed from:

       my_test.tcl : Clock Tree Debugger : my_title

       to:

       my_test.tcl : Clock Tree Debugger : my_new_title

              * The following command retrieves the window IDs of CTD windows,
                with a mapping of their window titles:

       get_ctd_win_id -detail

       user_id2 : Clock Tree Debugger : title2

       where,  user_id2  is  the  window ID, Clock Tree Debugger is the window
       type, and title2 is the mapping title for this window.

Related Information
              * create_ccopt_clock_tree_spec

              * ctd_win

              * ctd_trace

              * get_ctd_win_id

              * get_ctd_win_title

              * gui_zoom_ctd

              * The following chapter in the Innovus Menu Reference

                * Clock Menu

                           Fri Apr 04 01:25:37 2025   set_ctd_win_title(25.10)