Product Version     25.10    Cadence Design Systems, Inc.
get_clocks(25.10)                                            get_clocks(25.10)

Name
       get_clocks  - Returns a collection of clocks whose names match the sup-
       plied patterns, filtered by the filter expression

Syntax
       get_clocks

       [-help]

       [-filter <expr>]

       [-regexp]

       [-nocase]

       [-quiet]

       [<patterns>]

       Returns a collection of clocks whose names match the supplied patterns,
       filtered by the filter expression.

       With no filter expression, the get_clocks command  reports  all  clocks
       that match patterns, including inactive clocks.

Parameters
       -help  Prints out the command usage.

       -filter <expr>
              Filters  the  collection  with the specified expression. For any
              clocks that match the pattern, the software  evaluates  the  ex-
              pression based on the attribute of the clock.

              You  can  filter  clocks  using any of the clock properties sup-
              ported through the get_property command.

              For details on how to create filter expressions,  refer  to  the
              filter_collection command.

       -nocase
              Specifies that pattern matching is not case sensitive.

              Note: You must specify -regexp in order to use this parameter.

       <patterns>
              Specifies  a  pattern (or a list of patterns) for clock names. A
              pattern can contain * and ? wildcard characters, or a collection
              of instances and clocks.

              Note: If a pattern is not specified, then get_clocks returns all
              the clocks that meet other filters.

       -quiet Suppresses all the error and warning messages generated when the
              get_clocks command is run.

       -regexp
              Treats the specified patterns as regular expression patterns.

              Default: Treats the specified pattern as a wild card

Examples
              * The following example returns all clocks  beginning  with  the
                name CK:

                get_clocks CK*

              * The  following  example returns a collection of all clocks be-
                ginning with the name CK and Clk:

                get_clocks [list CK* Clk* ]

              * The following example  returns  a  collection  of  all  active
                clocks beginning with the name CK:

                get_clocks CK* -filter {is_active == true}

              * The  following  command returns all the clocks that are propa-
                gated:

                get_clocks -filter "is_propagated_clock == true"

Related Information
              * all_clocks

              * create_clock

              * get_pins

              * get_ports

              * report_clocks

                           Fri Apr 04 01:25:37 2025          get_clocks(25.10)