Product Version     25.10    Cadence Design Systems, Inc.
selectPGPin(25.10)                                          selectPGPin(25.10)

Name
       selectPGPin - Selects power/ground pins as per the specified parameters
       and reports the number of selected power/ground pins

Syntax
        selectPGPin

       [-help]

       [-area <llx lly urx ury>]

       [-net <netName>]

       [-layer <layerId> | {<layerIdList>}]

       [-all]

       Selects  power/ground  pins as per the specified parameters and reports
       the number of selected power/ground pins. You can use this command  af-
       ter importing the design.

Parameters
       -all   Selects all the power/ground pins.

              Data_type: bool, optional

       -area <llx lly urx ury>
              Specifies a bounding box for the area in which power/ground pins
              are to be selected.

              Data_type: box, optional

       -help  Outputs  a  brief description that includes the type and default
              information for each selectPGPin parameter. For a  detailed  de-
              scription  of the command and all of its parameters, use the man
              command:

              man selectPGPin.

       -layer <layerId> | {<layerIdList>}
              Specifies the layer(s) on which the power/ground pins are to  be
              selected.

              Note: Layers can be specified using the LEF layer names or layer
              ID numbers.

              Data_type: string, optional

       -net <netName>
              Specifies  the  name of the net whose attached power/ground pins
              are to be selected.

              Data_type: (net)+, optional

Related Information
              * Floorplanning the Design chapter in the Innovus User Guide.

                           Fri Apr 04 01:25:37 2025         selectPGPin(25.10)