Product Version     25.10    Cadence Design Systems, Inc.
reset_generated_clock(25.10)                      reset_generated_clock(25.10)

Name
       reset_generated_clock  -  Removes generated clock assertions previously
       created using the create_generated_clock command

Syntax
        reset_generated_clock

       [-help]

       {-all | <clock_list>}

       Removes generated clock assertions previously created  using  the  cre-
       ate_generated_clock command.

       To  use  the reset_generated_clock command you must specify the set_in-
       teractive_constraint_modes constraints for the  applicable  modes.  You
       can also include these commands in the SDC constraint file - applicable
       only for the views that include that SDC.

       Note:  The generated clocks may originate from the library files dotlib
       - you can use reset_generated_clock from the command line, or add it to
       all the SDC files in use.

Parameters
       -help  Prints out the command usage.

       -all   Removes all the generated clocks in the design.

       <clock_list>
              Specifies the list of clocks (in collection  format)  for  which
              the generated clock assertions are to be removed.

       Examples
       Here are some examples.

              * The  following  command removes the generated clock assertions
                on all the generated clocks RC/Q:

                report_clocks

                # The following report is displayed:

                --------------------------------------------------------------------------

                                                 Clock Descriptions

                --------------------------------------------------------------------------

                                                                         At-
                tributes

                --------------------------------------------------------------------------

                Clock Name  Source     Period     Lead     Trail     Generated
                Propagated

                --------------------------------------------------------------------------

                CK1           CLK1         20.000      0.000     10.000      n
                n

                CK2          CLK1        10.000      0.000      5.000        n
                n

                GCLK          u8/Q         20.000      0.000     10.000      y
                y

                --------------------------------------------------------------------------

                Generated-Clock Descriptions

                ----------------------------------------------------------------------------------

                Name  Generated     Master       Master-clock   Invert   Freq.
                Duty-Cycle Edges Edge-Shift

                      Source(pin)    Source(pin)                        Multi-
                plier

                ----------------------------------------------------------------------------------

                GCLK   u8/Q          CK1          CLK1            n        1/2
                -          -     -

                ----------------------------------------------------------------------------------

                set_interactive_constraint_modes   [all_constraint_modes  -ac-
                tive]

                reset_generated_clock [get_clocks GCLK]

                report_clocks

                # The following report is displayed:

                --------------------------------------------------------------------------

                                          Clock Descriptions

                --------------------------------------------------------------------------

                                                                 Attributes

                --------------------------------------------------------------------------

                Clock Name    Source    Period    Lead     Trail     Generated
                Propagated

                --------------------------------------------------------------------------

                CK1             CLK1       20.000      0.000     10.000      n
                n

                CK2            CLK1      10.000      0.000      5.000        n
                n

                GCLK            u8/Q       20.000      0.000     10.000      y
                y

                --------------------------------------------------------------------------

                Generated-Clock Descriptions

                ---------------------------------------------------------------------------------

                Name   Generated    Master       Master-clock  Invert    Freq.
                Duty-Cycle Edges Edge-Shift

                      Source(pin) Source(pin)                      Multiplier

                ---------------------------------------------------------------------------------

Related Information
              * create_generated_clock

              *

                report_clocks

              *

                set_interactive_constraint_modes

                           Fri Apr 04 01:25:37 2025reset_generated_clock(25.10)