env PAGER=cat man timing_enable_clock_phase_based_rise_fall_derati ng
Product Version     25.10    Cadence Design Systems, Inc.
timing_enable_..._fall_derating(25.10)  timing_enable_..._fall_derating(25.10)

Name
       timing_enable_clock_phase_based_rise_fall_derating

Syntax
       timing_enable_clock_phase_based_rise_fall_derating

       {true | false}

       Default: false

       Determines  the  interpretation  of  edge-specific derating factors for
       clock paths, specified using the set_timing_derate -rise/-fall  parame-
       ters.

       When set to false, the set_timing_derate -rise/-fall parameter refer to
       the direction of the transition from the perspective of each individual
       output pin along the clock path.

       When  set  to  true, the -rise/-fall parameter refers to which edge (or
       phase) of the clock is triggering the transition  as  viewed  from  the
       source of the clock where the clock waveform is defined.

       To set this global variable, use the set_global command.

                           Fri Apr 04 01:t2i5m:i3n7g_2e0n2a5ble_..._fall_derating(25.10)