Product Version     25.10    Cadence Design Systems, Inc.
set_inst_temperature_file(25.10)              set_inst_temperature_file(25.10)

Name
       set_inst_temperature_file  - Specifies the instance temperature file to
       support thermal-aware leakage

Syntax
         set_inst_temperature_file

       <file>

       [-reset]

       Specifies the instance temperature file to support thermal-aware  leak-
       age.  You  can  use this command to do thermal-aware power calculation.
       Based on the temperature specified in the file, the software will  cal-
       culate temperature and leakage power.

       In the presence of a trilib set, the internal and leakage power will be
       interpolated as the per the given temperature specification.

Parameters
       <file> Specifies the name of the instance temperature file..

       -reset Resets the temperature file.

Related Information
              * report_power

              * set_power_analysis_mode

              * "Static  Power, IRdrop and EM Analysis" in the Voltus IC Power
                Integrity Solution User Guide

              * "Dynamic Power and IRDrop Analysis" in the Voltus IC Power In-
                tegrity Solution User Guide

                           Fri Apr 04 01:25:37s2e0t2_5inst_temperature_file(25.10)