Product Version     25.10    Cadence Design Systems, Inc.
close_ctd_win(25.10)                                      close_ctd_win(25.10)

Name
       close_ctd_win - Closes open CTD windows

Syntax
       close_ctd_win

       [-help]

       [-all | -id <WindowIDName>]

       Closes  open  CTD  windows. When no parameter is specified, the command
       closes the current active CTD window.

Parameters
       -help  Outputs a brief description that includes type and  default  in-
              formation  for  each close_ctd_win parameter. For a detailed de-
              scription of the command and all of its parameters, use the  man
              command:  man close_ctd_win.

       -all   Closes all open CTD windows.

       -id <WindowIDName>
              Closes the CTD window with the specified window ID.

              Note: The parameters, -all and -id are mutually exclusive.

Examples
              * The  following  command  closes all CTD windows in the current
                session:

       close_ctd_win -all

              * The following command closes  the  CTD  window  with  the  ID,
                user_id2:

       close_ctd_win -id user_id2

Related Information
              * create_ccopt_clock_tree_spec

              * ctd_trace

              * ctd_win

              * get_ctd_win_id

              * get_ctd_win_title

              * gui_zoom_ctd

              * The following chapter in the Innovus Menu Reference

                * Clock Menu

                           Fri Apr 04 01:25:37 2025       close_ctd_win(25.10)