Product Version     25.10    Cadence Design Systems, Inc.
attachDiode(25.10)                                          attachDiode(25.10)

Name
       attachDiode - Adds an antenna diode to a post-routed design

Syntax
       attachDiode

       [-help]

       [-prefix <prefix>]

       -diodeCell <diodeCellName>

       -pin <instName><termName>

       [-loc <x><y>

       [-orient <orient>]]

       Adds an antenna diode to a post-routed design. Innovus places the diode
       as close as possible to the specified pin.

       When <instName>is specified, the new instance is bound with the correct
       cell in the power domain.

       When  -loc  is specified, the location also gives a power domain, which
       is checked against the power domain of the pin. If  the  power  domains
       are different, a warning is issued.

Parameters
       -help  Outputs  a  brief description that includes the type and default
              information for each attachDiode parameter.

              For a detailed description of the command and all of its parame-
              ters, use the  man  command:

              man attachDiode

       -diodeCell <diodeCellName>
              Specifies the name of the diode cell master

       -loc <x><y>
              Specifies the location of the lower left corner of the diode.

       -orient <orient>
              Specifies orientation of the placed diode. To specify this para-
              meter, you must also specify -loc.

       -pin <instName><termName>
              Specifies the pin associated with the diode.

       -prefix <prefix>
              Specifies the prefix name of the diode cell  instances.  Innovus
              appends integers to differentiate the instances.

Example
              * The following example adds a diode of type D1 for term2 on in-
                stance i2, at location 500, 600:

                attachDiode -diodeCell D1 -pin i2 term2 -loc 500 600

                           Fri Apr 04 01:25:37 2025         attachDiode(25.10)