Product Version     25.10    Cadence Design Systems, Inc.
getBondPad(25.10)                                            getBondPad(25.10)

Name
       getBondPad - Gets the current stagger position of a bond pad on a spec-
       ified I/O instance

Syntax
       getBondPad

       [-help]

       -ioInstName <InstName>

       [-pinName <pinName>]

       Gets  the current stagger position of a bond pad on a specified I/O in-
       stance.

Parameters
       -help  Outputs a brief description that includes type and  default  in-
              formation for each getBondPad parameter.

              For a detailed description of the command and all of its parame-
              ters, use the man command:

              man getBondPad

       -ioInstName <instName>
              Specifies  the  name of the I/O instance whose bond pad position
              is reported.

       -pinName <pinName>
              Specifies the name of the pin inside the instance.

Example
              * The following command gets the current stagger position of the
                bond pad on the I/O instance testmacro with pin Z2:

                getBondPad -ioInstName testmacro -pinName Z2

                Returns:

                Pin Name = Z2, Bond Pad Name = testmacro_PAD1, Position  =  O,
                Fixed = 0

Related Information
              * checkBondPadSpacing

              * fixBondPad

              * placeBondPad

              * spaceBondPad

              * staggerBondPad

              * unfixBondPad

                           Fri Apr 04 01:25:37 2025          getBondPad(25.10)