Product Version     25.10    Cadence Design Systems, Inc.
getAttribute(25.10)                                        getAttribute(25.10)

Name
       getAttribute  -  Displays the current net attribute settings in the In-
       novus console and in the Innovus log file

Syntax
       getAttribute

       [-help]

       -net <netName>[-quiet]

       Displays the current net attribute settings in the Innovus console  and
       in  the  Innovus  log  file.  At  the end of the display, the NanoRoute
       router lists each attribute, enclosing it in braces ({}) so you can use
       it in a Tcl script with variables. See setAttribute for descriptions of
       NanoRoute attributes.

Parameters
       -help  Outputs a brief description that includes the type  and  default
              information  for each getAttribute parameter. For a detailed de-
              scription of the command and all of its parameters, use the  man
              command

              man getAttribute.

       -net <netName>
              Specifies the net for which to display attributes.

              Data_type: string, required

       -quiet Displays  the  current  settings for the specified parameters in
              Tcl list format only. If you specify -quiet without any  parame-
              ters,  the  software displays the current settings of all setAt-
              tribute parameters in Tcl list format.

              Data_type: bool, optional

Example
       The following command displays the attributes for net1:

       getAttribute -net net1

       The Innovus software returns the following:

       #NET net1 attributes:

       # weight = 2 (default)

       # non_default_rule = default (default)

       # shield_net = none (default)

       # pattern = steiner (default)

       # top_preferred_routing_layer = 15 (default)

       # bottom_preferred_routing_layer = 0 (default)

       # preferred_extra_space = 0 (default)

       # avoid_detour = false (default)

       # skip_routing = false (default)

       # skip_antenna_fix = false (default)

       # si_post_route_fix = false (default)

       {weight  2}  {non_default_rule  default}  {shield_net  none}   {pattern
       steiner}   {top_preferred_routing_layer   15}   {bottom_preferred_rout-
       ing_layer 0} {preferred_extra_space 0} {avoid_detour false} {skip_rout-
       ing false} {skip_antenna_fix false} {si_post_route_fix false}

Related Information
              * setAttribute

              * Using the NanoRoute Router chapter in the Innovus User Guide

                           Fri Apr 04 01:25:37 2025        getAttribute(25.10)