Product Version     25.10    Cadence Design Systems, Inc.
delete_ccopt_skew_groups(25.10)                delete_ccopt_skew_groups(25.10)

Name
       delete_ccopt_skew_groups  - This command deletes all skew groups match-
       ing the specified pattern

Syntax
       delete_ccopt_skew_groups

       [-help]

       [-constrains cts | ccopt_initial | ccopt]

       <pattern>

       [-regexp]

       This command deletes all skew groups matching the specified pattern. It
       makes no changes to the design.

Parameters
       -help  Outputs a brief description that includes type and  default  in-
              formation for each delete_ccopt_skew_groups parameter. For a de-
              tailed description of the command and all of its parameters, use
              the man command:  man delete_ccopt_skew_groups.

       -constrains cts | ccopt_initial | ccopt
              Specifies  whether  cts, ccopt_initial, or ccopt skew groups are
              to be deleted.

       <pattern>
              Specifies the patterns for skew groups to delete. This parameter
              is required.

       -regexp
              Specifies whether or not to use regular expression matching.

Examples
              * The following command deletes all skew groups associated  with
                the clock, m_digit_clk:

                delete_ccopt_skew_groups m_digit_clk*

              * The  following command deletes all skew groups whose name con-
                tains the word "ram":

                delete_ccopt_skew_groups ram -regexp

Related Information
              * get_ccopt_property

              * get_ccopt_skew_groups

              * get_ccopt_skew_group_delay

              * get_ccopt_skew_group_path

              * create_ccopt_skew_group

              * modify_ccopt_skew_group

              * report_ccopt_skew_groups

              * set_ccopt_property

              * The following topic in the Innovus User Guide

                * Clock Trees and Skew Groups

                           Fri Apr 04 01:25:37 2d0e2l5ete_ccopt_skew_groups(25.10)