Product Version     25.10    Cadence Design Systems, Inc.
getScanReorderMode(25.10)                            getScanReorderMode(25.10)

Name
       getScanReorderMode  -  Returns the information about setScanReorderMode
       parameters in the Innovus log file and in the Innovus console

Syntax
       getScanReorderMode

       [-addScanPortPrefix]

       [-allowSwapping]

       [-clkAware]

       [-compLogic {true | false}]

       [-enable_for_partition]

       [-keepPDPorts]

       [-keepPort]

       [-preferH]

       [-preferV]

       [-scanEffort]

       [-skipMode]

       [-quiet]

       [-nonDefault]

       Returns the information about setScanReorderMode parameters in the  In-
       novus log file and in the Innovus console. Returns the following infor-
       mation:

              * Parameter name

              * Current value

              * Type (Boolean, string, and so on)

              * Source of current value (default, user)

       If  you do not specify a parameter, the Innovus software returns values
       for all of the setScanReorderMode mode parameters.

Parameters
       <parameter_names>
              Returns information for the specified parameter. You can specify
              one or more parameters.

              See setScanReorderMode parameter descriptions.

       -quiet Returns the current settings for the specified parameters in Tcl
              list format only.

              If you specify -quiet without any parameters, the  software  re-
              turns  the current settings of all setScanReorderMode parameters
              in Tcl list format.

              If you specify -quiet with any parameters, the software  returns
              the current settings of the specified parameter if it is not de-
              fault setting.

       -nonDefault
              Returns the current settings that are not default settings.

Examples
              * The  following  command  returns  the  current setting for the
                -keepPDPorts parameter in Tcl list format:

                getScanReorderMode -keepPDPorts -quiet

                The software returns the following information:

                false

              * The following command returns the  current  settings  for  the
                -keepPDPorts and -preferH parameters:

                getScanReorderMode -keepPDPorts -preferH

                The software returns the following information:

                -keepPDPorts false # bool, default=false

                -preferH false # bool, default=false

                {keepPDPorts false} {preferH false}

              * The  following  command  returns  the current settings for the
                -keepPDPorts and -preferH parameters in Tcl list format:

                getScanReorderMode -keepPDPorts -preferH -quiet

                The software returns the following information:

                {keepPDPorts false} {preferH false}

              * The following command returns the  current  settings  for  all
                setScanReorderMode parameters in Tcl list format:

                getScanReorderMode -quiet

                The software returns the following information:

                {allowSwapping  false}  {clkAware  false}  {keepPDPorts  true}
                {keepPort (false)} {preferH false} {preferV false} {scanEffort
                medium} {skipMode skipNone}

Related Information
              * setScanReorderMode

              * scanReorder

              * Placing the Design chapter in the Innovus User Guide

                * Optimizing and Reordering Scan Chains

                           Fri Apr 04 01:25:37 2025  getScanReorderMode(25.10)