Product Version     25.10    Cadence Design Systems, Inc.
deselect_bump(25.10)                                      deselect_bump(25.10)

Name
       deselect_bump - Enables you to deselect bumps in different ways

Syntax
       deselect_bump

       [-help]

       [-alternate {row column}]

       [-area {{x1 y1 x2 y2} ...}]

       [-assigned]

       [-bump_cell {cell_list}]

       [-bumps {<bump_list>}]

       [-floating]

       [-max_distance_to_side <distance>]

       [-nets {<net_list>}]

       [-side {top bottom left right}]

       [-start_lower_left]

       [-type {signal power ground}]

       Enables  you  to deselect bumps in different ways. For example, you can
       deselect bumps by type or by net. By default, deselects  all  bumps  in
       the design.

Parameters
       -help  Prints a brief description that includes type and default infor-
              mation for each deselect_bump parameter.

              For a detailed description of the command and all of its parame-
              ters, use the man command:

              man deselect_bump

       -alternate {row column}
              Specifies the alternate bump pattern. You have to select an area
              to be alternate-deselected before using this option.

       -area {{<x1 y1 x2 y2>} ...}
              Specifies  one  or  more  areas from which bumps are to be dese-
              lected.

       -assigned
              Deselects only the bumps that are assigned.

       -bump_cell {<cell_list>}
              Specifies names of bump cells and  the  bumps  with  these  bump
              cells  are  deselected.  You  can use wildcards in the bump cell
              list.

       -bumps {<bump_list>}
              Specifies names of the bumps to be deselected. You can use wild-
              cards in the bump list.

       -floating
              Deselects only unassigned or floating bumps.

       -max_distance_to_side <distance>
              Specifies the maximum distance away from the  side  in  microns.
              When  specified,  only  the  bumps with geometries completely in
              that region are deselected.

              By default, half the width/height of the die is used as the max-
              imum distance to each side.

              For <distance>, minimum value is 0 and maximum is 1e+20.

       -nets {<net_list>}
              Specifies names of nets and the related  bumps  are  deselected.
              You can use wildcards in the net list.

       -side {top bottom left right}
              Specifies the side relative to which bumps are deselected.

       -start_lower_left
              Specifies the start point of alternate deselection. If it is not
              specified, the lower-left point is considered the start point of
              alternate selection.

              Note: This parameter can be used only with -alternate.

       -type {signal power ground}
              Specifies the type of bumps to be deselected.

Examples
              * The following command deselects all bumps in the design:

                deselect_bump

              * The following command deselects the bottom edge of bump geome-
                try no more than 500 microns away from the top side:

                deselect_bump -side top -max_distance_to_side  500

              * After  selecting  all  the  bumps in a design or in a specific
                area, use the following command to alternately deselect a  2x3
                bump pattern:

                deselect_bump -alternate {2 3}

                The resulting deselection pattern is shown below. Note that as
                -start_lower_left  is  not  specified,  the  bumps  in the the
                lower-left corner are not deselected (that is, they are alter-
                nate selected).

Related Information
              * select_bump

                           Fri Apr 04 01:25:37 2025       deselect_bump(25.10)