Product Version     25.10    Cadence Design Systems, Inc.
get_trace_obj_connectivity_mode(25.10)  get_trace_obj_connectivity_mode(25.10)

Name
       get_trace_obj_connectivity_mode  - Returns information about the speci-
       fied set_trace_obj_connectivity_mode parameter in the Innovus log  file
       and the console

Syntax
       get_trace_obj_connectivity_mode

       [-help]

       [-macro_pins]

       [-max_fanin_fanout]

       [-register_inputs]

       [-register_outputs]

       [-quiet]

       Returns information about the specified set_trace_obj_connectivity_mode
       parameter in the Innovus log file and the console. The following infor-
       mation is returned:

              * Parameter name

              * Current value

              * Type (Boolean, string, and so on)

              * Whether the current value was set by user

       Note:  If  you do not specify a parameter, the software displays values
       for all of the set_trace_obj_connectivity_mode parameters.

       You can use this command after importing the design.

Parameters
       -help  Outputs a brief description that includes type and  default  in-
              formation  for  each  get_trace_obj_connectivity_mode parameter.
              For a detailed description of the command and all of its parame-
              ters, use the man command:

              man get_trace_obj_connectivity_mode

       <parameter_names>
              Displays information for the specified parameters. You can spec-
              ify one or more parameters. See  set_trace_obj_connectivity_mode
              for descriptions of the parameters you can specify.

       -quiet Displays  the  current  settings for the specified parameters in
              Tcl list format only.

Example
       The  following  command  displays   the   values   for   all   of   the
       set_trace_obj_connectivity_mode parameters:

       get_trace_obj_connectivity_mode

Related Information
              * trace_obj_connectivity

              * set_trace_obj_connectivity_mode

              * display_obj_connectivity

              * all_fanin

              * all_fanout

              * Floorplanning the Design chapter in the Innovus User Guide

              * Floorplan Menu chapter in the Innovus Menu Reference

                           Fri Apr 04 01:g2e5t:_3t7ra2c0e2_5obj_connectivity_mode(25.10)