Product Version     25.10    Cadence Design Systems, Inc.
selectBusGuide(25.10)                                    selectBusGuide(25.10)

Name
       selectBusGuide - Selects a bus guide segment

Syntax
       selectBusGuide

       [-help]

       [-all]

       [-area {<x1><y1><x2><y2>}
             ]

       [-direction {H | V}]

       [-layer { <id> | <id1> : <id2> }]

       [-netGroup {<netGroup> | {<list_of_net_groups>}}]

       Selects a bus guide segment.

       Note: If you do not specify any option, by default, the command selects
       all the bus guide segments.

       Use this command after creating a bus guide segment.

Parameters
       -all   Selects all the bus guide segments in the design.

       -area {<x1><y1><x2><y2>}
              Specifies  the  coordinates of the area from which the bus guide
              segments are selected.

       -direction {H | V}
              Specifies the direction of the bus guide segment to select. This
              can be H (horizontal) or V (vertical).

       -help  Outputs a brief description that includes type and  default  in-
              formation for each selectBusGuide parameter.

              For a detailed description of the command and all of its parame-
              ters, use the man command: man selectBusGuide.

       -layer {<id>|<id1>:<id2>}
              Specifies  the  metal  layer or layer range from which bus guide
              segments are selected.

              The command selects bus guide segments with the exact  specified
              layer information and not a subset of it. For example, for a bus
              guide segment with layer constraint 2:5 if you specify -layer 5,
              the segment is not selected by the command. To select this guide
              segment you need to specify -layer 2:5 completely.

       -netGroup {<netGroup> | {<list_of_net_groups>}}
              Specifies  the  name of the net group or list of net groups from
              which the bus guide segments are selected.

              You can also use wildcard (* or ?) for specifying the net  group
              name.

Example
       The following command selects all the horizontal (H) bus guide segments
       associated with the net group group1:

       selectBusGuide -netGroup group1 -direction H

Related Information
              * createBusGuide

              * deleteBusGuide

              * deselectBusGuide

              * selectBusGuideSegment

              * update_bus_guide

              * Bus Planning chapter in the User Guide

                * Creating a Bus Guide

              * Edit Menu chapter in the Menu Reference

                * Bus Guide

                           Fri Apr 04 01:25:37 2025      selectBusGuide(25.10)