Product Version     25.10    Cadence Design Systems, Inc.
unsetProbePin(25.10)                                      unsetProbePin(25.10)

Name
       unsetProbePin - Unsets a pad or bump as a probe point

Syntax
       unsetProbePin

       [-help]

       {-instName <InstName> -pinName <pinName>}

       | <-bump bumpName>

       Unsets  a pad or bump as a probe point. Probe points are used for pack-
       age-level design and testing. To set or report on probe points, use the
       setProbePin or reportProbePins commands respectively.

Parameters
       -help  Outputs a brief description that includes type and  default  in-
              formation for each unsetProbePin parameter.

              For a detailed description of the command and all of its parame-
              ters, use the man command:

              man unsetProbePin

       -bump <bumpName>
              Specifies the instance name of the bump.

       -instName <InstName>
              Specifies the name of the I/O instance.

       -pinName <pinName>
              Specifies  the  name of the pin on the I/O instance that will be
              unset as a probe point.

Example
              * The following command unsets the PAD pin of Bump_1 as a  probe
                point:

                unsetProbePin -instName Bump_1 -pinName PAD

Related Information
              * reportProbePins

              * setProbePin

                           Fri Apr 04 01:25:37 2025       unsetProbePin(25.10)