Product Version     25.10    Cadence Design Systems, Inc.
read_metric_config(25.10)                            read_metric_config(25.10)

Name
       read_metric_config  -  Reads  the  YAML  file written by the write_met-
       ric_config command

Syntax
       read_metric_config

       [-help]

       <fileName>

       [-format {html excel text vivid}]

       Reads the YAML file written by the write_metric_config command.

Parameters
       <fileName>
              Specifies the name to read metric configuration from.

              Data_type: string, required

       -format {html excel text vivid}
              Specifies the configuration for specified report_metric format.

              Data_type: enum, optional

       -help  Outputs a brief description that includes type and  default  in-
              formation for each read_metric_config parameter.

              For a detailed description of the command and all of its parame-
              ters, use the man command:

              man read_metric_config

Example
       The  following  example writes the YAML structure in the text format in
       small.text, reads the YAML file, and generates the report in  the  text
       format.

       > write_metric -format text small.text ;

       > read_metric_config -format text small.yaml

       > report_metric  -format text

Related Information
              * report_metric

              * write_metric_config

                           Fri Apr 04 01:25:37 2025  read_metric_config(25.10)