Product Version     25.10    Cadence Design Systems, Inc.
reset_ccopt_routing_state(25.10)              reset_ccopt_routing_state(25.10)

Name
       reset_ccopt_routing_state  -  Resets the status of the CCOpt clock nets
       to "routed"

Syntax
       reset_ccopt_routing_state

       [-help]

       [-excluded {<netname1 netname2>.....}]

       [-no_delete_routes]

       [-reset_preroutes]

       Resets the status of the CCOpt clock nets to "routed". The default  be-
       havior  of the software is to then delete these nets, but you can spec-
       ify the -no_delete_routes parameter  to  stop  these  nets  from  being
       deleted. The purpose of this command is to reset the routing state post
       NanoRoute,    so    that    it   can   be   rerun   later   using   the
       route_ccopt_clock_tree_nets command.

Parameters
       -help  Outputs a brief description that includes type and  default  in-
              formation  for  each  reset_ccopt_routing_state parameter. For a
              detailed description of the command and all of  its  parameters,
              use the man command:

               man reset_ccopt_routing_state

       -excluded {<netname1 netname2>.....}
              Specifies  the list of nets whose routing state is not to be re-
              set.

       -no_delete_routes
              Specifies that the nets whose status is set to routed should not
              be deleted.

       -reset_preroutes
              When specified, resets the status of pre routes. By default, the
              pre-routes will be skipped.

Example
              *

                The following command resets the routing state of  clock  nets
                without deleting them and excluding the specified net:

                reset_ccopt_routing_state      -no_delete_routes     -excluded
                {clock1111}

Related Information
              * route_ccopt_clock_tree_nets

              * The following chapter in the Innovus User Guide

                * Clock Tree Synthesis

                           Fri Apr 04 01:25:37r2e0s2e5t_ccopt_routing_state(25.10)