Product Version     25.10    Cadence Design Systems, Inc.
setDensityMapMode(25.10)                              setDensityMapMode(25.10)

Name
       setDensityMapMode  -  Sets  global  parameters for the reportDensityMap
       command

Syntax
       setDensityMapMode

       [-help]

       [-reset]

       [-gridInMicron <microns>] [-gridInRow <numberRows>]

       [-ignoreBlock {true|false}]

       [-ignoreFiller {true|false}]

       [-threshold <density>]

       Sets global parameters for  the  reportDensityMap  command.  Parameters
       that  you specify with setDensityMapMode are then used when you run re-
       portDensityMap.

       Note: Parameters specified by the  reportDensityMap  command  supersede
       those specified by the setDensityMapMode command.

       See getDensityMapMode to return the current settings for setDensityMap-
       Mode.

Parameters
       -gridInMicron <microns>
              Specifies  the horizontal or vertical dimension of a grid in the
              map, measured in microns.

              Default: 50

       -gridInRow <numberRows>
              Specifies the horizontal or vertical dimension of a grid in  the
              map,  measured  in  number  of rows. If you specify a value less
              than 1, the software uses 1.

              Default: 10

       -help  Outputs a brief description that includes type and  default  in-
              formation for each setDensityMapMode parameter.

              For a detailed description of the command and all of its parame-
              ters, use the man command: man setDensityMapMode.

       -ignoreBlock {true|false}
              Skips block cells instances from both supply and demand calcula-
              tion.

              Default: false

       -ignoreFiller {true|false}
              Ignores  the  density of fillers in the post-filler density heat
              map to show the density of standard cells .

              Default: false

       -reset Resets parameters to their default values. The -reset  parameter
              must  be the first parameter specified. If you specify -reset by
              itself, the software resets all setDensityMapMode parameters  to
              their  default  values.  If you specify parameters after -reset,
              the software resets only those parameters to their default  val-
              ues.

              Any  values  that do not already match the default value and are
              reset will be reported.

       -threshold <density>
              Specifies a threshold density value for the grid. Any grid under
              the threshold value is not reported. The value must be positive.
              Cadence recommends an upper limit of 1.20.

              Default: 0.75

Examples
              * The following command resets the -gridInRow parameter  to  its
                default value:

                setDensityMapMode -reset -gridInRow

              * The  following command resets all setDensityMapMode parameters
                to their default values:

                setDensityMapMode -reset

              * The following command sets density threshold to 0.25  for  re-
                portDensityMap:

                setDensityMapMode -threshold 0.25

Related Information
              * getDensityMapMode

              * reportDensityMap

                           Fri Apr 04 01:25:37 2025   setDensityMapMode(25.10)