Product Version     25.10    Cadence Design Systems, Inc.
delete_ccopt_c...e_source_group(25.10)  delete_ccopt_c...e_source_group(25.10)

Name
       delete_ccopt_clock_tree_source_group  -  This command deletes all clock
       tree source groups matching the specified pattern

Syntax
       delete_ccopt_clock_tree_source_group

       [-help]

       pattern

       [-regexp]

       This command deletes all clock tree source groups matching  the  speci-
       fied pattern.

Parameters
       -help  Outputs  a  brief description that includes type and default in-
              formation for each delete_ccopt_clock_tree_source_group  parame-
              ter.  For  a  detailed description of the command and all of its
              parameters,      use      the      man       command:        man
              delete_ccopt_clock_tree_source_group.

       <pattern>
              Specifies  the  patterns for clock tree source groups to delete.
              This parameter is required.

       -regexp
              Specifies whether or not to use regular expression matching.

Examples
              * Use the following command to  delete  all  clock  tree  source
                groups starting with "clk":

                delete_ccopt_clock_tree_source_group clk*

              * When  you  check  for  clock  tree source groups starting with
                "clk", the software returns nothing.

                get_ccopt_clock_tree_source_groups clk*

                nothing returned

Related Information
              * create_ccopt_clock_tree_source_group

              * create_ccopt_clock_tree_spec

              * create_ccopt_clock_tree

              * ccopt_design

              * clock_opt_design

              * get_ccopt_clock_tree_source_groups

              * The following chapter in the Innovus User Guide

                * Clock Tree Synthesis

                           Fri Apr 04 01:d2e5l:e3t7e_2c0c2o5pt_c...e_source_group(25.10)