Product Version     25.10    Cadence Design Systems, Inc.
delaycal_suppo...ire_load_model(25.10)  delaycal_suppo...ire_load_model(25.10)

Name
       delaycal_support_wire_load_model

Syntax
        delaycal_support_wire_load_model {0 | 1}

       Type: Integer

       Default: 0

       Enables support of Liberty wire-load models and related SDC commands.

Related Information
              * "Base  Delay  Analysis"  chapter  in  the  Innovus System User
                Guide.

Related Information
              * report_wire_load

              * reset_wire_load_mode

              * reset_wire_load_model

              * reset_wire_load_selection_group

              * set_wire_load_mode

              * set_wire_load_selection_group

                           Fri Apr 04 01:d2e5l:a3y7ca2l0_2s5uppo...ire_load_model(25.10)