Product Version     25.10    Cadence Design Systems, Inc.
highlight(25.10)                                              highlight(25.10)

Name
       highlight - Highlights selected or specified objects with the Highlight
       Set available through the  View - Highlight Selected menu

Syntax
       highlight

       [-help]

       [<<any_object>>+]

       [-index <indexValue> | -auto_color  | -original]

       [-color <colorValue> | -auto_color  | -original]

       [-pattern <patternValue> | -original]

       Highlights  selected or specified objects with the Highlight Set avail-
       able through the  View - Highlight Selected menu. The value for the in-
       dex corresponds to the Highlight Set that will be applied. For example,
       a value of 4 for the index specifies that all selected objects will  be
       highlighted  with the same color and pattern as available for the High-
       light Set #4 in the  View - Highlight Selected menu. You can  use  this
       command at any stage in the design flow.

       You  can  also  provide a specific color and/or pattern to be used. All
       selected objects will be highlighted with the color and/or pattern that
       you specify.

       If you specify a color and or pattern, the Highlight Set  corresponding
       to  the index value will be updated to use the color and pattern speci-
       fied. For example, if you specify an index value of 5, color green, and
       pattern backslash, the Highlight Set #5 will get updated  to  have  the
       color green and the pattern backslash.

       You  can  dehighlight  the  highlighted objects through the dehighlight
       command or through the  View - Clear Highlight menu.

        Note: If an object is selectable, you can highlight it using the high-
       light command.

       Use the highlight_pin command to highlight shapes  for  specified  SIG-
       NAL/POWER pins.

Parameters
       -help  Prints a brief description that includes type and default infor-
              mation for each highlight parameter.

              For a detailed description of the command and all of its parame-
              ters, use the man command:

              man highlight

       <any_object+>
              Specifies object pointer list for highlighting.

       -auto_color
              Specifies the object color automatically. When this parameter is
              specified,  the  selected object is highlighted with a different
              color each time you call the highlight command.

              Note: This parameter cannot be used with -index or -color.

       -index <indexValue>
              Specifies the index value for the specified object.

              All objects that are selected will be highlighted with the  same
              color  and  pattern as defined in corresponding Highlight Set in
              the View - Highlight Selected menu

              As an example, if you specify a value of 3 for  index,  all  ob-
              jects  that are selected will be highlighted with the same color
              and pattern as available for the Highlight Set #3 in the View  -
              Highlight Selected menu.

              Note  that  the  maximum value is related to the Number of High-
              light Color setting in the Edit Highlight Color  form.  If  this
              value  is 64, the maximum acceptable value for the -index option
              is 64. If set to 256, the maximum acceptable value for -index is
              256.

              The minimum value is 1.

       -color <colorValue>
              Specifies the color value for the specified  object.  The  color
              value  is  the same as that available through the Edit Highlight
              Color form (View - Edit Highlight Color).

              You can also use the Red Green Blue (RGB) value in the following
              format: #<V1V2V3> where V1, V2, and V3 are the hexadecimal  val-
              ues  for the red, green, and blue color components respectively.
              For example, you can specify the value #CC66FF.

              Default: The color defined for the Highlight  Set  corresponding
              to the index value is used.

       -original
              Highlights  the  object in original color. This option is useful
              if you want to check a specific object  more  closely  with  the
              background  dimmed. An object highlighted in original color will
              stand out in the dimmed background:

              Note: This parameter cannot be  used  with  -index,  -color,  or
              -pattern.

       -pattern <patternValue>
              Specifies  the  pattern value for the specified object. The pat-
              tern value is the same as the Stipple  Value  available  through
              the Edit Highlight Color form.

              Default:  The pattern (Stipple Value) for the Highlight Set cor-
              responding to the index value is used.

Examples
              * The following command highlights all selected objects with the
                same color and pattern as defined for the Highlight Set #4  in
                the  View - Highlight Selected menu.

                highlight -index 4

              * The  following  commands highlight the boxes named fuu and bar
                with the same color and pattern as defined for  the  Highlight
                Set #4 in the View - Highlight Selected menu.

                highlight  [ list [ dbget -p1 top.insts.name fuu ] [ dbget -p1
                top.insts.name bar ] ] -index 4

                or

                highlight " [ dbget -p1  top.insts.name  fuu  ]  [  dbget  -p1
                top.insts.name bar ] " -index 4

              * The  following  command highlights just the box named fuu with
                the same color and pattern as defined for the Highlight Set #4
                in the View - Highlight Selected menu.

                highlight [ dbget -p1 top.insts.name fuu ] -index 4

              * The following command highlights all selected objects with the
                color green and the pattern dot4. The index values is set to 5
                and, therefore, the command will also change the definition of
                the Highlight Set #5 (View - Highlight Selected menu) to  have
                color green and pattern dot4.

                highlight -index 5 -color green -pattern dot4

              * The following command highlights all selected objects with the
                color  corresponding  to the RGB hexadecimal value #33FF66 and
                the pattern horizontal. The index values  is  set  to  3  and,
                therefore,  the command will also change the definition of the
                Highlight Set #5 (View -  Highlight  Selected  menu)  to  have
                color #33FF66 and pattern horizontal.

                highlight -index 3 -color #33FF66 -pattern horizontal

Related Information
              * dehighlight

              * highlight_pin

              * View Menu chapter of the Menu Reference:

                * Highlight Selected

                * Clear Highlight

                * Edit Highlight Color

                           Fri Apr 04 01:25:37 2025           highlight(25.10)