Product Version     25.10    Cadence Design Systems, Inc.
list_property(25.10)                                      list_property(25.10)

Name
       list_property  - Lists all of the properties associated with the speci-
       fied object type

Syntax
       list_property

       [-help]

       [-type {cell clock  design  lib  lib_cell  lib_pin  lib_timing_arc  net
       path_group  pin  port timing_arc timing_path timing_point pg_net pg_pin
       lib_pg_pin si_victim si_attacker}]

       Lists all of the properties associated with the specified object type.

       If you do not specify any object type, this command lists all the  sup-
       ported  object  types, and all the properties associated with those ob-
       ject types.

Parameters
       -help  Prints out the command usage.

       -type <object_type>
              Lists the properties associated with the specified object  type.
              The following object types are supported:

              cell,   clock,   design,  lib,  lib_cell,  lib_pg_pin,  lib_pin,
              lib_timing_arc, net,  path_group,  pg_net,  pg_pin,  pin,  port,
              si_attacker, si_victim, timing_arc, timing_path, or timing_point

              Additional  SI  properties can be included with the timing_point
              object. To enable SI properties, you can  set  timing_report_en-
              able_si_debug global variable to true.

Related Information
              * define_property

              * get_property

              * report_property

              * reset_property

              * set_property

                           Fri Apr 04 01:25:37 2025       list_property(25.10)