Product Version     25.10    Cadence Design Systems, Inc.
get_ccopt_skew_groups(25.10)                      get_ccopt_skew_groups(25.10)

Name
       get_ccopt_skew_groups  -  This  command  returns  a list of skew groups
       whose names match the specified pattern

Syntax
       get_ccopt_skew_groups

       [-help]

       [<pattern>]

       [-regexp]

       This command returns a list of skew groups whose names match the speci-
       fied pattern.

Parameters
       -help  Outputs a brief description that includes type and  default  in-
              formation  for  each  get_ccopt_skew_groups parameter. For a de-
              tailed description of the command and all of its parameters, use
              the man command:

               man get_ccopt_skew_groups

       <pattern>
              Returns skew groups that match this pattern. If  not  specified,
              all  the  skew  groups  that satisfy the other conditions of the
              command will be returned.

       -regexp
              When specified, treats all patterns as full Tcl regular  expres-
              sions.  If  not specified, pattern is treated as a wildcard pat-
              tern.

Examples
              *

                The following command returns all skew groups:

                get_ccopt_skew_groups *

                m_clk/PM_HL_FUNC m_digit_clk/PM_HL_FUNC m_dsram_clk/PM_HL_FUNC
                m_ram_clk/PM_HL_FUNC m_rcc_clk/PM_HL_FUNC m_spi_clk/PM_HL_FUNC
                refclk/PM_HL_FUNC

              *

                The following command returns all skew groups associated  with
                the clock, m_digit_clk:

                get_ccopt_skew_groups m_digit_clk*

                m_digit_clk/PM_HL_FUNC

              *

                The  following command returns all skew groups whose name con-
                tains the word "ram":

                get_ccopt_skew_groups ram -regexp

                m_dsram_clk/PM_HL_FUNC m_ram_clk/PM_HL_FUNC

Related Information
              * create_ccopt_skew_group

              * get_ccopt_property

              * get_ccopt_skew_group_delay

              * get_ccopt_skew_group_path

              * delete_ccopt_skew_groups

              * modify_ccopt_skew_group

              * report_ccopt_skew_groups

              * set_ccopt_property

              * The following topics in the Innovus User Guide

                * Generating Reports in Clock Tree Synthesis

                * Manual Setup and Adjustment of the Clock Tree Specification

                           Fri Apr 04 01:25:37 2025get_ccopt_skew_groups(25.10)