Product Version     25.10    Cadence Design Systems, Inc.
get_constant_for_timing(25.10)                  get_constant_for_timing(25.10)

Name
       get_constant_for_timing  - Queries the design database for the state of
       the specified pin or the state  propagated  through  the  combinational
       logic cone to that pin

Syntax
        get_constant_for_timing

       [-bidi_input | -bidi_output]

       <pin_name>

       Queries  the  design database for the state of the specified pin or the
       state propagated through the combinational logic cone to that pin.  The
       returned  value is 0 for logic 0, 1 for logic 1, X for undefined, and Z
       for tristate.

       Note: Constants on hierarchical ports are not computed.

       The get_constant_for_timing command returns the state for one pin only.
       If you want to know the state on all ports that have  a  constant  set,
       use  the -type constant option with the report_ports command. For exam-
       ple:

       report_ports -type constant.Use the -tcl_list  option  to  process  the
       list in Tcl.

       See report_net examples for an example of the -tcl_list output.

Parameters
       -bidi_input | -bidi_output
              Returns  the constant that is set on the input or output part of
              bidirectional pins.

              Default: Returns the constant on the output part.

       <pin_name>
              Specifies the name of the single pin to query for pin state. The
              pin must be an instance pin or primary I/O port.

Examples
              * The following command sets the value of the  specified  pin(s)
                to   either   a   1  or  0  for  use  by  the  timing  engine:
                set_case_analysis 0 J_block/zbuf0/A

              * The following command queries  the  design  database  for  the
                state of the specified pin or the state propagated through the
                combinational  logic cone to that pin: get_constant_for_timing
                J_block/zbuf0/A

Related Information
              * report_ports

              * set_case_analysis

              * report_case_analysis

                           Fri Apr 04 01:25:37 20g2e5t_constant_for_timing(25.10)