Product Version     25.10    Cadence Design Systems, Inc.
generate_power_up_report(25.10)                generate_power_up_report(25.10)

Name
       generate_power_up_report

Syntax
       generate_power_up_report

       [-help]

       [-switch_net <net_name>]

       -output_directory <directory_name>

       -state_directory <directory_name>

       Specifies  to  generate  power-up  statistics  report  to view the ramp
       up/inrush current, worst power switch voltage, and additional  instance
       voltage data (average, median, max, and standard deviation voltage data
       versus  time)  for the powering-up rail. The following files are gener-
       ated in the GIF and text formats:

              * average voltage of instances (.avgV)

              * max voltage of instances (.maxV)

              * min voltage of instances (.minV)

              * median of instance voltages (.medianV)

              * standard deviation of instance voltages (.deltaV)

              * total inrush current (.inrushI)

              * average voltage of power gates (.avgV)

              * max voltage of power gates (.maxV)

              * min voltage of power gates (.minV)

              * median of power gate voltages (.medianV)

              * standard deviation of power gate voltages (.deltaV)

Parameters
       -switch_net <net_name>
              Specifies the name of the powering up rail for which you want to
              generate detailed power-up statistics.

       -output_directory <directory_name>
              Specifies the output directory in which the power-up  statistics
              results will be saved in.

       -state_directory <directory_name>
              Specifies  the top-level state directory that is generated by IR
              drop analysis. This state directory  contains  analysis  of  all
              nets associated with the power domain; for example, core_25C_dy-
              namic_1.

Examples
              *

                The  following  command  generates power-up statistics for the
                ABC_VDD_column net:

                generate_power_up_report -switch_net ABC_VDD_column -state_di-
                rectory core_25C_dynamic_1 -output_directory rpt

                The following is a snippet of the text and  GIF  formats  with
                information on average voltage of instances:

              #List average voltage of instances for net ABC_VDD_column

                # 90% of nominal voltage at 2.1 ns

                # 95% of nominal voltage at 2.2 ns

                # 98% of nominal voltage at 2.6 ns#XLABEL# Time (ns)

                #YLABEL# Voltage (V)

                0 0.0894674

                0.1 0.0894675

                0.2 0.0894676

Related Information
              * set_rail_analysis_mode

              * "Power  Gate  Analysis" in the Voltus IC Power Integrity Solu-
                tion User Guide

              * "Dynamic Power and IRDrop Analysis" in the Voltus IC Power In-
                tegrity Solution User Guide

                           Fri Apr 04 01:25:37 2g0e2n5erate_power_up_report(25.10)