Product Version     25.10    Cadence Design Systems, Inc.
get_pg_pins(25.10)                                          get_pg_pins(25.10)

Name
       get_pg_pins - Returns a collection of netlist-level instance PG pins in
       the current design

Syntax
       get_pg_pins

       [-help]

       [-filter <expr>]

       [-of_objects <object_list>]

       Returns  a  collection of netlist-level instance PG pins in the current
       design. An empty collection is returned if no PG  pin  definitions  are
       found in the design netlist.

Parameters
       -help  Prints out the command usage.

       -filter <expr>
              Specifies  the filters for the collection with the given expres-
              sion.

              For any pg pins that match the pattern, the  software  evaluates
              the expression based on the attribute of the pin.

              You  can  filter  pg pins along with the -of_objects parameter -
              using the pg pin properties of  object  type  pg_pin  (supported
              through the get_property command).

              For  details  on  how to create filter expressions, refer to the
              filter_collection command.

       -of_objects <object_list>
              Specifies the collection of all the  pins  associated  with  the
              specified cells or nets.

              The -of_objects parameter supports get_cells as valid objects.

              For example:

              get_pg_pins  -of_objects  [get_cells  iA/out_reg] iA/out_reg/VSS
              iA/out_reg/VDD

              get_pg_pins iA/out_reg/VDD

              **ERROR: (TCLCMD-1420): Currently  only  -of_objects  option  is
              supported.

       Examples
              * The  following  command  filters  the  collection  of  all the
                pg_pins of the cell instance object to return only the pg pins
                containing the string name defined with the pg_pin  hierarchi-
                cal_name attribute:

                get_pg_pins  -of_objects [get_cells iA/out_reg] -filter "hier-
                archical_name =~ *VDD*"

              * The following command gets the collection of all  pg  pins  of
                the cell instance object:

                get_pg_pins -of_objects [get_cells iA/out_reg]

Related Information
              * get_pg_nets

              * get_pins

                           Fri Apr 04 01:25:37 2025         get_pg_pins(25.10)