Product Version     25.10    Cadence Design Systems, Inc.
timing_get_of_..._compatibility(25.10)  timing_get_of_..._compatibility(25.10)

Name
       timing_get_of_objects_hier_compatibility

Syntax
        timing_get_of_objects_hier_compatibility

       {true | false}

       Default: false

       When  set  to true, the get_pins -of_objects parameter will return leaf
       pins connected to the specified objects.

       When set to false, the get_pins -of_objects parameter will return hier-
       archical pins and leaf pins connected to the specified objects. In  or-
       der to return leaf pins only when the global is set to false, the -leaf
       option must be specified along with the get_pins -of_objects parameter.

       When  set  to true, the get_cells -objects parameter returns cells con-
       nected to the net at the same level of hierarchy as the net itself. Hi-
       erarchical ports will be returned if the net is connected to a  hierar-
       chical module.

       To set this global variable, use the set_global command.

                           Fri Apr 04 01:t2i5m:i3n7g_2g0e2t5_of_..._compatibility(25.10)