Product Version     25.10    Cadence Design Systems, Inc.
set_input_transition(25.10)                        set_input_transition(25.10)

Name
       set_input_transition  -  Specifies  the slew time for a port on the top
       level module

Syntax
       set_input_transition

       [-help]

       [-min]

       [-max]

       [-rise]

       [-fall]

       <transition_time>

       <port_list>

       Specifies the slew time for a port on the top level module.  This  com-
       mand  is  useful  only  in specifying a hard ramp signal as if the port
       were driven by a very powerful driver. The command does not change  the
       arrival time of an input, but changes the slew time used to compute the
       delay of the cell on the sink of a net. If you do not define transition
       using  the  set_input_transition command, the software uses the default
       input port transition defined in the configuration  file.  The  default
       value  is  0.1ps.  You can also set the delaycal_input_transition_delay
       global variable to override the default value.

       The set_input_transition command specification for clock  signals  does
       not impact setup/hold timing calculations.

       Note:  The set_input_transition command does not support internal pins.
       For specifying transition on internal pins use the  set_annotated_tran-
       sition command.

       Note:  The  most  recent command settings (of set_driving_cell, set_in-
       put_transition, or set_drive) that are applied to a port will  be  con-
       sidered - the software will override the previous commands.

Parameters
       -help  Prints out the command usage.

       -fall | -rise
              Specifies  that  the  slew  time should be applied to the rising
              edge or the falling edge of the signal (data or clock). If  nei-
              ther time is specified, the default is to use both.

       -min | -max
              Indicates  whether  the slew times are with respect to the early
              (hold) or the late (setup) time checks of the  data  signal.  If
              neither option is specified, the default is to use both.

       <port_list>
              Specifies  the  list  of ports for which the slew time is speci-
              fied.

              Note: You cannot use the set_input_transition command to specify
              transition on output ports.

              Note: When  you  use  both  set_input_transition  and  set_anno-
              tated_transition  commands  for  specifying  transition on input
              ports, the worst value is used as the transition value.

       <transition_time>
              Specifies the transition time.

Examples
              * The following command specifies the slew time of 0.5  on  port
                input3.

                set_input_transition 0.5 input3

              * The  following  command  specifies  the  input falling slew of
                0.6ns on the port input1 for minimum delay type:

                set_input_transition -min -fall 0.6 input1

Related Information
              * report_ports

              * set_driving_cell

              * set_drive

              * set_clock_transition

                           Fri Apr 04 01:25:37 2025set_input_transition(25.10)