Product Version     25.10    Cadence Design Systems, Inc.
get_proto_mode(25.10)                                    get_proto_mode(25.10)

Name
       get_proto_mode  -  Returns information about a specified set_proto_mode
       parameter in the Innovus log file and the console

Syntax
       get_proto_mode

       [-help]

       [-allow_model_with_io]

       [-allow_powerdomain_in_flexmodel]

       [-create_dir]

       [-create_high_fanout_psPM]

       [-create_lib]

       [-create_metal_fill_NDR]

       [-create_metal_fill_nominal]

       [-create_multi_corner_psPM]

       [-create_NDR_psPM_model]

       [-create_no_flex_filler]

       [-create_partition_as_flexmodel]

       [-create_pipeline_flop]

       [-create_powerdomain_psPM]

       [-create_timing_budget]

       [-identify_algorithm]

       [-identify_estimated_flexmodel_number]

       [-identify_exclude_module]

       [-identify_exclude_module_and_parent]

       [-identify_exclude_module_tree]

       [-identify_honor_objects_hierarchy]

       [-identify_max_inst]

       [-identify_min_inst]

       [-keep_inst_file_only]

       [-keep_instance_defined_in_sdc]

       [-keep_slack_improve_NDR]

       [-max_report_NDR_net]

       [-route_net_NDR]

       [-timing_net_delay_model]

       [-timing_ps_per_micron]

       [-verbose]

       [-quiet]

       [-nonDefault]

       Returns information about a specified set_proto_mode parameter  in  the
       Innovus  log  file  and  the  console. The following information is re-
       turned:

              * Parameter name

              * Current value

              * Type (Boolean, string, and so on)

              * Whether the current value was set by user

       If you do not specify a parameter, the Innovus software returns  values
       for all of the set_proto_mode parameters.

Parameters
       -help  Outputs  a  brief description that includes the type and default
              information for each get_proto_mode parameter.  For  a  detailed
              description  of  the  command and all of its parameters, use the
              man command:  man get_proto_mode

       <parameter_names>
              Returns information for the specified parameters. You can  spec-
              ify one or more parameters.

              See set_proto_mode for description of parameters.

Examples
              * The  following command retrieves the list of modules that have
                been excluded from being marked as FlexModels:

                get_proto_mode -identify_exclude_module

              * The following command retrieves the name of  FlexModel  direc-
                tory and estimated delay per micron for each layer:

                get_proto_model -create_dir -timing_ps_per_micron

Related Information
              *

                set_proto_mode

              * identify_proto_model

              * set_proto_model

              *

                report_proto_model

              *

                Prototyping Methodologies chapter in the Innovus User Guide

                           Fri Apr 04 01:25:37 2025      get_proto_mode(25.10)