Product Version     25.10    Cadence Design Systems, Inc.
set_logic_zero(25.10)                                    set_logic_zero(25.10)

Name
       set_logic_zero - Sets ports or pins to logic 0 in the design

Syntax
       set_logic_zero

       -help

       <ports_pins>

       Sets ports or pins to logic 0 in the design.

Parameters
       -help  Outputs  a  brief description that includes type and default in-
              formation for each set_logic_zero parameter. For a detailed  de-
              scription  of the command and all of its parameters, use the man
              command: man set_logic_zero.

       <ports_pins>
              Specifies the list of the ports or pins that are to  be  set  to
              logic 0.

Examples
              * The following command sets the specified port to logic 0:

                set_logic_zero [get_ports {din[0]}]

Related Information
              * get_ports

                           Fri Apr 04 01:25:37 2025      set_logic_zero(25.10)