Product Version     25.10    Cadence Design Systems, Inc.
suppressMessage(25.10)                                  suppressMessage(25.10)

Name
       suppressMessage  - Suppresses error or warning messages identified by a
       unique ID

Syntax
       suppressMessage

       [-help]

       <prefix numId> [<numId2 ... numIdn>]

       Suppresses error or warning messages identified by a unique ID.

       Note: This command suppresses the specified message regardless  of  the
       setting specified by the setMessageLimit command. For example, consider
       the  case  where  you  have used the setMessageLimit command to specify
       that a message should be suppressed after  a  fixed  number  of  occur-
       rences. If you now run the suppressMessage command on this message, the
       message  will be suppressed, irrespective of the number of times it oc-
       curs.

Parameters
       -help  Outputs a brief description that includes type and  default  in-
              formation for each supressMessage parameter.

              For a detailed description of the command and all of its parame-
              ters, use the man command: man suppressMessage.

       <prefix numId> [<numId2 ... numIdn>]
              Specifies the prefix for the error or warning message.

              <numId>:  Specifies  the  unique  numerical ID of the message to
              suppress.

              <numId2 ... numIdn>: Specifies additional numerical IDs for  the
              same prefix.

              Data_type: string, optional

Examples
              * The following command suppresses the warning messages with the
                message ID SI-2190:

                suppressMessage SI 2190

              * This  example suppresses SOCLF-200 warning messages during de-
                sign import:

                suppressMessage SOCLF 200

              * This example suppresses SOCLF-80 and  SOCLF-200  warning  mes-
                sages during design import:

                suppressMessage SOCLF 80 200

              * Alternatively,  you can explicitly name each message. This ex-
                ample also suppresses SOCLF-80 and SOCLF-200 warning  messages
                during design import:

                suppressMessage SOCLF-80 SOCLF-200

              * This  example  suppresses SOCLF-80, SOCLF-200, SOCPTN-160, and
                SOCPTN-400 warning messages:

                suppressMessage SOCLF 80 200 SOCPTN 160 400

              * Alternatively, you can explicitly name each message. This  ex-
                ample  also  suppresses  SOCLF-80,  SOCLF-200, SOCPTN-160, and
                SOCPTN-400 warning messages.

                suppressMessage SOCLF-80 SOCLF-200 SOCPTN-160 SOCPTN-400

              * This example suppresses all messages from  the  SOCLF  catalog
                during design import:

                suppressMessage SOCLF

              * Multiple  parameters  can  be  used in combination on a single
                line. This example suppresses all SOCLF messages and SOCECO-90
                messages.

                suppressMessage SOCLF SOCECO-90

              * The following command will suppress the SOCLF-8 message.

                suppressMessage SOCLF 8*

                *  (asterisk) is not allowed in the suppressMessage command.

Related Information
              * setMessageLimit

                           Fri Apr 04 01:25:37 2025     suppressMessage(25.10)