Product Version     25.10    Cadence Design Systems, Inc.
get_ccopt_delay_corner(25.10)                    get_ccopt_delay_corner(25.10)

Name
       get_ccopt_delay_corner

Syntax
       get_ccopt_delay_corner

       [-help]

       This  command  returns the name of the CCOpt primary-half delay corner,
       which is the main corner that CTS uses for balancing clock trees.  This
       delay  corner is usually the first setup corner. This command is useful
       if you are trying to determine why the balancing constraints  have  not
       been met.

       The  primary  delay  corner  can  be set using the primary_delay_corner
       property. However, if you set this property to {}, which is the default
       value, then you can use the get_ccopt_delay_corner command to  retrieve
       the name of the corner that was picked by default.

Parameter
       -help  Outputs a brief description of get_ccopt_delay_corner parameter.

Example
              * The  following  command returns the name of the CCOpt primary-
                half corner:

                get_ccopt_delay_cornerAV_HL_FUNC_MAX_RC1_dc:setup

Related Information
              * set_ccopt_property

              * The following topic in the Innovus User Guide

                * Generating Reports in Clock Tree Synthesis

              * The following property:

                primary_delay_corner

                For details, see the CCOpt Properties chapter in  the  Innovus
                User Guide.

                           Fri Apr 04 01:25:37 202g5et_ccopt_delay_corner(25.10)