Product Version     25.10    Cadence Design Systems, Inc.
uiSetTool(25.10)                                              uiSetTool(25.10)

Name
       uiSetTool - Selects specified tool widget in the main window and enters
       interactive mode

Syntax
       uiSetTool

       [-help]

       <mode>

       Selects specified tool widget in the main window and enters interactive
       mode.

       For more information on tool widgets, see the "Tool Widgets" section in
       the The Main Window chapter of the Innovus Menu Reference.

Parameters
       -help  Prints a brief description that includes type and default infor-
              mation for each uiSetTool parameter.

              For a detailed description of the command and all of its parame-
              ters, use the man command:

              man uiSetTool.

       <mode> {select | move | ruler | util | cut | obstruct | layerBlk | ptn-
       Feed | ptnPinBlk | ptnPinGuide | addWire | addVia | cutWire | stretch-
       Wire | addPoly | addBusGuide | p2pRoute}
              Specifies the interactive mode to enter. The following modes are
              supported:

              * select - Chooses the Select tool widget in the main window.

              * move - Selects the Move/Resize/Reshape tool widget in the main
                window.

              * ruler  - Selects the Create Ruler tool widget in the main win-
                dow.

              * util - Selects the Query Area Density tool widget in the  main
                window.

              * cut - Selects the Cut Rectilinear tool widget in the main win-
                dow.

              * obstruct - Selects the Create Placement Blockage widget in the
                main window.

              * layerBlk  - Selects the Create Routing Blockage tool widget in
                the main window.

              * ptnFeed - Selects the Create Physical Feedthrough tool  widget
                in the main window.

              * ptnPinBlk - Selects the Create Pin Blockage tool widget in the
                main window.

              * ptnPinGuide  - Selects the Create Pin Guide tool widget in the
                main window.

              * addWire - Selects the Edit Wire tool widget in the  main  win-
                dow.

              * addVia - Selects the Add Via tool widget in the main window.

              * cutWire - Selects the Cut Wire tool widget in the main window.

              * stretchWire  - Selects the Move/Resize Wire tool widget in the
                main window.

              * addPoly - Selects the Add Polygon tool widget in the main win-
                dow.

              * addBusGuide - Selects the Edit Bus Guide tool  widget  in  the
                main window.

              * p2pRoute - Selects the Point to Point Route tool widget in the
                main window.

Example
       The following command is used to enter the Create Ruler mode in the de-
       sign window.

       uiSetTool ruler

Related Information
              * The Main Window chapter of the Menu Reference

                * Tool Widgets

                           Fri Apr 04 01:25:37 2025           uiSetTool(25.10)