Product Version     25.10    Cadence Design Systems, Inc.
getLayerPreference(25.10)                            getLayerPreference(25.10)

Name
       getLayerPreference - Provides information about a single preference for
       a single object

Syntax
       getLayerPreference

       [-help]

       <layer_name>

       {-isVisible  |  -isSelectable | -color | -lineWidth | -stipple | -stip-
       pleData}

       Provides information about a single preference for a single object.

       See setLayerPreference for descriptions of how  to  set  layer  prefer-
       ences.

Parameters
       -help  Prints a brief description that includes type and default infor-
              mation for each getLayerPreference parameter.

              For a detailed description of the command and all of its parame-
              ters, use the man command:

              man getLayerPreference

       -color Provides information about the color of the object. A color name
              or a numeric RGB value is returned.

              Data_type: bool, optional

       -isSelectable
              Provides  information about whether the object is selectable. If
              a value of 1 is returned, the object is selectable. If  a  value
              of 0 is returned, the object is not selectable.

              Data_type: bool, optional

       -isVisible
              Provides  information  about whether the object is visible. If a
              value of 1 is returned, the object is visible. If a value  of  0
              is returned, the object is not visible.

              Data_type: bool, optional

       <layer_name>
              Provides the name of the layer or the object type.

              Data_type: string, required

       -lineWidth
              Provides information about the number of pixels in the border of
              the specified object. An integer value is returned.

              Data_type: bool, optional

       -stipple
              Provides  information about the stipple pattern of the object. A
              stipple name is returned.

              Data_type: bool, optional

       -stippleData
              Provides information about the width and height of  the  stipple
              pattern. This information is in x-window bitmap format.

              Data_type: bool, optional

Example
       Returns the color for Metal1 objects:

       getLayerPreference Metal1 -color

Related Information
              * setLayerPreference

                           Fri Apr 04 01:25:37 2025  getLayerPreference(25.10)