Product Version     25.10    Cadence Design Systems, Inc.
set_io_thresholds(25.10)                              set_io_thresholds(25.10)

Name
       set_io_thresholds  - Sets the threshold trip-points used for delay cal-
       culation to and from the primary I/Os

Syntax
        set_io_thresholds

       [-slew_lower_threshold_pct <pctValue>]

       [-slew_upper_threshold_pct <pctValue>]

       [-input_threshold_pct <pctValue>]

       [-output_threshold_pct <pctValue>]

       [-slew_lower_threshold_pct_rise <pctValue>]

       [-slew_lower_threshold_pct_fall <pctValue>]

       [-slew_upper_threshold_pct_rise <pctValue>]

       [-slew_upper_threshold_pct_fall <pctValue>]

       [-input_threshold_pct_rise <pctValue>]

       [-input_threshold_pct_fall <pctValue>]

       [-output_threshold_pct_rise <pctValue>]

       [-output_threshold_pct_fall <pctValue>]

       Sets the threshold trip-points used for delay calculation to  and  from
       the primary I/Os. The set_io_thresholds command does not affect the in-
       terpretation of threshold settings in the Liberty timing libraries; the
       effect is strictly limited to the I/O ports.

       If  you  do  not specify I/O thresholds with the set_io_thresholds com-
       mand, delay calculation assumes that the I/O thresholds are  equivalent
       to those of the logic gates to which they are connected.

       The  set_io_thresholds  command  supports  separate  rise and fall slew
       thresholds as normally found in Liberty timing libraries.

       Note: Some third-party applications derive  the  I/O  threshold  values
       from  the  first Liberty timing library in the library search path. The
       software currently does not support this methodology. Explicit  setting
       of  I/O thresholds with the set_io_thresholds command should be used to
       complete a compatible analysis environment.

Parameters
       -input_threshold_pct <pctValue>
              Specifies the slew input threshold value.

       -input_threshold_pct_fall <pctValue>
              Specifies the measurement point for a falling signal  that  will
              be  used  for  calculating the interconnect delay from a primary
              input to internal logic.

              Value: 0 - 100

              Default: 50

       -input_threshold_pct_rise <pctValue>
              Specifies the measurement point for a rising signal that will be
              used for calculating the interconnect delay from a primary input
              to internal logic.

              Value: 0 - 100

              Default: 50

       -output_threshold_pct <pctValue>
              Specifies the slew output threshold value.

       -output_threshold_pct_fall <pctValue>
              Specifies the measurement point for a falling signal  that  will
              be  used  for  calculating  the interconnect delay from internal
              logic to a primary output.

              Value: 0 - 100

              Default: 50

       -output_threshold_pct_rise <pctValue>
              Specifies the measurement point for a rising signal that will be
              used for calculating the interconnect delay from internal  logic
              to a primary output.

              Value: 0 - 100

              Default: 50

       -slew_lower_threshold_pct <pctValue>
              Specifies the slew lower threshold value.

       -slew_lower_threshold_pct_fall <pctValue>
              Specifies the lower trip-point for a falling signal that will be
              used to measure transition times.

              Value: 0 - 100

              Default: 20

       -slew_lower_threshold_pct_rise <pctValue>
              Specifies  the lower trip-point for a rising signal that will be
              used to measure transition times.

              Value: 0 - 100

              Default: 20

       -slew_upper_threshold_pct_fall <pctValue>
              Specifies the upper trip-point for a falling signal that will be
              used to measure transition times.

              Value: 0 - 100

              Default: 80

       -slew_upper_threshold_pct_rise <pctValue>
              Specifies the upper trip-point for a rising signal that will  be
              used to measure transition times.

              Value: 0 - 100

              Default: 80

       -slew_upper_threshold_pct <pctValue>
              Specifies the slew lower rise threshold value.

Examples
       The  following  command  specifies  trip-points for measuring delay and
       transition times:

       set_io_thresholds -slew_lower_threshold_pct_rise 10

       -slew_upper_threshold_pct_fall 80

       -slew_upper_threshold_pct_rise 90

       -slew_lower_threshold_pct_fall 20

       -input_threshold_pct_rise 40

       -input_threshold_pct_fall 70

       -output_threshold_pct_rise 60

       -output_threshold_pct_fall 30

                           Fri Apr 04 01:25:37 2025   set_io_thresholds(25.10)