Product Version     25.10    Cadence Design Systems, Inc.
setSelectedRouteBlk(25.10)                          setSelectedRouteBlk(25.10)

Name
       setSelectedRouteBlk  -  Sets a routing blockage for an attribute of the
       selected routing blockage

Syntax
        setSelectedRouteBlk

       [-help]

       llx lly urx ury

       name

       layers

       [{Undefined | Fills | Slots | Pushdown | EXCEPTPGNET | PGNETONLY | ALL-
       NET}]

       [spacing]

       Sets a routing blockage for an attribute of the selected routing block-
       age. Use this command after importing  the  design  and  selecting  the
       routing blockage.

Parameters
       {Undefined | Fills | Slots | Pushdown | EXCEPTPGNET | PGNETONLY | ALL-
       NET}
              Specifies the attribute of the routing blockage. This can be:

              * Undefined

              * Fills

              * Slots

              * Pushdown

              * EXCEPTPGNET

              * PGNETONLY

              * ALLNET

              Default: Undefined

              Data_type: string, optional

       -help  Outputs  a  brief description that includes the type and default
              information for each setSelectedRouteBlk parameter.  For  a  de-
              tailed description of the command and

              all of its parameters, use the man command:

              man setSelectedRouteBlk

       <layers>
              Specifies the layer(s) and/or via(s).

              * For layer names, specify the number. For example, 3

              * For  via  names, specify the uppercase character V followed by
                the via number. For example, V3

              Note: This parameter supports masterslice layers with  type  RE-
              GION.

              Data_type: string, required

       <llx>  Specifies the lower left x coordinate of the bounding box.

              Data_type: float, required

       <lly>  Specifies the lower left y coordinate of the bounding box.

              Data_type: float, required

       <name> Specifies the name of the routing blockage.

              Data_type: string, required

       <urx>  Specifies the upper right x coordinate of the bounding box.

              Data_type: float, required

       <ury>  Specifies the upper right y coordinate of the bounding box.

              Data_type: float, required

       <spacing>
              Specifies  the minimum spacing between layers within the routing
              blockage. The value is a real number greater than or equal to 0.

              Data_type: string, optional

Examples
              * The following command sets the routing blockage for  fills  in
                routing  blockage  blk2 that lies in the bounding box with the
                coordinates 17, 223, 1117, and 1223, on metal layer1  and  via
                2.

                setSelectedRouteBlk 17 223 1117 1223 blk2 {1 V2} Fills

Related Information
              * Floorplanning the Design chapter in the Innovus User Guide

                           Fri Apr 04 01:25:37 2025 setSelectedRouteBlk(25.10)