Product Version     25.10    Cadence Design Systems, Inc.
analyze_paths_by_clock_domain(25.10)      analyze_paths_by_clock_domain(25.10)

Name
       analyze_paths_by_clock_domain  -  To find the possible timing issues in
       clock combinations, the command creates categories according to  launch
       clocks - capture clocks combinations

Syntax
       analyze_paths_by_clock_domain

       [-help]

       [-include_edges]

       [-include_views]

       [-include_mode]

       [-master <master_category_name>]

       To  find  the possible timing issues in clock combinations, the command
       creates categories according to launch clocks - capture clocks combina-
       tions.

       Following categories are created:

              * Paths with clock fully contained in a single domain, clk1.

              * Paths with clocks starting one clock domain and ending at  an-
                other, clk1-> clk2.

       The command can be applied wherever the user loads the machine readable
       timing report by the load_timing_debug_report command.

       For  more  information  on creating path categories, see "Creating Path
       Categories" in the Debugging Timing Results chapter of User Guide.

Parameters
       -help  Outputs a brief description that includes the type  and  default
              information for each analyze_paths_by_clock_domain parameter.

              For  a  detailed  description of the command and all its parame-
              ters, use the man command:

              man analyze_paths_by_clock_domain

       -include_edges
              Considers leading or trailing edge of the clock  while  defining
              categories.

       -include_mode
              Considers constraint mode while defining categories.

       -include_views
              Considers analysis views while defining categories.

       -master <master_category_name>
              Specifies  that  the  analysis  should be performed only for the
              specified master category.

Examples:
              * The following command creates path categories based  on  clock
                domain  analysis  of  the  critical  paths , and considers the
                edges of the clock:

                analyze_paths_by_clock_domain  -include_edges

              * The following command creates path categories based  on  clock
                domain  analysis  of  the  critical  paths , and considers the
                analysis views:

                analyze_paths_by_clock_domain  -include_views

Related Information
              * The Timing Budgeting chapter of the Innovus User  Guide  docu-
                ment.

              * load_timing_debug_report

                           Fri Apr 04 01:25a:n3a7ly2z0e2_5paths_by_clock_domain(25.10)