Product Version     25.10    Cadence Design Systems, Inc.
get_generated_clocks(25.10)                        get_generated_clocks(25.10)

Name
       get_generated_clocks

Syntax
       get_generated_clocks

       [-help]

       [-filter <expr>]

       [-regexp | -exact]

       [-nocase]

       [<patterns>]

       Creates  a  collection  of generated clocks whose name matches the sup-
       plied pattern list. Assign this collection to a variable, or pass it as
       an argument to another command.

Parameters
       -help  Prints out the command usage.

       -exact Performs exact pattern matching against the object name, instead
              of wild card or regular expression matching. Use this  parameter
              when  the  object name includes special characters such as *, ?,
              and +.

              Note: If you specify this parameter, you cannot specify -regexp.

       -filter <expr>
              Filters the collection with the specified  expression.  For  any
              clocks  that  match  the pattern, the software evaluates the ex-
              pression based on the attribute of the clock.

              For details on how to create filter expressions,  refer  to  the
              filter_collection command.

       -nocase
              Specifies that pattern matching is not case sensitive.

       <patterns>
              Specifies  patterns  for generated clock names. Patterns include
              the * and ? wildcard characters, and  collections  of  generated
              clocks.

       -regexp
              Treats the specified pattern as a regular expression.

              Default: Treats the specified pattern as a wild card

              Note: If you specify this parameter, you cannot specify -exact.

Examples
              * The following command returns the collection of all the gener-
                ated clocks present in the design whose name starts with "CK":

                get_generated_clocks CK*

                CKGEN1 CKGEN2 CKGEN3

                           Fri Apr 04 01:25:37 2025get_generated_clocks(25.10)