Product Version     25.10    Cadence Design Systems, Inc.
setFixedBlockSize(25.10)                              setFixedBlockSize(25.10)

Name
       setFixedBlockSize  - Specifies that during floorplan resizing, the size
       of the specified modules and/or blackboxes should not change

Syntax
       setFixedBlockSize

       [-help]

       <name_list>

       Specifies that during floorplan resizing, the  size  of  the  specified
       modules  and/or  blackboxes  should not change. Use this command before
       specifying the floorplan.

Parameters
       -help  Outputs a brief description that includes the type  and  default
              information for each setFixedBlockSize parameter. For a detailed
              description  of  the  command and all of its parameters, use the
              man command:

              man setFixedBlockSize

       <name_list>
              Specifies that the size of the specified modules  and/or  black-
              boxes  should  not  change  during floorplan resizing. Provide a
              space-separated list of instances.

               *: Specifies that the size of all the modules and/or blackboxes
              should not change during floorplan resizing.

              Data_type: list, required

Example
       The following command specifies that the  size  of  instanceA  and  in-
       stanceB should not change during floorplan resizing.

       setFixedBlockSize instanceA instanceB

Related Information
              * unsetFixedBlockSize

              * Floorplanning the Design chapter in the Innovus User Guide

                           Fri Apr 04 01:25:37 2025   setFixedBlockSize(25.10)