Product Version     25.10    Cadence Design Systems, Inc.
runCLP(25.10)                                                    runCLP(25.10)

Name
       runCLP  -  Verifies  the current design with the power intent file (CPF
       and 1801) using Conformal Low Power (CLP)

Syntax
       runCLP

       [-cpf <fileName>]

       [-cmd <cmdFile>]

       [-extraLib <lib ...>]

       [-extraVlog <fileName ...>]

       [-post_synthesis]

       [-setupOnly]

       [-useEEQCellWithLibertyInfo]

       [-user_config <ConfigurationFile>]

       Verifies the current design with the power intent file (CPF  and  1801)
       using Conformal Low Power (CLP).

       To use this command, specify the path to the CLP (lec) installation be-
       fore  running  the  Innovus  software,  and the CLP license is also re-
       quired. You can use this command after loading a design.

        By default, Innovus software generates the following files, then  runs
       CLP

              *

                Netlist (clp_input/feclp.v)

              *

                CPF/1801 file (feclp.cpf or feclp.upf)

              * dofile (clp_input/feclp.tcl)

Parameters
       -extraLib <lib ...>
              Specifies a list of extra libraries.

              Data_type: string, optional

       -extraVlog <fileName ...>
              Specifies a list of extra Verilog files.

              Data_type: string, optional

       -cpf <fileName>
              Specifies the CPF file to use as input to the verification tool.

              Default: ./feclp.cpf, generated by the Innovus software.

              Data_type: string, optional

       -cmd <cmdFile>
              Specifies the Tcl file to use as input to the verification tool.

              Default:  ./clp_input/feclp.tcl,  generated by the Innovus soft-
              ware.

              Data_type: string, optional

       -post_synthesis
              Supports the Conformal LP post_synthesis mode.

              Data_type: bool, optional

       -setupOnly
              Generates input files, but does not run the verification tool.

              Data_type: bool, optional

       -useEEQCellWithLibertyInfo
              Uses an EEQ cell with timing library definition  as  the  master
              cell of a leaf instance.

              Data_type: bool, optional

       -user_config <ConfigurationFile>
              Specifies the user configuration file.

              Data_type: string, optional

                           Fri Apr 04 01:25:37 2025              runCLP(25.10)