Product Version     25.10    Cadence Design Systems, Inc.
timing_enable_...etup_hold_mode(25.10)  timing_enable_...etup_hold_mode(25.10)

Name
       timing_enable_simultaneous_setup_hold_mode

Syntax
       timing_enable_simultaneous_setup_hold_mode

       {true | false}

       Default: false

       Controls  whether setup and hold checks are analyzed separately, or to-
       gether on the same timing graph.

       When set to false, the setAnalysisMode -checkType setup and hold  para-
       meters are used to switch the system from analyzing setup slacks to an-
       alyzing hold slacks.

       When set to true, setup and hold slacks are analyzed concurrently. As a
       consequence,  both -early and -late queries for reporting commands such
       as report_timing can be satisfied immediately, without additional  cal-
       culation. Simultaneous mode is useful for immediately understanding the
       consequences  to both setup and hold slacks from what-if operations and
       manual ECOs to the design.

       Note: Simultaneous setup and hold mode can  be  used  only  for  timing
       analysis; it cannot be used for any physical implementation steps.

       Simultaneous  setup/hold  mode  has the following behavior differences,
       with respect to the default mode:

                     * setAnalysisMode-checkType setup and hold do  not  func-
                       tion in simultaneous mode.

                     * The write_timing_windows command does not generate tim-
                       ing window information using the min and max libraries.
                       Instead, by default, it uses only the max libraries.

       To set this global variable, use the set_global command.

                           Fri Apr 04 01:t2i5m:i3n7g_2e0n2a5ble_...etup_hold_mode(25.10)