Product Version     25.10    Cadence Design Systems, Inc.
setIoFlowFlag(25.10)                                      setIoFlowFlag(25.10)

Name
       setIoFlowFlag - Sets the flag to use I/O row flow for pad placement

Syntax
        setIoFlowFlag

       [-help]

       {0 | 1}

       Sets  the  flag to use I/O row flow for pad placement. To view the cur-
       rent flag setting, use the getIoFlowFlagcommand. You can use this  com-
       mand  in the floorplanning stage. You can use this commands before cre-
       ating I/O rows for I/O row based pad placement.

Parameters
       {0 | 1}
              Specify 1, to use the I/O row flow. Specify 0, to use the normal
              I/O flow.

              Data_type: int, required

       -help  Outputs a brief description that includes type and  default  in-
              formation  for  each setIoFlowFlag parameter. For a detailed de-
              scription of the command and

              all of its parameters, use the man command:

              man setIoFlowFlag.

Examples
              * The following command enables you to start using the  I/O  row
                flow in Innovus:

                setIoFlowFlag 1

Related Information
              * getIoFlowFlag

              * createIoRow

              * Floorplan Menu chapter in the Innovus Menu Reference

              *

                * Create I/O Row

              * Floorplanning the Design chapter in the Innovus User Guide

              *

                * Performing I/O Row Based Pad Placement

              * Data Preparation chapter in the Innovus User Guide

              *

                * Creating an I/O Assignment Flow

                           Fri Apr 04 01:25:37 2025       setIoFlowFlag(25.10)