Product Version     25.10    Cadence Design Systems, Inc.
zoomIn(25.10)                                                    zoomIn(25.10)

Name
       zoomIn - Zooms in the viewable window

Syntax
       zoomIn [-help]

       Zooms in the viewable window.

Parameters
       -help  Prints a brief description of the zoomIn command.

              For  a detailed description of the command, use the man command:
              man zoomIn.

Related Information
              *

                viewLast

              *

                viewNext

              *

                zoomBox

              *

                zoomOut

              *

                zoomSelected

              *

                zoomTo

              *

                View Menu chapter in the Menu Reference

                * Zoom

                           Fri Apr 04 01:25:37 2025              zoomIn(25.10)