Product Version     25.10    Cadence Design Systems, Inc.
handlePtnAreaIo(25.10)                                  handlePtnAreaIo(25.10)

Name
       handlePtnAreaIo  -  Specifies  the  name  of  the buffer to be used for
       feedthrough insertion in a flip chip design

Syntax
       handlePtnAreaIo

       [-insertBuffer <bufferName> | -noInsertBuffer]

       [-top <extension>]

       [-bottom <extension>]

       [-left <extension>]

       [-right <extension>]

       [-selectedCell]

       [-pinOnBoundary]

       Specifies the name of the buffer to be used for  feedthrough  insertion
       in  a  flip  chip design. Use this command before partitioning the flip
       chip design.

Parameters
       -bottom <extension>
              Specifies how far, in microns, to expand the Area I/O  cell  box
              in  the bottom direction when determining the size of the place-
              ment and routing obstructions to be pushed down.

              Data_type: int, optional

       -insertBuffer <bufferName>
              Specifies either the name of the buffer, or that  there  are  no
              buffers to be inserted.

              Default: -noInsertBuffer

              Data_type: string, optional

       -left <extension>
              Specifies  how  far, in microns, to expand the Area I/O cell box
              in the left direction when determining the size of the placement
              and routing obstructions to be pushed down.

              Data_type: int, optional

       -noInsertBuffer
              Specifies that no buffers are to be inserted.

              Data_type: bool, optional

       -pinOnBoundary
              Specifies the internal pin created to be placed at the intersec-
              tion of the hole punch (placement obstruction) and the space re-
              served for the partition. If it is not specified, the default is
              that the internal pin is placed directly on top of the area  I/O
              cell.

              Data_type: bool, optional

       -right <extension>
              Specifies  how  far, in microns, to expand the Area I/O cell box
              in the right direction when determining the size of  the  place-
              ment and routing obstructions to be pushed down.

              Data_type: int, optional

       -selectedCell
              Specifies  hole  punches  for  all currently selected cells that
              overlap partitions if they are Area I/O cells.  If  you  do  not
              specify  this  parameter, the command specifies hole punches for
              all Area I/O cells that overlap partitions.

              Data_type: bool, optional

       -top <extension>
              Specifies how far, in microns, to expand the Area I/O  cell  box
              in  the top direction when determining the size of the placement
              and routing obstructions to be pushed down.

              Data_type: int, optional

Related Information
              * Partitioning the Design chapter in the Innovus User Guide

                           Fri Apr 04 01:25:37 2025     handlePtnAreaIo(25.10)