Product Version     25.10    Cadence Design Systems, Inc.
timing_cppr_o...n_scale_factor(25.10)    timing_cppr_o...n_scale_factor(25.10)

Name
       timing_cppr_opposite_edge_mean_scale_factor

Syntax
       timing_cppr_opposite_edge_mean_scale_factor

       {0.0 | 1.0}

       Default: 1.0

       Controls  the mean delay component for CPPR credit for opposite transi-
       tion edges at a common pin.

       When this global variable is specified, the software provides  a  finer
       level  configuration  of  the CPPR credit for reducing Common Path Pes-
       simism Removal (CPPR) in timing analysis. The software allows a certain
       amount of CPPR credit in the case of opposite edge  transitions  to  be
       scaled  to  a user-specified value, that is between zero credit or full
       credit provided by the existing controls.

       You can use timing_cppr_opposite_edge_sigma_scale_factor  global  vari-
       able  for adjustment of the sigma component of the CPPR credit. In SOCV
       analysis mode, you can use both of these global variables to separately
       control the adjustment of the mean and sigma  components  of  the  CPPR
       credit.  In  regular  static-timing analysis (STA) mode (without SOCV),
       only the mean scale factor is considered for CPPR adjustment scaling.

       You can use the set command to set this global variable.

                           Fri Apr 04 01:2t5i:m3i7ng2_0c2p5pr_o...n_scale_factor(25.10)