Product Version     25.10    Cadence Design Systems, Inc.
add_to_collection(25.10)                              add_to_collection(25.10)

Name
       add_to_collection

Syntax
       add_to_collection

       [-help]

       <base_collection>

       <second_collection_or_list>

       [-unique]

       Creates  a  new collection by adding objects from one collection to an-
       other collection. The following rules apply:

              * If all of the objects in the base collection are of  the  same
                type,  only  the objects in the second collection that are the
                same type as those in the base collection are added to the new
                collection. If you specify an object list instead, all of  the
                objects in the list must be the same type as those in the base
                collection.

              * If  the  base  collection contains different types of objects,
                all objects in the second collection are added. In this situa-
                tion, you cannot specify an object list.

       If the software finds no objects to add, an  empty  collection  is  re-
       turned.

Parameters
       -help  Prints out the command usage.

       <base_collection>
              Specifies  the base collection of objects. Objects from the sec-
              ond collection or object list are added to  this  collection  to
              create the new collection.

       <second_collection_or_list>
              Specifies the second object collection, or a list of objects.

       -unique
              Removes any duplicate objects from the new collection.

Examples
              * The following command returns a collection which contains both
                the output ports as well as the input ports:

                add_to_collection [all_outputs] [all_inputs]

                Output:

                CLK4 CLK3 CLK2 CLK1 IN4 IN3 IN2 IN1 OUT4 OUT3 OUT2 OUT1 OUT5

                Here, the input and output ports are as follows:

                all_inputs

                CLK4 CLK3 CLK2 CLK1 IN4 IN3 IN2 IN1

                all_outputs

                OUT4 OUT3 OUT2 OUT1 OUT5

Related Information
              * compare_collections

              * copy_collection

              * filter_collection

                           Fri Apr 04 01:25:37 2025   add_to_collection(25.10)