Product Version     25.10    Cadence Design Systems, Inc.
replaceLefMacro(25.10)                                  replaceLefMacro(25.10)

Name
       replaceLefMacro  - Replaces the current MACRO information in the design
       with the MACRO information in the specified LEF file

Syntax
       replaceLefMacro

       [-macros {<listOfMacros>}]

       <lefFile>

       Replaces the current MACRO information in the design with the MACRO in-
       formation in the specified LEF file. You can  use  the  replaceLefMacro
       command to change the geometry information of a macro, such as boundary
       size, pin location, pin layer, and pin size. You cannot use the command
       to change the number or name of pins for a macro.

       The  replaceLefMacro command only reads and replaces the MACRO informa-
       tion from the LEF file; it does not use any other  information  in  the
       file.

       Note: In the following scenarios tool cannot replace the LEF file auto-
       matically.

              * If  you  replaced  the  LEF macro file multiple times. In this
                case, the tool would not know which file to keep at the end.

              * If the old LEF file that contains the original macro  contains
                other  MACRO  definition. In this case, the old file cannot be
                removed by the tool. If the old file is not removed,  the  new
                file is appended to the list. As mentioned in the above point,
                the  list  may  have  multiple LEF files that contain the same
                MACRO but with different definition. When  reading  LEF  files
                with  multiple definitions, the tool keeps only the first one.
                As a result, in the next session the file that you  want  will
                not be loaded.

       After  trying different macro definitions, you need to replace the con-
       tent of the macro definition manually. You can do this either by  over-
       writing  the one in original LEF file, or if the original LEF file con-
       tains only that macro, replacing the LEF file in the LEF file list.

Parameters
       <lefFile>
              Specifies the LEF file to read.

       -macros {<listOfMacros>}
              Replaces the information for the specified macros only.

              Default: Replaces the information for  all  macros  in  the  LEF
              file.

                           Fri Apr 04 01:25:37 2025     replaceLefMacro(25.10)