Product Version     25.10    Cadence Design Systems, Inc.
unspecifyJtag(25.10)                                      unspecifyJtag(25.10)

Name
       unspecifyJtag - Unspecifies instances that were specified by the speci-
       fyJtag command

Syntax
       unspecifyJtag

       {-cell <leaf_cellName>

        | -inst <instanceName>

        | -hinst <hierarchicalInstanceName>

        | -group <hierarchicalInstanceName> | <cellName>}

       Unspecifies  instances  that were specified by the specifyJtag command.
       This command can be used if there is instance specified by  the  speci-
       fyJtag command.

Parameters
       -cell <leaf_cellName>
              Unmarks  all  instances  of  a  specified  cell type as JTAG in-
              stances.

       -group <hierarchicalInstanceName> | <cellName>
              Unmarks all hierarchical instances or intermediate instances  as
              JTAG instances.

       -hinst <hierarchicalInstanceName>
              Unspecifies a hierarchical JTAG instance.

       -inst <instanceName>
              Unspecifies a JTAG instance. You can use wildcards (* or ?) with
              this parameter.

Example
              * The  following command unspecifies cell jtag_FlipFlop that was
                specified by the specifyJtag command:

                unspecifyJtag -cell jtag_FlipFlop

              * The following command unspecifies all instance names that  be-
                gin with instG that were specified by the specifyJtag command:

                unspecifyJtag -inst instG*

Related Information
              * reportJtagInst

              *

                specifyJtag

              *

                traceJtag

              * unplaceJtag

              * Placing the Design chapter in the Innovus User Guide

                           Fri Apr 04 01:25:37 2025       unspecifyJtag(25.10)