Product Version     25.10    Cadence Design Systems, Inc.
reset_ccopt_p...lock_tree_port(25.10)    reset_ccopt_p...lock_tree_port(25.10)

Name
       reset_ccopt_preserved_clock_tree_port - This command resets the preser-
       vation  settings for the specified preserved port that have been speci-
       fied using the set_ccopt_preserved_clock_tree_port command

Syntax
       reset_ccopt_preserved_clock_tree_port

       [-help]

       {<portname>}

       This command resets the preservation settings for  the  specified  pre-
       served   port   that  have  been  specified  using  the  set_ccopt_pre-
       served_clock_tree_port command.

Parameters
       -help  Outputs a brief description that includes type and  default  in-
              formation for each reset_ccopt_preserved_clock_tree_port parame-
              ter.  For  a  detailed description of the command and all of its
              parameters, use the man command:

               man reset_ccopt_preserved_clock_tree_port

       <portname>
              Specifies the name of the port.

Example
              * Use the following command to reset the port:

                reset_ccopt_preserved_clock_tree_port m1/ck

Related Information
              * report_ccopt_preserved_clock_tree_ports

              * reset_all_ccopt_preserved_clock_tree_ports

              * set_ccopt_preserved_clock_tree_port

              * The following chapter in the Innovus User Guide

                * Clock Tree Synthesis

                           Fri Apr 04 01:2r5e:s3e7t_2c0c2o5pt_p...lock_tree_port(25.10)