Product Version     25.10    Cadence Design Systems, Inc.
save_ccopt_config(25.10)                              save_ccopt_config(25.10)

Name
       save_ccopt_config - Writes the CCOpt configuration to the specified di-
       rectory

Syntax
       save_ccopt_config

       [-help]

       <output_path>

       Writes the CCOpt configuration to the specified directory.

       Note:  The content of the files generated using this command is propri-
       etary. The files may not be in any particular format,  or  even  human-
       readable, and are subject to change. The only supported use of the out-
       put  of save_ccopt_config command is as input to the restore_ccopt_con-
       fig command.

Parameters
       -help  Outputs a brief description that includes type and  default  in-
              formation  for  each save_ccopt_config parameter. For a detailed
              description of the command and all of its  parameters,  use  the
              man command:

               man save_ccopt_config

       <output_path>
              Specifies the user-defined directory to which the CCOpt configu-
              ration scripts will be saved.

Example
              *

                The  following  command writes the CCOpt configuration scripts
                to the ./az_ccopt dir:

                save_ccopt_config ./az_ccopt

Related Information
              * restore_ccopt_config

              * reset_ccopt_config

              * The following chapter in the Innovus User Guide

                * Clock Tree Synthesis

                           Fri Apr 04 01:25:37 2025   save_ccopt_config(25.10)