Product Version     25.10    Cadence Design Systems, Inc.
timing_cppr_op...a_scale_factor(25.10)  timing_cppr_op...a_scale_factor(25.10)

Name
       timing_cppr_opposite_edge_sigma_scale_factor

Syntax
       timing_cppr_opposite_edge_sigma_scale_factor

       {0.0 | 1.0}

       Default: 1.0

       Value Range: 0 to 1

       Controls the sigma delay component for CPPR credit for opposite transi-
       tion edges at a common pin.

       This  global  variable provides a finer level configuration of the CPPR
       credit for reducing Common Path  Pessimism  Removal  (CPPR)  in  timing
       analysis.

       You can use timing_cppr_opposite_edge_mean_scale_factor global variable
       for adjustment of the mean component of the CPPR credit. In SOCV analy-
       sis mode, you can use both of these global variables to separately con-
       trol  the  adjustment  of  the  mean  and  sigma components of the CPPR
       credit. In static-timing analysis (STA) mode, only the mean scale  fac-
       tor is considered.

       You can use the set command to set this global variable.

                           Fri Apr 04 01:t2i5m:i3n7g_2c0p2p5r_op...a_scale_factor(25.10)