Product Version     25.10    Cadence Design Systems, Inc.
set_ccopt_pre...lock_tree_port(25.10)    set_ccopt_pre...lock_tree_port(25.10)

Name
       set_ccopt_preserved_clock_tree_port  -  This  command  preserves module
       ports for the flexible h-tree feature

Syntax
       set_ccopt_preserved_clock_tree_port

       [-help]

       {[<portname> [-location {x y}]]}

       This command preserves module ports for the flexible h-tree feature. It
       can be used on any module port in the clock tree. It will preserve  the
       specified  module  ports  in both, clock tree synthesis and flexible h-
       tree synthesis. Any sinks connected downstream of the ports will remain
       downstream, and only those ports will be considered downstream.

       Note: Currently, physical locations are only supported for flexible  h-
       tree synthesis, and only on partition boundaries, although they will be
       accepted  on  all  other  module ports. Also, ports belonging to hInsts
       that have siblings but are not defined as partitions are not supported.

Parameters
       -help  Outputs a brief description that includes type and  default  in-
              formation  for  each set_ccopt_preserved_clock_tree_port parame-
              ter. For a detailed description of the command and  all  of  its
              parameters, use the man command:

               man set_ccopt_preserved_clock_tree_port

       -location
              Provides  the location of the preserved port specified using the
              <portname> parameter.

       <portname>
              Specifies the name of the port.

Example
              * Use the following command to mark a port on a partition bound-
                ary as preserved and set the location:

                set_ccopt_preserved_clock_tree_port m0/ck -location {100 100}

Related Information
              * report_ccopt_preserved_clock_tree_ports

              * reset_all_ccopt_preserved_clock_tree_ports

              * reset_ccopt_preserved_clock_tree_port

              * The following chapter in the Innovus User Guide

                * Clock Tree Synthesis

                           Fri Apr 04 01:2s5e:t3_7cc2o0p2t5_pre...lock_tree_port(25.10)