Product Version     25.10    Cadence Design Systems, Inc.
deleteAIoFiller(25.10)                                  deleteAIoFiller(25.10)

Name
       deleteAIoFiller - Deletes area I/O filler cell instances

Syntax
       deleteAIoFiller

       [-help]

       -cell <fillerCellName>

       [-prefix <prefix>]

       -aioRowCluster <aioRowClusterName> | -allAIORowCluster

       [-inst <fillerInstanceName>]

       Deletes  area  I/O  filler cell instances. Use this command after using
       the addAIoFiller command.

Parameters
       -help  Outputs a brief description that includes type and  default  in-
              formation for each deleteAIoFiller parameter.

              For a detailed description of the command and all of its parame-
              ters, use the man command:

              man deleteAIoFiller

       -aioRowCluster <aioRowClusterName>
              Specifies  the  area  I/O  row  cluster  name where all area I/O
              filler cells will be deleted.

              Note: This parameter overrides  -allAIORowCluster,  i.e  If  you
              specify both, -aioRowCluster <aioRowClusterName> and -allAIORow-
              Cluster parameters, then only -aioRowCluster <aioRowClusterName>
              is valid.

       -allAIORowCluster
              Deletes  all  area  I/O filler cells from all area I/O row clus-
              ters.

       -cell <fillerCellName>
              Specifies the name of the area I/O filler cell to delete.

       -inst <fillerInstanceName>
              Specifies the name of the  area  I/O  filler  instance  name  to
              delete.

       -prefix <prefix>
              Specifies  the  prefix name of the area I/O filler cell instance
              to be removed.

Example
              * The following command deletes a filler cell from all area  I/O
                row clusters:

                deleteAIoFiller -cell AO_123 -allAIORowCluster

Related Information
              * addAIoFiller

                           Fri Apr 04 01:25:37 2025     deleteAIoFiller(25.10)