Product Version     25.10    Cadence Design Systems, Inc.
setActiveLogicViewMode(25.10)                    setActiveLogicViewMode(25.10)

Name
       setActiveLogicViewMode  -  Controls  certain  behaviors of active logic
       view commands

Syntax
       setActiveLogicViewMode

       [-help]

       [-reset]

       [-keepAsync {false | true}]

       [-keepHighFanoutPorts {true| false}]

       [-keepInstInSdc {true|false}]

       [-keepLoopBack {false | true}]

       Controls certain behaviors of active logic view commands.

       Use the setActiveLogicViewMode command to display the current  settings
       for the createActiveLogicView command.

Parameters
       -keepAsync {false | true}
              Discards or retains the portion of the netlist relating to asyn-
              chronous  control  and  scan controls terminals. By default, the
              tool discards this portion of the netlist.  This  option  poten-
              tially  conflicts  the  setting  of setAnalysisMode -asyncChecks
              async when the analysis for an asynchronous circuit is  desired.
              When this happens, a warning message is issued.

              Default: false

       -keepHighFanoutPorts {true | false}
              Retains or discards the portion of the netlist relating to high-
              fanout  ports.  By default, the tool retains this portion of the
              netlist.

              Default: true

       -keepInstInSdc {true|false}
              Keeps instances which have constraints on it.

              Default: false

       -help  Outputs a brief description that includes type and  default  in-
              formation for each setActiveLogicViewMode parameter.

              For a detailed description of the command and all of its parame-
              ters, use the man command:

              man setActiveLogicViewMode

       -keepLoopBack {false | true}
              Discards or retains the portion of the netlist relating to input
              and  output  loopback  paths. By default, the tool discards this
              portion of the netlist.

              Default: false

       -reset Resets the active logic view mode command  parameters  to  their
              default values.

              Any  values  that do not already match the default value and are
              reset will be reported.

Example
       The following command resets all the setActiveLogicViewMode  parameters
       to their default values:

       setActiveLogicViewMode -reset

Related Information
              * createActiveLogicView

              * getActiveLogicViewMode

                           Fri Apr 04 01:25:37 202s5etActiveLogicViewMode(25.10)