Product Version     25.10    Cadence Design Systems, Inc.
report_annotations(25.10)                            report_annotations(25.10)

Name
       report_annotations  -  Reports the coverage of the annotations on a de-
       sign

Syntax
       report_annotations

       [-missing_resistances]

       [-missing_capacitances]

       [-missing_rc]

       [-missing_delays]

       [-missing_spf]

       [-max_missing <integer>]

       [-tcl_list]

       [-ignore_floating_nets]

       [-ignore_tied_low_high_nets]

       [-ignore_tied_low_high_net_arcs]

       [-list_annotated]

       [-list_non_annotated]

       [-view <viewName>]

       [> <filename>]

       Reports the coverage of the annotations on a design. These  annotations
       include  SDF  delay arc annotations, SPF annotations, wire resistances,
       and wire capacitances.

       Use the -missing_* options to get a detailed report of all  delay  arcs
       and  wires that are missing annotations. You can use the information in
       a Tcl program.

       Note: The report_annotations command reports only the first 1000  nets,
       which  is the default value of the -max_missing option. Set this option
       to a higher value if needed, for example: report_annotations -max_miss-
       ing 1000000.

       Command report_annotations is obsolete. Use report_annotated_parasitics
       for RC annotation report and report_annotated_delay for delay arc anno-
       tation instead.

Parameters
       >  <filename>
              Writes the report to the specified file name. If  the  file  al-
              ready exists, the software overwrites it.

              The  <filename> parameter must be the last argument in the list.
              The <filename> and -tcl_list parameters are mutually  exclusive;
              you cannot specify them together.

              Note: To write a compressed report, add the .gz extension to the
              file name.

              Default:  Report  is  displayed on standard output without being
              saved.

       -ignore_floating_nets

       < > < >
              Ignores nets without drivers, power, and ground nets.

       -ignore_tied_low_high_net_arcs
              Ignores timing arcs of power and ground nets.

       -ignore_tied_low_high_nets
              Ignores nets connected to tied_low and tied_high cells.

       -list_annotated
              Lists detailed annotation information for  the  following  anno-
              tated arcs:

              * annotated internal net arcs

              * annotated input port arcs

              * annotated output port arcs

              * annotated cell arcs

       -list_non_annotated
              Lists the arc information for the non-annotated arcs correspond-
              ing to the following types of arcs:

              * annotated internal net arcs

              * annotated input port arcs

              * annotated output port arcs

              * annotated cell arcs

       -max_missing  <integer>
              Limits  the  number  of missing annotations to the number speci-
              fied.

               Default: 1000

       -missing_capacitances
              Reports the nets that are missing capacitances.

               Default: Only a summary of the coverage is reported.

       -missing_delays
              Reports the arcs that are missing SDF annotations.

               Default: Only a summary of the coverage is reported.

       -missing_rc
              Reports the nets that are missing resistances and capacitances.

               Default: Only a summary of the coverage is reported.

       -missing_resistances
              Reports the nets that are missing resistances.

               Default: Only a summary of the coverage is reported.

       -missing_spf
              Reports the nets that are missing SPF data.

               Default: Only a summary of the coverage is reported.

       -tcl_list
              Produces the report in Tcl list format instead of a tabular for-
              mat. This is useful for integrating timing with custom Tcl func-
              tions, and also for customizing report generation.

              The -tcl_list and <filename> parameters are mutually  exclusive;
              you cannot specify them together.

              See report_net for an example of the -tcl_list output.

       -view  <viewName>
              Reports  the  coverage of annotations for the specified analysis
              view. You can specify this parameter only when the  software  is
              in multi-mode multi-corner timing analysis mode.

              Default: Reports against the default analysis view.

Examples
              * The following command reports the nets that are missing capac-
                itances: report_annotations -missing_capacitances

                Default: Only a summary of the coverage is reported.

              * The following commands show the difference between the summary
                and the -missing_spf reports:

       report_annotations Summary Report

       report_annotations -missing_spf Report

              * If your SDF has only cell arcs, and net delays are included in
                the  cell  delays, you can report the status of annotation for
                cell arcs, internal net arcs, net arcs  from  primary  inputs,
                and  net  arcs  to  primary outputs, and all timing arcs sepa-
                rately as shown below:

       report_annotations Report for Delay Arc Types

Related Information
              * report_net

                           Fri Apr 04 01:25:37 2025  report_annotations(25.10)