Product Version     25.10    Cadence Design Systems, Inc.
resume(25.10)                                                    resume(25.10)

Name
       resume - Resumes a suspended script from the point where it had stopped

Syntax
       resume [-help]

       Resumes a suspended script from the point where it had stopped.

       Use  the  suspend  and  resume  commands to debug your scripts interac-
       tively. The suspend command stops a script and restores access  to  the
       Innovus  prompt.  You can then type any command required for debugging.
       Whenever you want to resume the suspended script, type  resume  at  the
       Innovus prompt.

Parameters
       -help  Prints the usage of the resume command.

              For  a detailed description of the command, use the man command:
              man resume.

Related Information
              * suspend

              * "Interrupting the Software" section  of  the  Getting  Started
                chapter in the Innovus User Guide

                           Fri Apr 04 01:25:37 2025              resume(25.10)