Product Version     25.10    Cadence Design Systems, Inc.
scale_what_if_resistance(25.10)                scale_what_if_resistance(25.10)

Name
       scale_what_if_resistance - Scales resistance globally or in a region to
       determine how much resistance can be modified in a region to reduce the
       entire IR drop

Syntax
       scale_what_if_resistance

       [-help]

       -reset | {-net <netname>

       {-global  |  -region  <x1  y1 x2 y2> | -instance <instancename> | -cell
       <cellname> | -file <filename>}

       [-scale value | -scale_ron {<R_ON_scale_factor> | R_OFF}]

       [-auto_scale_adjacent_via_layers {true | false}]

       [-layer {<layername>| all} ]

       }

       Scales resistance globally or in a region to determine how much  resis-
       tance  can be modified in a region to reduce the entire IR drop. In de-
       signs with power switches, the scaling of resistance will be applied to
       always-on net as well as its switched nets  in  a  given  region.  Cur-
       rently,  it  is not possible to apply different scaling factors for al-
       ways-on and switched nets.

Parameters
       -auto_scale_adjacent_via_layers {true|false}
              Specifies to use auto via scaling for what-if resistance  analy-
              sis.  When scaling resistance on a specific metal layer, via re-
              sistance on the adjacent via  layers  are  automatically  scaled
              with the same scaling factor. The default value is true.

              Use  -auto_scale_adjacent_via_layers  false  to  keep via resis-
              tances un-scaled.

       -global | -region <x1 y1 x2 y2 |>-instance<instancename |>-cell<cell-
       name |>-file <filename>
              You must specify either -global, -region, -cell,  -instance,  or
              -file.

              * When  the -global parameter is specified with the -scale para-
                meter, it scales resistance by the  specified  value  globally
                for  a given layer. If the -global parameter is specified with
                the -scale_ron parameter, it scales the  resistance  value  of
                all power switch cells globally for a given layer. This is the
                default.

              * When  the -region parameter is specified with the -scale para-
                meter, it scales the grid resistance in the specified  region.
                If the region parameter is specified with the -scale_ron para-
                meter,  it  scales the resistance of all power switch cells in
                the specified region. The default unit of x1 y1 x2  y2  is  in
                database units.

              * The  -instanceinstancename or -cell<cellname> parameter speci-
                fies to scale the internal resistors  from  the  PGV  for  the
                specified instance or cell.

              * The -file <filename> parameter specifies a file containing the
                list  of instances and cells that use the same scaling factor.
                The format of the file is:

                CELL <cellname>

                INSTANCE <instancename>

              This is a required parameter. Default is -global.

              The precedence for resistance scaling is as follows:

              * Instance

              * Cell

              * Region

              * Global

       -help  Outputs a brief description that includes the type  and  default
              information for each scale_what_if_resistance parameter.

              For a detailed description of the command and all of its parame-
              ters, use the man command man scale_what_if_resistance.

       -layer <layername |>all
              Specifies  the  layer  name  (LEF  layer or technology layer) on
              which the scaling is performed. Multiple commands can be  issued
              to  scale resistance on multiple layers. You can specify the all
              argument to scale all the layers. When the all argument is used,
              the -auto_scale_adjacent_via_layer parameter is disabled.

              This is a required parameter.

       -net <netname>
              Scales resistance of the specified net in the  domain  which  is
              being analyzed.

              This is a required parameter.

       -reset Resets  all  the  previous scale_what_if_resistance command set-
              tings.

       -scale <value>
              Specifies any value greater than 0. For example, a value of  0.5
              will scale the resistance in half.

              This is a required parameter.

       -scale_ron {<R_ON_scale_factor> | R_OFF}
              Specifies  the value used to scale the RON of the power-gate in-
              stance/cell. The default value is 1. You can also specify the  "
              R_OFF"(case  insensitive)  keyword to apply the off state power-
              gate resistance for the specified instance/cell.

Related Information
              * scale_what_if_capacitance

              * create_current_region

              * scale_what_if_current

              * "What-If Rail Analysis" in the Voltus IC Power Integrity Solu-
                tion User Guide

                           Fri Apr 04 01:25:37 2s0c2a5le_what_if_resistance(25.10)