Product Version     25.10    Cadence Design Systems, Inc.
readFlipChipProperty(25.10)                        readFlipChipProperty(25.10)

Name
       readFlipChipProperty  -  Reads the text file containing flip chip prop-
       erty information

Syntax
       readFlipChipProperty

       [-help]

       <fileName>

       [-onlyBumpConnectTargetConstraint]

       Reads the text file containing  flip  chip  property  information.  The
       readFlipChipProperty  command  prints an error message if the following
       errors occur:

              * Type error of property name

              * Instance/pin not found

              * Metal layer not found

              * Size is zero or minus

Parameters
       -help  Prints out the command usage that includes type and default  in-
              formation for each readFlipChipProperty parameter.

              For a detailed description of the command and all of its parame-
              ters, use the man command:

              man readFlipChipProperty

       <fileName>
              Specifies the bump and IO pad property text file.

       -onlyBumpConnectTargetConstraint
              Reads only the bump connect target constraints.

Example
       The  following  command  reads only the bump connect target constraints
       from the test2 input file:

       readFlipChipProperty test2 -onlyBumpConnectTargetConstraint

Related Information
              * readIoUpdate

              * writeFlipChipProperty

              * Flip Chip Methodologies chapter of the User Guide

              * Tools Menu chapter in the Menu Reference

                * Flip Chip

                           Fri Apr 04 01:25:37 2025readFlipChipProperty(25.10)