Product Version     25.10    Cadence Design Systems, Inc.
save_abstract(25.10)                                      save_abstract(25.10)

Name
       save_abstract  - Generates hierarchical design abstract information for
       the current block-level design

Syntax
       save_abstract

       [-help]

       [-PGpinLayers <layerNameList>]

       [-cutObs]

       [-cutObsMinSpacing]

       [-extractBlockObs]

       [-extractBlockPGPinLayers <layerNameList>]

       [-lib <lib>]

       [-specifyTopLayer <topLayerName>]

       [-stripePin {top all none}]

       [-view <view>]

       Generates hierarchical design  abstract  information  for  the  current
       block-level  design. By default, save_abstract creates power and ground
       pins on the design and creates a  single  obstruction  shape  for  each
       routing layer. The output abstract contains the antenna information, if
       you run antenna verification.

       In  a  bottom-up  flow  (where  the block was not created using the de-
       finePartition or partition command), you normally create a simple  Ope-
       nAccess abstract that contains:

              * one obstruction (OBS) shape per routing layer

              * signal pins located along the block boundary

              * power pins for the top metal layer

       You  can  use the save_abstract command after loading a block-level de-
       sign.

Parameters
       -help  Prints a brief description that includes the  type  and  default
              information for each save_abstract parameter.

              For a detailed description of the command and all of its parame-
              ters, use the man command:

              man save_abstract.

       -cutObs
              Creates  cut-outs  (obstructions)  in  the  blockages for signal
              pins, power and ground pins, vias, and power and ground stripes.

              Default: Creates a single obstruction  shape  for  each  routing
              layer.

       -cutObsMinSpacing
              Creates cut-outs (obstructions) in the blockages around pins us-
              ing the minimum width to calculate the spacing.

       -extractBlockObs
              Extracts all obstruction (OBS) information from the instantiated
              CLASS  BLOCK  or  RING macros and writes out the obstructions to
              the output OpenAccess file. OBS  information  is  extracted  for
              layers  that  are not already being completely covered under the
              normal routing layer range and for cut  layers  between  routing
              layers that are completely covered.

       -extractBlockPGPinLayers <layerNameList>
              Extracts  the  power  and  ground pin information from any CLASS
              BLOCK and CLASS RING macros with pins on layers in the specified
              layer list and writes out the pin information to the  OpenAccess
              file.

              You  can  use  metal  layer  numbers (for example, specify 4 for
              metal4). Specify a list of layer numbers by leaving a space  be-
              tween  each  number.  For  example, to create a list with layers
              metal3, metal4, and metal5, specify -extractBlockPGPinLayers 3 4
              5.

              Default: Does not extract the pin information from any macros.

       -lib   Specifies the target library name.

              Default: The abstract is written into the library from which the
              current data was loaded.

       -PGpinLayers <layerNameList>
              Specifies the list of layers.

       -specifyTopLayer <top><LayerName>
              Writes out obstruction information only for  layers  up  to  the
              specified  layer.  You can use the metal layer number (for exam-
              ple, specify 4 for metal4).

              Default: Top routing layer (therefore,  writes  out  obstruction
              information for all layers)

       -stripePin {top all none}
              Writes  out  power  and ground stripes on the top metal layer as
              power and ground pins. You can use this parameter in a bottom-up
              methodology, when you create abstracts for blocks that you  will
              use at the next higher level of a hierarchical design.

       -view <view>
              Specifies the target view name.

              Default: abstract

Related Information
              * definePartition

              * partition

              * write_lef_abstract

              * Mixed Signal (MS) Interoperability Guide

                * Useful Tips chapter

                           Fri Apr 04 01:25:37 2025       save_abstract(25.10)