Product Version     25.10    Cadence Design Systems, Inc.
attachModulePort(25.10)                                attachModulePort(25.10)

Name
       attachModulePort  -  Attaches  a  port  in  the specified hinst (or top
       level) to a net

Syntax
       attachModulePort

       [-help]

       <moduleName>

       <portName>

       <netName>

       [-noNewPort]

       Attaches a port in the specified hinst (or top level) to a net.

Parameters
       -help  Outputs a brief description that includes the type  and  default
              information for each attachModulePort.

              For a detailed description of the command and all of its parame-
              ters, use the man command:

              man attachModulePort

       <moduleName>
              Specifies  the  module  to which you want to attach the port. To
              specify the top module, enter '-'.

       <netName>
              Specifies the net on the module.

       <portName>
              Specifies the port on the module.

       -noNewPort
              Prevents creation of hierarchical ports if a module port is  at-
              tached. If the module port does not connect to the net in a dif-
              ferent  hierarchy  through the existing ports, the software dis-
              plays an error message and the command stops running.

              Default: If you do not specify this parameter, the software cre-
              ates hierarchical ports as required.

Examples
              * The following commands create a port p1 on hinst i1/i2/i3  and
                a net i1/i2/n1. The attachModulePort command then connects the
                created port p1 on hinst i1/i2/i3 to the net i1/i2/n1:

                addModulePort i1/i2/i3 p1 input

                addNet i1/i2/n1

                attachModulePort i1/i2/i3 p1 i1/i2/n1

              * The  following  command  attaches port in on the top module to
                net123:

                attachModulePort - in net123

Related Information
              * addNet

              * detachModulePort

                           Fri Apr 04 01:25:37 2025    attachModulePort(25.10)