Product Version     25.10    Cadence Design Systems, Inc.
delaycal_default_net_delay(25.10)            delaycal_default_net_delay(25.10)

Name
       delaycal_default_net_delay

Syntax

       delaycal_default_net_delay <delay_value>
       Type: String

       Default: 1000ps

       Sets  the  default  net  delay for delay calculation. The software uses
       this default value for nets that exceed 1,000 terminals. Delay calcula-
       tion is performed for nets with fewer than 1,000 terminals.

Example
              * The following global variable sets the net delay  to  3ns  for
                nets that exceed 1,000 terminals:

                set delaycal_default_net_delay 3ns

                The software displays the following information:

                Set Default Net Delay as 3000 ps.

Related Information
              * "Base Delay Analysis" chapter in the Innovus System User Guide

Related Global Variables
              * delaycal_default_net_load

              * delaycal_input_transition_delay

              * delaycal_use_default_delay_limit

                           Fri Apr 04 01:25:37de2l0a2y5cal_default_net_delay(25.10)