Product Version     25.10    Cadence Design Systems, Inc.
verifyACLimit(25.10)                                      verifyACLimit(25.10)

Name
       verifyACLimit - Checks for the following types of AC current violations
       on signal nets

Syntax
        verifyACLimit

       [-help]

       Checks for the following types of AC current violations on signal nets.

              * Root-mean-square  (RMS)  current  limit violations (Irmsviola-
                tions)

              * Peak current limit violations (Ipeakviolations)

       In addition, verifyACLimit can be used for average current limit (Iavg)
       analysis.

       AC current limit violations are sometimes also referred as  wire  self-
       heat  violations.  DRC manuals have these current limits to avoid over-
       heating a signal-net wire with too much AC  current.  To  prevent  wire
       self-heating or AC signal electromigration, signal interconnects should
       be analyzed for their AC current carrying capacity and measured against
       the AC current limits specified by foundry.

Parameters
       -help  Outputs  a  brief description that includes the type and default
              information for each verifyACLimit parameter.

              For a detailed description of the command and  all  its  parame-
              ters, use the man command:

              man verifyACLimit

Related Information
              * set_signal_em_analysis_mode

              * "Signal ElectroMigration" in the Voltus IC Power Integrity So-
                lution User Guide

                           Fri Apr 04 01:25:37 2025       verifyACLimit(25.10)