Product Version     25.10    Cadence Design Systems, Inc.
commit_ccopt_c...ute_attributes(25.10)  commit_ccopt_c...ute_attributes(25.10)

Name
       commit_ccopt_clock_tree_route_attributes - The command traces the clock
       tree  as  defined  by  the  CCOpt spec and sets net attributes to allow
       early-global-route to more predictably model clock nets

Syntax
       commit_ccopt_clock_tree_route_attributes

       [-help]

       [-verbose]

       The command traces the clock tree as defined by the CCOpt spec and sets
       net attributes to allow early-global-route to  more  predictably  model
       clock  nets.  It  sets isClock and isCTSClock on clock tree nets in the
       database.  It applies routing preferences such as: top_preferred_layer,
       bottom_preferred_layer, non_default_rule, and shield_net  based on  the
       "route_type" CCOpt properties.

Parameters
       -help  Outputs  a  brief description that includes type and default in-
              formation for each commit_ccopt_clock_tree_route_attributes  pa-
              rameter.  For  a  detailed description of the command and all of
              its   parameters,   use   the    man    command:     man    com-
              mit_ccopt_clock_tree_route_attributes.

       -verbose
              Prints  the  layer  constraint  summary for CCOpt nets after at-
              tribute application.

Related Information
              * get_ccopt_property

              * The following topics in the Innovus User Guide

                * CCOpt Properties

                * The CCOpt Property System

                           Fri Apr 04 01:c2o5m:m3i7t_2c0c2o5pt_c...ute_attributes(25.10)