Product Version     25.10    Cadence Design Systems, Inc.
reset_case_analysis(25.10)                          reset_case_analysis(25.10)

Name
       reset_case_analysis - Removes the assertions set by the set_case_analy-
       sis command

Syntax
        reset_case_analysis

       <list_of_ports_or_pins>

       Removes the assertions set by the set_case_analysis command.

Parameters
       <list_of_ports_or_pins>
              Specifies the list of ports or pins for which the assertions are
              to be removed.

Examples
              * The following commands sets the assertion to 0 and then resets
                them:

                set_case_analysis 0 CM1/S0

                get_property [get_pins CM1/S0] constant_value

                # Returns a value of 0

                reset_case_analysis [get_pins CM1/S0]

                get_property [get_pins CM1/S0] constant_value

                # Returns a value of NA

Related Information
              * set_case_analysis

                           Fri Apr 04 01:25:37 2025 reset_case_analysis(25.10)