Product Version     25.10    Cadence Design Systems, Inc.
setObjFPlanBoxList(25.10)                            setObjFPlanBoxList(25.10)

Name
       setObjFPlanBoxList - Defines the rectilinear shape of an object even if
       the object lies outside the core area

Syntax
        setObjFPlanBoxList

       [-help]

       {Cell | Group | Instance | Layershape | Module}

       objectName

       boxList

       [-no_snap_to_grid]

       Defines the rectilinear shape of an object even if the object lies out-
       side  the  core  area.  A  rectilinear  object comprises of two or more
       boxes. You can use this command after importing the design.

Parameters
       -help  Outputs a brief description that includes the type  and  default
              information for each setObjFPlanBoxList parameter.

              For a detailed description of the command and all of its parame-
              ters, use the man command:

              man setObjFPlanBoxList

       <objectName>
              Specifies the name of the object for object type.

              Data_type: string, required

              {Cell  | Group | Instance | Layershape | Module} " Specifies the
              type of object for objectName.

              Data_type: enum, required

       <boxList>
              Specifies the rectilinear shape of an object.

              * <llx1>: Specifies the lower left x coordinate of the first box
                in the box list.

              * <lly1>: Specifies the lower left y coordinate of the first box
                in the box list.

              * <llx2>: Specifies the lower left x coordinate  of  the  second
                box in the box list.

              * <lly2>:  Specifies  the  lower left y coordinate of the second
                box in the box list.

              * <urx1>: Specifies the upper right x coordinate  of  the  first
                box in the box list.

              * ury1:  Specifies the upper right x coordinate of the first box
                in the box list.

              * urx2: Specifies the upper right x coordinate of the second box
                in the box list.

              * ury2: Specifies the upper right y coordinate of the second box
                in the box list.

              * llxn: Specifies the lower left x coordinate of the nth box  in
                the box list.

              * llyn:  Specifies the lower left y coordinate of the nth box in
                the box list.

              * urxn: Specifies the upper right x coordinate of the nth box in
                the box list.

              * uryn: Specifies the upper right y coordinate of the nth box in
                the box list.

              Data_type: list, required

       -no_snap_to_grid
              When specified, the snap rules are not honored and a user-speci-
              fied object is not snapped to the grid even if it overlaps  with
              the die box.

              Data_type: bool, optional

Example
       The  following  command  defines  a  rectilinear  boundary  for  module
       DTMF_INST/TDSP_CORE_INST. The rectilinear boundary is made  up  of  two
       bounding boxes:

              * (371.46, 537.60) (696.96, 754.35)

              * (412.5, 754.32) (696.96, 920.64)

       setObjFPlanBoxList Module DTMF_INST/TDSP_CORE_INST 371.46 537.60 696.96
       754.35 412.5 754.32 696.96 920.64

Related Information
              * getObjFPlanBoxList

              * Floorplanning the Design chapter in the Innovus User Guide

                * Defining the Bounding Box

                           Fri Apr 04 01:25:37 2025  setObjFPlanBoxList(25.10)