Product Version     25.10    Cadence Design Systems, Inc.
restore_power_database(25.10)                    restore_power_database(25.10)

Name
       restore_power_database  -  Restores any power.db file in the Voltus/In-
       novus session

Syntax
       restore_power_database

       [-help]

       -file {<file1><file2><file3><...>}

       [-hierarchy {<prefix1><prefix2><prefix3><...>}]

       [-hierarchy_separator "/"]

       Restores any power.db file in the Voltus/Innovus session. This  command
       can  be used after restoration of a design to view the static power re-
       sults or incremental report  generation  without  having  to  do  power
       analysis again.

       Note:  You  will be able to restore the power database that you created
       previously,  only  if  you  created  the  power  database   using   the
       set_power_analysis_mode  -create_binary_db true command. Also, the com-
       mand loads power databases created in the 9.1 release only, and not  in
       the older releases.

              * The command can map a hierarchical instance to a flat netlist.

              * It  can  restore  multiple power dbs for blocks and top level,
                that are generated separately.

              * When the information for a net or an instance  is  present  in
                multiple power dbs, the last one will overwrite.

Parameters
       -help  Outputs  a  brief description that includes the type and default
              information for each restore_power_database parameter.

              For a detailed description of the command and all of its parame-
              ters, use the man command man restore_power_database.

       -file {<file1> <file2> <file3> <...>}
              Specifies the name of the power database file.

       -hierarchy {<prefix1> <prefix2> <prefix3> <...>}
              Specifies to map each instance in the file  with  a  prefixN/in-
              stance  (for  example,  prefixA/inst) in the flat netlist, where
              '/' is the hierarchy separator.

              This is an optional parameter.

              Default: all

       -hierarchy_separator "/"
              Specifies the separator character in the hierarchical net names,
              bus names, and pin names for the block or other part of the  de-
              sign  that you want to analyze. It must be the same as the sepa-
              rator character in the design netlist.

              This is an optional parameter.

              Default: slash (/)

Use Model
       restoreDesign

       restore_power_database -file power.db

       report_power # for text based power reports

Example
       For each instance in file 'file2' a prefix "A"  is  added  to  instance
       name  such  as instC, A/instC. No prefix is added to 'file1' since pre-
       fix1 is none for file1.

       restore_power_database -file {file1 file2} -hierarchy {none A}

Related Information
              * report_power

              * set_power_analysis_mode

              * "Static Power, IRdrop and EM Analysis" in the Voltus IC  Power
                Integrity Solution User Guide

                           Fri Apr 04 01:25:37 202r5estore_power_database(25.10)