env PAGER=cat man timing_library_infer_cap_range_from_ecsm_receive r_model
Product Version     25.10    Cadence Design Systems, Inc.
timing_librar...receiver_model(25.10)    timing_librar...receiver_model(25.10)

Name
       timing_library_infer_cap_range_from_ecsm_receiver_model

Syntax
         timing_library_infer_cap_range_from_ecsm_receiver_model    {true    |
       false}

       <Default>: false

       Infers the rise or fall of NLDM pin capacitance range from the ECSM ca-
       pacitance range while calculating the total loading capacitance  during
       switching  power  computation. If the global is set to true and the ca-
       pacitance range is not defined in the library,  the  rise/fall  capaci-
       tance  range is inferred from the ECSM receiver capacitance models. The
       capacitance range values are derived either from the pin-level ECSM cap
       models or the timing-level ECSM cap models.

       When this global is set to false, the rise/fall capacitance range  val-
       ues are not inferred, and the library values are honored.

       To set this global variable, use the set_global command.

                           Fri Apr 04 01:2t5i:m3i7ng2_0l2i5brar...receiver_model(25.10)