Product Version     25.10    Cadence Design Systems, Inc.
route_ccopt_clock_tree_nets(25.10)          route_ccopt_clock_tree_nets(25.10)

Name
       route_ccopt_clock_tree_nets - Performs routing of CCOpt clock tree nets
       using the CCOpt route guides

Syntax
       route_ccopt_clock_tree_nets

       [-help]

       [-mesh]

       Performs routing of CCOpt clock tree nets using the CCOpt route guides.
       Use this command after running ccopt_design.

       CCOpt  uses  internal  clock  routes during the early stages of CTS. It
       then generates route guides that are  passed  to  NanoRoute  for  final
       clock  tree routing. This is done by default for full CTS runs. If, for
       some reason, you have disabled final clock tree routing in CCOpt,  then
       this  command  can  be used to complete the clock tree routing based on
       the CCOpt route guides. When the -mesh parameter is specified, the com-
       mand only routes the mesh nets.

       Note: Before running this command, ensure that the  CCOpt  data  struc-
       tures are in place.

Parameters
       -help  Outputs  a brief description for route_ccopt_clock_tree_nets pa-
              rameter. For a detailed description of the command  and  all  of
              its parameters, use the man command:

               man route_ccopt_clock_tree_nets

       -mesh  Specifies that only mesh nets should be routed.

Related Information
              * ccopt_design

              * clock_opt_design

              * The following chapter in the Innovus User Guide

                * Clock Tree Synthesis

                           Fri Apr 04 01:25:3r7ou2t0e2_5ccopt_clock_tree_nets(25.10)