env PAGER=cat man timing_enable_multi_drive_net_reduction_with_ass ertions
Product Version     25.10    Cadence Design Systems, Inc.
timing_enable...ith_assertions(25.10)    timing_enable...ith_assertions(25.10)

Name
       timing_enable_multi_drive_net_reduction_with_assertions

Syntax
       timing_enable_multi_drive_net_reduction_with_assertions

       {none | delay | all}

       Default: none

       Allows reduction of multi-drive networks when constraint assertions are
       present on the network elements:

       The following options are available:

       none:  Reduction is not performed on portions of the network where con-
       straints have been asserted.

       delay:  Reduction  of  the multi-drive network will still be applied if
       onlyset_annotated_delay and set_annotated_transition  constraints  have
       been  applied. Other constraints present on the multi-drive network can
       still prevent full reduction.

       all: The software ignores the presence of any assertions on the  multi-
       drive network and forces reduction to occur.

       To set this global variable, use the set_global command.

                           Fri Apr 04 01:2t5i:m3i7ng2_0e2n5able...ith_assertions(25.10)