Product Version     25.10    Cadence Design Systems, Inc.
report_sai_constraint(25.10)                      report_sai_constraint(25.10)

Name
       report_sai_constraint

Syntax
       report_sai_constraint

       [-help]

       [-area_weight <float>]

       [-spacing_weight <float>]

       [-order_weight <float>]

       [-congestion_weight <float>]

       [-rule {all | <rule_name> | <rule_name_list>}]

       You  can  use the report_sai_constraint command to validate a floorplan
       result and to check whether the specified SAI constraints are met. This
       enables front-end designers to easily evaluate a floorplan provided  by
       their  physical designers against the specified floorplan rules without
       requiring them to have much knowledge about using the  Innovus  System.
       The report_sai_constraint command reports:

              * The  general floorplan violations such as macro-to-macro over-
                lap, fence-to-fence overlap, macro overlaps with fence, and/or
                if macros are placed outside their parent module boundary.

              * SAI 2.0 constraint violations

              * The Floorplan Quality  Index  that  enables  you  to  estimate
                whether a floorplan is ready to be used. Floorplan Quality In-
                dex  is  similar  to the total negative slack (TNS) concept of
                timing analysis

              * Support area, spacing, net weight, order, and congestion qual-
                ity indexes; and their index weights.

       Besides generating a report, it also creates a violation marker if vio-
       lations are detected. These violation markers will be displayed in  the
       Innovus  artwork  window  and can be queried from the Innovus violation
       browser.

       Based on the reported floorplan quality index, you can  decide  whether
       this  floorplan  is  good  to go or not. If the floorplan quality index
       does not meet your requirements, you can further:

              * Adjust the wire length, congestion, and/or overlap  cost  fac-
                tors  and rerun the proto_design command to produce new floor-
                plan result(s).

              * Improve the current floorplan by manual adjustment.

       Note: Use this command in the SAI interactive mode or write in the  SAI
       file.

Parameters
       -area_weight <float>
              Specifies the weight of the area index.

              Default: 1.0

              Data_type: float, optional

       -congestion_weight <float>
              Specifies the weight of the congestion index.

              Default: 1.0

              Data_type: float, optional

       -help  Outputs  a  brief description that includes type and default in-
              formation for each report_sai_constraint parameter.

       -order_weight <float>
              Specifies the weight of the order index.

              Default: 1.0

              Data_type: float, optional

       -rule {all | <rule_name> | <rule_name_list>}
              Checks and reports the violation(s) of the specified rule(s).

              Default: all (All SAI rules of the current design)

              Data_type: string, optional

       -spacing_weight <float>
              Specifies the weight of the area index.

              Default: 1.0

              Data_type: float, optional

Related Information
              * read_sai

              * end_sai

              * Prototyping Methodologies chapter in the Innovus User Guide

              * Syntax and Scripts chapter in the Innovus User Guide

                * Supported SAI Commands

                           Fri Apr 04 01:25:37 2025report_sai_constraint(25.10)