Product Version     25.10    Cadence Design Systems, Inc.
ctd_save_histogram(25.10)                            ctd_save_histogram(25.10)

Name
       ctd_save_histogram - Saves the CTD histogram to a file

Syntax
       ctd_save_histogram

       [-help]

       [-csv]

       -file <fileName>[-id <windowID>]

       Saves  the  CTD  histogram to a file. By default, the file type is PNG.
       You can also specify that the file be saved in the CSV format.

       Before using this command to save the histogram view,  first  open  and
       configure the histogram in the GUI, including skew group and delay cor-
       ners.

Parameters
       -help  Outputs  a  brief description that includes type and default in-
              formation for each ctd_save_histogram parameter. For a  detailed
              description  of  the  command and all of its parameters, use the
              man command: man   ctd_save_histogram.

       -csv   Saves the histogram in CSV format. This parameter  is  optional.
              By default, the histogram is saved as a PNG file.

       -file <fileName>
              Specifies  the  name of the file where you want to save the his-
              togram. This parameter is required.

       -id <windowIDName>
              Specifies the ID of the active CTD window.

              The default value is the ID of the current active window.

Example
       The following command saves the histogram in the histogram1.csv file.

       ctd_save_histogram -file histogram1 -csv

Related Information
              * create_ccopt_clock_tree_spec

              * close_ctd_win

              * ctd_win

              * get_ctd_win_id

              * get_ctd_win_title

              * gui_zoom_ctd

              * set_ctd_win_title

              * The following chapter in the Innovus Menu Reference

                * Clock Menu

                           Fri Apr 04 01:25:37 2025  ctd_save_histogram(25.10)