Product Version     25.10    Cadence Design Systems, Inc.
restore_ccopt_config(25.10)                        restore_ccopt_config(25.10)

Name
       restore_ccopt_config - Reads the CCOpt configuration from the specified
       directory path

Syntax
       restore_ccopt_config

       [-help]

       input_path

       Reads  the  CCOpt  configuration from the specified directory path. The
       CCOpt configurations are saved using the save_ccopt_config command.

       Note: The CCOpt configuration is  not  restored  if  the  restoreDesign
       -mmmcFile  option is set. In this case, the software issues the follow-
       ing warning:

       **WARN: (IMPIMEX-4016): The saved CCOpt configuration will not  be  re-
       stored, as the -mmmcFile option has been set. To restore the CCOpt con-
       figuration  try  restoring the design again without using the -mmmcFile
       option.

Parameters
       -help  Outputs a brief description that includes type and  default  in-
              formation  for  each  restore_ccopt_config  parameter. For a de-
              tailed description of the command and all of its parameters, use
              the man command:

               man restore_ccopt_config

       <input_path>
              Specifies the user-defined directory path from where to read the
              CCOpt configuration.

Examples
              * Use the following command to write the  configuration  scripts
                to the ./az_ccopt dir:

                save_ccopt_config ./az_ccopt

              * Use the following command to clear the configuration:

                reset_ccopt_config

              *

                Use  the  following command to restore the saved configuration
                by sourcing all the configuration scripts  in  the  ./az_ccopt
                dir:

                restore_ccopt_config ./az_ccopt

Related Information
              * save_ccopt_config

              * reset_ccopt_config

              * The following chapter in the Innovus User Guide

                * Clock Tree Synthesis

                           Fri Apr 04 01:25:37 2025restore_ccopt_config(25.10)