Product Version     25.10    Cadence Design Systems, Inc.
analyze_paths_by_view(25.10)                      analyze_paths_by_view(25.10)

Name
       analyze_paths_by_view  -  Categorizes  the  timing paths based on views
       which are included in the timing debug file, also known as  the  viola-
       tion report

Syntax
       analyze_paths_by_view

       [-help]

       [-prefix string]

       [-master <master_category_name>]

       Categorizes  the  timing paths based on views which are included in the
       timing debug file, also known as the violation report. By arranging the
       timing information of different views quickly, the command helps in an-
       alyzing timing paths.

       For more information on creating path categories,  see  "Creating  Path
       Categories" in the Debugging Timing Results chapter of User Guide.

       The command can be applied wherever the user loads the machine readable
       timing  report.  To delete the path categories created by this command,
       use delete_path_category.

Parameters
       -help  Outputs a brief description that includes the type  and  default
              information for each analyze_paths_by_view parameter.

              For  a  detailed  description of the command and all its parame-
              ters, use the man command:

              man analyze_paths_by_view

       -master <master_category_name>
              Specifies that the timing paths should be categorized  only  for
              the specified master category.

       -prefix <string>
              Adds a prefix to the category name.

Example
       The  following  command categorizes paths based on views, which are in-
       cluded in the timing debug file:

       analyze_paths_by_view

Related Information
       The Timing Budgeting chapter of the Innovus User Guide document.

                           Fri Apr 04 01:25:37 2025analyze_paths_by_view(25.10)