Product Version     25.10    Cadence Design Systems, Inc.
get_propagated_clock(25.10)                        get_propagated_clock(25.10)

Name
       get_propagated_clock

Syntax
       get_propagated_clock

       [-clock <clock_list>] [-pin <pin_list>]

       [> <filename>]

       Returns the clock propagation mode, either ideal or propagated, for the
       specified clocks or pins.

Parameters
       > <filename>
              Specifies the name of a file in which to save the report.

              You  can  add  the  .gz extension to the file name to generate a
              compressed report.

              Note: The file name must be the last argument in the list.

       -clock <clock_list>
              Specifies one or more clock waveforms for which you want to  re-
              trieve the clock propagation mode information.

       -pin <pin_list>
              Specifies  one  or  more pins or ports for which you want to re-
              trieve the clock propagation mode information. You cannot  spec-
              ify hierarchical pins.

Example
              * The following command gets the clock propagation mode informa-
                tion for all clock waveforms:

                get_propagated_clock -clock {*}

Related Information
              * set_propagated_clock

              * reset_propagated_clock

                           Fri Apr 04 01:25:37 2025get_propagated_clock(25.10)