Product Version     25.10    Cadence Design Systems, Inc.
setSignoffOptMode(25.10)                              setSignoffOptMode(25.10)

Name
       setSignoffOptMode  - Applies non-default settings for signoffTimeDesign
       and signoffOptDesign super commands

Syntax
       setSignoffOptMode

       [-help]

        [-reset]

        [-addInst {true | false}]

       [-addLoad {true | false}]

       [-allowSkewing {true | false}]

       [-alongRouteBuffering {true | false}]

        [-bufferCellList cell_list]

        [-checkType {early | late | both}]

       [-clockCellList <cell_list>]

       [-clockMaxLevel <INT>]

       [-deleteInst {true | false}]

       [-disableGeometryChecks {true | false}]

        [-drvMargin <float>]

        [-ecoFilePrefix <string>]

       [-emType {all | avg | rms | peak}]

       [-fixCellEm {true | false}]

       [-fixClockDrv {true | false}]

       [-fixDataDrv {true | false}]

       [-fixGlitch {true | false}]

       [-fixHoldAllowSetupDegrade {none | low | medium}]

       [-fixHoldAllowSetupOptimization {true | false}]

        [-fixHoldAllowSetupTnsDegrade {true | false}]

       [-fixHoldVariationAware {true | false}]

        [-fixHoldWithMargin <float>]

       [-fixIrDrop {true | false}]

       [-fixMaxCap {true | false}]

       [-fixMaxTran {true | false}]

       [-fixOsusGlitch {true | false}]

       [-fixSlackInRangeLowerLimit <value_in_ns>]

       [-fixSlackInRangeUpperLimit <value_in_ns>]

       [-fixSiSlew {true | false}]

       [-fixXtalk {true | false}]

       [-fixXtalkPreserveHold {true | false}]

       [-fixXtalkPreserveSetup {true | false}]

        [-holdTargetSlack <float>]

       [-holdTargetSlackPerView {<viewName1 slack1 viewName2 slack2 ...>}]

       [-holdXtalkDeltaThreshold <value_in_ns>]

       [-holdXtalkSlackThreshold <value_in_ns>]

       [-ignoreDrvChecks {true | false}]

       [-keepTempFiles {true | false}]

        [-legalOnly {true | false}]

       [-loadCellList <cell_list>]

        [-loadEcoOptDb <dir_name>]

       [-loadIrdropDb <dir_name>]

       [-maxCapMargin <cap_margin_value>]

       [-maxLocalDensity <threshold_value>]

       [-maxOptRunTime <INT>]

        [-maxPaths <INT>]

       [-maxRunTime <INT>]

        [-maxSlack <float>]

       [-maxTranMargin <tran_margin_value>]

        [-numReportPaths <INT>]

        [-nworst <INT>]

        [-optimizeCoreOnly {true | false}]

        [-optimizeReplicatedModules {true | false}]

        [-optimizeSequentialCells {true | false}]

        [-partitionListFile <string>]

       [-pbaEcoRoute {true|false}]

       [-pbaEffort {medium | high}]

       [-postMask {true | false}]

        [-postStaTcl <FILE>]

       [-powerAware {true | false}]

       [-powerOptFocus total | leakage | dynamic | leakageOnly | dynamicOnly]

        [-prefixName <string>]

       [-preserveFiller {true | false}]

        [-preStaTcl <FILE>]

       [-resizeInst {true | false}]

       [-retime {none |aocv | path_slew_propagation |  aocv_path_slew_propaga-
       tion}]

       [-retimeDepth {default | infinite}]

       [-retimeDepthEarly {default | infinite}]

       [-retimeMode {none | path | exhaustive}]

       [-routingCongestionAware {true | false}]

       [-routeCongestionThreshold <threshold_value>]

       [-saveEcoOptDb <dir_name>]

       [-selectHoldEndpoints <file_name>]

       [-selectDrvNetFile <file_name>]

       [-selectDrvPinFile <file_name>]

       [-selectSetupEndpoints <file_name>]

       [-setupRecovery {true | false}]

       [-setupTargetSlack <float>]

       [-setupTargetSlackPerView {<viewName1 slack1 viewName2 slack2 ...>}]

       [-setupXtalkDeltaThreshold <value_in_ns>]

       [-setupXtalkSlackThreshold <value_in_ns>]

       [-skewCoreOnly {true | false}]

       [-skipDrvNetfile <file_name>]

       [-specifyHoldEndpointsMargin <string>]

       [-specifySetupEndpointsMargin <string>]

       [-swapInst {true | false}]

       [-upsizeInPowerOpt {true | false}]

       [-useGaFillerList <list_of_Gate_Array_filler_cells_name>]

       [-usePfcDecapList <list_of_decap_cells>]

       [-usePfcFillerList <list_of_filler_cells>]

       [-usePfcRegularList <list_of_regular_cells>]

       [-verbose {true | false}]

       Applies non-default settings for signoffTimeDesign and signoffOptDesign
       super commands.

Parameters
       -help  Outputs  a  brief description that includes type and default in-
              formation for each setSignoffOptMode parameter. For  a  detailed
              description  of  the  command and all of its parameters, use the
              man command:

              man setSignoffOptMode

       -reset Resets all or specified options to default value. The -reset pa-
              rameter must be the first parameter specified.  If  you  specify
              -reset  by itself, the software resets all setSignoffOptMode pa-
              rameters to their default values. If you specify parameters  af-
              ter  -reset , the software resets only those parameters to their
              default values.

              Any values that do not already match the default value  and  are
              reset will be reported.

       -addInst {true|false}
              Specifies  whether  Setup/Hold/DRV  optimizer  is allowed to add
              buffer/delay/swap cell instances.

              Default: true

              Note: If set, this parameter must be applied before  signoffOpt-
              Design.

       -addLoad {true|false}
              Specifies  whether  Hold  optimizer is allowed to add dummy cell
              instances.

              Default : false

              Note: If set, this parameter must be applied before  signoffOpt-
              Design.

       -allowSkewing {true | false}
              Allows clock skewing to be done during Setup timing optimization
              to  further improve Setup slack. When set to true, signoffOptDe-
              sign -setup works on the last level of the clock tree to  modify
              the  clock skew to improve Setup timing closure. Modification on
              the clock tree can be either resizing of the last level  of  the
              clock tree or buffering to pad endpoint clock pin.

              Default: false

              Note:

              * If  set,  this  parameter must be applied before signoffOptDe-
                sign.

              * When -allowSkewing is active, signoffOptDesign will  automati-
                cally  unfix  all  clock  tree  instances/nets but it does not
                honor any CCOpt property that is set using the set_ccopt_prop-
                erty command. This is also  performed  when  implementing  the
                ECOs.

              * As  for data path optimization, skewing is not allowed to cre-
                ate new Hold violated paths.

              Example:

              The following commands perform clock skewing during  setup  fix-
              ing. Only CKBUFX1 and CKBUFX4 can be added to the clock tree.

              setSignoffOptMode -clockCellList {CKBUFX1 CKBUFX4}

              setSignoffOptMode -allowSkewing true

              signoffOptDesign -setup

       -alongRouteBuffering {true | false}
              When  set  to  true,  the  software  uses node location provided
              through the parasitic data to insert buffers along  the  routing
              topology  not only at the start or end of the net. This helps to
              better balance the slew or the load for long nets, which is typ-
              ically needed for setup timing optimization or DRV fixing.

              Default: false

              Note:

              *

                A prerequisite of this parameter is that  parasitic  with  the
                node  location  is  provided to signoffOptDesign. In addition,
                the node location parasitic should be read  using  the  -starN
                parameter. For example: spefIn -starN.

              * If  set,  this  parameter must be applied before signoffOptDe-
                sign.

       -bufferCellList <cell_list>
              Specifies a list of buffer/delay cells that can be used for  the
              timing optimizer, regardless of  whether those cells have a don-
              tUse attribute.

              When the list is empty, the software will automatically identify
              the list of usable buffer/delay cells.

              Default: " "  (empty string)

              Note:  If set, this parameter must be applied before signoffOpt-
              Design.

       -checkType {early | late | both}
              Specifies the type of ECO Timing DB to be generated in PBA mode.
              The early argument specifies hold ECO Timing DB and late  speci-
              fies  setup  ECO  Timing DB. When set to both, the ECO Timing DB
              generation will be done in PBA for both Setup and Hold timing.

              Default: both

              Note:

              * This parameter is only active when the -retime option is being
                set.

              * If  set,  this  parameter  must  be  applied  before  signoff-
                TimeDesign.

       -clockCellList <cell_list>
              Restricts the list of buffers that are allowed to be used by ECO
              on the clock tree.

              Default: "" (empty string)

              Note:  If set, this parameter must be applied before signoffOpt-
              Design.

       -clockMaxLevel <INT>
              Specifies the maximum levels in clock skewing thus limiting  the
              amount  of clock tree levels and avoiding the creation of an un-
              balanced clock tree. This parameter sets an upper boundary  when
              adding  a  buffer  or  pair  of inverters to the clock nets. The
              software counts the number of levels in the  clock  tree  branch
              that  is being modified to ensure that the maximum level will be
              equal to or less than the value set by this parameter.

              Default: 0

              Note: If set, this parameter must be applied before  signoffOpt-
              Design.

       -deleteInst {true | false}
              Enables buffer deletion when doing timing, power, or area reduc-
              tion.  This  option  is not honored by the -leakage parameter of
              signoffOptDesign since it performs only swapping.

              Default: true

              Note: If set, this parameter must be applied before  signoffOpt-
              Design.

       -disableGeometryChecks {true | false}
              Performs  Vth swapping without checking the pins and geometry of
              a design. You can relax/stop/avoid the  geometry  checks  during
              Vth  swapping  so  that the tool just checks the cell size while
              performing Vth swapping. This will lead to more Vth  swaps.  The
              counterpart  to  this is that ecoRouting will be needed once the
              ECOs are applied since pin geometries might always match between
              old and new cells.

              Default: false

              Note: If set, this parameter must be applied before  signoffOpt-
              Design.

       -drvMargin <float>
              Specifies  the  ratio  by  which  DRV  check would be relaxed or
              tightened. It scales the maximum capacitance and maximum transi-
              tion constraints according to the margin  decimal  value  speci-
              fied.  For example, specifying a value of 0.2 for this parameter
              tightens the margin (makes it more pessimistic)  by  20  percent
              during  optimization  and specifying a value of -0.2 relaxes the
              margin (makes it more optimistic) by 20 percent.

              This margin is honored for DRV optimization.

              Note: The software only accepts values from -0.7 to +0.7. A pos-
              itive value indicates tighter constraints.

              Default: 0

              Note: If set, this parameter must be applied before  signoffOpt-
              Design.

       -ecoFilePrefix <string>
              Specifies the prefix name for the ECO files generated.

              Default: ""  (empty string)

              Note:  If set, this parameter must be applied before signoffOpt-
              Design.

       -emType {all | avg | rms | peak}
              Specifies the current waveform calculation method when doing  EM
              fixing.

              Default: all

       -fixCellEm {true | false}
              When  set  to true, fixes the cell-level signal electromigration
              violations during  DRV  fixing  using  resizing  and  additional
              transforming techniques.

              Default: false

              Note:

              * If set, this parameter must be applied before signoffOptDesign
                -drv.

              * If  set during DRV fixing, the software will fix only the cell
                EM  violations.  This  means  that   fixing   of   max_transi-
                tion/max_capacitance/SI  glitch/SI  Xtalk/IR drop will be dis-
                abled.

       -fixClockDrv {true | false}
              Fixes maxCap/maxTran violations on the clock networks.  This  is
              performed only when the signoffOptDesign -drv command is run.

              Default: false

              Note:

              * For  clock  network  DRV  fixing, only the cells listed in the
                clock cell list (specified using the setSignoffOptMode -clock-
                CellList parameter), is used. The DRV fixing is not  performed
                if a cell list is not provided.

              * If  set,  this  parameter must be applied before signoffOptDe-
                sign.

       -fixDataDrv {true | false}
              Fixes maxCap/maxTran violations on data nets. This is  performed
              only when the signoffOptDesign -drv command is run.

              Default: true

       -fixGlitch {true | false}
              Performs  SI  glitch fixing during DRV fixing using resizing and
              buffering techniques.

              Default: false

              Notes:

              * If  set,  this  parameter  must  be  applied  before  signoff-
                TimeDesign.

              * The glitch fixing is done before max_tran/max_cap fixing.

       -fixHoldAllowSetupDegrade {none | low | medium}
              This  parameter  guides the Hold fixing engine to determine what
              effort it has to put into resolving timing  violations  and  how
              much flexibility it has to impact the Setup timing.

              When  set to low, Hold optimization engine will buffer sink pins
              that have large Setup positive slack even though the  net  Setup
              slack is barely meeting timing.

              When  set  to  medium,  Hold optimization engine will behave the
              same as in the low mode but will also allow  Setup  TNS  to  de-
              grade, if required.

              Note:

              * This parameter is honored by Hold optimization engine.

              * If  set,  this  parameter must be applied before signoffOptDe-
                sign.

              * When the -fixHoldAllowSetupDegrade parameter is  set  to  low,
                medium, or none, the -fixHoldAllowSetupTnsDegrade parameter is
                ignored.

              Default: none

       -fixHoldAllowSetupOptimization {true | false}
              When  set  to true, incremental Setup fixing is performed during
              Hold fixing to create more Setup margins on Hold violated nodes

              that could not be fixed earlier due to Setup timing conflict.

              Default: false

              Note: If set, this parameter must be applied before  signoffOpt-
              Design.

       -fixHoldAllowSetupTnsDegrade {true | false}
              When active, the Setup Total Negative Slack can be degraded dur-
              ing  Hold  time  violations  fixing  while still maintaining the
              Setup Worst Negative Slack in every Setup active views.

              Default: false

              Note: If set, this parameter must be applied before  signoffOpt-
              Design.

       -fixHoldVariationAware {true | false}
              When set to true, more sizing and Vth swapping is performed dur-
              ing  Hold fixing to reduce the cost of buffer insertion. This is
              particularly effective when Hold timing paths  have  incremental
              delay due to SI or large SOCV impacted instances.

              Note:

              * This parameter is only honored by signoffOptDesign -hold.

              * If  set,  this  parameter must be applied before signoffOptDe-
                sign.

              Default: false

       -fixHoldWithMargin <float>
              Specifies a slack margin value in nanoseconds for Hold time vio-
              lations fixing. The purpose is to overfix any Hold violations by
              the amount of the margin value.

              This margin is not applied on nets that are already meeting  the
              Hold target slack.

              Default: 0

              Note:  If set, this parameter must be applied before signoffOpt-
              Design.

       -fixIrDrop {true|false}
              Fixes the IR drop voltages for all instances in the design.

              Default: false

              Note: If set, this parameter must be applied before  signoffOpt-
              Design.

       -fixMaxCap {true | false}
              Specifies that nets with max_cap violations should be fixed.

              Default: true

              Note:  If set, this parameter must be applied before signoffOpt-
              Design.

       -fixMaxTran {true | false}
              Specifies that nets with max_tran violations should be fixed.

              Default: true

              Note: If set, this parameter must be applied before  signoffOpt-
              Design.

       -fixOsusGlitch {true | false}
              When  set  to  true,  fixes  nets  with overshoot and undershoot
              glitches during DRV optimization.

              Default: false

       -fixSlackInRangeLowerLimit <value_in_ns>
              Sets the lower slack limit for a violated path to be  considered
              during timing closure. The value is specified in ns.

              Default: -1.00000001504747e+30

       -fixSlackInRangeUpperLimit <value_in_ns>
              Sets  the upper slack limit for a violated path to be considered
              during timing closure. The value is specified in ns.

              Default: 1.00000001504747e+30

       -fixSiSlew {true | false}
              Reports SI slews violations and fixed during  DRV  optimization.
              This  is run as the first step of optimization before proceeding
              for any other incremental optimization.

              When this parameter is set to true, it  automatically  sets  the
              value of the -fixMaxTran parameter to true.

              Default : false

              Note:  If  set,  this  parameter must be applied before signoff-
              TimeDesign and signoffOptDesign.

       -fixXtalk {true | false}
              Reduces the crosstalk on  nets  that  have  xtalk  delta  delays
              greater than the specified threshold value.

              Default: false

              Note:  If  set,  this  parameter must be applied before signoff-
              TimeDesign and signoffOptDesign.

       -fixXtalkPreserveHold {true | false}
              When this parameter is set to true, the Xtalk fixing  engine  is
              not allowed to degrade Hold timing.

              Default: false

              Note:

              * This  parameter  is only honored by signoffOptDesign -drv when
                Xtalk fixing is enabled.

              * If set, this parameter must be  applied  before  signoffOptDe-
                sign.

       -fixXtalkPreserveSetup {true | false}
              When  this  parameter is set to true, the Xtalk fixing engine is
              not allowed to degrade Setup timing.

              Default: false

              Note:

              * This parameter is only honored by signoffOptDesign  -drv  when
                Xtalk fixing is enabled.

              * If  set,  this  parameter must be applied before signoffOptDe-
                sign.

       -holdTargetSlack <float>
              Specifies a target slack value in nanoseconds  for  hold  timing
              optimize.

              Default: 0

              Note:  If set, this parameter must be applied before signoffOpt-
              Design.

       -holdTargetSlackPerView {viewName1 slack1 viewName2 slack2 ...}
              When enabled, this parameter forces a specific hold target slack
              per view. If a given Hold active view is not listed in this  pa-
              rameter,  the  software uses the global Hold target slack set by
              the -holdTargetSlack parameter for that view.

              Default: "" (empty string)

              Note:

              * This parameter is honored by Setup,  Hold,  Area,  Power,  and
                Leakage optimization engines.

              * If  set,  this  parameter must be applied before signoffOptDe-
                sign.

       -holdXtalkDeltaThreshold <value_in_ns>
              Fixes the nets with the crosstalk delta delay value equal to  or
              greater  than  the specified threshold value for hold views. The
              threshold value is specified in ns.

              Default: 0.3 ns

              Note: If set, this parameter must be applied before  signoffOpt-
              Design.

       -holdXtalkSlackThreshold <value_in_ns>
              Fixes  nets with the slack threshold value equal to or less than
              a specified threshold value for hold views. The threshold  value
              is specified in ns.

              Default: 1000 ns

              Note:  If set, this parameter must be applied before signoffOpt-
              Design.

       -ignoreDrvChecks {true | false}
              Specifies   that   DRV   checks    should    be    ignored    in
              setup/hold/area/leakage/dynamic optimization.

              Default: false

              Note:  If set, this parameter must be applied before signoffOpt-
              Design.

       -keepTempfiles {true | false}
              Keeps all the  temporary  files  generated  by  the  distributed
              multi-mode multi-corner (DMMMC) and Tempus clients for debugging
              purposes.

              Default: false

              Note:  If set, this parameter must be applied before signoffOpt-
              Design.

       -legalOnly {true | false}
              Enables the tool to use the physical data to  search  for  legal
              location  while doing any buffer insertion or instance movement.
              This ensures that there is no instance overlap at the end of the
              ECO fixing stage, and after sourcing the ECO file in the  imple-
              mentation tool, you can directly run ECO routing.

              When  this  parameter is set to false, signoffOptDesign will not
              check for legal location although physical data is provided.  In
              this  mode,  signoffOptDesign  behaves  in  a Logical mode flow,
              which means that physical data will be ignored  and  this  might
              create  an  instance  overlap  and  will not check local density
              while inserting buffers. So it is recommended that you first run
              ECO fixing in the legal-only mode (which is  the  default  mode)
              and  then,  depending on the requirement, you may perform an in-
              cremental run by setting -legalOnly to false.

              Default: true

              Note: If set, this parameter must be applied before  signoffOpt-
              Design.

       -loadCellList <cell_list>
              Specifies the list of load cells to be inserted during Hold fix-
              ing,  regardless  of   whether  those  cells  have a dontUse at-
              tribute.

              Default: ""(empty string)

              Note: If set, this parameter must be applied before  signoffOpt-
              Design.

       -loadEcoOptDb <dir_name>
              Specifies  the  path of the directory where previously generated
              ECO Timing DB files are kept. If not specified, the  ECO  Timing
              DB files will be generated.

              Default: ""  (empty string)

              Note:  If set, this parameter must be applied before signoffOpt-
              Design.

       -loadIrdropDb<dir_name>
              Specifies the path of directory where  previously  generated  IR
              drop database files are stored.

              Default: ""  (empty string)

              Note:  If set, this parameter must be applied before signoffOpt-
              Design.

       -maxCapMargin <cap_margin_value>
              Specifies the ratio by which the max_cap check should be relaxed
              or tightened.

              Default: 0

              Minimum value: -10.000000

              Maximum value: 0.990000

              Note: If set, this parameter must be applied before  signoffOpt-
              Design.

       -maxLocalDensity <threshold_value>
              This  parameter lets you set a local placement density threshold
              that the software will honor during  timing  optimization.  When
              the  local  density  for a given area exceeds the threshold, the
              software stops adding or moving more  instances  in  that  local
              area.

              The  default  value for this option is -1, which means the soft-
              ware will not do any local placement density checks because,  by
              default, it is running with -legalOnly true parameter.

              This  parameter  accepts values between 0 and 1. For example, to
              allow a maximum local placement density of 98%, set the value to
              0.98.

              Default: -1

              Note:

              * This parameter is honored by DRV, Setup, and Hold optimization
                engines.

              * If set, this parameter must be  applied  before  signoffOptDe-
                sign.

       -maxOptRunTime <INT>
              Specifies  the  time  out period for only the timing/power opti-
              mization phase after which signoffOptDesign will exit  the  ses-
              sion.

              Default: 0

              Note:  If set, this parameter must be applied before signoffOpt-
              Design.

       -maxPaths <INT>
              Specifies the worst path found for each endpoint up to the  num-
              ber  specified  by  the -maxPaths parameter during ECO Timing DB
              generation. By default, the tool will automatically set a  value
              for -maxPaths that would lead to good PBA coverage of the design
              within  reasonable run time. You can overwrite this by setting a
              specific -maxPaths value, but  it  is  recommended  to  keep  it
              larger  than  1 million. In any case, you must ensure that -max-
              Paths value is superior or equal than the -nworst  value  multi-
              plied by the number of GBA violated endpoints.

              Default: -1

              Note:

              * This  parameter  is  only active when the -retime parameter is
                set.

              * If  set,  this  parameter  must  be  applied  before  signoff-
                TimeDesign.

       -maxRunTime <INT>
              Specifies  the  time out period, in minutes, after which signof-
              fOptDesign will exit the session.

              Default: 0

              Note: If set, this parameter must be applied before  signoffOpt-
              Design.

       -maxSlack <float>
              Specifies  the  maximum slack value to be used during ECO Timing
              DB generation when using PBA. Setting a positive -maxSlack value
              forces the software to retime positive GBA slack paths  so  that
              ECO  optimization  engine  can  benefit  from an extra PBA Setup
              slack credit when doing Hold fixing or Power recovery.  A  posi-
              tive -maxSlack value implies larger runtime during ECO Timing DB
              generation,  but  the software will retime only as many paths as
              what is specified through the -maxPaths parameter.

              Default: 0

              Note:

              * This parameter is only active when the  -retime  parameter  is
                set.

              * If  set,  this  parameter  must  be  applied  before  signoff-
                TimeDesign.

       -maxTranMargin <tran_margin_value>
              Specifies the ratio by which the max_tran check  should  be  re-
              laxed or tightened.

              Default: 0

              Minimum value: -10.000000

              Maximum value: 0.990000

              Note:  If set, this parameter must be applied before signoffOpt-
              Design.

       -numReportPaths <INT>
              Specifies the number  of  paths  printed  after  signoff  timing
              analysis per view.

              Default: 50

              Note:  If  set,  this  parameter must be applied before signoff-
              TimeDesign.

       -nworst <INT>
              Specifies the nworst control for path-based analysis.

              Default: -1

              Note:

              * This parameter is only active when the  -retime  parameter  is
                set.

              * If  set,  this  parameter  must  be  applied  before  signoff-
                TimeDesign.

       -optimizeCoreOnly {true | false}
              Performs only reg2reg optimization, when set to true.

              Default: false

              Note:

              * This parameter is not applicable for DRV optimization.

              * If set, this parameter must be  applied  before  signoffOptDe-
                sign.

       -optimizeReplicatedModules {true | false}
              Allows the software to perform timing optimization inside repli-
              cated hierarchies

              while generating only one ECO file per sets of clones.

              The cell name of the replicated hierarchies have to be listed in
              a file pointed by the -partitionListFile option.

              Default: false

              Note:  If set, this parameter must be applied before signoffOpt-
              Design.

       -optimizeSequentialCells {true | false}
              Allows the software to perform timing optimization  for  sequen-
              tial cells.

              Default: true

              Note:  If set, this parameter must be applied before signoffOpt-
              Design.

       -partitionListFile <string>
              Specifies the file containing list of partitions in the design.

              Default: "" (empty string)

              Note: If set, this parameter must be applied before  signoffOpt-
              Design.

       -pbaEffort {medium | high}
              When high effort mode is specified, all the optimization engines
              perform  more  aggressive  timing closure or area/power recovery
              with

              respect to path-based (PBA) timing and the expectation is to get
              better quality of results.

              In some cases, when large amount of ECOs are done in this  mode,
              the  final  timing signoff might show some setup timing degrada-
              tion, which can be recovered by running a second ECO loop  doing
              only setup timing recovery with the -setupRecovery parameter set
              to true.

              Default: medium

              Note:  If  set,  this  parameter must be applied before signoff-
              TimeDesign and signoffOptDesign.

       -pbaEcoRoute {true|false}
              When set to true, enables ecoRoute to  use  accurate  path-based
              analysis  (PBA)  timing during the ECO signoff timing/power clo-
              sure flow. This parameter should be specified at  the  start  of
              the signoffOptDesign/signoffTimeDesign flow.

              Default: false

       -postMask {true | false}
              Enables  the  timing  closure  engine  to  perform the following
              netlist changes without touching the base layer mask:

              * Inserts the Gate Array buffers or an inverter pair in place of
                existing Gate Array filler cells.

              * Resizes regular cells to Gate Array  cells.  It  also  resizes
                Gate Array cells to Gate Array cells.

              * Deletes a regular cell.

              The  software  automatically  identifies the Gate Array cells by
              checking which library instances have the same SITE name as  the
              Gate  Array  filler  cells  specified  by  the user. Here, empty
              spaces are filled up by the Gate Array filler  cells  to  ensure
              100% placement density.

              Note:

              * This is supported by DRV, Setup, and Hold fixing.

              * When  setTieHiLoMode -cell {{<tieLo_name tieHi_name>}} setting
                is used, the Metal ECO flow will insert  the  TieLo  cells  to
                connect  dangling input pins, in case the existing TieLo cells
                in the floorplan are extremely far or too overloaded.

              Example:

              The following command enables Hold fixing in the metal ECO  mode
              by  allowing the listed Gate Array filler cells to be deleted or
              inserted during the ECO process.

              setSignoffOptMode -postMask true

              setSignoffOptMode    -useGaFillerList    {GFILL1BWP    GFILL2BWP
              GFILL4BWP GFILL10BWP}

              signoffOptDesign -hold

              Default: false

       -postStaTcl <FILE>
              Specifies the file containing the TCL code that will be executed
              immediately after signoff timing analysis per view.

              Default: ""  (empty string)

              Note:

              * These TCL codes should follow Tempus syntax.

              * If  set,  this  parameter  must  be  applied  before  signoff-
                TimeDesign.

       -powerAware {true | false}
              Enables power awareness in all optimizers and transforms.

              Tempus ECO provides the ability to take power  as  part  of  the
              overall cost function when doing timing closure.

              When  this parameter is enabled before the start of an optimiza-
              tion session, the current optimization, and any subsequent opti-
              mizations (if running in  incremental  mode)  checks  for  power
              changes  for all optimizers and transforms during any changes in
              the design. In any case, the priority remains getting  the  best
              final timing but enabling this option will get there with possi-
              bly slighter ECO although resulting in lesser final power.

              For example, during to fix a Setup timing path violation, by de-
              fault  the tool would potentially choose to size one instance to
              a high leakage cell, while with -powerAware mode, the tool would
              try to get to same timing by doing multiple sizing  to  non-high
              leakage cells.

              Note

              * This  feature  requires  power activity to be annotated on the
                netlist with report_power command, either through external ac-
                tivity file (recommended) or using propagated  activity  based
                on some default toggling rate.

              * This  feature  honors  the  -powerOptFocus option, which means
                that the user can decide to force the tool  in  reducing  more
                total or leakage or dynamic power increase.

              Default: false

       -powerOptFocus total | leakage | dynamic | leakageOnly | dynamicOnly
              Specifies  whether  a given netlist should be optimized only for
              leakage or dynamic power reduction, or more for leakage  or  dy-
              namic  power while still reducing the overall total power during
              total power optimization.

              The following options are available:

              *

                total: The power optimization engine focuses  on  getting  the
                optimal total power in the design.

              *

                leakage:  The  power optimization engine optimizes total power
                but focuses more on leakage power reduction  than  on  dynamic
                power reduction.

              *

                dynamic:  The  power optimization engine optimizes total power
                but focuses more on dynamic power reduction  than  on  leakage
                power reduction.

              * leakageOnly:  The  power  optimization  engine focuses only on
                leakage power reduction.

              * dynamicOnly: The power optimization engine focuses only on dy-
                namic power reduction.

              Default: total

              Note:

              * This parameter is honored by signoffOptDesign  -power  and  by
                signoffOptDesign  -drv/-setup/-hold when the -powerAware para-
                meter is set to true.

              * If set, this parameter must be  applied  before  signoffOptDe-
                sign.

       -prefixName <string>
              Specifies  the  prefix  to  be assigned to the new instances in-
              serted.

              Default:  ESO

              Note: If set, this parameter must be applied before  signoffOpt-
              Design.

       -preserveFiller {true | false}
              When  set  to true, saves and restores filler states during sig-
              noff timing optimization. This helps improve the runtime  as  it
              saves the time taken to re-insert all the fillers.

              Default: true

       -preStaTcl <FILE>
              Specifies  a  file containing the TCL code that will be executed
              immediately prior to signoff timing analysis per view.

              Default: ""  (empty string)

              Note:

              * These TCL codes should follow Tempus syntax.

              * If  set,  this  parameter  must  be  applied  before  signoff-
                TimeDesign.

       -resizeInst {true | false}
              Enables/disables resizing transform.

              Default: true

              Note:  If set, this parameter must be applied before signoffOpt-
              Design.

       -retime {none | aocv | path_slew_propagation | aocv_path_slew_propaga-
       tion}
              Selects the retime mode for path-based analysis.

              Default: path_slew_propagation

              Note: If set, this parameter must  be  applied  before  signoff-
              TimeDesign and signoffOptDesign.

       -retimeDepth {default | infinite}
              Retimes depth for exhaustive path based analysis.

              Default: default

       -retimeDepthEarly {default | infinite}
              Retimes depth for exhaustive path based early analysis.

              Default: default

       -retimeMode {none | path | exhaustive}
              Retimes mode for path based analysis.

              Default: path

       -routingCongestionAware {true | false}
              Checks routing congestion before doing any netlist change.

              Default: false

              Note:  If set, this parameter must be applied before signoffOpt-
              Design.

       -routeCongestionThreshold <threshold_value>
              This parameter allows you to change the threshold at  which  the
              software  considers  a local area to be too routing congested to
              allow any ECO change. The default value is 0.7. To  tighten  the
              routing  congestion  checks, apply a value between 0 and 0.7. To
              relax the routing congestion checks, apply a value  between  0.7
              and 1.

              Default: 0.7

              Min value: 0

              Max value: 1

              Note:

              * This parameter is honored by Drv, Setup, Hold, Area, and Power
                optimization engines.

              * If  set,  this  parameter must be applied before signoffOptDe-
                sign.

       -saveEcoOptDb <dir_name>
              Specifies a path of directory where generated database files are
              kept.

              Default: ecoTimingDB

              Note: If set, this parameter must  be  applied  before  signoff-
              TimeDesign.

       -selectHoldEndpoints <file_name>
              Specifies  a  file containing the list of selected endpoints for
              hold fixing.

              Note:

              * When including endpoints, the -optimizeCoreOnly option must be
                set to false.

              * This parameter is set during ECO optimization.

              Default: ""  (empty string)

              For details about the file syntax, see  Path  Group  Support  in
              Timing Optimization in the Innovus User Guide.

       -selectDrvNetFile <file_name>
              Specifies  a  file  containing  the list of nets to be optimized
              during DRV fixing. The fixing of max_transition and  max_capaci-
              tance violations occurs only on the specified nets and the other
              violating  nets are ignored. The file specified includes one net
              per line.

              Note: Wild cards and regular expressions are  not  supported  in
              this file.

              Default: "" (empty string)

              Note:  If set, this parameter must be applied before signoffOpt-
              Design.

       -selectDrvPinFile <file_name>
              Specifies a file containing the list of instance pins to be  op-
              timized  during DRV fixing. The fixing occurs only on the speci-
              fied instance pins and the other violating pins are ignored. The
              file specified includes one pin per line.

              Note: Wild cards and regular expressions are  not  supported  in
              this file.

              Default: " " (empty string)

              Note:  If set, this parameter must be applied before signoffOpt-
              Design.

       -selectSetupEndpoints <file_name>
              Specifies a file containing the list of selected  endpoints  for
              setup fixing.

              Note:

              * When including endpoints, the -optimizeCoreOnly option must be
                set to false.

              * If  set,  this  parameter must be applied before signoffOptDe-
                sign.

              Default: ""  (empty string)

              For details about the file syntax, see  Path  Group  Support  in
              Timing Optimization in the Innovus User Guide.

       -setupRecovery {true | false}
              Specifies power-aware setup recovery for setup fixing.

              Default: false

              Note:  If set, this parameter must be applied before signoffOpt-
              Design.

       -setupTargetSlack float
              Specifies a target slack value in nanoseconds for  setup  timing
              optimization.

              Default: 0

              Note:  If set, this parameter must be applied before signoffOpt-
              Design.

       -setupTargetSlackPerView {viewName1 slack1 viewName2 slack2 ...}
              When enabled, this parameter  forces  a  specific  setup  target
              slack  per  view.  If a given Setup active view is not listed in
              this parameter, the software will use the  global  Setup  target
              slack set by the -setupTargetSlack parameter for that view.

              Default: "" (empty string)

              Note:

              * This  parameter  is  honored  by Setup, Hold, Area, Power, and
                Leakage optimization engines.

              * If set, this parameter must be  applied  before  signoffOptDe-
                sign.

       -setupXtalkDeltaThreshold <value_in_ns>
              Fixes  the nets that have a crosstalk delta delay value equal to
              or greater than a specified threshold value for setup views. The
              threshold value is specified in ns.

              Default: 0.3 ns

              Note: If set, this parameter must be applied before  signoffOpt-
              Design.

       -setupXtalkSlackThreshold <value_in_ns>
              Fixes  the  nets with the slack threshold value equal to or less
              than a specified threshold value for setup views. The  threshold
              value is specified in ns.

              Default: 1000 ns

              Note:  If set, this parameter must be applied before signoffOpt-
              Design.

       -skewCoreOnly {true | false}
              When this parameter is set to true, the skewing  engine  is  not
              allowed  to  skew  sequential  elements  that  are part of an IO
              boundary timing path.

              Default : false

              Note:

              * This parameter is only honored by signoffOptDesign -setup.

              * If set, this parameter must be  applied  before  signoffOptDe-
                sign.

       -skipDrvNetfile <file_name>
              Specifies a file containing the list of nets to be excluded dur-
              ing DRV fixing. The fixing of max_transition and max_capacitance
              violations  occurs  on  nets other than specified nets. The file
              specified includes one net per line.

              Note: Wild cards and regular expressions are  not  supported  in
              this file.

              Default: "" (empty string)

              Note:  If set, this parameter must be applied before signoffOpt-
              Design.

       -specifyHoldEndpointsMargin <string>
              Specifies endpoint-specific margin for Hold fixing.

              Default: ""  (empty string)

              For details about the file syntax, see  Path  Group  Support  in
              Timing Optimization in the Innovus User Guide.

              Note:  If set, this parameter must be applied before signoffOpt-
              Design.

       -specifySetupEndpointsMargin <string>
              Specifies endpoint-specific margin for Setup fixing.

              Default: ""  (empty string)

              For details about the file syntax, see  Path  Group  Support  in
              Timing Optimization in the Innovus User Guide.

              Note:  If set, this parameter must be applied before signoffOpt-
              Design.

       -swapInst {true | false}
              Enables/disables VT swap resizing.

              The setup/leakage optimizers do not honor this option and always
              perform VT-swapping.

              Default: true

              Note: If set, this parameter must be applied before  signoffOpt-
              Design.

       -upsizeInPowerOpt {true | false}
              When  this  parameter  is set to true, it allows the power opti-
              mization engine to perform cell upsizing to recover more power.

              Default: false

              Note:

              * This parameter is only honored by signoffOptDesign -power.

              * If set, this parameter must be  applied  before  signoffOptDe-
                sign.

       -useGaFillerList <list_of_Gate_Array_filler_cells_name>
              Enables  the  software  to  list all the Gate Array filler cells
              that can be deleted or inserted back.

              Note: This parameter is applicable in the Metal ECO mode only.

              Default: ""

       -usePfcDecapList <list_of_decap_cells>
              Lists all the programmable decap cells that are  allowed  to  be
              removed in post-mask mode.

              Default: {}

       -usePfcFillerList <list_of_filler_cells>
              Lists  all  the programmable filler cells that are allowed to be
              removed/reinserted in post-mask mode.

              Default: {}

       -usePfcRegularList <list_of_regular_cells>
              Lists all the programmable regular logic/ECO cells that are  al-
              lowed to be inserted in place of filler/decap cells during opti-
              mization in post-mask mode.

              Default: {}

              Example:

              The  following set of commands will allow Hold timing closure in
              post-mask mode using programmable filler cells.

              setSignoffOptMode -postMask true

              setSignoffOptMode   -usePfcFillerList   {ln10_ecofiller40x   ...
              ln10_ecofiller4x}

              setSignoffOptMode   -usePfcDecapList  {ln10_ecofillsgcap40x  ...
              ln10_ecofillsgcap4x}

              setSignoffOptMode      -usePfcRegularList       {ln10_ecodlybt01
              ln10_ecobuft04 ... ln10_ecoand02 ... ln10_ecoinv04 ...}

              signoffOptDesign -hold

       -verbose {true | false}
              Specifies  whether  the command should output log file reporting
              with verbosity or not.

              Default: false

              Note: If set, this parameter must be applied before  signoffOpt-
              Design.

Related Information
              * getSignoffOptMode

              * signoffOptDesign

              * signoffTimeDesign

              * The following topics in the Innovus User Guide

                * Running MMMC SignOff ECO within Innovus

                * Using Signoff Timing Analysis to Optimize Timing and Power

                * Signoff Timing Analysis in Innovus using Timing Debug

                * Optimization in Path-Based Analysis (PBA) Mode

                * Total Power Optimization

                * Setup  Timing  Recovery After a Large Leakage or Total Power
                  Optimization

                * Achieving the Best Results for Total Power Optimization

                * Path Group Support in Timing Optimization

                * Top Down Block ECO flow using Tempus Signoff Timing

                           Fri Apr 04 01:25:37 2025   setSignoffOptMode(25.10)