Product Version     25.10    Cadence Design Systems, Inc.
checkFootPrint(25.10)                                    checkFootPrint(25.10)

Name
       checkFootPrint

Syntax
       checkFootPrint

       [-help]

       Checks the timing library for missing footprint functions or timing in-
       formation.

       To view the above information in the software, use the man command: man
       checkFootPrint.

Related Information
              * loadFootPrint

              * reportFootPrint

              * setBufFootPrint

              * setInvFootPrint

              * setDelayFootPrint

              * The following topic in the Innovus User Guide

                     * Using Cell Footprints in Timing Optimization

                           Fri Apr 04 01:25:37 2025      checkFootPrint(25.10)