Product Version     25.10    Cadence Design Systems, Inc.
getObjFPlanBoxList(25.10)                            getObjFPlanBoxList(25.10)

Name
       getObjFPlanBoxList  - Retrieves a box list of the specified rectilinear
       object that was created earlier with the setObjFPlanBoxListcommand

Syntax
        getObjFPlanBoxList

       [-help]

       type

       name

       Retrieves a box list of the specified rectilinear object that was  cre-
       ated  earlier with the setObjFPlanBoxListcommand. This command can also
       be used to retrieve a box list of a rectilinear block instance from the
       PEF overlap layer. A box list comprises two or more boxes. You can  use
       this  command  after  setting the rectilinear shape of a block instance
       with the setObjFPlanBoxListcommand.

Parameters
       -help  Outputs a brief description that includes the type  and  default
              information  for  each  getObjFPlanBoxList  parameter. For a de-
              tailed description of the command and all of its parameters, use
              the man command:

              man getObjFPlanBoxList

       <name> Specifies the name of the object for object type.

              Data_type: string, required

       <type> Specifies the type of object (Cell | Group | Instance  |  Layer-
              shape | Module | Net | Pin) for name.

              Data_type: string, required

Example
       The  following  command  retrieves  the rectilinear boundary for module
       xyz.

       getObjFPlanBoxList Module xyz

Related Information
              * setObjFPlanBoxList

              * Floorplanning the Design chapter in the Innovus User Guide

                * Defining the Bounding Box

                           Fri Apr 04 01:25:37 2025  getObjFPlanBoxList(25.10)