Product Version     25.10    Cadence Design Systems, Inc.
report_bundled_bus(25.10)                            report_bundled_bus(25.10)

Name
       report_bundled_bus - Generates a report for bundled buses

Syntax
       report_bundled_bus

       [-help]

       [-name <string>]

       [-nets <string>]

       [-type {user_defined | tool_inferred}]

       [[ > | >> ]]

       Generates a report for bundled buses.

Parameters
       -help  Prints out the command usage.

       -name <string>
              Specifies  the  name  of the user-defined bus group(s) to be re-
              ported.

       -nets <string>
              Specifies the name of the net(s) to be reported.

       -type {user_defined | tool_inferred}
              Reports the type of bundled bus(es) - user-defined  or  tool-in-
              ferred - to include in the report.

              By default, the report_bundled_bus command generates reports for
              both user-defined and software-inferred type of buses.

       > <filename>
              Redirects the output to the specified file.

       >> <filename>
              Appends to the specified output file.

Examples
              * The following command shows the user-defined bus groups:

                report_bundled_bus

                Summary:

                Total number of user defined bus groups reported = 3

                Total number of tool inferred bus groups reported = 41

                -------------------------------------------------------

                Group Name (user_defined) : grp1

                Constituents:

                - EJ_PartNumber[15]

                - EJ_PartNumber[14]

                - EJ_PartNumber[13]

                - EJ_PartNumber[12]

                - EJ_PartNumber[11]

                - EJ_PartNumber[10]

                - EJ_PartNumber[9]

                - EJ_PartNumber[8]

                - EJ_PartNumber[7]

                - EJ_PartNumber[6]

                - EJ_PartNumber[5]

                - EJ_PartNumber[4]

                - EJ_PartNumber[3]

                - EJ_PartNumber[2]

                - EJ_PartNumber[1]

                - EJ_PartNumber[0]

                ------------------------------------------------------

                Group Name (user_defined) : grp2

                Constituents:

                - EJ_ManufID[10]

                - EJ_ManufID[9]

                - EJ_ManufID[8]

Related Information
              * define_bundled_bus

                           Fri Apr 04 01:25:37 2025  report_bundled_bus(25.10)