Product Version     25.10    Cadence Design Systems, Inc.
placeAIO(25.10)                                                placeAIO(25.10)

Name
       placeAIO - Places I/O driver cells

Syntax
       placeAIO

       [-help]

       [-onlyAIO]

       [-assignBump]

       [-maxDistance <distance>]

       [-fast]

       [-packing]

       [-ignoreAIOByName {<list>}]

       [-ignoreAIOByCellName {<list>}]

       [-hardFence]

       Places  I/O  driver cells. The area I/O Library must be loaded when im-
       porting the design. Area I/O rows are also required.

       Note: Once you run the placeAIO -onlyAIO  command  to  place  the  area
       I/Os,  you  can run placePIO -cellList to specify the cell(s) that must
       be placed on the periphery.

Parameters
       -help  Outputs a brief description that includes type and  default  in-
              formation  for  each placeAIO parameter. For a detailed descrip-
              tion of the command and all of its parameters, use the man  com-
              mand:

              man placeAIO

       -assignBump
              If  you have unassigned bumps for area I/O instance connections,
              this connects area  I/O  instances  to  the  nearest  unassigned
              bumps.  This  option requires that bump cells and bump locations
              are already loaded.

              Note: You can also assign bumps after area I/O placement by  us-
              ing the assignBump command.

              Data_type: bool, optional

       -fast  Runs  area  I/O  placement  in  the fast mode, trading speed for
              quality.

              Data_type: bool, optional

       -hardFence
              If specified, restricts the area I/O placement to the power  do-
              main fence to which the area I/O's belong to.

              Data_type: bool, optional

       -ignoreAIOByCellName {<list>}
              Ignores  all  area I/O instances that instantiate from the cells
              specified in the list, during placement. For example, if a  cell
              PDI has 2 AIO instances, test_in_1 and test_in_2, this parameter
              ignores both the instances during placement.

              Data_type: string, optional

       -ignoreAIOByName {<list>}
              Ignores  all  the  area  I/O cells specified in the list, during
              placement. Specify this parameter if you already placed the area
              I/O cells on the periphery and you want  to  avoid  placing  the
              same cells in the core.

              Data_type: string, optional

       -maxDistance <value>
              Specifies  the maximum allowable distance between the I/O driver
              cells and the bumps.

              Data_type: int, optional

       -onlyAIO
              Places only area I/O instances. If this option is not specified,
              the command will also place  all  standard  cell  instances  and
              blocks.

              Data_type: bool, optional

       -packing
              Specifies the packing of I/O driver cells within each cluster of
              rows. This option is only applicable to designs with clusters of
              I/O rows.

              Data_type: bool, optional

Examples
              * The  following command places area I/O instances and all stan-
                dard cell instances, and assign bumps for all chip I/O pins:

                placeAIO -assignBump

              * The following command places only area I/O cells:

                placeAIO -onlyAIO

Related Information
              * placePIO

              * Floorplanning the Design chapter in the Innovus User Guide

                           Fri Apr 04 01:25:37 2025            placeAIO(25.10)