Product Version     25.10    Cadence Design Systems, Inc.
fixVia(25.10)                                                    fixVia(25.10)

Name
       fixVia  -  This command fixes the following types of violations in spe-
       cial net vias: short, mincut, minstep, and cutspacing

Syntax
       fixVia

       [-help]

       {-short | -minCut | -minStep | -cutSpacing}

       [-area]

       This command fixes the following types of  violations  in  special  net
       vias:  short, mincut, minstep, and cutspacing. If the via cannot be re-
       placed, the violation marker is not removed.  Use  this  command  after
       running  the  verify_drc  command.  It only fix violations indicated by
       markers from verify_drc.

Parameters
       -help  Outputs a brief description that includes the type  and  default
              information for each fixVia parameter.

              For  a  detailed  description of the command and all its parame-
              ters, use the man command:

              man fixVia

       -area {<x>1 <y>1 <x>2 <y>2}
              Specifies the rectangular area. Thus, the command applies to the
              violations within the area only. The area option should be  com-
              patible  with  all  existing options and supports all violations
              that the command can support at the moment. Specifying the  area
              improves  the  run-time for large design with significant number
              of violations.

              x1, y1 are the coordinates for lower left corner  of  the  area.
              x2,  y2  are  the  coordinates for the upper right corner of the
              area.

              By default, this option is off and with no default value for any
              of its argument.

       -cutSpacing
              Fixes cut spacing vias by trimming cuts.

       -short Fixes vias which have a short violation.

       -minCut
              Replaces power vias flagged by a violation marker due to a  vio-
              lation of the LEF MINIMUMCUT rule.

              The  via is replaced with a via that contains the minimum number
              of cuts based on the LEF rule, and the violation marker  is  re-
              moved.

       -minStep
              Replaces  power vias flagged by a violation marker due to a vio-
              lation of the LEF MINIMUMSTEP rule.

              The via is replaced with a via that contains the minimum  number
              of  steps based on the LEF rule, and the violation marker is re-
              moved.

Examples
       The following command replaces power vias for the specified rectangular
       area:

       fixVia -area {131.877 153.962 161.278 176.684} -minCut

Related Information
       Power Planning and Routing chapter in the Innovus User Guide.

                           Fri Apr 04 01:25:37 2025              fixVia(25.10)