Product Version     25.10    Cadence Design Systems, Inc.
edit_bump_name(25.10)                                    edit_bump_name(25.10)

Name
       edit_bump_name  - Modifies the names of selected or specified bumps ac-
       cording to the specified pattern

Syntax
       edit_bump_name

       [-help]

       -from <current_pattern >

       [-selected]

       -to <new_pattern>

       Modifies the names of selected or  specified  bumps  according  to  the
       specified pattern.

Parameters
       -help  Outputs  a  brief description that includes type and default in-
              formation for each edit_bump_name parameter.

              For a detailed description of the command and all of its parame-
              ters, use the man command:

              man edit_bump_name

       -from <current_pattern>
              Specifies the name of a single bump or a pattern for  the  names
              of  the bumps to be edited. The pattern is a regular expression,
              such as {Bump_\d+} or  {Bump_(\d)(\w+)}, which can  be  referred
              in  TCL.  When  specifying  a  pattern,  the opening and closing
              braces are required.

       -selected
              Modifies the names of selected bumps.

       -to <new_pattern>
              Specifies the new name or name format  for  target  bumps.  When
              specifying a name format, the opening and closing braces are re-
              quired.

Examples
              * The  following  command  modifies  the names of all bumps that
                have the pattern Bump_\d+, such as  Bump_1  and  Bump_12,   to
                bumps with pattern signal_\d+, such as signal_1 and signal_12:

                edit_bump_name -from {Bump_} -to {signal_}

              * The following command modifies the name of the Bump_1_1_1 bump
                to signal_bump:

                edit_bump_name -from {Bump_1_1_1} -to {signal_bump}

              * The  following  command  modifies  the names of all bumps that
                have the pattern Bump_(\d)_(\d)_(\d) to bumps named 1_1_1_sig-
                nal, 1_1_2_signal, and so on:

                edit_bump_name -from {Bump_(\d)_(\d)_(\d)} -to  {\1_\2_\3_sig-
                nal}

Related Information
              * changeBumpMaster

              * copy_bump

              * create_bump

              * deleteBumps

              * deselect_bump

              * select_bump

                           Fri Apr 04 01:25:37 2025      edit_bump_name(25.10)