Product Version     25.10    Cadence Design Systems, Inc.
setMultiColorsHier(25.10)                            setMultiColorsHier(25.10)

Name
       setMultiColorsHier  -  Specifies  the color assignment for hierarchical
       instances based on the color Id from the Module Color  Preference  form
       (accessed by clicking Floorplan - Edit Floorplan - Color Module)

Syntax
       setMultiColorsHier

       [-help]

       [<colorID> [<hInstName>]]

       Specifies  the color assignment for hierarchical instances based on the
       color Id from the Module Color Preference form  (accessed  by  clicking
       Floorplan - Edit Floorplan - Color Module).

Parameters
       -help  Prints a brief description that includes type and default infor-
              mation for each setMultiColorsHier parameter.

              For a detailed description of the command and all of its parame-
              ters, use the man command:

              man setMultiColorsHier

       <colorID>
              Specifies  an  integer from 0 to 29 to set the starting color ID
              for the specified hierarchical instance.

              Default: If no ID is specified, the color ID  0  in  the  Module
              Color  Preference  form  is applied to the selected hierarchical
              instances. This is the same behavior as using the Auto button on
              the Module Color Preference form.

       <hInstName>
              Specifies the name of the hierarchical  instance  whose  descen-
              dants are set to the specified color ID.

              Default:  if  this parameter is not specified, the first hierar-
              chical instance uses the specified color id; the second  hierar-
              chical instance uses the next color ID, and so on.

Examples
              * The  following  command specifies the color Id 3 for the first
                hierarchical module, the color Id 4 for the second  hierarchi-
                cal module, and so on.

                setMultiColorsHier 3

              * In  the  following  command, only the descendants of topModule
                are displayed using the color ID 3.

                setMultiColorsHier 3 topModule

Related Information
              * resetMultiColorsHier

              * saveColorPreference

              * saveHInstColor

              * setHInstColorId

              * set_object_color

              * setSelHInstColor

              * Floorplan Menu chapter in the Menu Reference

                * Color Module

                           Fri Apr 04 01:25:37 2025  setMultiColorsHier(25.10)