Product Version     25.10    Cadence Design Systems, Inc.
display_obj_connectivity(25.10)                display_obj_connectivity(25.10)

Name
       display_obj_connectivity   -  Displays  the  connections  of  specified
       macros, selected macros, or specified ports

Syntax
       display_obj_connectivity

       [-help]

       [-direction {in|out|all}]

       [-level <level>]

       [-line_to_ports]

       [-min_connection <number>]

       {-insts <string> | -ports <string> | -selected | -reset }

       [-through_registers [-all_registers ]]

       Displays the connections of specified macros, selected macros, or spec-
       ified ports. You can also display the  input  and  output  connectivity
       separately. By default it displays both.

Parameters
       -all_registers
              Displays  all  registers  found  during the analysis, even those
              which do not drive to other macros.

              Note: This parameter must be used  with  the  -through_registers
              option.

              Data_type: bool, optional

       -help  Outputs  a  brief description that includes type and default in-
              formation for each display_obj_connectivity parameter.

              For a detailed description of the command and all of its parame-
              ters, use the man command:

              man display_obj_connectivity

       -direction {in|out|all}
              Specifies the pin direction of objects to be displayed.

              Default: all

              Data_type: string, optional

       -insts <string>
              Specifies the macros for which the connectivity is displayed.

              Data_type: string, optional

       -level <level>
              Specifies the trace level to display.

              Maximum Level: 10

              Minimum Level:  1

              Default: 1

              Data_type: int, optional

       -line_to_ports
              Displays the display paths from/to primary ports.

              Data_type: bool, optional

       -min_connection <number>
              Specify the trace minimum connection.

              Default: 1

              Data_type: int, optional

       -ports <string>
              Specifies the IO ports for which the connectivity is displayed.

              Data_type: string, optional

       -reset Clears the trace macro display.

              Data_type: bool, optional

       -selected
              Displays the connectivity of selected macros.

              Data_type: bool, optional

       -through_registers
              Displays the flight lines going through registers.

              Data_type: bool, optional

Example
       The following command displays the connections for blk1 upto level 3:

       trace_obj_connectivity -insts blk1 -level 3

Related Information
              * trace_obj_connectivity

              * set_trace_obj_connectivity_mode

              * get_trace_obj_connectivity_mode

              * Floorplanning the Design chapter in the Innovus User Guide

              * Floorplan Menu chapter in the Innovus Menu Reference

                           Fri Apr 04 01:25:37 2d0i2s5play_obj_connectivity(25.10)