Product Version     25.10    Cadence Design Systems, Inc.
update_library_set(25.10)                            update_library_set(25.10)

Name
       update_library_set - Updates an existing specified library set

Syntax
       update_library_set

       [-help]

       [-aocv <string>]

       [-library_side_file <string>]

       -name <libSetName>

       [-si <string>]

       [-socv <string>]

       [-timing <string>]

       Updates an existing specified library set.

       Note:  You  can  edit  a  library  set before (or after) the multi-mode
       multi-corner view definition file is loaded into the  design.  However,
       after the software processes the file, any change to an existing object
       when the software is in multi-mode multi-corner mode resets the timing,
       delay calculation, and RC data.

Parameters
       -help  Prints out the command usage.

       -aocv <string>
              Specifies  a list of new AOCV libraries to include in the speci-
              fied library set.

       -library_side_file <string>
              Specifies the library side file.

       -name <libSetName>
              Specifies the name of an existing library set to be updated. The
              library set must have been defined using the  create_library_set
              command.

       -si <string>< >
              Specifies  a  list  of  new cdB libraries and user-defined noise
              (UDN) models to include in the library set.

       -socv <string>
              Specifies a list of new SOCV libraries to be included in the li-
              brary set.

       -timing <string>
              Specifies a list of new timing libraries to include in the spec-
              ified library set.

              Note: The ECSM and CCS libraries can be very large  and  loading
              them  may  take significant time. You can convert the ASCII NLDM
              (Liberty .lib), ECSM, and CCS libraries to a binary version  us-
              ing  the write_ldb command. For conversion of libraries to a bi-
              nary version, refer to write_ldb.

              Instead of the original ASCII libraries,  you  can  specify  the
              following binary libraries in the configuration file:

              create_library_set   -name  libName  -timing  "AAA.lib  BBB.ecsm
              CCC.ccs"

       Examples
              * The following command creates a library  set  that  associates
                timing libraries and cdB libraries with a nominal voltage of 1
                volt with the library name IsCOM-1V:

                create_library_set   -name   IsCOM-1V   -timing   [list   std-
                cell_F_1V.lib ram_F.lib pad.lib]

                The following command changes the timing libraries  associated
                with  the  library  set  IsCOM-1V:update_library_set -name Is-
                COM-1V -timing [list stdcell_CVF_1V.lib ram_CVF.lib pad.lib ]

Related Information
              * create_library_set

              * get_library_set

              * all_library_sets

                           Fri Apr 04 01:25:37 2025  update_library_set(25.10)