Product Version     25.10    Cadence Design Systems, Inc.
generate_tech_pg_lib(25.10)                        generate_tech_pg_lib(25.10)

Name
       generate_tech_pg_lib  -  Generates the technology power-grid library on
       the fly

Syntax
       generate_tech_pg_lib

       [-help]

       [-decap_cells <cell_list>]

       [-default_power_voltage <value>]

       [-esd_cells <cell_list>]

       [-filler_cells <cell_list>]

       [-keep {true | false}]

       [-lef_layermap <filename>]

       [-output_dir <dir_name>]

       [-power_gate_file <filename>]

       -tech_file filename

       [-tech_only {true | false}]

       Generates the technology power-grid library on the fly.  The  generated
       tech-PGV  will be deleted after the session is over. If this command is
       specified, the Power Analysis and Rail Analysis engines will  automati-
       cally  use the on the fly generated tech-PGV. The purpose of generating
       the tech-only PGV on the fly is that you do not need to keep a track of
       the tech-only PGVs. Thus, it ensures that the tech-only PGV  is  gener-
       ated from the correct Quantus technology file.

       The tech-only PGV library will be generated under the working directory
       and  will  be called by Power/Rail Analysis on the fly, as shown in the
       following log file snippet:

       Begin Loading PGV Libraries for Power Calculation

       Ended    Loading    PGV    Libraries     for     Power     Calculation:
       (cpu:0:00:00,real=0:00:00,mem(process/to-
       tal/peak)=275.25MB/2585.14MB/1194.52MB)

       Begin Processing Cell Libraries for Rail Analysis

       Merging libraries:

       Output library: ./work/lib_merged.cl

Parameters
       -help  Outputs the command usage.

       -decap_cells <cell_list>
              Specifies  the  names of cells that have explicit decoupling ca-
              pacitance for use in decap optimization. These cells are  nearly
              equivalent  to feedthrough cells, except that there is typically
              an active device between the power and ground  nets  to  provide
              extra decoupling capacitance. Power-grid view library generation
              uses  this  list  of cells to ensure that a capacitance value is
              associated with each cell. If no capacitance is associated  with
              a cell, a warning message will be issued.

       -default_power_voltage <value>
              Specifies  voltage  for the power pins which are present in LEF.
              The default  value is 1.2.

       -esd_cells <cell_list>
              Specifies a list of Electrostatic Discharge (ESD) cells. You can
              use this parameter to characterize ESD cells.

       -filler_cells <cell_list>
              List the names of the filler or feedthrough cells that  have  no
              GDS data. These cells can be swapped out for decaps during decap
              optimization.

       -keep {true | false}
              Specifies  that  the  generated library should be retained after
              the session completes.  The default value is false.

       -lef_layermap <filename>
              Specifies a file that provides the mapping of layers between the
              LEF and technology file. This  parameter  is  optional.  Library
              Generation  automatically  generates the layermap file using the
              technology LEF (containing all layer and  via  definitions)  and
              Quantus  Tech  (extraction library) files, therefore, a LEF lay-
              ermap file is not a mandatory input. The automatically generated
              layermap file is located in the PGV temp directory.

              The following is the format and sample content of the  auto-gen-
              erated file (lefdefLayerMap_AutoGenerated.txt):

              Layer Type   tech_layername   lefdef    lefdef_layername

              via              VIA_9        lefdef      VIA9

              metal            METAL_1      lefdef      METAL1

              You  can  specify this parameter if you want to provide your own
              layermap file.

       -output_dir <dir_name>
              Specifies the name of the output directory  in  which  tech-only
              power-grid  library is created. The default is the current work-
              ing directory.

       -power_gate_file <filename>
              Specifies a file with the information  that  technology  library
              generation needs to characterize a powergate cell. Specifies the
              cell  name,  unswitched power pin, switched power pin, on resis-
              tance in ohms, saturation current in milliamps, and leakage cur-
              rent in milliamps. The format of the file is:

              <cell> <supply> <switched> <Ron> <Idsat> <Ileak>

              The following is an example of multiple footer powergate:

              FOOTBUFVHSV16 VSSG VSS 63 3.167 0.000128252

               FOOTBUFVHSV32 VSSG VSS 63 3.167 0.000128252

               FOOTBUFVHSV64 VSSG VSS 63 3.167 0.000128252

               FOOTBUFVHSV8 VSSG VSS 63 3.167 0.000128252

       -tech_file <filename>
              Mandatory parameter. Specifies the name of the  technology  file
              that will be used for extraction.

       -tech_only {true | false}
              Specifies  to generate the technology PGV without any cells. The
              default value is false.

Examples
              *
                 The following command generates a  tech-only  power-grid  li-
                brary:

                generate_tech_pg_lib     -tech_file     $tech_path/qrcTechFile
                -filler_cells *FILL* -decap_cells *DCAP*  -default_power_volt-
                age 0.9

Related Information
              * set_pg_library_mode

              * set_advanced_pg_library_mode

              * generate_pg_library

              * "Power-Grid  Library  Generation"  in  the Voltus IC Power In-
                tegrity Solution User Guide

                           Fri Apr 04 01:25:37 2025generate_tech_pg_lib(25.10)