Product Version     25.10    Cadence Design Systems, Inc.
createWhatIfIn...GeneratedClock(25.10)  createWhatIfIn...GeneratedClock(25.10)

Name
       createWhatIfInternalGeneratedClock  -  Creates  an  internal  pin  on a
       blackbox or a blackblob, and creates a generated clock on this internal
       pin

Syntax
       createWhatIfInternalGeneratedClock

       <blackBoxCellName>

       [-help]

       -clockName <genClkName>

       -clockPin <internalPinName>

       -masterPin <clockInputPort>

       [-edge_shift <edge_shift_list>]

       [-noCreateInternalPin]

       [-invert]

       {-multiplyBy <integer> | -divideBy <integer> | -edges <edge_list>}

       Creates an internal pin on a blackbox or a  blackblob,  and  creates  a
       generated  clock  on this internal pin. The timing graph is updated ac-
       cordingly.

       The following points apply to the usage of this command:

              * The internal pin created with this command will be treated  as
                a  clock  port.  This  internal pin can, therefore, be used to
                create check arcs.

                The latency of the generated clock should include the  latency
                of  the  master clock. Therefore, the latency of the generated
                clock should be greater than or equal to the  latency  of  the
                master clock.

                The  delay  specified during defining the timing arcs from the
                internal pins must be greater than or equal to  the  generated
                clock latency.

              * You  can  use the generated clock to define timing arcs--these
                timing arcs are used for timing analysis. Instead of the clock
                name, the clock pin is referenced while  defining  the  timing
                arcs.

                Any  timing  arc  related to the internal pin must include the
                clock latencies defined on both: the internal pin and the mas-
                ter pin.

              * You can also use this command  to  specify  that  a  generated
                clock  should be created on an existing internal pin by speci-
                fying the -noCreateInternalPin parameter.

              * If a cell has multiple instances, a generated  clock  will  be
                defined for each instance of the cell.

              * You  can  set  the latency of the generated clock by using the
                setWhatIfClockLatency command. The generated clock appears  in
                the block SDC file generated by the saveWhatIfTimingModel com-
                mand.

              * Ensure  that the latencies of the generated clock and the mas-
                ter clock are defined before creating any timing arc using the
                what-if timing analysis commands.

              * The internal pin and the generated clock will  be  treated  as
                what-if  assertions  and  can  be  deleted  with  the  delete-
                WhatIfTimingAssertions command.

       You can use this command after the module definition of the blackbox or
       the blackblob is available with the I/O's in the Verilog netlist.

Parameters
       <blackBoxCellName>
              Specifies the name of the blackbox or blackblob cell.

       -clockName <genClkName>
              Specifies the name of the clock.generated on the internal pin.

       -clockPin <internalPinName>
              Specifies the name of the pin generated inside the  blackbox  or
              blackblob.

       -divideBy <integer>
              Specifies the frequency division factor. The generated clock pe-
              riod  is equal to the master clock period multiplied by this pa-
              rameter.

              For example, if the value of this parameter is 2, the  generated
              clock period is two times the master clock period.

              This parameter takes an integer value.

       -edge_shift <edge_shift_list>
              Specifies  the  amount  of  shift for each edge in the specified
              edge list.

       -edges <edge_list>
              Specifies the list of edges from source  clock  to  the  derived
              clock.

       -invert
              Inverts the source clock.

       -masterPin <clockInputPort>
              Specifies the source from which the derived clock is generated.

              Note:  The  source  must  be an existing clock port. and a clock
              should be available on this port.

       -multiplyBy
              Specifies the frequency  multiplication  factor.  The  generated
              clock period is equal to the master clock period divided by this
              parameter.

              For  example, if the value of this parameter is 2, the generated
              clock period is half the master clock period.

              This parameter takes an integer value.

       -noCreateInternalPin
              Specifies that a generated clock should be created on an  exist-
              ing  internal pin. In this case, the -clockPin <internalPinName>
              parameter should specify the existing internal pin.

Related Information
                     * Using the What-If Timing Commands section  in  the  In-
                       novus User Guide.

Examples
       The  following command created an internal pin named internalPin1 and a
       generated clock named  genCLK1  on  the  blackbox  or  blackblob  named
       block3. The master pin specified is genCLK1 and the divide-by-frequency
       specified is 2.

       createWhatIfInternalGeneratedClock  block3 -clockName genCLK1 -clockPin
       internalPin1 -masterPin CLK1-divideBy 2

                           Fri Apr 04 01:c2r5e:a3t7eW2h0a2t5IfIn...GeneratedClock(25.10)