Product Version     25.10    Cadence Design Systems, Inc.
get_power_analysis_mode(25.10)                  get_power_analysis_mode(25.10)

Name
       get_power_analysis_mode  -  Use  the get_power_analysis_mode command to
       display the current settings for the set_power_analysis_mode command

Syntax
       get_power_analysis_mode

       [-help]

       [-quiet]

       Use the get_power_analysis_mode command to display the current settings
       for the set_power_analysis_mode command.

       If you do not specify a parameter, the software returns information for
       all of the set_power_analysis_mode parameters.

Parameters
       -help  Outputs a brief description that includes the type  and  default
              information for each get_power_analysis_mode parameter.

              For a detailed description of the command and all of its parame-
              ters, use the man command man get_power_analysis_mode.

       -quiet Returns  the current settings of all set_power_analysis_mode pa-
              rameters in Tcl list format.

Example
              * The following command returns the  current  settings  for  all
                set_power_analysis_mode parameters:

                get_power_analysis_mode \

                 -honor_negative_energy true # bool, default=true \

                 -ignore_control_signals true # bool, default=true \

                 -leakage_scale_factor_for_temp 1 # float, default=1 \

                 -off_pg_nets {} # string, default="" \

                 -x_transition_factor 0.5 # float, default=0.5 \

                 -z_transition_factor 0.25 # float, default=0.25

              * The  following  command  returns  the current settings for all
                set_power_analysis_mode parameters in Tcl list format only:

                get_power_analysis_mode -quiet

                The software returns the following information:

                {honor_negative_energy  true}  {ignore_control_signals   true}
                {leakage_scale_factor_for_temp  1} {off_pg_nets {}} {x_transi-
                tion_factor 0.5} {z_transition_factor 0.25}

Related Information
              * set_power_analysis_mode

              * "Static Power, IRdrop and EM Analysis" in the Voltus IC  Power
                Integrity Solution User Guide

              * "Dynamic Power and IRDrop Analysis" in the Voltus IC Power In-
                tegrity Solution User Guide

                           Fri Apr 04 01:25:37 20g2e5t_power_analysis_mode(25.10)