Product Version     25.10    Cadence Design Systems, Inc.
reportScanCell(25.10)                                    reportScanCell(25.10)

Name
       reportScanCell  -  Displays a list of the scan cells that are read from
       the timing library or by the specifyScanCell command

Syntax
        reportScanCell

       Displays a list of the scan cells that are read from the timing library
       or by the specifyScanCell command. This command can be  called  in  any
       stage  of flow after importing design if there are scan cell specifica-
       tions in library; or else it can be used after the specifyScanCell com-
       mand.

Parameters
       None

Example
       Following is an example of the output from reportScanCell:

       ScanFF SEDFFXL

         FT SI is test_scan_in

         FT SE is Scan Enable Clock

         FT QN is test_scan_out_inverted

         FT Q is test_scan_out

       ScanFF SEDFFX4

         FT SI is test_scan_in

         FT SE is Scan Enable Clock

         FT QN is test_scan_out_inverted

         FT Q is test_scan_out

Related Information
              * deleteAllScanCells

              * specifyScanCell

              * Placing the Design chapter in the Innovus User Guide

                * Optimizing and Reordering Scan Chains

                           Fri Apr 04 01:25:37 2025      reportScanCell(25.10)