Product Version     25.10    Cadence Design Systems, Inc.
report_net_wires(25.10)                                report_net_wires(25.10)

Name
       report_net_wires - Displays information about the regular net wires

Syntax
       report_net_wires

       [-help]

       [-file <fileName>]

       [-net <netName>]

       Displays information about the regular net wires. If the -net parameter
       of  this  command  is not specified, the wires of all the nets are dis-
       played. If the -file parameter of this command is not  specified,,  the
       wire  information  on  the screen (console) and log file are displayed.
       The information about the net regular wires is categorized as:

              * Node Information

              * Edge Information

Node Information
       It includes XY location (like  Loc=(2.3,  52.11)),  metal  layer  (like
       Layer=M1(2)),  number  of edges on the current node (like Edges=2), tie
       special node name (like Tie Special), and global route node name  (like
       Global  Route).  If the node has a terminal attached, the node informa-
       tion also includes the term information, like Term = a/b/c,  IO  Pin  =
       name, or PG Term = x/y/z.

Edge Information
       It  includes node number (like Node3 -> Node5), edge type (like Type=HV
       Wire), and edge status (like Status=Routed). The edge status  list  in-
       cludes None, Routed, Fixed, Cover, Shield, No Shield, Global, Assigned.
       For  different  edge types, the edge information reports different edge
       attributes. Following is the list of various edge types and  their  at-
       tributes:

              * HV Wire:

                NDR=name (non-default rule name)

                Width=3.3 (wire width)

                Begin Extension=3.3 (wire beginning extension)

                End Extension=3.3 (wire ending extension)

                Mask=1 (color/mask value)

              * Via:

                Via Cell=name (via cell name)

                NDR=name (non-default rule name)

                Top Mask=1 (top metal layer's color/mask value)

                Cut Mask=1 (cut layer's color/mask value)

                Bottom Mask=1 (bottom metal layer's color/mask value)

              * Patch:

                Box=(100.0,200.0,223.6,250.4) (patch box coordinates)

                Mask=1 (patch color/mask value)

                Attr=304 (patch attributes value)

                If  it  is a non-routing patch, it will also report trim metal
                information as shown below:

                Trim Metal Box=(10.0, 10.0, 11.9, 11.9) (trim metal box  coor-
                dinates)

                Mask=1 (trim metal color/mask value)

                Layer=name (trim metal layer name)

              * 45 Degree:

                NDR=name (non-default rule name)

                Width=3.3 (wire width)

                Mask=1 (color/mask value)

              * Zero Length

              * Term Connect

              * Virtual:

                Zero Length, Term Connect, and Virtual have no extra attribute
                information. Following is an example of a single net:

                Wires for the net1 net:

                Node0:  Loc=(44.102,  55.203),  Layer=PO(2),  Edges=1,  Global
                Route

                Term = inst1/b

                Node1: Loc=(44.102, 66.304), Layer=Po(2), Edges=1

                IO Pin = net1

                Edge0: (Node0->Node1), Type=HV Wire, Status=Routed,  NDR=ndr1,
                Width=0.056,   Begin   Extension=0.056,  End  Extension=0.056,
                Mask=1

Parameters
       -help  Prints a brief description that includes the  type  and  default
              information  for each report_net_wires parameter. For a detailed
              description of the command and all its parameters, use  the  man
              command:

              man report_net_wires

       -file <fileName>
              Specifies the name of the file.

       -net <netName>
              Specifies the name of the net.

                           Fri Apr 04 01:25:37 2025    report_net_wires(25.10)