Product Version     25.10    Cadence Design Systems, Inc.
resizeFloorplan(25.10)                                  resizeFloorplan(25.10)

Name
       resizeFloorplan  - Resizes the floorplan while maintaining the relative
       locations of the existing floorplan

Syntax
       resizeFloorplan

       [-help]

       [-xSize <xAxisSize>]

       [-ySize <yAxisSize>]

       [-xPercent <xAxisPercent>]

       [-yPercent <yAxisPercent>]

       [-undo]

       [-pushCore]

       [-forceResize]

       Resizes the floorplan while maintaining the relative locations  of  the
       existing  floorplan. You can also set global parameters for the resize-
       Floorplan by using the setResizeFPlanModecommand. Parameters  that  you
       specify  with  setResizeFPlanMode  are then used automatically whenever
       you run the resizeFloorplan command or use the Resize  Floorplan  form.
       You  can  use  this  command  after importing the design. When run on a
       block design, the resizeFloorplan command keeps physical PG pins during
       resize and trims the PG pin geometries that fall out of the chip bound-
       ary after resize.

       Note: You can use the addSizeBlockage command to add  a  size  blockage
       object  that  controls  the behavior of the resize line under a covered
       area.

Parameters
       -forceResize
              Resizes the floorplan even if the target size can  not  be  met.
              However,  the  floorplan  is  resized as near as possible to the
              specified size.

              Default: If you do not specify this parameter, the floorplan  is
              not resized if the target size can not be met.

              Note:  This  parameter can be used only when the setResizeFplan-
              Mode -shiftBased parameter has been set to true.

              Data_type: bool, optional

       -help  Outputs a brief description that includes type and  default  in-
              formation for each resizeFloorplan parameter. For a detailed de-
              scription  of the command and all of its parameters, use the man
              command:

              man resizeFloorplan

       -pushCore
              Pushes the core when the design is I/O bound.

              Data_type: bool, optional

       -undo  Revert to the floorplan that existed before the command was run.

              Data_type: bool, optional

       -xPercent <xAxisPercent>
              Specifies the percentage of how much the floorplan should be ex-
              panded or shrunk in the x direction. A  positive  value  expands
              the floorplan and a negative value shrinks the floorplan.

              Data_type: float, optional

       -yPercent <yAxisPercent>
              Specifies the percentage of how much the floorplan should be ex-
              panded  or  shrunk  in the y direction. A positive value expands
              the floorplan and a negative value shrinks the floorplan.

              Data_type: float, optional

       -xSize <xAxisSize>
              Specifies how much the floorplan should be expanded or shrunk in
              the x direction. A positive value expands the  floorplan  and  a
              negative value shrinks the floorplan. This value is in microns.

              Note:  If  both  -xSize and -ySize parameters are specified, the
              resize order is the same as the order of the parameters.

              Data_type: float, optional

       -ySize <yAxisSize>
              Specifies how much the floorplan should be expanded or shrunk in
              the y direction. A positive value expands the  floorplan  and  a
              negative value shrinks the floorplan. This value is in microns.

              Data_type: float, optional

Example
              * The  following  command  resizes  the  floorplan  as  follows:
                shrinks the floorplan in shift based mode by  -50  microns  in
                the x direction and -40 microns in the y direction.

                resizeFloorplan -xSize -50 -ySize -40

Related Information
              * addSizeBlockage

              * deleteSizeBlockage

              * getResizeFPlanMode

              * setResizeFPlanMode

              * Floorplan Menu chapter in the Innovus Menu Reference

              * Floorplanning the Design chapter in the Innovus User Guide

                * Resizing the Floorplan

                           Fri Apr 04 01:25:37 2025     resizeFloorplan(25.10)