Product Version     25.10    Cadence Design Systems, Inc.
getAddRingMode(25.10)                                    getAddRingMode(25.10)

Name
       getAddRingMode - Returns information for the specified parameter

Syntax
       getAddRingMode

       [-help]

       [-avoid_short]

       [-break_core_ring_io_list]

       [-continue_on_no_selection]

       [-detailed_log]

       [-extend_blockring_search_distance]

       [-extend_corering_search_distance]

       [-extend_merge_with_prewires]

       [-extend_over_row]

       [-extend_search_nets]

       [-extend_stripe_search_distance]

       [-gap_width_without_io]

       [-ignore_rows]

       [-max_via_size]

       [-nonDefault]

       [-orthogonal_only]

       [-ring_target]

       [-skip_crossing_trunks]

       [-skip_via_on_pin]

       [-skip_via_on_wire_shape]

       [-spacing_from_block]

       [-split_long_via]

       [-stacked_via_bottom_layer]

       [-stacked_via_top_layer]

       [-via_using_exact_crossover_size]

       [-wire_center_offset]

       [-quiet]

       Returns  information  for the specified parameter. The user can specify
       one or more parameter. When you invoke these commands without any argu-
       ment, Innovus prints the current values stored in the database for  all
       the  options.  If  you provide any option, then Innovus would print the
       value currently stored in the database.

Parameters
       -help  Outputs a brief description that includes the type  and  default
              information for each

              getAddRingMode parameter.

              For  a  detailed  description of the command and all its parame-
              ters, use the man command:

              man getAddRingMode.

       -parameter_names
              Displays information for the specified parameters. You can spec-
              ify one or more parameters.

              See setAddRingMode for descriptions of the  parameters  you  can
              specify.

       -quiet Displays  the  current  settings for the specified parameters in
              Tcl list format only.

Example
       The following command returns information for the specified parameter:

       getAddRingMode

       -ring_target <default> (default: default)

       -extend_over_row <0> (default: 0)

       -skip_crossing_trunks <none> (default: none)

       -avoid_short <0> (default: 0)

       -extend_merge_with_prewires <1> (default: 1)

       -extend_corering_search_distance <0.00> (default: 0.0)

       -extend_blockring_search_distance <0.00> (default: 0.0)

       -extend_stripe_search_distance <0.00> (default: 0.0)

       -ignore_rows <0> (default: 0)

       -avoid_short <0> (default: 0)

Related Information
              * addRing

              * setAddRingMode

              * Power Planning and Routing chapter in the Innovus User Guide

                           Fri Apr 04 01:25:37 2025      getAddRingMode(25.10)