Product Version     25.10    Cadence Design Systems, Inc.
checkTimingLibrary(25.10)                            checkTimingLibrary(25.10)

Name
       checkTimingLibrary  - Checks the contents of the timing library and re-
       ports any inconsistencies in a log file

Syntax
        checkTimingLibrary

       [-outfile <string>]

       [-cellName <string>]

       [-library <string>]

       [-checkPower]

       [-reportMissingPowerOnly]

       Checks the contents of the timing library and reports any  inconsisten-
       cies in a log file.

       You  can  use the checkTimingLibrary command after importing the design
       and timing libraries.

Parameters
       -cellName <string>
              Checks if the timing is defined for all cells with the specified
              name, in all timing libraries.

              Note: In general, the -cellName parameter is optional.  However,
              if  you  specify  the  -library parameter, then you must specify
              -cellName.

       -checkPower
              Checks if power constructs are defined for the  cells,  such  as
              internal_power, leakage_power, or ecsm_power.

              Note:  In  general,  the -checkPower parameter is optional. How-
              ever, if you  specify  -reportMissingPowerOnly,  then  you  must
              specify  -checkPower.  If you use the -library parameter, you do
              not have to specify the -checkPower parameter,  because  when  a
              library-specific  cell is given as input, the software automati-
              cally checks for power constructs.

              Default: Only checks if timing is defined for the cells.

       -library <string>
              Specifies the timing library in  which  to  check  a  particular
              cell. You must specify the -cellName parameter with -library, to
              specify the particular library cell to check.

              Note:  If  you  use  the  -library parameter, you do not have to
              specify the -checkPower parameter, because when  a  library-spe-
              cific  cell is given as input, the software automatically checks
              for power constructs.

       -outfile <string>
              Writes the report to the specified file.

       -reportMissingPowerOnly
              Reports only the cells that do not have internal_power  (at  pin
              level), or leakage_power defined.

              You must specify the -checkPower parameter with the -reportMiss-
              ingPowerOnly parameter.

Examples
              * The  following  command  checks  if  timing is defined for all
                cells that have been read into the design, and writes a report
                to the log file:

                checkTimingLibrary

              * The following command checks if  timing  is  defined  for  all
                cells that have been read into the design, and writes a report
                to a file named CheckTiming1:

                checkTimingLibrary -outfile CheckTiming1

              * The  following  command  checks if timing and power constructs
                are defined for all cells that have been read into the design,
                and writes the report to the log file:

                checkTimingLibrary -checkPower

              * The following command checks if timing  and  power  constructs
                are  defined for all cell that have been read into the design,
                and writes the report to a file named CheckTiming2:

                checkTimingLibrary -outfile CheckTiming2 -checkPower

              * The following command checks if  timing  is  defined  for  all
                cells  with  the  name A01 in all timing libraries, and writes
                the report to a file named CheckTiming3:

                checkTimingLibrary -outfile CheckTiming3 -cellName A01

              * The following command checks if timing  and  power  constructs
                are defined for all cells with the name A01, in all timing li-
                braries, and writes the report to a file named AllA01Check:

                checkTimingLibrary  -outfile AllA01Check -cellName A01 -check-
                Power

              * The following command checks if timing  and  power  constructs
                are  defined  for the cell with the name A01 in the timing li-
                brary minFile1.lib, and writes the  report  to  a  file  named
                A01Check:

                checkTimingLibrary  -outfile  A01Check  -cellName A01 -library
                minFile1.lib

                Note: When you use the -library parameter, you do not have  to
                specify the -checkPower parameter, because when a library-spe-
                cific  cell  is  given  as  input,  the software automatically
                checks for power constructs.

              * The following command  checks  if  the  internal_power  and/or
                leakage_power  constructs  are defined for all cells that have
                been read into the design, and reports only those  cells  that
                do  not  have  the constructs defined. The software writes the
                report to a file named MissingPower:

                checkTimingLibrary -outfile MissingPower -checkPower  -report-
                MissingPowerOnly

                           Fri Apr 04 01:25:37 2025  checkTimingLibrary(25.10)