Product Version     25.10    Cadence Design Systems, Inc.
setPreference(25.10)                                      setPreference(25.10)

Name
       setPreference  - Defines preferences, such as, commands issued during a
       session can be logged to a log or the screen

Syntax
       setPreference

       [-help]

       <preference_name>

       value

       Defines preferences, such as, commands issued during a session  can  be
       logged to a log or the screen.

       When writing to a log and screen, the commands are preceded by <CMD>.

Parameters
       -help  Outputs  a  brief description that includes type and default in-
              formation for each setPreference parameter.

              For a detailed description of the command and all of its parame-
              ters, use the man command: man setPreference.

       <preference_name>
              The name of the preference variable you want to set.  To  see  a
              list of preferences, select View - Set Preference from the menu,
              then  click  Save.  In the Save Preferences form, select the re-
              quired save option and click OK. If you select the default  Save
              to Home Directory option, the list of preferences and their val-
              ues are saved in .enc file in your home directory.

              Data_type: string, required

       <value>
              The  value for the preference. For example, the CmdLogMode pref-
              erence has the following values.

              0--write to command only

              1--write to command and log (default)

              2--write to command, log, and screen

              Data_type: string, required

Preference Variables
       The following table lists the preference variables you  can  set  using
       the   setPreference command and their GUI equivalent in the Preferences
       form:

       Note: The following table might not be readable when  viewed  with  the
       Unix  man  command.  Check the setPreference command description in the
       Innovus Text Command Reference to view the table.

       ________________________________________________________

       | Variable Name   |  GUI Equivalent in Preferences      |

       |                 |   Form                              |

       |                 |__________________|__________________|

       |                 |   Tab Name       |   Option Name    |

       |                 |                  |                  |

       |_________________|__________________|__________________|

       | DesignName      |  Design          |  Design Name     |

       |_________________|                  |__________________|

       | DesignHierChar  |                  |  Design          |

       |                 |                  |   Hierarchical   |

       |                 |                  |   Character      |

       |                 |                  |                  |

       |_________________|                  |__________________|

       | DEFHierChar     |                  |  DEF             |

       |                 |                  |   Hierarchical   |

       |                 |                  |   Character      |

       |                 |                  |                  |

       |_________________|                  |__________________|

       | PDEFBusDelim    |                  |  PDEF Bus        |

       |                 |                  |   Delimiter      |

       |                 |                  |                  |

       |_________________|                  |__________________|

       | CmdLogMode      |                  |  Command Log     |

       |                 |                  |   ModeCommand    |

       |                 |                  |   OnlyCommand    |

       |                 |                  |   and            |

       |                 |                  |   LogCommand,    |

       |                 |                  |   Log, and       |

       |                 |                  |   Screen         |

       |                 |                  |                  |

       |_________________|                  |__________________|

       | LogTypeInCmd    |                  |  Log Type-In     |

       |                 |                  |   Command        |

       |                 |                  |                  |

       |_________________|                  |__________________|

       | logviewer       |                  |  Invoke viewLog  |

       |                 |                  |  at Start Up     |

       |                 |                  |                  |

       |_________________|                  |__________________|

       | MouseGestures   |                  |  Enable Mouse    |

       |                 |                  |   Gestures       |

       |                 |                  |                  |

       |_________________|__________________|__________________|

       | ShowFPObjInPlac |  Display         |  Show Floorplan  |

       | e               |                  |  Objects in      |

       |                 |                  |   Physical View  |

       |_________________|                  |__________________|

       | ShowAllFence    |                  |  Show All        |

       |                 |                  |   Constraint     |

       |                 |                  |                  |

       |_________________|                  |__________________|

       |   DisplayPtnPin |                  |  Display         |

       |                 |                  |   Partition Pin  |

       |                 |                  |                  |

       |_________________|                  |__________________|

       |   ShowAttrPopup |                  |  Show            |

       |                 |                  |   Attributes     |

       |                 |                  |   Popup          |

       |                 |                  |                  |

       |_________________|                  |__________________|

       |   ShowUnplacedI |                  |  Display         |

       | nst             |                  |   Unplaced       |

       |                 |                  |   Instances      |

       |                 |                  |                  |

       |_________________|                  |__________________|

       |   ShowRectiline |                  |  Show            |

       | arPad           |                  |   Rectilinear    |

       |                 |                  |   Pad Cell       |

       |                 |                  |                  |

       |_________________|                  |__________________|

       |  DisplayCellPin |                  |  Display         |

       |                 |                  |   Instance Pin   |

       |                 |                  |                  |

       |_________________|                  |__________________|

       | ShowLayerDirect |                  |  Show Layer      |

       | ion             |                  |   Direction      |

       |                 |                  |                  |

       |_________________|                  |__________________|

       | AutoRedraw      |                  |  Auto-redraw     |

       |                 |                  |   after Layer    |

       |                 |                  |   Change         |

       |                 |                  |                  |

       |_________________|                  |__________________|

       | EnlargeLogicalP |                  |  Enlarge         |

       | in              |                  |   Logical Pin In |

       |                 |                  |   Fit View       |

       |                 |                  |                  |

       |_________________|                  |__________________|

       | InstDisplayThre |                  |  Instance        |

       | shold           |                  |   Display        |

       |                 |                  |   Threshold      |

       |                 |                  |                  |

       |_________________|                  |__________________|

       | WireDisplayThre |                  |  Wire Display    |

       | shold           |                  |   Threshold      |

       |                 |                  |                  |

       |_________________|                  |__________________|

       | WireDisplayChec |                  |  Apply           |

       | k2D             |                  |   Threshold in   |

       |                 |                  |   2D             |

       |                 |                  |                  |

       |_________________|                  |__________________|

       | DrawInstanceByS |                  |  Draw Instance   |

       | tatus           |                  |   by Placement   |

       |                 |                  |   Status         |

       |                 |                  |                  |

       |_________________|                  |__________________|

       | DrawWireByStatu |                  |  Draw Wire by    |

       | s               |                  |   Wire Status    |

       |                 |                  |                  |

       |_________________|                  |__________________|

       | percentageOfPan |                  |  Percentage of   |

       |                 |                  |   Window to Pan  |

       |                 |                  |                  |

       |_________________|                  |__________________|

       | scaleOfZoom     |                  |  Scale of Zoom   |

       |                 |                  |   In/Out         |

       |                 |                  |                  |

       |_________________|                  |__________________|

       | zoomPrevCount   |                  |  Number of       |

       |                 |                  |   Previous       |

       |                 |                  |  Zoom Saved      |

       |                 |                  |                  |

       |_________________|                  |__________________|

       | MinFPModuleSize |                  |  Min. Floorplan  |

       |                 |                  |  Module Size     |

       |                 |                  |                  |

       |_________________|                  |__________________|

       | ShowParentModul |                  |  Show Parent     |

       | e               |                  |   Module With    |

       |                 |                  |   Level          |

       |                 |                  |                  |

       |_________________|                  |__________________|

       | ShowChildPartit |                  |  Show Child      |

       | ion             |                  |   Partition With |

       |                 |                  |   Level          |

       |                 |                  |                  |

       |_________________|                  |__________________|

       | ShowParentParti |                  |  Show Parent     |

       | tion            |                  |   Partition With |

       |                 |                  |   Level          |

       |                 |                  |                  |

       |_________________|                  |__________________|

       | AutoDetailDispl |                  |  Automatic       |

       | ay              |                  |   Detail Display |

       |                 |                  |   for Large      |

       |                 |                  |                  |

       |                 |                  |  DesignSpecial   |

       |                 |                  |   WireRegular    |

       |                 |                  |   Wire           |

       |                 |                  |                  |

       |_________________|                  |__________________|

       | DetailDisplayFa |                  |  Factor          |

       | ctor            |                  |                  |

       |_________________|                  |__________________|

       | DoubleClickTime |                  |  Double Click    |

       |                 |                  |   Time           |

       |                 |                  |                  |

       |_________________|__________________|__________________|

       | DisplayRelFPlan |  Edit            |  Honor Relative  |

       |                 |                  |  Floorplan       |

       |                 |                  |   Constraints    |

       |_________________|                  |__________________|

       | SingleLayerMode |                  |  Single Layer    |

       |                 |                  |   Mode For       |

       |                 |                  |   Routing        |

       |                 |                  |   Blockage,      |

       |                 |                  |  Ptn Pin         |

       |                 |                  |   Blockage and   |

       |                 |                  |   Ptn Feed       |

       |                 |                  |                  |

       |_________________|                  |__________________|

       | ShowDelBox      |                  |  Show Delete     |

       |                 |                  |   Confirmation   |

       |                 |                  |   Box            |

       |                 |                  |                  |

       |_________________|                  |__________________|

       | StrecthRestrict |                  |  Box Stretch     |

       | ion             |                  |   RestrictionsNo |

       |                 |                  |   RestrictionMai |

       |                 |                  |  ntain           |

       |                 |                  |   AreaMaintain   |

       |                 |                  |   Aspect Ratio   |

       |                 |                  |                  |

       |_________________|                  |__________________|

       | StretchRectilin |                  |  Rectilinear     |

       | ear             |                  |   Stretch        |

       |                 |                  |   RestrictionsNo |

       |                 |                  |   RestrictionMai |

       |                 |                  |  ntain Area      |

       |                 |                  |                  |

       |_________________|                  |__________________|

       | MoveRestriction |                  |  Move            |

       |                 |                  |   RestrictionsNo |

       |                 |                  |   RestrictionsOr |

       |                 |                  |  thogonal        |

       |                 |                  |                  |

       |_________________|                  |__________________|

       | clone_row_orien |                  |  Clones          |

       | tation_snapping |                  |   snapping to    |

       |                 |                  |   same master    |

       |                 |                  |   row            |

       |                 |                  |   orientation    |

       |                 |                  |                  |

       |_________________|__________________|__________________|

       | SelectByArea    |  Selection       |  Select by       |

       |                 |                  |   AreaEnclosed   |

       |                 |                  |   by             |

       |                 |                  |   BoxIntersectin |

       |                 |                  |  g Box           |

       |_________________|                  |__________________|

       | SelectByLine    |                  |  Select by Line  |

       |                 |                  |                  |

       |_________________|                  |__________________|

       | SelectStickyMod |                  |  Sticky Mode     |

       | e               |                  |                  |

       |_________________|                  |__________________|

       | SelectNetWhenSe |                  |  Hilite Net      |

       | lectPin         |                  |   When Selecting |

       |                 |                  |   a Pin          |

       |                 |                  |                  |

       |_________________|                  |__________________|

       | HiliteNetWhenQu |                  |  Hilite Nets     |

       | eryObj          |                  |   When           |

       |                 |                  |  Querying an     |

       |                 |                  |   Instance       |

       |                 |                  |                  |

       |_________________|                  |__________________|

       | HiliteShapeWhen |                  |  Hilite Pin      |

       | SelectNet       |                  |   Shapes When    |

       |                 |                  |   Selecting a    |

       |                 |                  |   Net            |

       |                 |                  |                  |

       |_________________|                  |__________________|

       | QueryWireNet    |                  |  Query Nets      |

       |                 |                  |   When Wires are |

       |                 |                  |   Selected       |

       |                 |                  |                  |

       |_________________|                  |__________________|

       | QuerySkipInst   |                  |  Skip Objects    |

       |                 |                  |   by Auto        |

       |                 |                  |   QueryCell      |

       |                 |                  |                  |

       |_________________|                  |__________________|

       | QuerySkipInstOb |                  |  Obs in Cell     |

       | s               |                  |                  |

       |_________________|                  |__________________|

       | QuerySkipInstPi |                  |  Pin in Cell     |

       | n               |                  |                  |

       |_________________|                  |__________________|

       | QuerySkipRegula |                  |  Regular Wire    |

       | r               |                  |                  |

       |_________________|                  |__________________|

       | QuerySkipSpecia |                  |  Special Wire    |

       | l               |                  |                  |

       |_________________|                  |__________________|

       | WinSelectMargin |                  |  Window Select   |

       |                 |                  |   Margin         |

       |                 |                  |                  |

       |_________________|                  |__________________|

       | HighlightColorN |                  |  Number of       |

       | umber           |                  |   Highlight      |

       |                 |                  |   Color          |

       |                 |                  |                  |

       |_________________|__________________|__________________|

       | MinFlightLineWi |  Flightline      |  Minimum         |

       | dth             |                  |   Flightline     |

       |                 |                  |   Width          |

       |_________________|                  |__________________|

       | MaxFlightLineNe |                  |  Maximum         |

       | tTerms          |                  |   Flightline Net |

       |                 |                  |   Terms          |

       |                 |                  |                  |

       |_________________|                  |__________________|

       | DisplayPlaceFli |                  |  Show            |

       | ghtLine         |                  |   Flightline     |

       |                 |                  |  In Physical     |

       |                 |                  |   View           |

       |                 |                  |                  |

       |_________________|                  |__________________|

       | ShowNumberBlock |                  |  Show Number of  |

       | Connection      |                  |  Connections For |

       |                 |                  |   Block          |

       |                 |                  |                  |

       |_________________|                  |__________________|

       | FlightLineInMov |                  |  Draw            |

       | e               |                  |   Flightline     |

       |                 |                  |   When Moving    |

       |                 |                  |   Instance(s)    |

       |                 |                  |                  |

       |_________________|                  |__________________|

       | ShowConnectionI |                  |  Show            |

       | nOutNumber      |                  |   Input/Output   |

       |                 |                  |   Connection     |

       |                 |                  |   Number         |

       |                 |                  |                  |

       |_________________|                  |__________________|

       | ShowFlightLineT |                  |  Show Pin's      |

       | ermMark         |                  |   Input/Output   |

       |                 |                  |   Mark           |

       |                 |                  |                  |

       |_________________|                  |__________________|

       | ShowBothInputCo |                  |  Show Both       |

       | nnection        |                  |   Input Pins     |

       |                 |                  |   Connection     |

       |                 |                  |                  |

       |_________________|                  |__________________|

       | ShowNetWeightCo |                  |  Show            |

       | nnection        |                  |   Connection     |

       |                 |                  |   With Netweight |

       |                 |                  |   0              |

       |                 |                  |                  |

       |_________________|                  |__________________|

       | ShowFlightLineT |                  |  Show            |

       | hruPtnPin       |                  |   Flightlines    |

       |                 |                  |   Through        |

       |                 |                  |   Partition Pins |

       |                 |                  |                  |

       |_________________|                  |__________________|

       | noInsideMacro   |                  |  Don't Show      |

       |                 |                  |   Flightline     |

       |                 |                  |  to Inside Macro |

       |                 |                  |                  |

       |_________________|                  |__________________|

       | SkipBufferFligh |                  |  Skip            |

       | tline           |                  |                  |

       |                 |                  |  Buffer/Invert   |

       |                 |                  |   Cell           |

       |                 |                  |                  |

       |_________________|                  |__________________|

       | NoClockFlightli |                  |  Don't Show      |

       | ne              |                  |   Clock Net      |

       |                 |                  |                  |

       |_________________|                  |__________________|

       | OnlyClockFlight |                  |  Show Clock Net  |

       | line            |                  |  Only            |

       |                 |                  |                  |

       |_________________|                  |__________________|

       | DrawFlightlineL |                  |  Draw            |

       | ast             |                  |   Flightline     |

       |                 |                  |  on Top of       |

       |                 |                  |   Selection      |

       |                 |                  |                  |

       |_________________|                  |__________________|

       | OnlyBundleNetFl |                  |  Only Show Net   |

       | ight            |                  |   Bundle         |

       |                 |                  |  Flight Line     |

       |                 |                  |                  |

       |_________________|                  |__________________|

       | ExclusiveFlight |                  |  Show            |

       |                 |                  |   Connection     |

       |                 |                  |   Only Between   |

       |                 |                  |   Selected       |

       |                 |                  |   Objects        |

       |                 |                  |                  |

       |_________________|                  |__________________|

       | ConnectionColor |                  |  Single Color    |

       | Type            |                  |                  |

       |_________________|                  |__________________|

       | Different       |

       |  Color by       |

       | Type of         |

       |  Connections    |

       |_________________|                  |__________________|

       | Different       |

       |  Color by       |

       |  Number of      |

       |  Connections    |

       |_________________|                  |__________________|

       | InputConnection |                  |  Different       |

       | Color           |                  |   Color by       |

       |                 |                  |  Type of         |

       |                 |                  |   Connections:   |

       |                 |                  |   InputDifferent |

       |                 |                  |   Color by       |

       |                 |                  |   Number of      |

       |                 |                  |   Connections:   |

       |                 |                  |   Small          |

       |                 |                  |                  |

       |_________________|                  |__________________|

       | OutputConnectio |                  |  Different       |

       | nColor          |                  |   Color by       |

       |                 |                  |  Type of         |

       |                 |                  |   Connections:   |

       |                 |                  |   OutputDifferen |

       |                 |                  |  t Color by      |

       |                 |                  |   Number of      |

       |                 |                  |   Connections:   |

       |                 |                  |   Medium         |

       |                 |                  |                  |

       |_________________|                  |__________________|

       | InoutConnection |                  |  Different       |

       | Color           |                  |   Color by       |

       |                 |                  |  Type of         |

       |                 |                  |   Connections:   |

       |                 |                  |   InoutDifferent |

       |                 |                  |   Color by       |

       |                 |                  |   Number of      |

       |                 |                  |   Connections:   |

       |                 |                  |   Large          |

       |                 |                  |                  |

       |_________________|                  |__________________|

       | MixtureConnecti |                  |  Single          |

       | onColor         |                  |   Color:<color   |

       |                 |                  |  >Different    |

       |                 |                  |   Color by       |

       |                 |                  |  Type of         |

       |                 |                  |   Connections:   |

       |                 |                  |   Inout          |

       |                 |                  |                  |

       |_________________|                  |__________________|

       | ShowConnectionW |                  |  Different       |

       | ithWidth        |                  |   Width by       |

       |                 |                  |   Number of      |

       |                 |                  |   Connections    |

       |                 |                  |                  |

       |_________________|                  |__________________|

       | FLWidthThreshol |                  |  Number of       |

       | dLow            |                  |   ConnectionsSma |

       |                 |                  |  ll - Fewer than |

       |                 |                  |   specified      |

       |                 |                  |  low threshold   |

       |                 |                  |                  |

       |_________________|                  |__________________|

       | FLWidthThreshol |                  |  Medium - Equal  |

       | dHigh           |                  |  to or between   |

       |                 |                  |   than           |

       |                 |                  |                  |

       |                 |                  |  specified low   |

       |                 |                  |   and high       |

       |                 |                  |   thresholdsLarg |

       |                 |                  |  e - Greater     |

       |                 |                  |   than specified |

       |                 |                  |   high threshold |

       |                 |                  |                  |

       |_________________|                  |__________________|

       | NoInstFlightLin |                  |  Don't Show      |

       | e               |                  |   Connection     |

       |                 |                  |  to Unselected   |

       |                 |                  |   ObjectInstance |

       |                 |                  |                  |

       |_________________|                  |__________________|

       | NoBlockFlightLi |                  |  Block           |

       | ne              |                  |                  |

       |_________________|                  |__________________|

       | NoModuleFlightL |                  |  Module          |

       | ine             |                  |                  |

       |_________________|                  |__________________|

       | NoBlackBlobFlig |                  |  Black Blob      |

       | htLine          |                  |                  |

       |_________________|                  |__________________|

       | NoBlackBoxFligh |                  |  Black Box       |

       | tLine           |                  |                  |

       |_________________|__________________|__________________|

       | InstanceText    |  Text            |  Instance        |

       |                 |                  |   TextInstance   |

       |                 |                  |   NameMaster     |

       |                 |                  |   Name           |

       |_________________|                  |__________________|

       | ShowNetFullName |                  |  Show Full Net   |

       |                 |                  |   Name           |

       |                 |                  |                  |

       |_________________|                  |__________________|

       | ShowNetNameWith |                  |  Show Net Name   |

       | LayerColor      |                  |   With Layer     |

       |                 |                  |   Color          |

       |                 |                  |                  |

       |_________________|                  |__________________|

       | ShowModuleText  |                  |  Object Text     |

       |                 |                  |   DisplayModule  |

       |                 |                  |                  |

       |_________________|                  |__________________|

       | ShowAmoebaModul |                  |  Module in       |

       | eText           |                  |   Amoeba         |

       |                 |                  |                  |

       |_________________|                  |__________________|

       | ShowRowSiteText |                  |  Row Site        |

       |                 |                  |                  |

       |_________________|                  |__________________|

       | ShowIoPadText   |                  |  IO Pad          |

       |                 |                  |                  |

       |_________________|                  |__________________|

       | ShowInstanceTex |                  |  Instance        |

       | t               |                  |                  |

       |_________________|                  |__________________|

       | ShowInstancePin |                  |  Instance Pin    |

       | Text            |                  |                  |

       |_________________|                  |__________________|

       | ShowBlackBlobTe |                  |  Black Blob      |

       | xt              |                  |                  |

       |_________________|                  |__________________|

       | ShowIoPinText   |                  |  IO Pin          |

       |                 |                  |                  |

       |_________________|                  |__________________|

       | ShowGroupText   |                  |  Group           |

       |                 |                  |                  |

       |_________________|                  |__________________|

       | ShowBumpText    |                  |  Bump            |

       |                 |                  |                  |

       |_________________|                  |__________________|

       | ShowClockTreeTe |                  |  Clock Tree      |

       | xt              |                  |                  |

       |_________________|                  |__________________|

       | ShowChannelText |                  |  Channel         |

       |                 |                  |                  |

       |_________________|                  |__________________|

       | ShowLefPortNumT |                  |  Lef Port Num    |

       | ext             |                  |                  |

       |_________________|                  |__________________|

       | ShowMacroSitePt |                  |  Macro Site Ptn  |

       | nText           |                  |                  |

       |_________________|                  |__________________|

       | ShowSIPFingerTe |                  |  SIP Finger      |

       | xt              |                  |                  |

       |_________________|                  |__________________|

       | ShowNetText     |                  |  Net             |

       |                 |                  |                  |

       |_________________|                  |__________________|

       | TextDisplaySize |                  |  Text Display    |

       |                 |                  |   SizeSmallMediu |

       |                 |                  |  mLargeAuto      |

       |                 |                  |                  |

       |_________________|                  |__________________|

       | TermCrossPix    |                  |  Term Cross      |

       |                 |                  |   Symbol Size    |

       |                 |                  |                  |

       |_________________|__________________|__________________|

       Note: Options on the Windows tab of the Preferences  form  map  to  the
       setWindowPreference command instead of the setPreference command.

       The  following  table  lists the preference variables you can set using
       the setPreference command and their type, range/default/sample value.

       Note: The following table might not be readable when  viewed  with  the
       Unix  man  command.  Check the setPreference command description in the
       Innovus Text Command Reference to view the table.

       ________________________________________________________

       | Variable Name   |  Type            |  Range/Default/S |

       |                 |                  |  ample           |

       |                 |                  |                |

       |                 |                  |  Value(Default   |

       |                 |                  |   values in      |

       |                 |                  |   bold)          |

       |_________________|__________________|__________________|

       | DesignName      |  String          |  /spc/spc4/FE_te |

       |                 |                  |  sts_7.1/designs |

       |                 |                  |  ..../dtmf_pso/d |

       |                 |                  |  tmf_fpd.enc.dat |

       |_________________|__________________|__________________|

       | DesignHierChar  |  String          |  /               |

       |_________________|__________________|__________________|

       | DEFHierChar     |  String          |  /               |

       |_________________|__________________|__________________|

       | PDEFBusDelim    |                  |  []              |

       |_________________|__________________|__________________|

       | LecDofile       |  Boolean         |  0 - False1 -    |

       |                 |                  |   True           |

       |_________________|__________________|__________________|

       | CmdLogMode      |  Enum            |  0 - Command     |

       |                 |                  |   Only1 -        |

       |                 |                  |   Command and    |

       |                 |                  |   Log2 -         |

       |                 |                  |   Command,       |

       |                 |                  |  Log, and Screen |

       |_________________|__________________|__________________|

       | LogTypeInCmd    |  Boolean         |  0 - False1 -    |

       |                 |                  |   True           |

       |_________________|__________________|__________________|

       | logviewer       |  Boolean         |  0 - False1 -    |

       |                 |                  |   True           |

       |_________________|__________________|__________________|

       | MouseGestures   |  Boolean         |  0 - False1 -    |

       |                 |                  |   True           |

       |_________________|__________________|__________________|

       | ShowFPObjInPlac |  Boolean         |  0 - False1 -    |

       | e               |                  |   True           |

       |_________________|__________________|__________________|

       | ShowAllFence    |  Boolean         |  0 - False1 -    |

       |                 |                  |   True           |

       |_________________|__________________|__________________|

       |   DisplayPtnPin |  Boolean         |  0 - False1 -    |

       |                 |                  |   True           |

       |_________________|__________________|__________________|

       |   ShowAttrPopup |  Boolean         |  0 - False1 -    |

       |                 |                  |   True           |

       |_________________|__________________|__________________|

       |   ShowUnplacedI |  Boolean         |  0 - False1 -    |

       | nst             |                  |   True           |

       |_________________|__________________|__________________|

       |   ShowRectiline |  Boolean         |  0 - False1 -    |

       | arPad           |                  |   True           |

       |_________________|__________________|__________________|

       | SpeedLevel      |  Enum            |  0 - Full        |

       |                 |                  |   detail4 - Full |

       |                 |                  |   speed          |

       |_________________|__________________|__________________|

       |  DisplayCellPin |  Boolean         |  0 - False1 -    |

       |                 |                  |   True           |

       |_________________|__________________|__________________|

       | ShowLefLayerNam |  Boolean         |  0 - False1 -    |

       | e               |                  |   True           |

       |_________________|__________________|__________________|

       | AutoRedraw      |  Boolean         |  0 - False1 -    |

       |                 |                  |   True           |

       |_________________|__________________|__________________|

       | EnlargeLogicalP |  Boolean         |  0 - False1 -    |

       | in              |                  |   True           |

       |_________________|__________________|__________________|

       | InstDisplayThre |  Real            |  0.0             |

       | shold           |                  |                  |

       |_________________|__________________|__________________|

       | WireDisplayThre |  Integer         |  0               |

       | shold           |                  |                  |

       |_________________|__________________|__________________|

       | WireDisplayChec |  Boolean         |  0 - False1 -    |

       | k2D             |                  |   True           |

       |_________________|__________________|__________________|

       | percentageOfPan |  Enum            |  10, 20, 30,     |

       |                 |                  |   40, 50, 60,    |

       |                 |                  |   70, 80, 90,    |

       |                 |                  |   95, 100        |

       |_________________|__________________|__________________|

       | scaleOfZoom     |  Real            |  2.0             |

       |_________________|__________________|__________________|

       | zoomPrevCount   |                  |  1 to 6          |

       |_________________|__________________|__________________|

       | MinFPModuleSize |  Integer         |  100             |

       |_________________|__________________|__________________|

       | ShowParentModul |  Integer         |  0               |

       |_________________|__________________|__________________|

       | ShowChildPartit |  Integer         |  0               |

       | ion             |                  |                  |

       |_________________|__________________|__________________|

       | ShowParentParti |  Integer         |  0               |

       | tion            |                  |                  |

       |_________________|__________________|__________________|

       | AutoDetailDispl |  Boolean         |  0 - False1 -    |

       | ay              |                  |   True           |

       |_________________|__________________|__________________|

       | DetailDisplayFa |  Integer         |  16              |

       | ctor            |                  |                  |

       |_________________|__________________|__________________|

       | DisplayRelFPlan |  Boolean         |  0 - False1 -    |

       |                 |                  |   True           |

       |_________________|__________________|__________________|

       | SingleLayerMode |  Boolean         |  0 - False1 -    |

       |                 |                  |   True           |

       |_________________|__________________|__________________|

       | ShowDelBox      |  Boolean         |  0 - False1 -    |

       |                 |                  |   True           |

       |_________________|__________________|__________________|

       | StrecthRestrict |  Enum            |  0 - No          |

       | ion             |                  |   Restriction1 - |

       |                 |                  |   Maintain Area2 |

       |                 |                  |   - Maintain     |

       |                 |                  |   Aspect Ratio   |

       |_________________|__________________|__________________|

       | StretchRectilin |                  |  0 - No          |

       | ear             |                  |   Restriction1 - |

       |                 |                  |   Maintain Area  |

       |_________________|__________________|__________________|

       | MoveRestriction |                  |  0 - No          |

       |                 |                  |                |

       |                 |                  |  Restrictions1 - |

       |                 |                  |   Orthogonal     |

       |_________________|__________________|__________________|

       | clone_row_orien |  Boolean         |  0 - False1 -    |

       | tation_snapping |                  |   True           |

       |_________________|__________________|__________________|

       | SelectByArea    |  Boolean         |  0 - Enclosed    |

       |                 |                  |   by Box1 -      |

       |                 |                  |   Intersecting   |

       |                 |                  |   Box            |

       |_________________|__________________|__________________|

       | SelectByLine    |  Boolean         |  0 - False1 -    |

       |                 |                  |   True           |

       |_________________|__________________|__________________|

       | SelectStickyMod |  Boolean         |  0 - False1 -    |

       | e               |                  |   True           |

       |_________________|__________________|__________________|

       | SelectNetWhenSe |  Boolean         |  0 - False1 -    |

       | lectPin         |                  |   True           |

       |_________________|__________________|__________________|

       | HiliteNetWhenQu |  Boolean         |  0 - False1 -    |

       | eryObj          |                  |   True           |

       |_________________|__________________|__________________|

       | HiliteShapeWhen |  Boolean         |  0 - False1 -    |

       | SelectNet       |                  |   True           |

       |_________________|__________________|__________________|

       | QueryWireNet    |  Boolean         |  0 - False1 -    |

       |                 |                  |   True           |

       |_________________|__________________|__________________|

       | QuerySkipInst   |  Boolean         |  0 - False1 -    |

       |                 |                  |   True           |

       |_________________|__________________|__________________|

       | QuerySkipInstOb |  Boolean         |  0 - False1 -    |

       | s               |                  |   True           |

       |_________________|__________________|__________________|

       | QuerySkipInstPi |  Boolean         |  0 - False1 -    |

       | n               |                  |   True           |

       |_________________|__________________|__________________|

       | QuerySkipRegula |  Boolean         |  0 - False1 -    |

       | r               |                  |   True           |

       |_________________|__________________|__________________|

       | QuerySkipSpecia |  Boolean         |  0 - False1 -    |

       | l               |                  |   True           |

       |_________________|__________________|__________________|

       | WinSelectMargin |  Integer         |  8               |

       |_________________|__________________|__________________|

       | HighlightColorN |  Enum            |  64, 128, 256    |

       | umber           |                  |                  |

       |_________________|__________________|__________________|

       | MinFlightLineWi |  Integer         |  1               |

       | dth             |                  |                  |

       |_________________|__________________|__________________|

       | MaxFlightLineNe |  Integer         |  500             |

       | tTerms          |                  |                  |

       |_________________|__________________|__________________|

       | DisplayPlaceFli |  Boolean         |  0 - False1 -    |

       | ghtLine         |                  |   True           |

       |_________________|__________________|__________________|

       | ShowNumberBlock |  Boolean         |  0 - False1 -    |

       | Connection      |                  |   True           |

       |_________________|__________________|__________________|

       | FlightLineInMov |  Boolean         |  0 - False1 -    |

       | e               |                  |   True           |

       |_________________|__________________|__________________|

       | ShowConnectionI |  Boolean         |  0 - False1 -    |

       | nOutNumber      |                  |   True           |

       |_________________|__________________|__________________|

       | ShowFlightLineT |  Boolean         |  0 - False1 -    |

       | ermMark         |                  |   True           |

       |_________________|__________________|__________________|

       | ShowBothInputCo |  Boolean         |  0 - False1 -    |

       | nnection        |                  |   True           |

       |_________________|__________________|__________________|

       | ShowNetWeightCo |  Boolean         |  0 - False1 -    |

       | nnection        |                  |   True           |

       |_________________|__________________|__________________|

       | ShowFlightLineT |  Boolean         |  0 - False1 -    |

       | hruPtnPin       |                  |   True           |

       |_________________|__________________|__________________|

       | noInsideMacro   |  Boolean         |  0 - False1 -    |

       |                 |                  |   True           |

       |_________________|__________________|__________________|

       | SkipBufferFligh |  Boolean         |  0 - False1 -    |

       | tline           |                  |   True           |

       |_________________|__________________|__________________|

       | NoClockFlightli |  Boolean         |  0 - False1 -    |

       | ne              |                  |   True           |

       |_________________|__________________|__________________|

       | OnlyClockFlight |  Boolean         |  0 - False1 -    |

       | line            |                  |   True           |

       |_________________|__________________|__________________|

       | DrawFlightlineL |  Boolean         |  0 - False1 -    |

       | ast             |                  |   True           |

       |_________________|__________________|__________________|

       | OnlyBundleNetFl |  Boolean         |  0 - False1 -    |

       | ight            |                  |   True           |

       |_________________|__________________|__________________|

       | ExclusiveFlight |  Boolean         |  0 - False1 -    |

       |                 |                  |   True           |

       |_________________|__________________|__________________|

       | ConnectionColor |  Enum            |  0 - Single      |

       | Type            |                  |   Color1 -       |

       |                 |                  |   Different      |

       |                 |                  |   Color by       |

       |                 |                  |  Type of         |

       |                 |                  |   Connections2 - |

       |                 |                  |   Different      |

       |                 |                  |   Color by       |

       |                 |                  |   Number of      |

       |                 |                  |   Connections    |

       |_________________|__________________|__________________|

       | InputConnection |                  |  green           |

       | Color           |                  |                  |

       |_________________|__________________|__________________|

       | OutputConnectio |                  |  yellow          |

       | nColor          |                  |                  |

       |_________________|__________________|__________________|

       | InoutConnection |                  |  pink            |

       | Color           |                  |                  |

       |_________________|__________________|__________________|

       | MixtureConnecti |                  |  blue            |

       | onColor         |                  |                  |

       |_________________|__________________|__________________|

       | ShowConnectionW |  Boolean         |  0 - False1 -    |

       | ithWidth        |                  |   True           |

       |_________________|__________________|__________________|

       | FLWidthThreshol |  Integer         |  20              |

       | dLow            |                  |                  |

       |_________________|__________________|__________________|

       | FLWidthThreshol |  Integer         |  80              |

       | dHigh           |                  |                  |

       |_________________|__________________|__________________|

       | NoInstFlightLin |  Boolean         |  0 - False1 -    |

       | e               |                  |   True           |

       |_________________|__________________|__________________|

       | NoBlockFlightLi |  Boolean         |  0 - False1 -    |

       | ne              |                  |   True           |

       |_________________|__________________|__________________|

       | NoModuleFlightL |  Boolean         |  0 - False1 -    |

       | ine             |                  |   True           |

       |_________________|__________________|__________________|

       | NoBlackBlobFlig |  Boolean         |  0 - False1 -    |

       | htLine          |                  |   True           |

       |_________________|__________________|__________________|

       | NoBlackBoxFligh |  Boolean         |  0 - False1 -    |

       | tLine           |                  |   True           |

       |_________________|__________________|__________________|

       | InstanceText    |                  |  InstanceMaster  |

       |_________________|__________________|__________________|

       | ShowNetFullName |  Boolean         |  0 - False1 -    |

       |                 |                  |   True           |

       |_________________|__________________|__________________|

       | ShowNetNameWith |  Boolean         |  0 - False1 -    |

       | LayerColor      |                  |   True           |

       |_________________|__________________|__________________|

       | ShowModuleText  |  Boolean         |  0 - False1 -    |

       |                 |                  |   True           |

       |_________________|__________________|__________________|

       | ShowAmoebaModul |  Boolean         |  0 - False1 -    |

       | eText           |                  |   True           |

       |_________________|__________________|__________________|

       | ShowRowSiteText |  Boolean         |  0 - False1 -    |

       |                 |                  |   True           |

       |_________________|__________________|__________________|

       | ShowIoPadText   |  Boolean         |  0 - False1 -    |

       |                 |                  |   True           |

       |_________________|__________________|__________________|

       | ShowInstanceTex |  Boolean         |  0 - False1 -    |

       | t               |                  |   True           |

       |_________________|__________________|__________________|

       | ShowInstancePin |  Boolean         |  0 - False1 -    |

       | Text            |                  |   True           |

       |_________________|__________________|__________________|

       | ShowBlackBlobTe |  Boolean         |  0 - False1 -    |

       | xt              |                  |   True           |

       |_________________|__________________|__________________|

       | ShowIoPinText   |  Boolean         |  0 - False1 -    |

       |                 |                  |   True           |

       |_________________|__________________|__________________|

       | ShowGroupText   |  Boolean         |  0 - False1 -    |

       |                 |                  |   True           |

       |_________________|__________________|__________________|

       | ShowBumpText    |  Boolean         |  0 - False1 -    |

       |                 |                  |   True           |

       |_________________|__________________|__________________|

       | ShowClockTreeTe |  Boolean         |  0 - False1 -    |

       | xt              |                  |   True           |

       |_________________|__________________|__________________|

       | ShowChannelText |  Boolean         |  0 - False1 -    |

       |                 |                  |   True           |

       |_________________|__________________|__________________|

       | ShowLefPortNumT |  Boolean         |  0 - False1 -    |

       | ext             |                  |   True           |

       |_________________|__________________|__________________|

       | ShowMacroSitePt |  Boolean         |  0 - False1 -    |

       | nText           |                  |   True           |

       |_________________|__________________|__________________|

       | ShowSIPFingerTe |  Boolean         |  0 - False1 -    |

       | xt              |                  |   True           |

       |_________________|__________________|__________________|

       | ShowNetText     |  Boolean         |  0 - False1 -    |

       |                 |                  |   True           |

       |_________________|__________________|__________________|

       | TextDisplaySize |  Enum            |  s, m, l, a      |

       |_________________|__________________|__________________|

       | TermCrossPix    |  Enum            |  0, 4, 6, 8      |

       |_________________|__________________|__________________|

Examples
              * The following command writes log to command, log, and screen:

                setPreference CmdLogMode 2

              * The following command sets the time between clicks in  a  dou-
                ble-click operation to 500 milliseconds:

                setPreference DoubleClickTime 500

Related Information
              * getPreference

              * For  more information on setting preferences from the GUI, see
                Set Preference form in the View Menu chapter  in  the  Innovus
                Menu Reference.

                           Fri Apr 04 01:25:37 2025       setPreference(25.10)