Product Version     25.10    Cadence Design Systems, Inc.
set_fanout_load(25.10)                                  set_fanout_load(25.10)

Name
       set_fanout_load - Specifies the fanout load on a set of ports

Syntax
       set_fanout_load

       [-help]

       <fanout_load>

       <port_list>

       Specifies the fanout load on a set of ports.

       The library instance pins can have fanout loads defined in the technol-
       ogy  library.  The fanout does not have specific units so it is assumed
       that a fanout as used by the constraints is consistent with the  fanout
       defined in the technology libraries. If a pin or port has no fanout at-
       tribute,  either  from  the constraints or from the technology library,
       then the fanout load will be zero. The fanout load is used only for de-
       sign rule checking and does not impact the timing results.

Parameters
       -help  Prints out the command usage.

       <fanout_load>
              Specifies the fanout load value for the port or ports.

       <port_list>
              Specifies the list of ports for which the  fanout  load  is  ap-
              plied.

Examples
              * The  following  command sets the fanout load of port out to 2:
                set_fanout_load 2 out

              * The following command sets the fanout load of  ports  in1  and
                in2 to 1: set_fanout_load 1 {in1 in2}

              * The  following  command  sets  the fanout load of element 3 of
                port out to 12: set_fanout_load 12 { out[3] }

              * The following command sets the fanout load of all the ports to
                2: set_fanout_load 2 [get_ports *]

Related Information
              * report_net

              * report_ports

              * set_max_fanout

              * report_constraint

                           Fri Apr 04 01:25:37 2025     set_fanout_load(25.10)