Product Version     25.10    Cadence Design Systems, Inc.
unset_ccopt_property(25.10)                        unset_ccopt_property(25.10)

Name
       unset_ccopt_property  -  This command is used to reset the CCOpt object
       properties to their default values

Syntax
       unset_ccopt_property

       [-help]

       <name>

       [-cell <library_cell_name>]

       [-clock_tree <clock_tree_name>]

       [-clock_tree_source_group <source_group_name>]

       [-delay_corner <delay_corner_name>]

       [-flexible_htree <flexibleHtreeName>]

       [-help <property_name>]

       [-inst <instance_name>]

       [-lib_pin <pin_name>]

       [-net <net_name>]

       [-net_type leaf | trunk | top]

       [-pin <pin_name>]

       [-power_domain <domain_name>]

        [-skew_group <skew_group_name>]

        [-early | -late]

        [-rise | -fall]

        [-min | -max]

       This command is used to reset the CCOpt object properties to their  de-
       fault values.

       The  -help parameter of the command when used with the property name is
       used to retrieve detailed help on  the  property  (unset_ccopt_property
       <property_name>  -help). For example, run the following command to view
       detailed help on the use_inverters property:

       unset_ccopt_property use_inverters -help

       The software displays the following information:

       Specifies whether clock tree synthesis should prefer to  use  inverters
       rather

       than  buffers  when  balancing the clock tree. If set to true, CTS will
       use

       inverters for the clock tree balancing process. If set  to  false,  CTS
       will use

       the minimum number of levels of inverters required to maintain logical

       correctness.  If set to auto (the default) CTS will use what it consid-
       ers to be

       the best combination of buffers and inverters to get optimal quality of

       results.

       Default: auto

       Valid values: auto true false

       Applies to: Global, clock_tree

       Note: For detailed description of all public CCOpt properties, see  the
       CCOpt Properties chapter in the Innovus User Guide.

Parameters
       -help  Outputs  a  brief  description for the unset_ccopt_property com-
              mand. For a detailed description of the  command,  use  the  man
              command: man unset_ccopt_property

       -cell <library_cell_name>
              Specifies the library cell to which the property applies.

       -clock_tree <clock_tree_name>
              Specifies the clock tree to which the property applies.

               -clock_tree_source_group   <source_group_name>"  Specifies  the
              clock tree source group to which the property applies.

       -delay_corner <delay_corner_name>
              Specifies the delay corner to which the property applies.

       -early Specifies that the property applies to the early signal.

       -fall  Specifies that the property applies to the fall signal.

       -flexible_htree  <flexibleHtreeName>
              Specifies the flexible H-tree to which the property applies.

       -help <property_name>
              Provides help for the specified property. All other options  are
              ignored.

       -inst <instance_name>
              Specifies the instance to which the property applies. This para-
              meter enables properties to be added to instances.

       -late  Specifies that the property applies to the late signal.

       -lib_pin <pin_name>
              Specifies the library pin to which the property applies.

       -max   Specifies the maximum value for the property.

       -min   Specifies the minimum value for the property.

       <name> Specifies the name of the property to unset.

       -net <net_name>
              Specifies the net level to which the property applies.

       -net_type <leaf | trunk | top>
              Specifies  the  net type to which the property applies. It could
              be leaf net, trunk net, or top net.

       -pin <pin_name>
              Specifies the pin to which the property applies.

                        -power_domain
                        <domain_name>" Specifies the power domain to which the
              property applies.

       -rise  Specifies that the property applies to the rise signal.

       -skew_group <skew_group_name>
              Specifies the skew group to which the property applies.

Examples
              * Use the following command to return the default value  of  the
                post_conditioning property:

                get_ccopt_property post_conditioning

                The software returns the following information:

                1

              * Use  the  following  command  to  set  the property to the new
                value:

                set_ccopt_property post_conditioning 0

              * Use the following command to check the new value of this prop-
                erty:

                get_ccopt_property post_conditioning

                The software returns the following information:

                0

              * Use the following command to unset the property:

                unset_ccopt_property post_conditioning

              * Use the following command to check the value of this  property
                now:

                get_ccopt_property post_conditioning

                The software returns the following information:

                1

Related Information
              * get_ccopt_property

              * set_ccopt_property

              * For  details  about  the  key considerations for setting CCOpt
                properties, getting properties from Tcl,  getting  a  list  of
                properties  and  their detailed descriptions, key/value pairs,
                and defaults for key/value pairs, see the The  CCOpt  Property
                System in the Innovus User Guide.

              * For  detailed descriptions of all the public CCOpt properties,
                see the CCOpt Properties chapter in the Innovus User Guide.

                           Fri Apr 04 01:25:37 2025unset_ccopt_property(25.10)