Product Version     25.10    Cadence Design Systems, Inc.
map_activity_file(25.10)                              map_activity_file(25.10)

Name
       map_activity_file

Syntax
       map_activity_file

       [-help]

       [-golden {rtl | gate}]

       [-gate_block <block_name>]

       [-reset]

       -rtl2gate <mapping_file>

       [-rtl_block <block_name>]

       [-two_column_mapping_file<mapping_file>]

       Specifies  instance  name  mapping  between  RTL netlist and GATE level
       netlist. Power analysis uses this instance name mapping to annotate the
       output nets of this instance from the pin-based RTL  VCD  or  TCF.  The
       mapping file used for instance name mapping is generated by Conformal.

       You must specify this command before report_power.

Parameters
       -gate_block <block_name>
              Specifies  the  GATE  activity block name to map the block-level
              RTL mapping files to the top-level RTL activity files. The  GATE
              block name is appended before the GATE level entries in the map-
              ping  file  to  match  the entries in the top-level RTL activity
              file.

       -golden {rtl | gate}
              Specifies whether RTL or Gate is Golden. The one  not  specified
              as golden will be considered as Revised. Currently the Conformal
              MatchPoint file does not specify this.

              Default: rtl

       -help  Outputs  a  brief description that includes the type and default
              information for each map_activity_file parameter.

              For a detailed description of the command and all of its parame-
              ters, use the man command man map_activity_file.

       -reset Specifies to reset and ignore all  the  previous  mapping  files
              specified using the map_activity_file command.

              Default  :  All  the  previous mapping files specified using the
              map_activity_file command are loaded and used.

       -rtl2gate <mapping_file>
              Specifies instance name mapping between  RTL  netlist  and  GATE
              level netlist. RTL level VCD or TCF are obtained from simulation
              on  RTL  Verilog netlist. Power analysis uses this instance name
              mapping to annotate the output nets of this  instance  from  the
              pin based RTL VCD or TCF.

              The  mapping file used for instance name mapping is generated by
              Conformal.

       -rtl_block <block_name>
              Specifies the RTL activity block name to map the block-level RTL
              mapping files to the top-level RTL activity files. The RTL block
              name is appended before the RTL level  entries  in  the  mapping
              file to match the entries in the top-level RTL activity file.

       -two_column_mapping_file<mapping_file>
              Specifies a file that contains the instance name mapping between
              the RTL netlist and GATE level netlist.

              This  parameter can be used to specify a mapping file instead of
              the LEC generated mapping file (-rtl2gate <mapping_file>) to map
              points from RTL to Gate netlist. The format of  the  two  column
              mapping file is:

              #Gate name =>  # RTL name

              <gate_inst_name1>  => <rtl_inst_name1>

              Here, the first column corresponds to the gate name and the sec-
              ond column corresponds to the RTL name.

Example
              * The following command specifies a mapping file rtl_map:

                map_activity_file -rtl2gate rtl_map

              * The  following  command performs instance name mapping between
                RTL netlist and GATE level netlist,  wherein  the  GATE  level
                netlist is Golden and the RTL netlist is Revised; it specifies
                the mapping file MapFile.alt

                map_activity_file -rtl2gate MapFile.alt -golden gate

              * The  following  commands  appends  the RTL block name and GATE
                block name before the RTL and GATE level entries in  the  map-
                ping  file  to match the entries in the top-level RTL activity
                file:

                map_activity_file -rtl2gate LEC.top \

                        -rtl_block  "core/block_top" \

                        -gate_block "core/block_top"

                map_activity_file -rtl2gate LEC.tile.top \

                          -rtl_block  "core/tile_instance\[0\]/tile_inst" \

                          -gate_block "core/tile_instance_0_tile_inst"

              * The following commands specify to ignore the previous  mapping
                file  (old.map),  and  use  the  modified  mapping  file  (up-
                dated.map):

                map_activity_file -rtl2gate old.map

                map_activity_file -reset

                map_activity_file -rtl2gate updated.map

       An example of the mapping file output from Conformal  is  described  as
       follows:

       Mapped points: SYSTEM class

       1-th mapped points:

        (G) + 1 PI /x_ick

        (R) + 595 PI /x_ick

       2-th mapped points:

        (G) + 2 PI /x_jreset_cp_p

        (R) + 594 PI /x_jreset_cp_p

       3-th mapped points:

        (G) + 3 PI /x_mreset_cp_p

        (R) + 593 PI /x_mreset_cp_p

       60-th mapped points:

        (G) + 4582 DFF /cpexec0/cpddecls0/gi_opls/q_reg_reg[35]

        (R) + 3856 DFF /cpexec0/cpddecls0/gi_opls/q_reg_reg_35_

       61-th mapped points:

        (G) + 4583 DFF /cpexec0/cpddecls0/gi_opls/q_reg_reg[34]

        (R) + 3855 DFF /cpexec0/cpddecls0/gi_opls/q_reg_reg_34_

       62-th mapped points:

        (G) + 4633 DFF /cpexec0/cpddecex0/gi_opex/q_reg_reg[21]

        (R) + 3805 DFF /cpexec0/cpddecex0/gi_opex/q_reg_reg_21_

       63-th mapped points:

        (G) + 4634 DFF /cpexec0/cpddecex0/gi_opex/q_reg_reg[20]

        (R) + 3804 DFF /cpexec0/cpddecex0/gi_opex/q_reg_reg_20_

       64-th mapped points:

        (G) + 4635 DFF /cpexec0/cpddecex0/gi_opex/q_reg_reg[19]

        (R) + 3803 DFF /cpexec0/cpddecex0/gi_opex/q_reg_reg_19_

       65-th mapped points:

        (G) + 4636 DFF /cpexec0/cpddecex0/gi_opex/q_reg_reg[18]

        (R) + 3802 DFF /cpexec0/cpddecex0/gi_opex/q_reg_reg_18_

       where,  G refers to the Golden netlist name and R refers to the Revised
       netlist name.

       By default, the tool assumes that the Golden netlist name refers to the
       RTL net name and Revised netlist refers to the GATE level net name.

Related Information
              * report_power

              * read_activity_file

              * "RTL Activity File Flow in Static Power  Calculation"  in  the
                Voltus IC Power Integrity Solution User Guide

              * "Dynamic Power and IRDrop Analysis" in the Voltus IC Power In-
                tegrity Solution User Guide

                           Fri Apr 04 01:25:37 2025   map_activity_file(25.10)