Product Version     25.10    Cadence Design Systems, Inc.
getCheckMode(25.10)                                        getCheckMode(25.10)

Name
       getCheckMode - Returns information about the specified setCheckMode pa-
       rameter in the log file and in the console

Syntax
       getCheckMode

       [-all]

       [-checkIlm]

       [-extraction]

       [-floorplan]

       [-globalNet]

       [-integrity]

       [-io]

       [-library]

       [-mgrid]

       [-netlist]

       [-placement]

       [-route]

       [-sroute]

       [-tapeOut]

       [-timingGraph]

       [-vcellnetlist]

       Returns  information  about the specified setCheckMode parameter in the
       log file and in the console. The following information is returned:

              * Parameter name

              * Current value

              * Type (Boolean, string, and so on)

              * Whether the current value was set by user

       If you do not specify a parameter, the  software  displays  information
       for all of the setCheckMode parameters.

Parameters
       -<parameter_names>
              Displays information for the specified parameters. You can spec-
              ify one or more parameters.

              See  setCheckMode  for descriptions of the data checking parame-
              ters you can specify.

Examples
              * The following command displays the  current  setting  for  the
                -extraction parameter:

                getCheckMode -extraction

                The software displays the following information:

                -extraction false # bool, default=false

                false

              * The following command displays the current setting of the -ex-
                traction parameter in Tcl list format:

                getCheckMode -extraction -quiet

                The software displays the following information:

                false

              * The  following  command  displays  the current settings of the
                -floorplan and -placement parameters:

                getCheckMode -floorplan -placement

                The software displays the following information:

                -floorplan false # bool, default=false

                -placement false # bool, default=false

                {floorplan false} {placement false}

              * The following command displays the  current  settings  of  the
                -floorplan and -placement parameters in Tcl list format:

                getCheckMode -floorplan -placement -quiet

                The software displays the following information:

                {floorplan false} {placement false}

Related Information
              * Importing  and  Exporting  Designs chapter of the Innovus User
                Guide.

                           Fri Apr 04 01:25:37 2025        getCheckMode(25.10)