Product Version     25.10    Cadence Design Systems, Inc.
getFlipChipMode(25.10)                                  getFlipChipMode(25.10)

Name
       getFlipChipMode  - Returns information about the specified setFlipChip-
       Mode parameter in the Innovus log file and the console

Syntax
       getFlipChipMode

       [-help]

       [-allow_layer_change]

       [-auto_pairing_file]

       [-bump_use_oct_shape]

       [-check_bump_access_directions]

       [-compaction]

       [-connectPowerCellToBump]

        [-constraintFile]

       [-drop_via_on_all_geometries]

       [-drop_via_on_power_mesh]

        [-extraConfig]

       [-finger_direction]

       [-finger_max_width]

       [-finger_min_width]

       [-finger_target_mesh_layer_range]

       [-honor_bump_connect_target_constraint]

        [-ignore_pad_type_check]

       [-layerChangeBotLayer]

        [-layerChangeTopLayer]

        [-lower_layer_prevent_45_routing]

       [-lower_layer_route_width]

        [-merge_nearby_pin]

       [-multi_pad_routing_style]

       [-multipleConnection]

       [-pg_mesh_direction]

       [-pg_mesh_main_width]

       [-pg_mesh_max_width]

       [-pg_mesh_width]

       [-prevent_diagonal_wire_access_bumps]

       [-prevent_via_under_bump]

       [-prevent_via_under_bump_extension]

       [-route_bump_cluster]

       [-route_pg_style]

       [-route_style]

        [-routeWidth]

       [-via_abut_bump]

       [-via_to_pad_honor_min_spacing]

       [-wire_to_pad_honor_min_spacing

       [-quiet]

       [-nonDefault]

       Returns information about the specified  setFlipChipMode  parameter  in
       the  Innovus log file and the console. The following information is re-
       turned:

              * Parameter name

              * Current value

              * Type (Boolean, string, and so on)

              * Whether the current value was set by user

       If you do not specify a parameter, the software returns information for
       all of the setFlipChipMode mode parameters.

Parameters
       -help  Outputs a brief description that includes type and  default  in-
              formation for each getFlipChipMode parameter.

              For a detailed description of the command and all of its parame-
              ters, use the man command:

              man getFlipChipMode

       <parameter_names>
              Returns  information for the specified parameters. You can spec-
              ify one or more parameters.

              See setFlipChipMode for descriptions of the flip chip mode para-
              meters you can specify.

       -quiet Returns the current settings for the specified parameters in Tcl
              list format only.

              If you specify -quiet without any parameters, the  software  re-
              turns  the current settings of all setFlipChipMode parameters in
              Tcl list format.

       -nonDefault
              Displays the current settings for the parameters that have  non-
              default settings.

Related Information
              * addBumpConnectTargetConstraint

              * fcroute

              * placePIO

              * setFlipChipMode

              * sroute

              * verifyFlipChipRoutingConstraints

              * Flip Chip Methodologies chapter in the User Guide

              * Tools Menu chapter of the Menu Reference

                * Flip Chip

                           Fri Apr 04 01:25:37 2025     getFlipChipMode(25.10)