Product Version     25.10    Cadence Design Systems, Inc.
check_ccr(25.10)                                              check_ccr(25.10)

Name
       check_ccr  -  Enables  users to check if a CCR (Cadence Change Request)
       created on their behalf is checked into the current release or not

Syntax
        check_ccr

       [-help]

       <ccr_number>

       Enables users to check if a CCR (Cadence  Change  Request)  created  on
       their behalf is checked into the current release or not.

       The  command  returns  1  if  the specified CCR is integrated into this
       build and 0 if it is not.

              * It includes all integrated CCRs that have  the  Checked_In  or
                Validated status at the time of the build.

              * It only includes master CCRs. Duplicate CCRs are not included.

              * It  currently  lists  all  CCRs  fixed  in the current release
                stream or previous release.  For example, checking in  release
                version  19.11,  will  find  all  CCRs  integrated  into 19.10
                through 19.11 that are in the current 19.11 release.

Parameters
       -help  Prints a brief description that includes type and default infor-
              mation for each check_ccr parameter.

              For a detailed description of the command and all of its parame-
              ters, use the man command:

              man check_ccr

       <ccr_number>
              Specifies the CCR number to check.

              Data_type: string, required

Examples
              * The following example checks if the CCR 123456 is checked into
                the Innovus release 18.13-s088_1.

                innovus 1> getversion

                18.13-s088_1

                innovus 2> check_ccr 123456

                1

                           Fri Apr 04 01:25:37 2025           check_ccr(25.10)