Product Version     25.10    Cadence Design Systems, Inc.
all_connected(25.10)                                      all_connected(25.10)

Name
       all_connected - Returns a collection of all of the objects connected to
       the specified net, pin, or port

Syntax
       all_connected

       [-help]

        [-leaf]

       <single_object_collection_or_object>

       Returns  a  collection of all of the objects connected to the specified
       net, pin, or port.

       Note:  If you specify a pin or port object, the  all_connected  command
       will  return  the  net connected to that pin or port.  If you specify a
       net object, this command will return ports, pins, or hpins connected to
       that net.

Parameters
       -help  Prints out the command usage.

       -leaf  Returns all instance pins connected to the specified  net.  When
              specified,  only the flattened connection points (leaf pins) for
              the specified net are reported.

              Default: Returns all hierarchical ports connected to the  speci-
              fied net

       <single_object_collection_or_object>
              Specifies  the net, pin, or port for which to return the collec-
              tion of connected objects. You can specify an object name, or  a
              single-object collection.

Examples
              * The  following  command returns a collection of all of the ob-
                jects connected to the pin b1_Sin1:

                all_connected Sin1

                The software returns the following information:

                Sin1

              * The following command returns a collection of all of  the  ob-
                jects  connected  to  a pin contained in the single collection
                object i_block1/b1_Sin1:

                all_connected [get_pins {i_block1/b1_Sin1}]

                The software returns the following information:

                Sin1

              * The following command returns a collection of all of the hier-
                archical ports connected to the net net_1:

                all_connected [get_nets net_1]

                The software returns the following information:

                TL2/l2_in TL1/l1_out

              * The following command returns a collection that contains  only
                the flattened connection points for the net net_1:

                all_connected -leaf [get_nets net_1]

                The software returns the following information:

                TL2/L1/RX/D TL1/RX/Q

                           Fri Apr 04 01:25:37 2025       all_connected(25.10)