Product Version     25.10    Cadence Design Systems, Inc.
save_global(25.10)                                          save_global(25.10)

Name
       save_global - Saves the current global variable settings in a file

Syntax
       save_global

       [-help]

       <file_name>

       Saves  the current global variable settings in a file. You can use this
       command after setting the global variable.

Parameters
       -help  Outputs a brief description that includes the type  and  default
              information for each save_global parameter.

              For a detailed description of the command and all of its parame-
              ters, use the man command:

              man save_global

       file_name
              Specifies  the  file in which the global variable setting should
              be saved.

              Data_type: string, required

Related Information
              * Floorplanning the Design chapter in the Innovus User Guide

                           Fri Apr 04 01:25:37 2025         save_global(25.10)