Product Version     25.10    Cadence Design Systems, Inc.
verifyCutDensity(25.10)                                verifyCutDensity(25.10)

Name
       verifyCutDensity  - Checks the density of specified cut layers or areas
       of cut layers, or the cut density of the whole chip

Syntax
       verifyCutDensity

       [-area {<x1 y1 x2 y2>}]

       [-detailed]

       [-globalDensity]

       [-ignoreCellBlock]

       [-layer <layer_name_list>]

       [-oversize <value>]

       [-report <fileName>]

       Checks the density of specified cut layers or areas of cut  layers,  or
       the cut density of the whole chip.

Parameters
       -help  Outputs  a  brief description that includes the type and default
              information for each verifyCutDensity parameter.

              For a detailed description of the command and  all  its  parame-
              ters, use the man command: man verifyCutDensity.

       -area {<x1 y1 x2 y2>}
              Specifies  the  coordinates  of the area to verify. For example,
              verifyCutDensity -area {0 0 100 100}.

              Default: Entire area

       -detailed
              Generates a detailed cut density report.

       -globalDensity
              Checks the density across the entire design  for  the  specified
              cut layers and writes the results to the report file.

       -ignoreCellBlock
              Disables  checking of windows that are fully covered by block or
              pad obstructions.

       -layer <layer_name_list>
              Specifies the cut layers to verify.

              Use the following format to specify layer names:

              {Via12 Via23}

              For example, verifyCutDensity -layer {Via12 Via23}.

       -oversize <value>
              Specifies an offset value for the area to verify. The  value  is
              in  user  units (not in DBU), and can be positive or negative. A
              positive value adds to the area that is verified.  For  example,
              if  the  design  covers the area from (0,0) to (100,100) and you
              specify -oversize 10,  verifyCutDensity  checks  the  area  from
              (-10,-10) to (110,110).

              Default: 0

       -report <fileName>
              Specifies the report file for the cut density violation informa-
              tion.

              Default: <designName>.cutdensity.rpt

Example
       The  following  command checks the density across the entire design for
       the layers Via12 and Via23 and generates a detailed report  named  den-
       sity.rpt.

       verifyCutDensity  -layer  {Via12  Via23}  -report density.rpt -detailed
       -globalDensity

Related Information
              * "Overview" in the Identifying and Viewing  Violations  chapter
                of User Guide.

              * The following sections in the Optimizing Metal Density chapter
                of User Guide.

                     * Overview

                     * Adding Via Fill

              * LEF Syntax chapter in the LEF/DEF Language Reference

                           Fri Apr 04 01:25:37 2025    verifyCutDensity(25.10)