Product Version     25.10    Cadence Design Systems, Inc.
gui_zoom_ctd(25.10)                                        gui_zoom_ctd(25.10)

Name
       gui_zoom_ctd - Zooms into or out of the CTD window

Syntax
       gui_zoom_ctd

       [-help]

       [-id <string>]

       [-in | -out | -selected]

       [-vertical_range {<ymin> <ymax>}]

       Zooms into or out of the CTD window.

Parameters
       -help  Prints a brief description of the gui_zoom_ctd command.

              For a detailed description of the command, use the man command:

              man gui_zoom_ctd

       -id <string>
              Specifies the window ID of the CTD window in which to zoom in or
              zoom out.

       -in    Zoom into the CTD window.

       -out   Zoom out of the CTD window.

       -selected
              Zoom to enclose all selected objects.

              -vertical_range {<ymin> <ymax>}" Zoom to a specific vertical la-
              tency  range.  If  CTD  is in timing-based mode, the window will
              zoom to the clock tree parts where latency is between <ymin> and
              <ymax>, and the unit is the same as global timing unit.  If  CTD
              is  in  unit  delay mode, the window will zoom to the clock tree
              parts where stage depth is between <ymin> and <ymax>.

              For example, if CTD is in timing-based mode, then  the  command,
              gui_zoom_ctd -vertical_range {0 1.5} will zoom to the clock tree
              parts  where  latency is between 0 and 1.5, the unit is the same
              as get_time_unit. If CTD is in unit delay mode,  then  the  com-
              mand,  gui_zoom_ctd  -vertical_range  {0  1.5}  will zoom to the
              clock tree parts where stage depth is between 0 and 1.5.

              Note: The window only zooms in vertical.

Examples
       Use the following command to zoom in to the CTD:

       gui_zoom_ctd -in

       Select an instance and use the following command to zoom into  the  se-
       lected instance:

       gui_zoom_ctd -selected

Related Information
              * close_ctd_win

              * ctd_trace

              * ctd_win

              * get_ctd_win_title

              * get_ctd_win_id

              * set_ctd_win_title

              * The following chapter in the Innovus Menu Reference

                * Clock Menu

                           Fri Apr 04 01:25:37 2025        gui_zoom_ctd(25.10)