Product Version     25.10    Cadence Design Systems, Inc.
setInstGroupPhyHier(25.10)                          setInstGroupPhyHier(25.10)

Name
       setInstGroupPhyHier  - Sets a pre-existing instance group into a physi-
       cal hierarchy where you can generate a corresponding netlist

Syntax
       setInstGroupPhyHier

       [-help]

       <groupName>

       Sets a pre-existing instance group into a physical hierarchy where  you
       can  generate  a  corresponding netlist. You can use this command after
       creating a group name.

Parameters
       -help  Outputs a brief description that includes the type  and  default
              information  for  each  setInstGroupPhyHier parameter. For a de-
              tailed description of the command and all of its parameters, use
              the man command:

              man setInstGroupPhyHier

       <groupName>
              Specifies the name of the created group.

              Data_type: string, required

Example
       The following commands create and set the instance group  adder1  as  a
       physical hierarchy:

       createInstGroup adder1

       setInstGroupPhyHier adder1

Related Information
              * createInstGroup

              * Floorplanning the Design chapter in the Innovus User Guide

                           Fri Apr 04 01:25:37 2025 setInstGroupPhyHier(25.10)