Product Version     25.10    Cadence Design Systems, Inc.
check_instance_library_in_views(25.10)  check_instance_library_in_views(25.10)

Name
       check_instance_library_in_views  - Checks for missing libraries for in-
       stances in the active view

Syntax
       check_instance_library_in_views

       Checks for missing libraries for instances in the active view.

       This command checks whether the library for the  cell  associated  with
       the  instance  is present in the associated power domain library set of
       the instance in the active views.

Parameters
       None

Examples
              * The following command displays a report  showing  missing  li-
                braries:

       check_instance_library_in_views

       The software displays the following information:

       Checking the Library binding for instance in active view 'vA'

       Pass. All instances have library definition in view 'vA'

       Checking the Library binding for instance in active view 'vB'

       No  library  found  for  instance  'U1',  cell 'AND2X1', in powerdomain
       'PD_BAD', of view 'vB'

       Fail. Missing Library for some instance found in view 'vB'

       Checking the Library binding for instance in active view 'vAB'

       Pass. All instances have library definition in view 'vAB'

                           Fri Apr 04 01:c2h5e:c3k7_i2n0s2t5ance_library_in_views(25.10)