Product Version     25.10    Cadence Design Systems, Inc.
report_module_model(25.10)                          report_module_model(25.10)

Name
       report_module_model  -  Reports  the  module  models that are currently
       loaded/committed at top-level design

Syntax
       report_module_model

       [-help]

       [-active_rc_corners]

       [-default_dir]

       [-non_committed_hinst]

       [-type {flexilm lef ilm pnr pnr_shell}]

       Reports the module models that are currently loaded/committed  at  top-
       level design.

Parameters
       -active_rc_corners
              Reports the active RC corners.

              Data_type: bool, optional

       -default_dir
              Reports the current default module data directory.

              Data_type: bool, optional

       -help  Outputs  a  brief description that includes the type and default
              information for each report_module_model parameter.  For  a  de-
              tailed description of the command and all of its parameters, use
              the man command:

              man report_module_model

       -non_committed_hinst
              Checks  and  reports the modules/cells that are available in the
              default module data directory but are not committed  as  hierar-
              chical modules (hInst).

              Data_type: bool, optional

       -type {flexilm lef ilm pnr pnr_shell}
              Specifies the type of module model to be reported

              Note: The module models that are not committed are reported with
              the  "init"  type and tag.  The module models that are committed
              are reported with the types  and  tags  same  as  the  requested
              types.

              Data_type: string, optional

Examples
              * The  following command reports the module models that are cur-
                rently loaded/committed at top-level design:

                report_module_model -type lef

                Module       Type ReqType Tag     ReqTag    Dir

                ---------------------------------------------------------------------------------------

                ptn_wrapper       lef       lef           preCts        preCts
                /icd/demo/v4h/DATA2/ptn_wrapper/latest/lef

                default directory : /icd/demo/v4h/DATA2

              * The following command reports the ilm type of module models:

                report_module_model -type ilm

                Module       Type ReqType Tag         ReqTag      Dir

                ------------------------------------------------------------------------------------------------

                ptn_wrapper      ilm      ilm        my_postCts     my_postCts
                /icd/demo/v4h/DATA2/ptn_wrapper/my_postCts/ilm

                tdsp_core       ilm      ilm         my_preCts       my_preCts
                /icd/demo/v4h/DATA2/tdsp_core/my_preCts/ilm

                default directory : /icd/demo/v4h/DATA2

              *

                The following command reports the list of active RC corners:

                set_module_model -active_rc_corners {rcMin rcMax}

                report_module_model -active_rc_corners

Related Information
              * check_module_model

              * commit_module_model

              * create_module_model

              * restore_module_model

              * savePartition

              * set_module_model

              * update_module_model

              * write_module_model_context

              * Hierarchical  and Prototyping Flow chapter in the Innovus User
                Guide

                *

                  Integrated Hierarchical Database Flow

                           Fri Apr 04 01:25:37 2025 report_module_model(25.10)