Product Version     25.10    Cadence Design Systems, Inc.
get_lib_pg_pins(25.10)                                  get_lib_pg_pins(25.10)

Name
       get_lib_pg_pins  -  Returns  a collection of library-level PG pins from
       the loaded libraries

Syntax
       get_lib_pg_pins

       [-help]

       [-filter <expr>]

       {-of_objects <object_list>}

       Returns a collection of library-level  PG  pins  from  the  loaded  li-
       braries.   An empty collection is returned if no PG pin definitions are
       found in the loaded library.

Parameters
       -help  Prints out the command usage.

       -filter <expr>
              Filters the collection with the specified expression.

              For any library pg pins that match the specified expression, the
              software evaluates the expression based on the attribute of  the
              library pg pin.

              You  can filter library pg pins along with the -of_objects para-
              meter - using the library pg pin properties of lib_pg_pin object
              type (supported through the get_property command).

              For details on how to create filter expressions,  refer  to  the
              filter_collection command.

       -of_objects <object_list>
              Creates  a collection of all library PG pins associated with the
              specified library cells.

              The -of_objects parameter supports get_lib_cells  as  valid  ob-
              jects.

              For example,

              get_lib_pg_pins            -of_objects            [get_lib_cells
              sc9_cmos32lp/DFFQ_X1M] VDD VSS

              get_lib_pg_pins *

              **ERROR: (TCLCMD-1420): Currently  only  -of_objects  option  is
              supported

       Examples
              * The  following command gets the collection of all the library-
                level pg pins of the specified library cell:

                get_lib_pg_pins -of_objects [get_lib_cells sc_cmoslp/AO22X]

              * The following command filters the collection of  all  library-
                level  pg  pins of the library cell to return only the library
                pg pins containing the string name defined with the lib_pg_pin
                name attribute:

                get_lib_pg_pins  -of_objects  [get_lib_cells  sc_cmoslp/AO22X]
                -filter "name =~ *VDD*"

Related Information
              * get_lib_arcs

              * get_lib_cells

              * get_lib_pins

              * get_libs

                           Fri Apr 04 01:25:37 2025     get_lib_pg_pins(25.10)