Product Version     25.10    Cadence Design Systems, Inc.
reset_noise_lib_pin(25.10)                          reset_noise_lib_pin(25.10)

Name
       reset_noise_lib_pin  -  Allows you to reset any noise property mapping,
       specified previously using the set_noise_lib_pin command

Syntax
       reset_noise_lib_pin

       [-help]

       [-all]

       [-to <string>]

       Allows you to reset any noise property  mapping,  specified  previously
       using the set_noise_lib_pin command.

Parameters
       -help  Prints out the command usage.

       -all   Resets all the noise mappings in the design.

       -to <string>
              Specifies  the  library  pin  name  for which the user-specified
              noise mapping (if any) needs to be reset.

              Note: The -to parameter accepts library cell pin names (that can
              be obtained using the  get_lib_pins  command).  This  parameters
              does not honour collections or instance pin names.

Examples
              * The  following command resets any noise mapping previously ap-
                plied to the library pin library1/macro_cell/A :

                reset_noise_lib_pin -to library1/macro_cell/A

              * The following command resets all the existing  noise  mappings
                in the design:

                reset_noise_lib_pin -all

Related Information
              * set_noise_lib_pin

              * report_noise_lib_pin

                           Fri Apr 04 01:25:37 2025 reset_noise_lib_pin(25.10)