Product Version     25.10    Cadence Design Systems, Inc.
reset_ideal_transition(25.10)                    reset_ideal_transition(25.10)

Name
       reset_ideal_transition - Resets the ideal transition constraint, speci-
       fied using the set_ideal_transition command, on instance pins or ports

Syntax
       reset_ideal_transition

       [-min]

       [-max]

       [-rise]

       [-fall]

       <object_list>

       Resets   the   ideal   transition   constraint,   specified  using  the
       set_ideal_transition command, on instance pins or ports.

Parameters
       -fall  Resets the ideal transition for the falling edge.

       -max   Resets the ideal transition for the maximum corner.

       -min   Resets the ideal transition for the minimum corner.

       <object_list>
              Resets a list of objects - instance pins, ports, or nets.

       -rise  Resets the ideal transition for the rising edge.

Related Information
       set_ideal_transition

                           Fri Apr 04 01:25:37 202r5eset_ideal_transition(25.10)