Product Version     25.10    Cadence Design Systems, Inc.
changeFloorplan(25.10)                                  changeFloorplan(25.10)

Name
       changeFloorplan  -  Changes  the distances between the core box and the
       die box on the sides you specified

Syntax
       changeFloorplan

       [-help]

       [-noSnapToGrid]

       [[-coreToLeft       <value>][-coreToBottom        <value>][-coreToRight
       <value>][-coreToTop <value>] |

       [-coreToEdge {left bottom right top}]]

       Changes the distances between the core box and the die box on the sides
       you  specified. Use this command after specifying the floorplan data or
       running an initial floorplan.

Parameters
       -help  Outputs a brief description that includes the type  and  default
              information  for  each changeFloorplan parameter. For a detailed
              description of the command and all of its  parameters,  use  the
              man command:

              man changeFloorplan

       -coreToBottom <value>
              Specifies  the  distance  from the bottom of the core box to the
              bottom of the die box.

              Data_type: float, optional

       -coreToEdge {left bottom right top}
              Specifies the distances between the core box and die box on each
              side (left, bottom, right, and top).

              Data_type: box, optional

       -coreToLeft <value>
              Specifies the distance from the left of the core box to the left
              of the die box.

              Data_type: float, optional

       -coreToRight <value>
              Specifies the distance from the right of the  core  box  to  the
              right of the die box.

              Data_type: float, optional

       -coreToTop <value>
              Specifies  the  distance from the top of the core box to the top
              of the die box.

              Data_type: float, optional

       -noSnapToGrid
              Specifies that the core box (or die box) boundary  will  not  be
              snapped  to  the  nearest metal pitch even if the specified die/
              core box size is not an integer multiple of the  smallest  metal
              pitch.  This  prevents  the  input  floorplan  boxes  from being
              changed.

              Data_type: bool, optional

Example
              * The following command changes the distance from the bottom  of
                the core box to the bottom of the die box to 200:

                changeFloorplan -coreToBottom 200

Related Information
              * saveDesign

              * saveFPlan

              * Floorplanning the Design chapter in the Innovus User Guide

                           Fri Apr 04 01:25:37 2025     changeFloorplan(25.10)