Product Version     25.10    Cadence Design Systems, Inc.
calculate_cco...t_clone_reason(25.10)    calculate_cco...t_clone_reason(25.10)

Name
       calculate_ccopt_cannot_clone_reason - Returns a Tcl list of reasons why
       the specified instance cannot be cloned in CTS

Syntax
       calculate_ccopt_cannot_clone_reason

       [-help]

       -inst <instName>

       Returns  a  Tcl  list  of  reasons why the specified instance cannot be
       cloned in CTS. An empty  list  indicates  the  given  instance  can  be
       cloned.   This   command   is  similar  to  the  CCOpt  property,  can-
       not_clone_reason but it can be used before running ccopt_design.

       It differs from the property, cannot_clone_reason  in  that  it  always
       calculates  the  reason as compared to just retrieving a saved property
       value from the last time that cloning happened.

Parameters
       -help  Outputs a brief description that includes type and  default  in-
              formation  for  each calculate_ccopt_cannot_clone_reason parame-
              ter. For a detailed description of the command and  all  of  its
              parameters,  use  the  man  command:   man  calculate_ccopt_can-
              not_clone_reason.

       -inst <instName >
              Specifies the name of the instance for which you  want  to  know
              the reason for being uncloneable.

Related Information
              *

                The  cannot_clone_reason  property.  This  property provides a
                list of reasons to explain why the cell could  not  be  cloned
                during clustering. For more information on above property, see
                the  CCOpt Properties chapter in the Innovus User Guide or run
                the following command:

                get_ccopt_property -help cannot_clone_reason

              * ccopt_design

              * clock_opt_design

                           Fri Apr 04 01:2c5a:l3c7ul2a0t2e5_cco...t_clone_reason(25.10)