Product Version     25.10    Cadence Design Systems, Inc.
set_aocv_stage_weight(25.10)                      set_aocv_stage_weight(25.10)

Name
       set_aocv_stage_weight

Syntax
       set_aocv_stage_weight

       <stage_weight>

       <port_list>

       [-early]

       [-late]

       [-input]

       [-output]

       While  performing advanced on-chip variation (AOCV) analysis of a block
       in standalone mode, the command allows you to specify the stage  weight
       seen at the port(s) when it is modeled as part of the top level design.
       The applied stage weights affect the internal weight count of the block
       for the IO paths. The stage weights can be applied only on ports.

       You  can view stage weights in the report_timing output under the Stage
       Weighting column.

       The set_aocv_stage_weight command can be used in multi-mode  multi-cor-
       ner mode. The command can be used as part of SDC file.

Parameters
       -early Specifies weight for early paths.

       -input Specifies input weight for the ports.

       -late  Specifies weight for late paths.

       -output
              Specifies output weight for port.

       <port_list>
              Specifies a list or collection of input, output, and bidi ports.

       <stage_weight>
              Specifies value of stage weight.

Examples
              * The following example specifies the stage weight value as 25.5
                for port out0:

                set_aocv_stage_weight 25.5 out0

Related Information
              * reset_aocv_stage_weight

                           Fri Apr 04 01:25:37 2025set_aocv_stage_weight(25.10)