Product Version     25.10    Cadence Design Systems, Inc.
reportFootPrint(25.10)                                  reportFootPrint(25.10)

Name
       reportFootPrint  - Creates a file that contains footprint attribute in-
       formation from the timing library

Syntax
       reportFootPrint

       [-help]

       [-outfile <fileName>]

       [-dontTouchNUse]

       [<footprint>]

       Creates a file that contains footprint attribute information  from  the
       timing  library.  Use  this file to check your design for missing foot-
       print function names and timing information. You can  edit  the  output
       file and use it to load the correct footprint information.

Parameters
       -help  Prints a brief description that includes type and default infor-
              mation for each reportFootPrint parameter.

              For a detailed description of the command and all of its parame-
              ters, use the man command: man reportFootPrint

       -dontTouchNUse
              When  this  parameter is specified, cell footprints are reported
              for all cells, including those cells  that  have  dont_touch  or
              dont_use attribute.

              When  this  parameter  is not specified, cell footprints are re-
              ported for only those cells that  do  not  have  dont_touch  and
              dont_use attributes.

       <footprint>
              Specifies  the  footprint  to report. If you do not specify this
              parameter, reports all footprints.

       -outfile <fileName>
              Specifies the footprint report file.

Command Order
       Use this command after importing the design or after  using  the  load-
       FootPrint command.

Examples
              * The  following  command  creates a footprint report file named
                INV.rpt:

                reportFootPrint -outfile INV.rpt

              * The following output from the  reportFootPrint  command  shows
                the format of the footprint file:

                # Format:

                # Library:<library name>

                # cell footprint drvResR drvResF functions

                # footPrint: INV nrCell: 1 Library: dp_ram128x32_4x1

                Library:stdCellLib

                inv_2 INV     1            110.983    89.427    x=(~a)

                Lines  beginning with a # are comment lines, which are ignored
                when the footprint file is loaded. The header shows the  mean-
                ing of each field:

                     * Library:  stdCellLib  (with no spaces in the string) is
                       the library where the footprint is defined.

                     * inv_2 is a footprint cell.

                     * INV is the footprint name.

                     * 1 is the number of functions.

                     * 110.983 is the average rise driving resistance.

                     * 89.427 is the average fall driving resistance.

                     * x=(~a) is the output function of the cell.

Related Information
              * checkFootPrint

              * loadFootPrint

              * setBufFootPrint

              * setInvFootPrint

              * setDelayFootPrint

              * The following topic in the Innovus User Guide

                     * Using Cell Footprints in Timing Optimization

                           Fri Apr 04 01:25:37 2025     reportFootPrint(25.10)