Product Version     25.10    Cadence Design Systems, Inc.
get_voltus_insight_mode(25.10)                  get_voltus_insight_mode(25.10)

Name
       get_voltus_insight_mode

Syntax
       get_voltus_insight_mode

       [-help]

       [-config <filename>]

       Generates  a  configuration  template after loading the design database
       and specifying the power/rail settings. This template is created  based
       on the current rail settings.

Parameters
       -help  Outputs  a  brief description that includes the type and default
              information for each get_voltus_insight_mode parameter.

              For a detailed description of the command and all of its parame-
              ters, use the man command man get_voltus_insight_mode.

       -config <filename>
              Specifies the name for the configuration file to  be  generated.
              This optional file includes details about the PG network defini-
              tion, EIV method, EIV evaluation window, and a list of scenarios
              with their settings.

              By default, the configuration file is named insight.config. If a
              file  with this name already exists, the suffix is automatically
              incremented (example, insight.config1, insight.config2,  and  so
              on).

Examples
              * The  following  command  specifies to generate a configuration
                template for the Voltus InsightAI flow:

                get_voltus_insight_mode

                The following message appears:

                Config file insight.config will be generated

                Following is  a  snippet  from  the  generated  insight.config
                file:#### PG Network Definition ###

                Nets VDD VSSDomain_1 ALL  VDD   VSS#### Global Options ###

                eiv_eval_window {}

                eiv_method {}

                #### Scenario Definition ###

                SCENARIO_DEFAULT: SCENARIO_1  SCENARIO_2

                #### Scenarion Setting ###

                SCENARIO_1

                   eiv_eval_window elapse

                   eiv_method Worst

                   Domain Domain_1

                        threshold_data 0.4

                        threshold_clock 0.4

                   Net VSS

                        threshold_data 0.09

                        threshold_clock 0.09

                   Net VDD

                        threshold_data 0.81

                        threshold_clock 0.81

                SCENARIO_2

                   eiv_eval_window switching

                   eiv_method WorstAvg

                   Domain Domain_1

                        threshold_data 0.4

                        threshold_clock 0.4

                   Net VSS

                        threshold_data 0.09

                        threshold_clock 0.09

                   Net VDD

                        threshold_data 0.81

                        threshold_clock 0.81

Related Information
              * "Voltus InsightAI" in Innovus User Guide

                           Fri Apr 04 01:25:37 20g2e5t_voltus_insight_mode(25.10)