Product Version     25.10    Cadence Design Systems, Inc.
setResizeLine(25.10)                                      setResizeLine(25.10)

Name
       setResizeLine  - Sets the resize lines for shift-based floorplan resize
       option of the resizeFloorplan command

Syntax
        setResizeLine

       [-help]

       -clearAll

       [-direction {H|V}]

       [<points>]

       [-width <float>]

       Sets the resize lines for shift-based floorplan resize  option  of  the
       resizeFloorplan  command. The resize lines can be non-continuous though
       they must be orthogonal. If resize lines are specified,  the  floorplan
       will  be  resized  between  the area specified by the resize lines (for
       shift-based floorplan resize). To shrink or expand the floorplan in the
       horizontal direction, specify a vertical resize line. To shrink or  ex-
       pand  the floorplan in the vertical direction, specify a horizontal re-
       size line.

       Each resize line can have multiple segments (for  example,  horizontal,
       vertical,  and  again horizontal) but it can only be applied to one di-
       rection. If you want to shrink or expand the floorplan in  both  direc-
       tions, specify resize lines for each direction. You can create multiple
       resize  lines.  The  resize  lines are removed once the resizeFloorplan
       command is run. You can use this command after importing the design.

Parameters
       -help  Outputs a brief description that includes type and  default  in-
              formation  for  each setResizeLine parameter. For a detailed de-
              scription of the command and all of its parameters, use the  man
              command:

              man setResizeLine

       -clearAll
              Clears all resize lines.

              Data_type: bool, optional

       -direction {H|V}
              Specifies  whether the resize line is horizontal (H) or vertical
              (V).

              Data_type: string, optional

       <points>
              Specifies the resize line point list.

              Data_type: pt list, optional

       -width <float>
              Specifies the width of the resize line in  microns.  A  positive
              value  expands  the  floorplan  and a negative value shrinks the
              floorplan.

              Data_type: float, optional

Examples
              * The following command sets a resize line with a  width  of  20
                microns  in the horizontal direction. As the width has a posi-
                tive value, the floorplan will expand. The resize line is hor-
                izontal and will, therefore, expand the floorplan in a  verti-
                cal direction.

                setResizeLine -direction H -width 20 (1924 3476) (3807 3476)

              * The  following  command sets a resize line with a width of -20
                microns in the horizontal direction. As the width has a  nega-
                tive value, the floorplan will shrink. The resize line is hor-
                izontal  and will, therefore, shrink the floorplan in a verti-
                cal direction.

                setResizeLine -direction H -width -20 (1924 3476) (3807 3476)

              * The following command sets a resize line with a  width  of  20
                microns in the vertical direction. As the width has a positive
                value,  the floorplan will expand. The resize line is vertical
                and will, therefore, expand the floorplan in a horizontal  di-
                rection.

                setResizeLine -direction V -width 20 (2761 2215) (2761 3810)

              * The  following  command sets a resize line with a width of -20
                microns in the vertical direction. As the width has a negative
                value, the floorplan will shrink. The resize line is  vertical
                and  will, therefore, shrink the floorplan in a horizontal di-
                rection.

                setResizeLine -direction V -width -20 (2761 2215) (2761 3810)

              * The following command sets a resize line with a width  of  -20
                microns  in  the vertical direction. As a * has been specified
                for one of the coordinates, the value of that coordinate  will
                be automatically derived.

                setResizeLine -direction V -width -20 (2761 *) (2761 3810)

              * The following command creates a resize line with multiple seg-
                ments.

                setResizeLine  -direction V -width -20 (2643 1744) (2643 3411)
                (3382 3411) (3382 4117)

Related Information
              * addSizeBlockage

              * deleteSizeBlockage

              * getResizeFPlanMode

              * resizeFloorplan

              * setResizeFPlanMode

              * Floorplanning the Design chapter in the Innovus User Guide

              *

                * Resizing the Floorplan

                           Fri Apr 04 01:25:37 2025       setResizeLine(25.10)