Product Version     25.10    Cadence Design Systems, Inc.
select_bump(25.10)                                          select_bump(25.10)

Name
       select_bump - Enables you to select bumps in different ways

Syntax
       select_bump

       [-help]

       [-alternate {row column}]

       [-area {{x1 y1 x2 y2} ...}]

       [-assigned]

       [-bump_cell {<cell_list>}]

       [-bumps {<bump_list>}]

       [-floating]

        [-max_distance_to_side <distance>]

       [-nets {<net_list>}]

       [-side {top bottom left right}]

       [-start_lower_left]

       [-type {signal power ground}]

       Enables you to select bumps in different ways. For example, you can se-
       lect  bumps by type or by net. By default, selects all bumps in the de-
       sign.

Parameters
       -help  Prints a brief description that includes type and default infor-
              mation for each select_bump parameter.

              For a detailed description of the command and all of its parame-
              ters, use the man command:

              man select_bump

       -alternate {row column}
              Specifies the alternate bump pattern. You have to preselect  the
              area  in which the bumps are to be alternate-selected before us-
              ing this option.

       -area {{<x1 y1 x2 y2>} ...}
              Specifies one or more areas from which bumps are to be selected.

       -assigned
              Selects only the bumps that are assigned.

       -bump_cell {<cell_list>}
              Specifies names of bump cells and  the  bumps  with  these  bump
              cells are selected. You can use wildcards in the bump cell list.

       -bumps {<bump_list>}
              Specifies  names  of the bumps to be selected. You can use wild-
              cards in the bump list.

       -floating
              Selects only unassigned or floating bumps.

       -max_distance_to_side <distance>
              Specifies the maximum distance away from the  side  in  microns.
              When  specified,  only  the  bumps with geometries completely in
              that region are selected.

              By default, half the width/height of the die is used as the max-
              imum distance to each side.

              For <distance>, minimum value is 0 and maximum is 1e+20.

       -nets {<net_list>}
              Specifies names of nets and the related bumps are selected.  You
              can use wildcards in the net list.

       -side {top bottom left right}
              Specifies the side relative to which bumps are selected.

       -start_lower_left
              Specifies  the  start point of alternate selection. If it is not
              specified, the lower-left point is considered the start point of
              alternate deselection.

              Note: This parameter can only be used with -alternate.

       -type {signal power ground}
              Specifies the type of bumps to be selected.

Examples
              * The following command selects all bumps in the design:

                select_bump

              * The following command selects the bottom edge of bump geometry
                no more than 500 microns away from the top side:

                select_bump -side top -max_distance_to_side  500

              * After selecting all the bumps in a design  or  in  a  specific
                area,  use  the  following command to alternately select a 2x3
                bump pattern starting from the lower left corner:

                select_bump -alternate {2 3} -start_lower_left

                The resulting selection pattern is shown below.

              * The following command  selects  four  bumps,  bump_1,  bump_2,
                bump_4, and bump_5, as shown below:

                select_bump -area {0 0 100 100}

              * The following command selects two bumps, bump_1 and bump_2, as
                shown below. Note that although the specified area touches the
                bump bounding box (bump bbox), there is no overlap:

                select_bump -area {0 0 100 70}

Related Information
              * copy_bump

              * deleteBumps

              * deselect_bump

              * edit_bump_name

              * Flip Chip Methodologies chapter in the User Guide

              * Tools Menu chapter in the Menu Reference

                * Flip Chip

                           Fri Apr 04 01:25:37 2025         select_bump(25.10)