Product Version     25.10    Cadence Design Systems, Inc.
reportDanglingNet(25.10)                              reportDanglingNet(25.10)

Name
       reportDanglingNet - Reports the number of nets with zero terms, includ-
       ing the PG nets

Syntax
       reportDanglingNet

       [-help]

       [-outfile <fileName>]

       Reports the number of nets with zero terms, including the PG nets. This
       command  can  also be used to report the number of dangling nets, which
       could or could not be removed by  the  deleteDanglingNet  command.  The
       command reports the following information, when used:

              * Total number of nets

              * Number of dangling nets

              * Number of removable dangling nets

              * Number of non-removable dangling nets

       The removable and non-removable nets are reported based on the usage of
       the  deleteDanglingNet command. Those dangling nets, which could not be
       removed by the deleteDanglingNet command, are reported  in  the  output
       file due to multiple possible reasons, such as the dangling net:

              * The dangling net is a physical net.

              * The dangling net is a PG net.

              * The dangling net is a bus bit net.

              * The dangling net is an assign net.

              * The  dangling  net  has multiple module ports and at least one
                port is associated with some constraints.

              * The dangling net itself has some constraints, like an ILM mod-
                ule or some timing constraints.

       Note: If a dangling net cannot be deleted due to any reason,  only  the
       first reason listed above will be reported in the output file.

Parameters
       -help  Prints  a  brief  description that includes the type and default
              information for each reportDanglingNet parameter.

              For a detailed description of the command and  all  its  parame-
              ters, use the man command:

              man reportDanglingNet

       -outfile <fileName>
              Reports  the list of dangling nets that cannot be deleted by the
              delete_floating_nets command, along with its reasons.

Examples
              * The following command reports the information about  the  nets
                listed in the danglingnet.rpt file:

                reportDanglingNet -outfile danglingnet.rpt

              * Following is the output of the above command:

                ###############################################################

                #  Generated by:      Cadence Innovus 19.10-p002_1

                #  OS:                Linux x86_64(Host ID sjfsb473)

                #  Generated on:      Sat Aug 18 11:14:18 2018

                #  Design:            designName

                #     Command:             reportDanglingNet   -outfile   dan-
                glingNet.rpt

                ###############################################################

                Total number of nets: 123456

                The number of dangling nets: 26

                Removable dangling nets: 22

                Non-removable dangling nets: 4

                   Is physical net: 2

                   Is P/G net: 0

                   Is bus net: 1

                   Is assign net: 0

                   Has module port:0

                   Has constraints: 1

                Reasons for the net not being removed:

                Net <name> is physical net

                Net <name> is physical net

                Net <name> is bus net

                Net <name> has constraints

                           Fri Apr 04 01:25:37 2025   reportDanglingNet(25.10)