Product Version     25.10    Cadence Design Systems, Inc.
dbu2uu(25.10)                                                    dbu2uu(25.10)

Name
       dbu2uu  -  Takes an arbitrary list of values and returns it in the same
       form, with each database integer  value  converted  to  its  user  unit
       floating point equivalent

Syntax
       dbu2uu

       [help]

       <value>

        [-unit  {100  |  200 | 400 | 800 | 1000 | 2000 | 4000 | 8000 | 10000 |
       20000}]

       Takes an arbitrary list of values and returns it in the same form, with
       each database integer value converted to its user unit  floating  point
       equivalent.

Parameters
       -help  Prints  a  brief  description that includes the type and default
              information for each dbu2uu parameter.

              For a detailed description of the command and  all  its  parame-
              ters, use the man command:

              man dbu2uu

       -unit <number>
              Specifies the convert factor by which to divide the database in-
              teger value. This is an optional parameter.

              Value: One of 100, 200, 1000, 2000, 10000, or 20000

              Default:  Uses the LEF UNITS DATABASE MICRONS value from the In-
              novus database technology file, or the OpenAccess equivalent.

       {<value> | {<value_list>}}
              Specifies the value or value list to convert. You can specify  a
              single  value, or an arbitrary list of values, including points,
              rectangles and coordinates. This is a mandatory parameter.

              Type: Integer

Examples
              * The following command converts the database value 100 into its
                equivalent user unit value, based on a convert factor of 2000:

                dbu2uu -unit 2000 100

                The software returns the following information:

                0.050

              * The following command converts the  database  values  for  the
                list  of  numbers  {1000 1000 2000 2000} into their equivalent
                user unit values, based on a convert factor of 1000:

                dbu2uu -unit 1000 {1000 1000 2000 2000}

                The software returns the following information for the list of
                numbers. The list is implied, but not shown.

                1.000 1.000 2.000 2.000

              *

                The following command  converts  the  database  value  of  the
                equivalent  user  unit  value  using the database units of the
                loaded database (2000 in this example):

                dbu2uu 2

                 The output of this command is:

                0.0010

                Post running the above command, the following command  returns
                the database units of the loaded database as 2000:

                 dbget head.dbUnits

Related Information
       uu2dbu

                           Fri Apr 04 01:25:37 2025              dbu2uu(25.10)