Product Version     25.10    Cadence Design Systems, Inc.
connect_clock_tree_mesh_drivers(25.10)  connect_clock_tree_mesh_drivers(25.10)

Name
       connect_clock_tree_mesh_drivers - Uses the specified set of drivers and
       merges the nets at their outputs to form a single multi-driven net

Syntax
       connect_clock_tree_mesh_drivers

       [-help]

       [-driver_pins <pin_names>]

       [-driver_source_group <source_group_name>]

       Uses  the specified set of drivers and merges the nets at their outputs
       to form a single multi-driven net. To run  this  command  successfully,
       one  of  the  two options, -driver_pins or -driver_source_group must be
       specified.

       It is possible that some or all of the  driver  pin  nets  are  already
       multi-drive.  You  might be repeating the same command, or you could be
       merging additional drivers into an already multi-drive net. Running the
       command twice does nothing the second time. If the net  of  any  driver
       pin is already multi-drive, the pin list will be interpreted to include
       all drivers of that net.

       The  command  returns  the  resulting  merged  net through a Tcl return
       value.

Parameters
       -help  Outputs a brief description that includes type and  default  in-
              formation  for  each  connect_clock_tree_mesh_drivers parameter.
              For a detailed description of the command and all of its parame-
              ters, use the man command:  man connect_clock_tree_mesh_drivers.

       -driver_pins <pin_names>
              Specifies a list of driver output pins whose nets will be merged
              to form a multi-drive mesh net.

              Note: This parameter is optional if the -driver_source_group pa-
              rameter is specified.

       -driver_source_group <source_group_name>
              Specifies the source group for the list of driver  output  pins.
              Only  the  root  pins  of the specified source group will be in-
              cluded in the list of driver output pins.

              Note: This parameter is optional if the  -driver_pins  parameter
              is specified.

Related Information
              * add_clock_tree_source_group_roots

              * The following chapter in the Innovus User Guide

                * Clock Tree Synthesis

                           Fri Apr 04 01:c2o5n:n3e7ct2_0c2l5ock_tree_mesh_drivers(25.10)