Product Version     25.10    Cadence Design Systems, Inc.
saveExcludeNet(25.10)                                    saveExcludeNet(25.10)

Name
       saveExcludeNet  - Reports the list of nets that are excluded from delay
       calculation

Syntax
       saveExcludeNet [-help] -file <fileName>

       Reports the list of nets that are excluded from delay calculation. This
       includes the excluded nets and the nets that exceed the  default  value
       of 1,000 pins. You can use this command to save a file listing excluded
       nets previously.

       Use this command after performing delay calculation.

Parameters
       -help  Outputs  a  brief description that includes type and default in-
              formation for the saveExcludeNet parameter. For a  detailed  de-
              scription of the command and its parameter, use the man command:
              man saveExcludeNet.

       -file <fileName>
              Specifies the name of the excluded net file.

Example
              * The  following  command  saves  the list of excluded nets to a
                file named myfile.exc:

                saveExcludeNet -file myfile.exc

                           Fri Apr 04 01:25:37 2025      saveExcludeNet(25.10)