Product Version     25.10    Cadence Design Systems, Inc.
getOptMode(25.10)                                            getOptMode(25.10)

Name
       getOptMode - Returns information about the specified setOptMode parame-
       ter in the Innovus log file and the console

Syntax
       getOptMode

       [-help]

       [-opt_activity_refresh_args list_of_arguments]

       [-opt_add_always_on_feed_through_buffers]

       [-opt_add_insts]

       [-opt_add_ports]

       [-opt_add_repeater_report_failure_reason]

       [-opt_all_end_points]

       [-opt_allow_multi_bit_on_flop_with_sdc]

       [-opt_allow_only_cell_swapping]

       [-opt_area_recovery]

       [-opt_area_recovery_setup_target_slack]

       [-opt_clone_insts_list]

       [-opt_consider_routing_congestion]

       [-opt_constant_inputs]

       [-opt_constant_nets]

       [-opt_concatenate_default_and_user_prefixes]

       [-opt_delete_insts]

       [-opt_detail_drv_failure_reason]

       [-opt_detail_drv_failure_reason_max_num_nets]

       [-opt_down_size_insts]

       [-opt_drv]

       [-opt_drv_margin]

       [-opt_drv_with_miller_cap]

       [-opt_duplicate_cte_constrained_hport]

       [-opt_early_hold_fixing]

       [-opt_enable_clock_pulse_width_checks]

       [-opt_enable_data_to_data_checks]

       [-opt_enable_podv2_clock_opt_flow]

       [-opt_enable_restructure]

       [-opt_enable_targeted_synthesis]

       [-opt_fix_fanout_load]

       [-opt_flop_pins_report]

       [-opt_flops_report]

       [-opt_high_effort_cells]

       [-opt_hold_allow_overlap]

       [-opt_hold_allow_resize]

       [-opt_hold_allow_setup_tns_degradation]

       [-opt_hold_cells]

       [-opt_hold_on_excluded_clock_nets]

       [-opt_hold_slack_threshold]

       [-opt_hold_target_slack]

       [-opt_honor_density_screen]

       [-opt_honor_fences]

       [-opt_hold_ignore_path_groups]

       [-opt_icg_enable_pin_rebuffering]

       [-opt_leakage_to_dynamic_ratio]

       [-opt_max_density]

       [-opt_max_length]

       [-opt_move_insts]

       [-opt_multi_bit_combinational_opt]

       [-opt_multi_bit_combinational_merge_timing_effort]

       [-opt_multi_bit_combinational_split_timing_effort]

       [-opt_multi_bit_flop_merge_bank_label_inference]

       [-opt_multi_bit_flop_merge_timing_effort]

       [-opt_multi_bit_flop_name_prefix]

       [-opt_multi_bit_flop_name_separator]

       [-opt_multi_bit_flop_name_suffix]

       [-opt_multi_bit_flop_opt]

       [-opt_multi_bit_flop_reorder_bits]

       [-opt_multi_bit_flop_split_report_failure_reason]

       [-opt_multi_bit_flop_split_timing_effort]

       [-opt_multi_bit_unused_bit_count]

       [-opt_multi_bit_unused_bits]

       [-opt_new_inst_prefix]

       [-opt_new_net_prefix]

       [-nonDefault]

       [-opt_one_pass_lec]

       [-opt_podv2_flow_effort]

       [-opt_pin_swapping]

       [-opt_post_route_allow_overlap]

       [-opt_post_route_area_reclaim]

       [-opt_post_route_art_flow]

       [-opt_post_route_check_antenna_rules]

       [-opt_post_route_drv_recovery]

       [-opt_post_route_fix_clock_drv]

       [-opt_post_route_fix_glitch]

       [-opt_post_route_fix_si_transitions]

       [-opt_post_route_hold_recovery]

       [-opt_post_route_setup_recovery]

       [-opt_power_effort]

       [-opt_pre_route_ndr_aware]

       [-opt_preserve_all_sequential]

       [-opt_preserve_hpin_function]

       [-opt_remove_redundant_insts]

       [-opt_report_multi_bit_unmerged_reasons]

       [-opt_resize_flip_flops]

       [-opt_resize_level_shifter_and_iso_insts]

       [-opt_resize_power_switch_insts]

       [-opt_route_opt_recovery]

       [-opt_sequential_genus_restructure_report_failure_reason]

       [-opt_setup_target_slack]

       [-opt_skew]

       [-opt_skew_ccopt]

       [-opt_skew_post_route]

       [-opt_skew_pre_cts]

       [-opt_target_based_opt_hold_file]

       [-opt_target_based_opt_file]

       [-opt_target_based_opt_file_only]

       [-opt_tied_inputs]

       [-opt_time_design_compress_reports]

       [-opt_time_design_num_paths]

       [-opt_time_design_expanded_view]

       [-opt_time_design_report_net]

       [-opt_time_design_vertical_timing_summary]

       [-opt_unfix_clock_insts]

       [-opt_verbose]

       [-quiet]

       Returns information about the specified setOptMode parameter in the In-
       novus log file and the console. The following information is returned:

              * Parameter name

              * Current value

              * Type (Boolean, string, and so on)

              * Whether the current value was set by user

       If  you do not specify a parameter, the Innovus software returns values
       for all of the setOptMode parameters.

Parameters
       <parameter_names>
              Returns information for the specified parameter. You can specify
              one or more parameters. See setOptMode for descriptions  of  the
              parameters you can specify.

       -nonDefault
              Returns  the  current settings of the setOptMode parameters that
              are not default.

       -quiet Returns the current settings for the specified parameters in Tcl
              list format only.

              If you specify -quiet without any parameters, the  software  re-
              turns  the  current settings of all setOptMode parameters in Tcl
              list format.

Examples
              * The following command  returns  the  current  setting  of  the
                -addInst parameter:

                getOptMode -opt_add_insts

                The software returns the following information:

                -opt_add_insts true # bool, default=true

                true

              * The  following  command  returns  the  current  setting of the
                -addInst parameter in Tcl list format only:

                getOptMode -opt_add_insts -quiet

                The software returns the following information:

                true

Related Information
              * setOptMode

              * The following chapter in the Innovus User Guide

                * Optimizing Timing

                           Fri Apr 04 01:25:37 2025          getOptMode(25.10)