Product Version     25.10    Cadence Design Systems, Inc.
help(25.10)                                                        help(25.10)

Name
       help  -  Displays  information, such as command syntax, summary of mes-
       sages, list of commands, based on the specified argument

Syntax
       help

       [-help]

       [-k <keyword>| -cmd <commandName>| -var] [<pattern>]

       Displays information, such as command syntax, summary of messages, list
       of commands, based on the specified argument.  Displays  the  following
       information:

              * Syntax of a command or global variable.

              * Summary of the message text based on the specified message ID.

              * List of commands based on keywords.

              * List of commands based on search string.

Command Syntax
       To  display  the  syntax  of a command or a variable, use the following
       command:

       help <commandName>

       The command syntax output is written in the log file and  displayed  in
       the Innovus console.

Message Summary
       To  display  a summary of the message text for a particular message ID,
       use the following command:

       help <msg_id>

       Shows the summary of message text for the message ID specified.

Keyword Searches
       To perform a keyword search, use the following command:

       help -k <keyword>

       Shows a list of commands with the specified keyword.

       Note: Keyword-based searches are case insensitive.

Partial String Searches
       To perform a partial string search, use the following command:

       help *<string>*

       Shows all commands containing the specified string. The search  results
       vary  depending on whether you use wildcards (*) in the beginning, end,
       or middle of the string.

       Note: Partial string searches are case insensitive.

Parameters
       -cmd<commandName>
              Displays help for the specified command  name.  If  you  do  not
              specify  a  command  name, all officially supported Innovus com-
              mands are displayed.

              Data_type: bool, optional

       -k <keyword>
              Searches for the specified keyword and displays all commands as-
              sociated with that keyword.

              Data_type: bool, optional

       <pattern>
              Specifies command pattern, message id or keyword.

              Data_type: bool, optional

       -var   Performs variable search only.

              Data_type: bool, optional

Examples
              * The following  command  prints  the  command  syntax  for  the
                setRouteMode command:

                help setRouteMode

              * The  following  command  shows  the  message  summary  for the
                ENCSYC-139 message ID:

                help ENCSYC-139

              * The following  command  displays  all  commands  that  include
                "place" as a keyword:

                help -k place

              * The  following  commands  show  how  wildcards  can be used in
                string searches:

                     * Use wildcards at the beginning of the string to get all
                       commands that end with the specified string:

                       innovus 3> help *_timing

       Multiple commands found:

        check_timing

        compare_model_timing

        get_constant_for_timing

        report_cell_instance_timing

        report_clock_timing

        report_timing

        reset_disable_timing

        set_disable_timing

        write_model_timing

                     * Use wildcards in the middle of the string when you  are
                       not sure what comes in the middle of the string:

                       innovus 4> help report*timing

       Multiple commands found:

        report_cell_instance_timing

        report_clock_timing

        report_timing

                     * Use  wildcards at the end of the string to get all com-
                       mands that begin with the specified string:

                       innovus 5> help report_tim*

       Multiple commands found:

        report_timing

        report_timing_derate

        report_timing_format

                     * Use wildcards at the beginning and end of the string to
                       get a list of all the commands that contain the string:

                       innovus 6> help *timing*

       Multiple commands found:

        checkTimingLibrary

        checkWhatIfTiming

        check_timing

        compare_model_timing

        deleteWhatIfTimingAssertions

        deriveTimingBudget

        getWhatIfTimingAssertions

        ...

                           Fri Apr 04 01:25:37 2025                help(25.10)