Product Version     25.10    Cadence Design Systems, Inc.
setAddRingMode(25.10)                                    setAddRingMode(25.10)

Name
       setAddRingMode  -  Sets global variables for block rings and core rings
       when you use the addRing command

Syntax
            setAddRingMode

       [-help]

       [-avoid_short {true | false}]

       [-break_core_ring_io_list <io_list>]

       [-continue_on_no_selection {true | false}]

       [-detailed_log {true | false}]

       [-extend_blockring_search_distance <distance>]

       [-extend_corering_search_distance <float>]

       [-extend_merge_with_prewires {true | false}]

       [-extend_over_row {true | false}]

       [-extend_search_nets {* | {net_names}}]

       [-extend_stripe_search_distance <float>]

       [-gap_width_without_io width]

       [-ignore_rows {true | false}]

       [-max_via_size {<shape width% height% target_penetration%>}]

       [-orthogonal_only {true | false}]

       [-reset]

       [-ring_target {core_ring | default | first_ring | pad_ring | stripe}]

       [-skip_crossing_trunks {horizontal | vertical | none}]

       [-skip_via_on_pin {[Pad] [Block] [Cover] [Standardcell] [Physicalpin]}]

       [-skip_via_on_wire_shape {blockring | stripe | followpin |  corewire  |
       blockwire | iowire | padring | ring | fillwire | noshape}]

       [-spacing_from_block <value>]

       [-split_long_via     {<threshold_value     step_value     offset_value>
       <height_value>}]

       [-stacked_via_bottom_layer <layername>]

       [-stacked_via_top_layer <layername>]

       [-via_using_exact_crossover_size {true | false}]

       [-wire_center_offset {true | false}]

       Sets global variables for block rings and core rings when you  use  the
       addRing command.

Parameters
       -help  Outputs  a  brief description that includes the type and default
              information for each setAddRingMode parameter.

              For a detailed description of the command and  all  its  parame-
              ters, use the man command:

              man setAddRingMode

       -avoid_short {true | false}
              Specifies whether to prevent a ring or a ring segment from being
              created  if it would cause a short violation to occur. Specify 1
              to prevent the creation of rings that would cause a short viola-
              tion. Specify 0 to enable the creation of  rings  that  cause  a
              short violation.

               Default:  false

       -break_core_ring_io_list io_list
              Breaks or excludes core rings for specific instances.

       -continue_on_no_selection {true | false}
              If  the  design  has no power domain, or no fences are selected,
              addRing ignores the option -around  power_domain  and  generates
              core rings.

              Default: false

       -detailed_log {true|false}
              Setting  this  option will make addRing, addStripe output an ex-
              tensive log or a detailed log.

              Default: false

       -extend_blockring_search_distance <distance>
              Extends the block ring search a specified  distance  beyond  the
              initial  block  ring target to enable the connection of multiple
              block ring targets. For example, if VDD consists of  three  bits
              (segments)  running parallel to one another, each having a width
              of two microns and a spacing between them of one  micron,  using
              this  variable  with  a specified distance of eight microns will
              extend the block ring search a distance of eight microns to  en-
              able  a connection to the multiple block ring targets. The <dis-
              tance>is specified as the measured distance from  the  first  to
              last bits. Units in microns.

              Note:  You  must  specify this variable before using the addRing
              command. When using the command, you must include the  following
              parameters:

              -use_wire_group_bits 1

              -use_wire_group 1

       -extend_corering_search_distance <distance>
              Specifies the wire group search distance for connecting all bits
              of the wire group stripes.

              Default: 0.0

       -extend_merge_with_prewires {true | false}
              Automatically merges newly-created ring wires with same net pre-
              routed wires.

              Default: true

       -extend_over_row {true | false}
              If  1  is specified, the cut row is not considered a blockage by
              the addRing command, which generates the ring over the cut  row.
              If  0 is specified, the cut row is considered a blockage and the
              ring is not generated over the row. Rings are created  based  on
              the parameters that you specify in the addRings command.

              Default: false

       -extend_search_nets {* | {net_names}}
              Specifies  the net names to append to the wire group search dis-
              tance properties.

       -extend_stripe_search_distance <distance>
              Specifies the wire group search distance for connecting all bits
              of the wire group core rings.

              Default: 0.0

       -gap_width_without_io  width
              Specifies the max missing IO Pads area width between IO Pads.

              Default: 0

       -ignore_rows {true | false}
              Specifies whether the power planning software ignores  all  rows
              (cut  rows and native rows) when rings are created. Specify 1 to
              create rings that ignore rows. Specify  0 to create  rings  that
              do not ignore rows.

              Default:   false

       -max_via_size {<shape width% height% target_penetration%>}
              The  maximum  size of a crossover via, specified as a percentage
              of a full-size via. You must specify three values for each shape
              that you specify. The type values are:

              * Pad

              * Ring

              * Stripe

              * Blockring

              * Blockpin

              * Cover

              * Noshape

              The three values you must specify for each shape are:

              * The maximum width for the crossover via, as a percentage of  a
                full-size via

              * The maximum height for the crossover via, as a percentage of a
                full-size via

              * The  target  penetration,  which  specifies a smaller size for
                vias connecting to targets of the specified shape.

       -orthogonal_only {true | false}
              Creates vias only for orthogonal wires and pin intersections.

              Default: If you do not specify this parameter or if you  specify
              it with a value true, the software only creates vias for orthog-
              onal wires and pin intersections.

       -reset Resets  all  parameters to their default values. Any values that
              do not already match the default value and are  reset.  will  be
              reported.

       -ring_target {core_ring | default | first_ring | pad_ring | stripe}

       core_ring
              Ring  wires  can  consider core rings as targets, even when core
              rings are inside the I/O pad area.

              Only rings are considered targets.

       pad_ring
              Ring wires can be extended to pad rings.

       first_ring
              Ring wires consider either the first core ring or the  pad  ring
              as a target.

       stripe Both rings and stripes are considered targets.

       Note:  You can specify that rings are extended to both pad rings and to
       stripes. To do this you must specify the ring_target  parameter  twice,
       as show in the following example:

              -ring_target stripe

              -ring_target pad_ring

       -skip_crossing_trunks {horizontal | vertical | none}
              Removes  the  horizontal or vertical portion of rings (shared or
              inside  edges)  when  used  in  conjunction  with  the   addRing
              -block_rings -around shared_cluster command.

       -skip_via_on_pin {[Pad] [Block] [Cover] [Standardcell] [Physicalpin]}
              Prevents  vias  from  being  generated on the specified types of
              pins.

              If you specify -skip_via_on_pin {}, the power planning  software
              makes connections to all five categories of pins.

              Default:  If  you do not specify this parameter, vias are gener-
              ated for block pins, pad pins, and cover macro pins, but are not
              generated for standard cell pins.

       -skip_via_on_wire_shape {blockring | stripe | followpin | corewire |
       blockwire | iowire | padring | ring | fillwire | noshape}
              Prevents vias from being generated on the specified wire shapes.

              If you specify -skip_via_on_wire_shape {},  the  power  planning
              software  makes  connections  to  all  five  categories  of wire
              shapes.

              Default: If you do not specify this parameter, vias can be  gen-
              erated on all wire shapes except no-shape wires.

       -spacing_from_block<value>
              To  be  used  together with -break_core_ring_io_list <io list>to
              specify the spacing from block.

       -split_long_via {<threshold_value step_value offset_value
       height_value>}
              Splits vias longer than the specified  length  (threshold_value,
              in  micrometers) into smaller vias with specified center-to-cen-
              ter spacing (step_value, in micrometers), left/bottom end offset
              (offset_value, in micrometers)  and  vertical/horizontal  height
              (height_value,  in  micrometers) values . This is independent of
              the option -split_via.

              Default: If you do not specify this parameter, the software does
              not split vias.

              Note: If the offset_value is given as negative, the vias will be
              placed symmetrically on both ends. The  default  value  of  off-
              set_value is -1.

       -stacked_via_bottom_layer <layername>
              Specifies the lowest layer in which vias can be stacked.

              Default: The lowest metal layer in the design.

       -stacked_via_top_layer <layername>
              Specifies the highest layer in which vias can be stacked.

              Default: The highest metal layer in the design.

       -wire_center_offset{true | false}
              Used  for calculating the offset. When set to 1 addRing will use
              wire centre. When set to 0, addRing will use wire boundary.

              Default: false

       -via_using_exact_crossover_size {true | false}
              Specifies  whether  to  generate  partial  vias  of  the   exact
              crossover  size.  A  value of 1 allows partial vias to be gener-
              ated. A value of 0 prevents partial vias, and the  software  al-
              ways generates full-size vias.

              Default: true

Example
       The  following  command specifies that rings can use stripes as targets
       and that the rings generated around clusters of block rings with shared
       edges do not have horizontal wires between the blocks.

       setAddRingMode -ring_target stripe -skip_crossing_trunks horizontal

Related Information
              * addRing

              * getAddRingMode

              * Power Planning and Routing chapter in the Innovus User Guide

                           Fri Apr 04 01:25:37 2025      setAddRingMode(25.10)