Product Version     25.10    Cadence Design Systems, Inc.
setBumpFixed(25.10)                                        setBumpFixed(25.10)

Name
       setBumpFixed  -  Fixes a specified group of assigned bumps to keep them
       from being reassigned

Syntax
       setBumpFixed

       [-help]

       {-allBumps | -byBumpName {<list>} | -byBumpSite {<list>}}

       Fixes a specified group of assigned bumps to keep them from being reas-
       signed. The software updates the DEF file by adding the +FIXEDBUMP  at-
       tribute  to the specified group of assigned bumps to indicate that they
       are now in a fixed state. You can use the defOut command  to  view  the
       bumps  with  the +FIXEDBUMP attribute. Use this command after bumps are
       assigned with the assignBump command or defined in the  I/O  file  with
       the signal name.

Parameters
       -help  Outputs  a  brief description that includes type and default in-
              formation for each setBumpFixed parameter.

              For a detailed description of the command and all of its parame-
              ters, use the man command: man setBumpFixed.

       -allBumps
              Fixes all of the assigned bumps.

       -byBumpName <list>
              Fixes the assigned bumps that are specified  in  the  bump  name
              <list>.

       -byBumpSite <list>
              Fixes  the  assigned  bumps  that are specified in the bump site
              <list>.

Example
              * The following command fixes all of the assigned bumps:

                setBumpFixed -allBumps

Related Information
              * assignBump

              * defOut

              * setBumpPlacementStatus

              * unfixBump

              * Flip Chip Methodologies chapter in the User Guide

              * Tools Menu chapter in the Menu Reference

                * Flip Chip

                           Fri Apr 04 01:25:37 2025        setBumpFixed(25.10)