Product Version     25.10    Cadence Design Systems, Inc.
restoreRC(25.10)                                              restoreRC(25.10)

Name
       restoreRC  -  Restores the RC extraction data that was previously saved
       either with the saveDesign name -rc or the saveRC command

Syntax
        restoreRC

       [-help]

       dirName

       Restores the RC extraction data that was previously saved  either  with
       the saveDesign name -rc or the saveRC command.

       Note:  The  systems you use to save and restore RC extraction data must
       match (32-bit or 64-bit data models).

Parameters
       -help  Outputs a brief description that includes type and  default  in-
              formation for the restoreRC parameter.

              For a detailed description of the command and all of its parame-
              ters, use the man command:

              man restoreRC

       <dirName>
              Specifies  the location of the RCDB directory. The syntax of the
              directory name is *.rcdb.d. For example,  you  can  restore  the
              parasitic data in test.rcdb.d.

Related Information
              * saveRC

              * saveDesign

              * The following chapter in the Innovus User Guide

                * RC Extraction

                           Fri Apr 04 01:25:37 2025           restoreRC(25.10)