Product Version     25.10    Cadence Design Systems, Inc.
setSnapGrid(25.10)                                          setSnapGrid(25.10)

Name
       setSnapGrid  -  Creates  a  global  snapping grid for wiring (including
       metal fill shapes and via cuts)

Syntax
       setSnapGrid

       [-help]

       -layer {<layer_list>}

       [-pitch <x><y>]

       Creates a global snapping grid for wiring (including metal fill  shapes
       and via cuts). The grid defines the snap pitch, which is finer than the
       LEF  PITCH for the specified layer. The grid is a multiple of the manu-
       facturing grid. You can specify pitch value to check/set  routing/metal
       fill segment's corner edges on the snap grid.

       When  you  specify  this command, the wires, metal fill shapes, and via
       cuts are snapped to this grid, and the edges of the shapes  (for  exam-
       ple, wires and vias) lie on the manufacturing grid. The verify_drc com-
       mand can check that the shapes are on-grid.

       The  snap  grid  is  not saved in the Innovus database. To use the snap
       grid, you must run this command each time you load a design.

       Verify geometry, power planning and routing, metal fill, and wire edit-
       ing share the grid setting. Before running commands  related  to  these
       areas, use setSnapGrid to define the grid as additional constraints.

       For  more  information, see the commands add_metal_fill_signoff or ver-
       ify_drc.

Parameters
       -help  Outputs a brief description that includes the type  and  default
              information for each setSnapGrid parameter.

              For  a  detailed  description of the command and all its parame-
              ters, use the man command:

              man setSnapGrid

       -layer {<layer_list>}
              Specifies the layers for the snap grid. You  can  specify  metal
              layers  as  METAL1,  METAL2, and so on, and cut layers as VIA12,
              VIA23, and so on.

       -pitch <x y>
              Specifies the pitch for the snap grid. The LEF PITCH must  be  a
              multiple  (for  example,  2x,  4x,  8x) of the snap grid for the
              specified layer. For example, if the LEF PITCH is 0.2 <mu>,  you
              can specify a snap grid pitch for both x and y of 0.1 <mu>.

Example
       The following commands set snap grid settings that are used while veri-
       fying geometry:

       setSnapGrid -layer {1 2 V12 V23} -pitch 0.02 0.02

Related Information
              * "Viewing Violations With the Violation Browser" in the Identi-
                fying and Viewing Violations chapter of User Guide.

              * The Optimizing Metal Density chapter of User Guide.

                           Fri Apr 04 01:25:37 2025         setSnapGrid(25.10)