Product Version     25.10    Cadence Design Systems, Inc.
unsuppressMessage(25.10)                              unsuppressMessage(25.10)

Name
       unsuppressMessage - Reverses the effect of the suppressMessage command

Syntax
       unsuppressMessage

       <prefix> <numId >[<numId2> ... <numIdn>]

       Reverses the effect of the suppressMessage command.

Parameters
       -help  Outputs  a  brief description that includes type and default in-
              formation for each supressMessage parameter.

              For a detailed description of the command and all of its parame-
              ters, use the man command: man suppressMessage.

       <prefix numId [numId2 ... numIdn] >
              Specifies the prefix for the error or warning message.

              <numId>: Specifies the unique numerical ID of the message to un-
              suppress.

              <numId2 ... numIdn>: Specifies additional numerical IDs for  the
              same alpha prefix.

              Data_type: string, required

Examples
              * The  following  command unsuppresses the warning messages with
                the message ID SI-2190:

       unsuppressMessage SI 2190

              * This  example  suppresses  the  occurrence  of  the   messages
                SOCECO-308  and  SOCECO-310  during optDesign -preCts. For the
                rest of the flow, SOCECO-308 is displayed but SOCECO-310  con-
                tinues to be suppressed.

       suppressMessage SOCECO 308 310

       optDesign -preCts

       unsuppressMessage SOCECO-308

              * Multiple  parameters  can  be  used in combination on a single
                line. This example unsuppresses all SOCECO  messages  and  SO-
                CLF-80 messages.

       unsuppressMessage SOCLF 80 SOCECO

Related Topic
              * suppressMessage

                           Fri Apr 04 01:25:37 2025   unsuppressMessage(25.10)