Product Version     25.10    Cadence Design Systems, Inc.
report_ccopt_worst_chain(25.10)                report_ccopt_worst_chain(25.10)

Name
       report_ccopt_worst_chain  - This command displays information about the
       worst chain, which is the chain that contains the path with  the  worst
       negative slack or WNS in the design

Syntax
       report_ccopt_worst_chain

       [-help]

       [-check_type {setup | hold}]

       [-file <filename>]

       [-through <pin> |< >-through_file <filename>]

       [-view <viewname>]

       This  command  displays information about the worst chain, which is the
       chain that contains the path with the worst negative slack  or  WNS  in
       the design. CCOpt is able to move slack between paths, so the fundamen-
       tal  timing  constraint is not from one flop to the next, but chains of
       flop-to-flop paths. At each flop, timing can be shifted before or after
       the flop in order to make the physical optimization problem easier.

       The command reports a chain as a series of  nodes  linked  together  by
       timing  paths.  Additionally, it contains information to let you deter-
       mine how well the chain has been optimized. This  report  contains  the
       following information:

              * The timing chain containing the worst flop-to-flop path, which
                is identified in the report output by the string, "*WNS*"

              * Timing  path  and  constraint information to show why that WNS
                cannot be improved

              * The path group name for each path

Parameters
       -help  Outputs a brief description that includes type and  default  in-
              formation for each report_ccopt_worst_chain parameter. For a de-
              tailed description of the command and all of its parameters, use
              the man command:

               man report_ccopt_worst_chain

       -check_type setup | hold
              Specifies whether setup views or hold views are used for the re-
              port.

              Default: By default, only the worst chain for setup views is re-
              ported.

       -file <filename>
              Specifies  that  a  copy  of  the contents of the report will be
              saved to the specified file name.

       -through <pin>
              Specifies the path through which the worst chain  is  being  re-
              ported.  When  this parameter is specified, the chain containing
              the given pin or port is reported. The timing  path  which  con-
              tains the -through pin is labelled with "*SEL*".

               When  this  parameter  is not specified, the chain with the WNS
              timing path is reported. The WNS timing path in the chain is la-
              belled "*WNS*".

       -through_file <filename>
              Creates a worst chain report for each pin or port in the  speci-
              fied file.

              Note:  The  parameters,  -through and -through_file are mutually
              exclusive.

       -view <viewname>
              Specifies the view for which the worst chain is being reported.

Example
       Following is an example of the report output:

       report_ccopt_worst_chain

Related Information
              * ccopt_design

              * clock_opt_design

              * The following topics in the Innovus User Guide

                * Worst Chain Reporting

                * Concept of Chains in CTS

                           Fri Apr 04 01:25:37 2r0e2p5ort_ccopt_worst_chain(25.10)