Product Version     25.10    Cadence Design Systems, Inc.
timing_apply_d...nput_assertion(25.10)  timing_apply_d...nput_assertion(25.10)

Name
       timing_apply_default_primary_input_assertion

Syntax
       timing_apply_default_primary_input_assertion

       {true | false}

       Default: true

       When  set  to  true,  primary input and bidirectional ports that do not
       have an explicit arrival time specified  (through  the  set_input_delay
       constraint), are provided a default arrival time. The arrival is refer-
       enced  to  an internal default clock that is indicated by the @ sign in
       various timing reports.

       If a set_input_delay constraint is assigned to the input port, but  the
       -clock parameter was not specified, the software assumes the constraint
       to be with reference to the default clock.

       When  set  to  false, inputs ports with no explicit set_input_delay are
       unconstrained for sequential timing analysis.

       To set this global variable, use the set_global command.

                           Fri Apr 04 01:t2i5m:i3n7g_2a0p2p5ly_d...nput_assertion(25.10)