Product Version     25.10    Cadence Design Systems, Inc.
set_cell_power_domain(25.10)                      set_cell_power_domain(25.10)

Name
       set_cell_power_domain  -  Defines  domains  for multi-VDD and multi-VSS
       cells

Syntax
       set_cell_power_domain

       [-help]

       [-reset]

       [-file <file_name>]

       Defines domains for multi-VDD and multi-VSS cells. When reading an  in-
       stance  ASCII  power  file to perform power-rail analysis, if there are
       missing power values associated with ground pins, the software uses the
       information specified with the set_cell_power_domain command to  derive
       domain  association  and  distributes  power to each ground net accord-
       ingly.

       This domain information is stored in a side file that is used by  power
       analysis  to calculate power using the correct voltage for each domain.
       If you are specifying an external instance ASCII power  file  with  pin
       information,  this  domain  information is used to correctly distribute
       power to each pin.

       Use this command before performing power and rail analysis.

Parameters
       -file <file_name>
              Specifies the name of the file containing  the  cell  names  and
              corresponding power-ground pairs.

              The format of the file is:

              CELL: <<cell name1>>

              <<power1>> <<gnd1>>

              <<power2>> <gnd2>

              CELL: <<cell name2>>

              <<power1>> <<gnd1>>

       -help  Outputs  a brief description for the set_cell_power_domain para-
              meter.

              For a detailed description of the command, use the man  command:
              man set_cell_power_domain.

       -reset Resets all specified options back to default values.

Examples
              * The  following  command  specifies  a file domain_file for the
                cell mycell having multiple power and ground pins (VDD  at  1v
                and VDDm at 0.84v):

                set_cell_power_domain -file domain_file

                The following is a snippet from domain_file:

                CELL: mycell

                VDD_1v  VSS_1v

                VDDm_0.84v  VSSm_0.84v

Related Information
              * set_power_analysis_mode

              * report_power

              * "Static  Power, IRdrop and EM Analysis" in the Voltus IC Power
                Integrity Solution User Guide

              * "Dynamic Power and IRDrop Analysis" in the Voltus IC Power In-
                tegrity Solution User Guide

                           Fri Apr 04 01:25:37 2025set_cell_power_domain(25.10)