Product Version     25.10    Cadence Design Systems, Inc.
all_library_sets(25.10)                                all_library_sets(25.10)

Name
       all_library_sets  - Returns a Tcl list of all currently defined library
       sets in the design

Syntax
       all_library_sets

       Returns a Tcl list of all currently defined library sets in the design.

       Use this command  after  creating  multiple  library  sets  (create_li-
       brary_set).

Parameters
       None

Examples
              * The  following  commands  create the library sets IsCOM-1V and
                IsCOM-2V:

                create_library_set   -name   IsCOM-1V   -timing   [list   std-
                cell_F_1V.lib ram_F.lib pad.lib]

                create_library_set   -name   IsCOM-2V   -timing   [list   std-
                cell_F_2V.lib ram_F.lib pad.lib]

              * The following command returns a list of  all  defined  library
                sets in the design:

                all_library_sets

                The software returns the following results:

                {IsCOM-1V IsCOM-2V}

Related Information
              * create_library_set

                           Fri Apr 04 01:25:37 2025    all_library_sets(25.10)