Product Version     25.10    Cadence Design Systems, Inc.
report_rcdb(25.10)                                          report_rcdb(25.10)

Name
       report_rcdb - Displays the contents of the RCDB being read

Syntax
       report_rcdb

       [-help]

       rcdb_dir_name

       Displays the contents of the RCDB being read.

       Note:

              * This  command  is supported only for reading flat single RCDB.
                Multiple RCDB's cannot be read simultaneously using this  com-
                mand.

              * The RCDB being read must be generated on the same platform and
                architecture  on  which  it is being read. For example, if you
                have generated the RCDB  on  Linux  platform,  then  the   re-
                port_rcdb  command  cannot  report  its content on the IBM AIX
                platform. Similarly, an RCDB generated on a 64-bit system can-
                not be reported on a 32-bit system.

Parameters
       -help  Outputs a brief description that includes type and  default  in-
              formation  for  each  report_rcdb  parameter. For a detailed de-
              scription of the command and all of its parameters, use the  man
              command:

              man report_rcdb

       <rcdb_dir_name>
              Specifies the location of the RCDB directory.

Example
              * The  following  command reports the contents of the RCDB being
                read in the report.rcdb.d directory:

                saveRC report.rcdb.d

                report_rcdb report.rcdb.d/

                RCDB VERSION            : 11.15

                OS-bit                  : 64

                OS-endianness           : little-endian

                RCDB Compression        : off

                RCDB Source             : Innovus

                DESIGN                  : dtmf_recvr_core

                RC-Corners:                 :     corner_worst_RCMAX,     cor-
                ner_worst_RCMIN

                Coupled                 : yes

                Node-loc                : no

                Statistical             : no

Related Information
              * extractRC

              * setExtractRCMode

              * The following chapter in the Innovus User Guide

                * RC Extraction

                           Fri Apr 04 01:25:37 2025         report_rcdb(25.10)