Product Version     25.10    Cadence Design Systems, Inc.
convertFenceToLef(25.10)                              convertFenceToLef(25.10)

Name
       convertFenceToLef  - Converts a specified hierarchical instance or par-
       tition name to a LEF block

Syntax
       convertFenceToLef

       [-help]

       hinst

       [<ptnName>]

       Converts a specified hierarchical instance or partition name to  a  LEF
       block. Use this command after floorplanning the design.

       Note:  This  command  runs  the savePartition command for the specified
       partition as if it was at the top-level. This will overwrite any parti-
       tion or hierarchical instance that is specified in the .lef file in the
       top partitioned subdirectory. In addition, the  ptnname.def  file  will
       overwrite the partition's ptn.def subdirectory file.

Parameters
       -help  Outputs  a  brief description that includes the type and default
              information for each convertFenceToLef parameter.

              For a detailed description of the command and all of its parame-
              ters, use the man command:

              man convertFenceToLef

       <hinst>
              Specifies the hierarchical instance cell name.

              Data_type: string, required

       <ptnName>
              Specifies the partition name. If this is not specified, the com-
              mand uses the hierarchical instance cell name as  the  partition
              name.

              Data_type: string, optional

Example
       The  following  command converts the results_conv hierarchical instance
       to a LEF block.

       convertFenceToLef results_conv

Related Information
              * savePartition

              * Floorplanning the Design chapter in the Innovus User Guide

                           Fri Apr 04 01:25:37 2025   convertFenceToLef(25.10)