Product Version     25.10    Cadence Design Systems, Inc.
ccopt_design(25.10)                                        ccopt_design(25.10)

Name
       ccopt_design  -  Performs  clock concurrent optimization (CCOpt) on the
       current loaded design in Innovus

Syntax
       ccopt_design

       [-help]

       [-check_prerequisites]

       [-ckSpec]

       [-cts]

       [-expandedViews]

       [-num_paths <number_of_paths>]

       [-outDir <dirname>]

        [-prefix <fileNamePrefix>]

       [-timing_debug_report]

       Performs clock concurrent optimization (CCOpt) on  the  current  loaded
       design in Innovus. CCOpt optimizes both the clock tree and the datapath
       to meet global timing constraints.

Parameters
       -help  Outputs  a  brief description that includes type and default in-
              formation for each ccopt_design parameter. For  a  detailed  de-
              scription  of the command and all of its parameters, use the man
              command:  man ccopt_design.

       -check_prerequisites
              Checks that all the prerequisites for running clock tree synthe-
              sis are fulfilled without actually doing CTS.  For  example,  it
              checks  that  the  design is loaded, and the options set by that
              the user are correct.

       -ckSpec
              Runs the design using the legacy FE-CTS specification file. This
              mode is a compatibility layer to enable the use of  CCOpt  tech-
              nology  with  existing  FE-CTS specification flows. It enables a
              translation step that transforms constructs in the FE-CTS speci-
              fication file into a CCOpt clock tree specification tcl script.

              Note: This parameter is used with the -cts parameter to  specify
              that CTS part of CCOpt will be performed using the legacy FE-CTS
              specification file.

       -cts   Turns off clock concurrent optimization, and performs only clock
              tree synthesis (CTS) using the CCOpt engine. It does not perform
              any datapath optimization or useful skew.

              This  parameter  can be used with or without the -ckSpec parame-
              ter. When used with the -ckSpec parameter, it specifies that the
              CTS part of CCOpt will be  performed  using  the  legacy  FE-CTS
              specification file.

       -expandedViews
              This  parameter  is not interpreted in CCOpt but passed directly
              to optDesign. The parameter is same  as  optDesign-expandedViews
              parameter, which is specified to generate detailed view-specific
              timing reports at the end of the optDesign command run.

       -num_paths <number_of_paths>
              Specifies  the  number of paths generated in the timing reports.
              By default, all timing paths are reported.

       -outDir <dirname>
              This parameter specifies the directory where the software writes
              timing reports that are generated after timing optimization.

              The default directory is ./timingReports

       -prefix <fileNamePrefix>
              Specifies a prefix for optDesign report file names.

              Default: DesignName_DesignStage , where DesignStage  is  preCTS,
              postCTS, or postRoute

       -timing_debug_report
              When specified, generates a machine-readable timing debug report
              after  completing  CTS. This report is used for debugging timing
              results using the timing debug feature in Innovus. The number of
              paths to be reported can be specified using the -num_paths para-
              meter.

Example
              * The following command runs a complete CCOpt optimization:

                ccopt_design

Related Information
              * clock_opt_design

              * create_ccopt_clock_tree_spec

              * optDesign

              * The following topic in the Innovus User Guide

                     * Flow and Quick Start for CTS

                           Fri Apr 04 01:25:37 2025        ccopt_design(25.10)