Product Version     25.10    Cadence Design Systems, Inc.
writeHif(25.10)                                                writeHif(25.10)

Name
       writeHif - Writes out a HIF file after the NanoRoute router fixes lith-
       ography problems

Syntax
       writeHif

       [-help]

       -file <filename>

       Writes  out  a  HIF  file  after the NanoRoute router fixes lithography
       problems. The file reports the areas where the router made changes. Use
       this  command  with  loadViolationReport  for  incremental  lithography
       checking and fixing.

Parameters
       -help  Outputs  a  brief description that includes type and default in-
              formation for each writeHif parameter.

              For a detailed description of the command and all of its parame-
              ters, use the man command: man writeHif.

       -file <filename>
              Specifies the HIF file to write out.

              Data_type: string, required

Example
       The following example writes the HIF file result.hif marking the  areas
       in which the NanoRoute router has made changes to fix lithography prob-
       lems:

       writeHif -file result.hif

Related Information
              * loadViolationReport

              * Using  Early  Global  Route for Congestion and Timing Analysis
                chapter in the Innovus User Guide

              * Using the NanoRoute Router chapter in the Innovus User Guide

                           Fri Apr 04 01:25:37 2025            writeHif(25.10)