Product Version     25.10    Cadence Design Systems, Inc.
propagate_activity(25.10)                            propagate_activity(25.10)

Name
       propagate_activity

Syntax
        propagate_activity

       [-set_net_freq {true | false}]

       Propagates  the activity file in the database after it is read in using
       the read_activity_file command. This command  propagates  the  activity
       for all primary inputs, nets, and other devices in the design whose ac-
       tivity has not been previously defined through user attributes.

       propagate_activity  can  be  used to propagate activities in the design
       and check for activity annotation  before  running  power  calculation.
       This  is not a mandatory step as execution of report_power will also do
       the same and then do power calculation based on the propagated  activi-
       ties.

Parameters

              -set_net_freq  {true  | false}" Specifies that activity from the
              generated TCF file needs to be used to capture net frequency for
              signal EM analysis. When this parameter is set, you do not  have
              to read the TCF file to set net frequency.

Example
              * The following commands read and propagate the activity file in
                the database:

                read_activity_file

                 propagate_activity

Related Information
              * read_activity_file

              * "Dynamic Power and IRDrop Analysis" in the Voltus IC Power In-
                tegrity Solution User Guide

                           Fri Apr 04 01:25:37 2025  propagate_activity(25.10)