Product Version     25.10    Cadence Design Systems, Inc.
sort_collection(25.10)                                  sort_collection(25.10)

Name
       sort_collection  -  Returns a sorted collection of objects based on the
       property

Syntax
       sort_collection

       [-help]

       <collection>[-dictionary]

       {<property_or_><list_of_properties>}

       [-descending]

       Returns a sorted collection of objects based on the property.

Parameters
       -help  Prints out the command usage.

       <collection>
              Specifies the collection to sort. The collection must be  a  ho-
              mogenous  collection  of  any one of the following object types:
              cell, clock, design,  lib,  lib_cell,  lib_pin,  lib_timing_arc,
              net,  path_group,  pin,  port,  timing_arc, timing_path, or tim-
              ing_point.

       -descending
              Sorts the objects in the collection by descending order.

              Default: Sorts the collection in ascending order.

       -dictionary
              Sorts the objects in a collection by dictionary order.

       <property> | <list_of_properties>
              Sorts the collection by the specified property. You can  specify
              any property associated with the object type.

              You can specify one or more properties. If you specify more than
              one  property, the software sorts the collection in the order by
              which you specified the properties.

Examples
              * The following command returns a collection of  all  the  input
                ports  in the design sorted on the basis of their hierarchical
                names:

                sort_collection [all_inputs] hierarchical_name

                CLK1 CLK2 CLK3 CLK4 IN1 IN2 IN3 IN4

Related Information
              * add_to_collection

              * append_to_collection

              * compare_collections

              * copy_collection

              * filter_collection

                           Fri Apr 04 01:25:37 2025     sort_collection(25.10)