Product Version     25.10    Cadence Design Systems, Inc.
set_power_data(25.10)                                    set_power_data(25.10)

Name
       set_power_data  -  Specifies  the  static  and dynamic power or current
       files for IRdrop and EM analysis

Syntax
        set_power_data

       [-help]

       -reset | {-format {current | ascii | area | ascii_current}

       [-instance <instance_name>]

       [-offset <offset_value>]

       [-power <value>]

       [-scale <factor>]

       [-repeat <time>]

       [-bias_voltage <value>]

       [-die_instance_name <dieinstname>]

       [-power_output_directory <dir>]

       [-repeat_window {<start> <end>}]

       [-strip_hier_instance <instance>]

       [<filename>]

       }

       Specifies the static and dynamic power or current files for IRdrop  and
       EM  analysis.  The power data for the design can be generated using the
       report_power command. This command also has ability  to  read  external
       ASCII static power files to do static rail analysis. For dynamic analy-
       sis,  you must use the report_power command to generate dynamic current
       files.

       This command should be specified prior to the analyze_rail command. You
       must specify the set_power_data command after the report_power  command
       in the flow script if power data is not available.

Parameters
       -bias_voltage <value>
              Specifies the value of the bias voltage.

              This parameter must be set if -format is set to ascii or area.

       -die_instance_name <dieinstname>
              Specifies the die instance name for multi-die analysis. This op-
              tion  is  only  available in multi-die analysis (set_rail_analy-
              sis_mode -die_mode multi-die).

       <filename>
              Specifies the name of the power data files. The file is optional
              if -format area is specified.

       -format {current | ascii | area | ascii_current}
              Specifies the format of the power data.

              The power data format can be current, ascii, or area.

              The parameter -bias_voltage must be set  if  area  or  ascii  is
              specified.

              * When using the current format option, specify the current file
                (*.ptiavg)  that  is  generated by the power analysis software
                within Voltus . For example,

              set_power_data -format current static_VDD.ptiavg

       * When using the ascii format option, specify the ascii instance  based
         power  file,  generated  by PowerMeter or CPE software within Voltus.
         For example,

         set_power_data -format ascii -bias_voltage 1.08 powermeter.pwr

         Note: The command accepts an ASCII power file in three-column  format
         consisting  of  instance/cell  name,  power  in W,and power pin name.
         Lines starting with "#" or "*" are treated as comment lines.

         The format of the three-column input file is as follows:

         <instance/cell name> <power in Watts> <power pin name>

         Example:

         top/inst1 0.001 vdd

          top/inst2 0.001 vdd1

          top/inst3 0.003 vdd3

         where vdd, vdd1, and vdd3 are power pin names of the instance

         Although -bias_voltage is a required  argument  with  -format  ascii,
         when 3-column power file format is specified, the program will ignore
         -bias_voltage  and  will rely on associated net voltages to determine
         current for the pins.

       * When using the area format option, specify the  total  power  of  the
         chip  in Watts. This power is distributed based on cell area. Option-
         ally, you can specify the known power for macro cells using  a  file,
         for example,

         set_power_data    -format   area   -bias_voltage   1.08   -power   10
         cell_power.file

         where,

         -bias_voltage is the voltage at which power was characterized; If the
         analysis voltage is different, this power will be scaled accordingly.

         cell_power.file     is     in     two     column     format      with
         <cell_name>power_in_watts.

       * When using the ascii_current format option, specify an ASCII instance
         current  file for static analysis. The format of the three-column in-
         put file is as follows:<<instance>/<cell name>> <<current in Ampere>>
         <<power pin name>>

       -help
         Outputs a brief description that includes the type and default infor-
         mation for each set_power_data parameter.

         For a detailed description of the command and all of its  parameters,
         use the man command man set_power_data.

       -instance <instance_name>
         Specifies  the hierarchical instance name for which the current files
         are included.

         This option is useful when power is calculated for hierarchical  par-
         titions  of the design, enabling you to read power for the hierarchi-
         cal partitions at the top-level.

         For example,

         set_power_data -format current -instance xy  {dynamic_VDD.ptiavg  dy-
         namic_VSS.ptiavg}

       -offset <offset_value>
         Specifies  the  start  time offset for current waveforms saved inside
         the current files.

         The default unit is in seconds; However, you  can  also  specify  the
         unit with the offset time value.

         This option is useful in the hierarchical flow to align current wave-
         forms  of  various  partitions. It can be also used to shift power-up
         rush current waveforms generated by the UltraSim software.

         For example,

         set_power_data  -format  current  -offset  1ns  -instance   xy   {dy-
         namic_VDD.ptiavg dynamic_VSS.ptiavg}

       -power<value>
         Specifies the total power of the chip in Watts and is used with -for-
         mat area option.

       -power_output_directory    <dir>
         Specifies  the  name of the directory that contains the current files
         required to run power analysis in parallel with rail analysis.

       -repeat<time>
         Repeats the dynamic current waveform for the specified time. You must
         ensure that set_dynamic_rail_simulation -stop is also  specified  and
         it  matches  the  repeat  duration. This option is only available for
         current format files during dynamic analysis. The repeat  option  can
         be used when multiple current files have different simulation periods
         or when IR drop analysis needs to be run for longer duration. See ex-
         ample below.

         Default units: ns.

       -repeat_window {<start> <end>}
         Specifies  to  extract the given window from the current waveform and
         repeat it. You can pick  a  window  such  that  the  current  at  the
         start_time  and  end_time  are  similar. This parameter allows you to
         identify and repeat windows where the start and end time have similar
         values to ensure that the repeated waveform is  continuous  and  that
         there are no high current values. The unit for the start and end time
         is ns.

         The  following command specifies that the pattern between {20ns 80ns}
         will be repeated until simulation stops:

         set_power_data -repeat_window {20ns 80ns}

       -reset
         Overwrites previously specified current data.

       -scale<factor>
         Specifies a scale factor to apply to the current data.

         You can use this parameter to scale currents to a more optimistic  or
         pessimistic power-consumption estimate.

         This parameter is only for -format current and -format ascii.

       -strip_hier_instance <instance>
         Specifies to use power generated from the top-level rail analysis for
         block-level  rail  analysis. This parameter allows you to specify the
         top-level hierarchical instance name for which the current files  are
         to be included. When the parameter is specified, the tool removes the
         prefix  from  the  top-level and reads the top-level current (ptiavg)
         files during the block-level analysis. The parameter is  useful  when
         top-level power data is already available, therefore, you do not need
         to re-run block-level power analysis.

Examples
              * The following command specifies a format of type current and a
                scale of 1 for the three given files.:

                set_power_data  -format  current  -scale  1  {static_VDD_TDSP-
                Core.ptiavg \ static_VDD_TDSPCore_R.ptiavg static_VSS.ptiavg}

              * The next example specifies two current data files.  The  first
                file  specifies  vdd_vdd.ptipeak. The second one specifies dy-
                namic_VDD.ptiavg and this current data will be repeated  every
                100ns, which is the stop time specified for the dynamic analy-
                sis.

                set_power_data -format current vdd_vdd.ptipeak

                 set_power_data -format current -repeat=100ns dynamic_VDD.pti-
                avg

                 set_dynamic_rail_simulation -stop 100ns

                 analyze_rail ...

Related Information
              * set_rail_analysis_mode

              * set_dynamic_rail_simulation

              * analyze_rail

              * "Static  Power, IRdrop and EM Analysis" in the Voltus IC Power
                Integrity Solution User Guide

              * "Dynamic Power and IRDrop Analysis" in the Voltus IC Power In-
                tegrity Solution User Guide

                           Fri Apr 04 01:25:37 2025      set_power_data(25.10)