Product Version     25.10    Cadence Design Systems, Inc.
report_statist...derate_factors(25.10)  report_statist...derate_factors(25.10)

Name
       report_statistical_timing_derate_factors  -  Generates  design specific
       OCV factor

Syntax
       report_statistical_timing_derate_factors

       -type {arrival_time_based

             | slack_time_based}

       -ssta_view <ssta_view_name>

       -sta_view <sta_view_name>

       -path_group <groupname_list>

       -derate_cell

       -derate_net

       -derate_cell_check

       -early | -late]

       [-path_based_ssta]

       [-clock_factor | -data_factor]

       [-max_paths <integer>]

       [-max_slack <float>]

       [-max_points <integer>]

       Generates design specific OCV  factor.  The  scaling  factor  (hold  or
       setup)  is  computed either by using the arrival time or slack time ap-
       proach.

Parameters
       -clock_factor | -data_factor
              Specifies if the user-defined factor value is for clock or data.
              If you specify the -clock_factor parameter, then the  -data_fac-
              tor parameter is calculated by the software, and vice versa.

              These parameters are applicable to type slack_time_based.

              Note: The -clock_factor parameter and the -data_factor parameter
              are mutually exclusive. You cannot specify them together.

       -derate_cell
              Applies user-specified scaling factors on cell delays.

       -derate_cell_check
              Applies user-specified scaling factors on timing checks.

       -derate_net
              Applies user-specified scaling factors on net delays.

       -late | -early
              Specifies early or late mode analysis.

              Default is late.

       -max_paths
              Reports  the  specified number of worst paths in the design, re-
              gardless of the endpoint.

       -max_points <integer>
              Reports the worst path that is found to each endpoint up to  the
              number specified by the -max_points option.

       -max_slack <float>
              Reports  only  those  paths with slack equal to or less than the
              specified float value.

       -path_based_ssta
              Enables generation of the  statistical  OCV  factor  using  path
              based SSTA analysis.

       -path_group <groupname_list>
              Considers only the path contained in the groups in the specified
              <groupname_list>  for  computing  the  statistical timing derate
              factor.

       -ssta_view <ssta_view_name>
              Specifies view for SSTA run.

       -sta_view<sta_view_name>
              Specifies view for STA run.

       -type arrival_time_based | slack_time_based
              Specifies if the OCV factor needs to be generated using the  ar-
              rival time or slack time approach. In the arrival time approach,
              the SSTA arrival time values are used to compute the statistical
              OCV  factor  for clock and data. In the slack time approach, the
              STA and SSTA slacks are used to  generate  the  statistical  OCV
              factor for either clock or data depending on whether you specify
              the factor for data or clock.

              Default: arrival_time_based

              You can use the -type arrival_time_based parameter with the fol-
              lowing parameters only:

              * -late

              * -early

              * -path_based_ssta

       You can use the -type slack_time_based parameter with the following pa-
       rameters only:

              * -ssta_view

              * -sta_view

              * -late

              * -early

              * -clock_factor

              * -data_factor

              * -derate_cell

              * -derate_net

              * -derate_cell_check

              * -max_paths

              * -max_slack

Examples
              * The  following example computes the factors for setup analysis
                using the arrival time based approach:

                report_statistical_timing_derate_factors       -type       ar-
                rival_time_based -late

              * The  following  example  computes  the  data  factor for setup
                analysis using the slack time based approach applying  a  user
                defined clock factor of 0.95:

                report_statistical_timing_derate_factors                 -type
                slack_time_based  -ssta_view   viewname   -sta_view   viewname
                -clock_factor 0.95

              * The  following  example  computes  the  clock  factor for hold
                analysis using the slack time based approach applying  a  user
                defined data factor of 1.05:

                report_statistical_timing_derate_factors                 -type
                slack_time_based  -ssta_view   viewname   -sta_view   viewname
                -data_factor 1.05 -early

                           Fri Apr 04 01:r2e5p:o3r7t_2s0t2a5tist...derate_factors(25.10)