Product Version     25.10    Cadence Design Systems, Inc.
addBumpConnectTargetConstraint(25.10)    addBumpConnectTargetConstraint(25.10)

Name
       addBumpConnectTargetConstraint  - Adds a string property in one or mul-
       tiple bumps

Syntax
       addBumpConnectTargetConstraint

       [-help]

       {-bump <list_of_bumps> | -selected }

       { {-instName <instance_name>

          [ {-pinName <pin_name> | -netName <net_name>}

           [-portNum <value>]]}

         |-PGConnectType {ioring corering stripe iopin}}

       Adds a string property in one or multiple bumps. If any of  the  speci-
       fied/selected bump has a property value already, Innovus checks whether
       the new property value is exactly the same as the existing one. If not,
       the  new property value is concatenated to the existing property string
       and separated by a space.

       Using this command, you can add either a complete port numbering  prop-
       erty  (inst:pin:port)  or  an  incomplete  property,  such  as  inst or
       inst:pin to PG bumps.

Parameters
       -help  Prints a brief description that includes type and default infor-
              mation for each addBumpConnectTargetConstraint parameter.

              For a detailed description of the command and all of its parame-
              ters, use the man command:

              man addBumpConnectTargetConstraint

       -bump <list_of_bumps> | -selected
              Adds bump connect target constraint  on  specified  or  selected
              bumps.  The  option -bump can accept wildcards and -selected can
              have multiple bumps selected. In the  multiple  bump  case,  the
              same property is added onto all the bumps.

       -instName <instance_name>
              Specifies  the  connect  target  instance.  If only -instName is
              specified and -netName or -pinName is not  specified,  the  tool
              automatically finds the most suitable geometries in the instance
              specified by <instance_name>.

       -netName net_name
              Specifies the connect target net name.

              Note: This option cannot be used with -pinName.

       -PGConnectType {ioring corering stripe iopin}
              Specifies  the  PG connect type. Connection type can be I/O Ring
              (ioring), Core Ring (corering),  Stripe  (stripe),  or  I/O  Pin
              (iopin).

       -pinName <pin_name>
              Specifies the connect target pin name.

              Note: This option cannot be used with -netName.

       -portNum value
              Specifies the connect target port number.

Examples
              * The  following  command adds bump_connect_target property onto
                Bump_1 on VDD net. Then Bump_1 pairs with PORT1 under the  PIN
                connecting to VDD net of areaIo IOPADS_INST/esd.

                addBumpConnectTargetConstraint    -bump    Bump_1    -instName
                IOPADS_INST/esd -netName VDD -portNum 1

              * The following command adds bump_connect_target  property  onto
                Bump_1.  Then Bump_1 pairs with PORT2 under the PIN whose name
                is vdd! of instance DTMF_INST/PLLCLK_INST. PORT2  is  required
                with PORT CLASS BUMP attribute in LEF.

                addBumpConnectTargetConstraint    -bump    Bump_1    -instName
                DTMF_INST/PLLCLK_INST -pinName vdd! -portNum 2

Related Information
              * deleteBumpConnectTargetConstraint

              * editBumpConnectTargetConstraint

              * findPinPortNumber

              * Flip Chip Methodologies chapter of the User Guide

              *

                * Port Numbering

              * Tools Menu chapter in the Menu Reference

                * Flip Chip

                           Fri Apr 04 01:2a5d:d3B7um2p0C2o5nnectTargetConstraint(25.10)