Product Version     25.10    Cadence Design Systems, Inc.
globalRoute(25.10)                                          globalRoute(25.10)

Name
       globalRoute - Plans the interconnect by breaking the routing portion of
       the design into rectangles called global routing cells (gcells) and as-
       signing the signal nets to the gcells

Syntax
       globalRoute

       [-help]

       Plans  the  interconnect  by breaking the routing portion of the design
       into rectangles called global routing cells (gcells) and assigning  the
       signal nets to the gcells.

       Use this command after completing the following steps:

              * Placing the design.

              * Setting  net  attributes with setAttribute, and NanoRoute run-
                time options with setNanoRouteMode. To use current values  for
                attributes  and  default  values for options, this step is op-
                tional.

Parameters
       -help  Outputs a brief description of the globalRoute command.

              For a detailed description of the command, use the man command:

               man globalRoute

Example
       The following command globally routes the design and saves  the  design
       as droute.

       globalRoute

       saveDesign droute

Related Information
              * detailRoute

              * routeDesign

              * setAttribute

              * setNanoRouteMode

              * Using the NanoRoute Router chapter in the Innovus User Guide

                * Global Routing

                           Fri Apr 04 01:25:37 2025         globalRoute(25.10)