Product Version     25.10    Cadence Design Systems, Inc.
reportRoute(25.10)                                          reportRoute(25.10)

Name
       reportRoute

Syntax
       reportRoute

       [-help]

       [-clock]

       [-em]

       [-ndr]

       [-selected_net_only]

       [-via_pillar]

       Reports routing statistics for signal nets, including the following in-
       formation:

              * Number of objects, such as cells, nets, and pins

              * Number  and  percentage of nets with one, two, three, four, or
                more terminals

              * Names and numbers of primitives used

              * EM statistics of nets.

              * NDR statistics of nets.

              * Net length and connection length statistics

                These values are computed using the  net  bounding  box  half-
                perimeter.

                The  following  figure shows a net bounding box for a net that
                must be connected to three terminals, t1, t2, and t3. The  net
                bounding  box  is the perimeter of the smallest rectangle that
                can be formed that has sides passing through the three  termi-
                nals. The half-perimeter is the length of x plus the length of
                y.

              * Total wire length and number of vias, per layer

                These  are  the  actual wire length and number of vias on each
                layer. The actual wire length might be different from the  net
                bounding box half-perimeter if the net detours.

                The layer statistics are in the last paragraph of the report.

       Note:  Use the reportWire command to generate a more detailed wire sta-
       tistics report. Use the reportSpecialRoute command to generate a report
       for special nets.

       You can use the reportRoute command after routing with any of the rout-
       ing commands in the Innovus System software.

Parameter
       -clock Reports statistics of clock nets.

              Data_type: bool, optional

       -em    Reports EM statistics of nets.

              Data_type: bool, optional

       -help  Outputs a brief description that includes type and  default  in-
              formation for each reportRoute parameter.

              For a detailed description of the command and all of its parame-
              ters, use the man command:

              man reportRoute

       -ndr   Reports NDR statistics of nets.

              Data_type: bool, optional

       -selected_net_only
              Reports statistics for selected nets only.

              Data_type: bool, optional

       -via_pillar
              Reports stacking via statistics.

              Data_type: bool, optional

Example Report
       In  the  example  report  the  terms  long connection, nrCon, and total
       length are used.

              * long net is a net that is longer than the last net  listed  in
                the  report.  In the report that follows, it is any net longer
                than 1.82e+06.

              * nrCon is the total number of I/O connections in the nets  with
                long connections.

              * total length is the total wire length.

       *** Statistics for net list dtmf_chip ***

       Number of cells = 7923

       Number of nets = 7483

       Number of tri-nets = 0

       Number of degen nets = 1

       Number of pins = 25442

       Number of i/os = 57

       Number of nets with 1 terms = 1 (0.0%)

       Number of nets with 2 terms = 3862 (51.6%)

       Number of nets with 3 terms = 1894 (25.3%)

       Number of nets with 4 terms = 716 (9.6%)

       Number of nets with 5 terms = 267 (3.6%)

       Number of nets with 6 terms = 144 (1.9%)

       Number of nets with 7 terms = 102 (1.4%)

       Number of nets with 8 terms = 64 (0.9%)

       Number of nets with 9 terms = 44 (0.6%)

       Number of nets with >=10 terms = 389 (5.2%)

       *** 99 Primitives used:

       Primitive ram_128x16A (1 insts)

       Primitive pllclk (1 insts)

       Primitive rom_512x16A (1 insts)

       Primitive ram_256x16A (1 insts)

       Primitive PVSS1DGZ (5 insts)

       Primitive PVDD1DGZ (5 insts)

       Primitive PFEED5 (54 insts)

       ************

       *** Net length and connection length statistics (cell dtmf_chip) ***

       Total net length = 4.713e+05 (2.410e+05 2.303e+05)

       Avg net length = 6.299e+01 (sigma = 1.035e+02)

       Sqrt of avg square net length = 1.211e+02

       Avg connection length = 2.624e+01 (sigma = 4.632e+01)

       Sqrt of avg square connection length = 5.323e+01

       Net and connection length distribution:

       [length range ] #net #connection

       [0.00e+00 1.32e+01]: 1811 3050

       [1.32e+01 2.64e+01]: 1860 2276

       [2.64e+01 3.96e+01]: 1033 925

       [3.96e+01 5.28e+01]: 584 433

       [5.28e+01 6.60e+01]: 367 218

       [6.60e+01 7.92e+01]: 301 143

       Total number of long connections = 0

       Io: nrCon=0

       Total length: 1.841e+03um, number of vias: 16

       Metal1(H) length: 0.000e+00um, number of vias: 2

       Metal2(V) length: 1.198e+01um, number of vias: 3

       Metal3(H) length: 1.016e+02um, number of vias: 3

       Metal4(V) length: 2.274e+02um, number of vias: 3

       Metal5(H) length: 7.927e+02um, number of vias: 5

       Metal6(V) length: 7.075e+02um

Related Information
              * routeDesign

              * Using the NanoRoute Router chapter in the Innovus User Guide

                           Fri Apr 04 01:25:37 2025         reportRoute(25.10)