Product Version     25.10    Cadence Design Systems, Inc.
get_glitch_threshold(25.10)                        get_glitch_threshold(25.10)

Name
       get_glitch_threshold   -   Displays   information   for  the  specified
       set_glitch_threshold parameters for the current Tempus session

Syntax
       get_glitch_threshold

       [<parameter_names>]

       Displays information for the specified set_glitch_threshold  parameters
       for  the current Tempus session. If you do not specify a parameter, the
       software displays information for all set_glitch_threshold parameters.

Parameters
       <parameter_names>
              Displays information for the specified parameter. You can  spec-
              ify one or more parameters.

              See set_glitch_threshold for descriptions of the timing analysis
              mode parameters you can specify.

Examples
              * The  following command shows the failure threshold for ROP for
                single stage cells:

                get_glitch_threshold -failure_point last

                Here's the command output:

                value=0.4   -threshold_type   reporting   -glitch_type    both
                -pin_type all -failure_point last -failure_dependency none

              * The  following command shows the failure threshold for the ROP
                for the internal net of multi-stage cells:

                get_glitch_threshold -failure_point internal

                Here's the command output:

                value=0.2   -threshold_type   reporting   -glitch_type    both
                -pin_type all -failure_point internal -failure_dependency none

              * The  following command shows the failure threshold for the RIP
                for the input net of cells without CCSN/ECSMN/cdB

                get_glitch_threshold -failure_point input

                Here's the command output:

                value=0.5   -threshold_type   reporting   -glitch_type    both
                -pin_type all -failure_point input -failure_dependency none

Related Information
              * set_glitch_threshold

                           Fri Apr 04 01:25:37 2025get_glitch_threshold(25.10)