Product Version     25.10    Cadence Design Systems, Inc.
update_bus_guide(25.10)                                update_bus_guide(25.10)

Name
       update_bus_guide - Updates the selected bus guide as specified

Syntax
       update_bus_guide

       [-help]

       [-avoidObstacles]

       [-layer_horizontal {<id> | <id1:id2>}]

       [-layer_vertical {<id> | <id1:id2>}]

       [-no_snap]

       [-resize_direction {low high}]

       [-type {hard | soft}]

       [-width <value> | -net_group <name> | {{-rule <rulename> | {-wire_width
       <value> -wire_spacing <value>}} [-with_shield]}]

       Updates  the  selected bus guide as specified. The bus guide can expand
       automatically with pre-route or routing blockage.

       Use the update_bus_guide command when you need to modify the  layer  or
       width  information  of  an  existing  bus  guide.  Before using the up-
       date_bus_guide command, select the bus guide  with  the  selectBusGuide
       command.

Parameters
       -help  Prints a brief description that includes type and default infor-
              mation for each update_bus_guide parameter.

              For a detailed description of the command and all of its parame-
              ters, use the man command:

              man update_bus_guide

       -avoidObstacles
              Specifies whether to avoid pre-routes and blockages (detour). If
              this option is not specified, the bus guide is expanded with the
              pre-route and routing blockage.

       -layer_horizontal {<id> | <id1:id2>}
              Specifies the horizontal layer id or a layer range. Use this pa-
              rameter  to  change  the  horizontal  layer  of the selected bus
              guide.

       -layer_vertical {<id> | <id1:id2>}
              Specifies the vertical layer id or a layer range. Use this para-
              meter to change the vertical layer of the selected bus guide.

       -net_group <name>
              Specifies the net group name. The net group you specify must  be
              an existing net group.

       -no_snap
              Specifies whether or not to snap the bus guide.

       -resize_direction {low high}
              Specifies the resize direction as follows:

              * low:  Expands  the  selected  bus  guide from the top or right
                edge.

              * high: Expands the selected bus guide from the bottom  or  left
                edge.

              If  this option is not specified, the bus guide is expanded from
              the center line.

       -rule <rulename>
              Specifies the rule name or default. Use this parameter to change
              the selected bus guide width as per the wire width or wire spac-
              ing defined in the specified LEF  rule.  If  <rulename>  is  not
              specified, default LEF rule is used.

              Note:   This   parameter   cannot   be  used  with  the  -width,
              -wire_width, or wire_spacing parameters.

       -type {hard | soft}
              Specifies the new constraint type of the bus guide:

              * hard - After running Early Global Route (eGR), NanoRoute (NR),
                or NanoRoute High Frequency Router (NRHF), the route obeys the
                path of the bus guide.

              * soft - After running eGR, NR, or  NRHF,  the  bus  guide  only
                guides  the  route path. The tool can route the net out of the
                bus guide.

       -width <value>
              Specifies bus guide width. Use this parameter to change the  se-
              lected bus guide width to the specified value.

              Note: This parameter cannot be used with the -rule, -wire_width,
              or wire_spacing parameters.

       -wire_spacing <value>
              Specifies  wire  spacing.  Use  this parameter to change the se-
              lected bus guide width as per the specified wire spacing value.

              Note: This parameter cannot be used with either the -rule  para-
              meter or the -width parameter.

       -wire_width <value>
              Specifies  wire width. Use this parameter to change the selected
              bus guide width as per the specified wire width value.

              Note: This parameter cannot be used with either the -rule  para-
              meter or the -width parameter.

       -with_shield
              Adds  shield wire base on the shield net property defined by the
              following    setEditMode     options:     -outer_shield_spacing,
              -outer_shield_width, and -shield. When specified with:

              * -wire_width  and  -wire_spacing,  the  tool considers only the
                outer shielding nets.

              * -rule, the tool considers the shielding nets between wires.

Example
              *

                The following command updates the width of  the  selected  bus
                guide  as  per  the  NDR <doublewidth> defined in LEF. It also
                changes the horizontal layer of the selected bus  guide  to  3
                and considers the shielding nets between wires.

                update_bus_guide   -rule   doublewidth   -layer_horizontal   3
                -with_shield

Related Information
              * createBusGuide

              * deleteBusGuide

              * selectBusGuide

              * setEditMode

              * Bus Planning chapter in the User Guide

              * Edit Menu chapter in the Menu Reference

                * Bus Guide

                           Fri Apr 04 01:25:37 2025    update_bus_guide(25.10)