Product Version     25.10    Cadence Design Systems, Inc.
check_ccopt_cl...ee_convergence(25.10)  check_ccopt_cl...ee_convergence(25.10)

Name
       check_ccopt_clock_tree_convergence  - This command is used to trigger a
       warning message for sinks that have more than the specified  number  of
       convergence paths from the clock sources to the sink

Syntax
       check_ccopt_clock_tree_convergence

       [-help]

       [-warnthreshold <thresholdValue>]

       This  command  is used to trigger a warning message for sinks that have
       more than the specified number of  convergence  paths  from  the  clock
       sources  to  the sink. This check is performed at the end of clock tree
       specification, for complex convergence above  sinks  that  might  cause
       large runtimes in CCOpt as it attempts to balance these trees.

       When  this  command is specified, any sinks that are found to have more
       than the specified <thresholdvalue> of paths from the clock sources  to
       the sink are reported in a warning message from the software. For exam-
       ple:

       WARN:  (IMPCCOPT-4338): There are 17 clock paths leading to primaryout.
       This may cause long CCOpt runtimes. Type 'man IMPCCOPT-4338'  for  more
       detail.

       The  following detailed information is provided when you type man IMPC-
       COPT-4338:

       The design contains a lot of converging clock  paths  leading  to  some
       sinks.  This  may  cause  long  CCOpt runtimes. The sinks with the most
       paths leading to them can be found with report_ccopt_clock_tree_conver-
       gence. See CCOpt Clock Tree Specification under Clock Concurrent  Opti-
       mization in the User Guide for more information.

       Note: The warning is issued if the number of clock paths to any sink is
       greater  than  the  threshold  value  of paths specified by the command
       check_ccopt_clock_tree_convergence.

       To view a summary of the convergence above clock sinks and to  identify
       the  names of the sinks with the highest number of clock network paths,
       run the report_ccopt_clock_tree_convergence command.

Parameters
       -help  Outputs a brief description that includes type and  default  in-
              formation for each check_ccopt_clock_tree_convergence parameter.
              For a detailed description of the command and all of its parame-
              ters,  use  the man command:  man check_ccopt_clock_tree_conver-
              gence.

       -warnthreshold <thresholdValue>
              Triggers a warning message for sinks with more than  the  speci-
              fied number of paths.

              Default: 100

Related Information
              * create_ccopt_clock_tree_spec

              * report_ccopt_clock_tree_convergence

              * The following topic in the Innovus User Guide

                * Clock Tree Convergence Reporting

                           Fri Apr 04 01:c2h5e:c3k7_c2c0o2p5t_cl...ee_convergence(25.10)