Product Version     25.10    Cadence Design Systems, Inc.
reset_clock_sense(25.10)                              reset_clock_sense(25.10)

Name
       reset_clock_sense  -  Resets  clock sense constraint(s) specified using
       the set_clock_sense command

Syntax
       reset_clock_sense

       [-all]

       | [[-clocks <clock_list>] <pin_or_port_list>]]

       Resets clock sense constraint(s) specified  using  the  set_clock_sense
       command.

Parameters
       -all   Resets all the specified clock_sense constraints.

       -clocks <clock_list>
              Specifies  the  list  of  clocks  for which the clock sense con-
              straints are to be removed. The clocks must have previously been
              defined using the set_clock_sense -clock parameter.

       pin_or_port_list
              Specifies the list or collection of cell output pins  for  which
              the clock sense constraints will be removed.

Examples
              * The  following  command  resets  all  the  previously  defined
                clock_sense constraints from a design:

                reset_clock_sense -all

Related Information
              * set_clock_sense

                           Fri Apr 04 01:25:37 2025   reset_clock_sense(25.10)