Product Version     25.10    Cadence Design Systems, Inc.
get_analysis_view(25.10)                              get_analysis_view(25.10)

Name
       get_analysis_view  -  Returns  the constraint mode or delay calculation
       corner associated with the specified analysis view

Syntax
        get_analysis_view

       <viewName>

       {-constraint_mode | -delay_corner}

       Returns the constraint mode or delay calculation corner associated with
       the specified analysis view.

       Use this command after  creating  at  least  one  analysis  view  (cre-
       ate_analysis_view).

Parameters
       -constraint_mode
              Returns the constraint mode associated with the specified analy-
              sis view.

       -delay_corner
              Returns  the delay calculation corner associated with the speci-
              fied analysis view.

       <viewName>
              Specifies the name of the analysis view to query.

Examples
              * The following command creates the analysis view missionSlow:

       create_analysis_view

        -name missionSlow

        -constraint_mode missionSetup

        -delay_corner dcWCCOM

              * The following command returns the delay calculation corner as-
                sociated with the missionSlow analysis view:

                get_analysis_view missionSlow -delay_corner

                The software returns the following result:

                dcBCCOM

Related Information
              * setAnalysisMode

                           Fri Apr 04 01:25:37 2025   get_analysis_view(25.10)