Product Version     25.10    Cadence Design Systems, Inc.
translateSNDCSetupFile(25.10)                    translateSNDCSetupFile(25.10)

Name
       translateSNDCSetupFile

Syntax
       translateSNDCSetupFile

       [-help]

       <sndcSetupFile>

       <outputFile>

       Uses  a  signalStorm  delay calculator setup file as input and converts
       the transition time and capacitative loading portions  to  timing  con-
       straints  commands,  such as set_annotated_transition and set_load. The
       timing constraints commands are included in the specified output  file.
       This command is useful only if you are using standalone signalStorm de-
       lay calculation.

Parameters
       -help  Outputs  a  brief description that includes type and default in-
              formation for each translateSNDCSetupFile parameter. For  a  de-
              tailed description of the command and all of its parameters, use
              the man command: man translateSNDCSetupFile.

       <outputFile>
              Specifies  the name of the output file, which contain the timing
              constraints commands.

       <sndcSetupFile>
              Specifies the name of the  signalStorm  delay  calculator  setup
              file that will be converted.

Example
       The  following  command  uses a signalStorm delay calculator setup file
       named sndc.setup and generates the constraints.rpt file, which contains
       the timing constraints commands:

               translateSNDCSetupFile sndc.setup constraints.rpt

                           Fri Apr 04 01:25:37 202t5ranslateSNDCSetupFile(25.10)