Product Version     25.10    Cadence Design Systems, Inc.
timing_disabl...rt_header_info(25.10)    timing_disabl...rt_header_info(25.10)

Name
       timing_disable_report_header_info

Syntax
        timing_disable_report_header_info {true | false}

       Default: false

       Controls  whether  timing  reports  are generated using a common report
       header.

       When set to false, the software generates timing reports with a  report
       header that includes the following information:

              * Innovus software version number

              * Platform on which the software is being run

              * Time when the report was generated

              * Command used to generate the report

       Any  report-specific  banner information is included in the same header
       box, but listed after the common header information.

       When set to true, the software generates backward-compatible timing re-
       ports without the additional header information.

       To set this global variable, use the set_global command.

                           Fri Apr 04 01:2t5i:m3i7ng2_0d2i5sabl...rt_header_info(25.10)