Product Version     25.10    Cadence Design Systems, Inc.
gui_show_edge_number(25.10)                        gui_show_edge_number(25.10)

Name
       gui_show_edge_number  -  Displays  edge numbers on the sides of the se-
       lected or specified objects in the GUI

Syntax
       gui_show_edge_number [-help]

       [-objects <string>]

       [-reset]

       Displays edge numbers on the sides of the selected or specified objects
       in the GUI. Currently, you can display edge numbers on  partitions  and
       blocks. This feature is useful if you need to indicate the partition or
       block edge number in your script.

Parameters
       -help  Prints a brief description that includes type and default infor-
              mation for each gui_show_edge_number parameter.

              For a detailed description of the command and all of its parame-
              ters, use the man command:

              man gui_show_edge_number

       -objects <string>
              Specifies  the  name  of  the  object for which the edge numbers
              should be displayed. If you  want  to  specify  multiple  object
              names, enclose them in braces or double quotation marks.

              Currently,  you  can display the edge numbers for partitions and
              blocks.

       -reset Clears the edge numbers from the specified or  selected  objects
              on  the  GUI.  If you want to clear the edge numbers for all ob-
              jects, use the -reset parameter with  -objects *.

Examples
              * The  following  command  displays  the  edge  numbers  on  the
                DTMF_INST/PLLCLK_INST block in the GUI:

                gui_show_edge_number -objects DTMF_INST/PLLCLK_INST

              * The following command clears the edge numbers from all blocks:

                gui_show_edge_number -objects * -reset

Related Information
              * gui_select

              * lineSelect

              * windowSelect

                           Fri Apr 04 01:25:37 2025gui_show_edge_number(25.10)