Product Version     25.10    Cadence Design Systems, Inc.
report_annotated_delay(25.10)                    report_annotated_delay(25.10)

Name
       report_annotated_delay - Reports coverage of annotations on a design

Syntax
        report_annotated_delay

       [-help]

       [-ignore_tied_low_high_net_arcs]

       [-list_annotated]

       [-list_non_annotated]

       [-view <viewName>]

       [-max_line <number>]

       [{> | >>} <filename>[.gz] | -tcl_list]

       <[pin_port_list]>

       Reports  coverage of annotations on a design. These annotations include
       SDF delay arc annotations. Besides SDF annotations,  the  command  also
       reports annotations that are set using the set_annotated_delay command.

Parameters
       -help  Outputs  a  brief description that includes type and default in-
              formation for each report_annotated_delay parameter. For  a  de-
              tailed description of the command and all of its parameters, use
              the man command:  man report_annotated_delay.

       > | >> <filename>
              When  specified  with >, writes the report to the specified file
              name. If the file already exists, the software overwrites it.

              When specified with >>, writes the report to the specified  file
              name.  If the file already exists, the software concatenates the
              report to the end of the file.

              The <filename> parameter must be the last argument in the  list.
              The  <filename> and -tcl_list parameters are mutually exclusive;
              you cannot specify them together.

              Note: To write a compressed report, add the .gz extension to the
              file name.

              Default: Report is displayed on standard  output  without  being
              saved.

       -ignore_tied_low_high_net_arcs
              Ignores timing arcs of power and ground nets.

       -list_annotated
              Lists  detailed  annotation  information for the following anno-
              tated arcs:

              * annotated internal net arcs

              * annotated input port arcs

              * annotated output port arcs

              * annotated cell arcs

       -list_non_annotated
              Lists the arc information for the non-annotated arcs correspond-
              ing to the following types of arcs:

              * non-annotated internal net arcs

              * non-annotated input port arcs

              * non-annotated output port arcs

              * non-annotated cell arcs

       -max_line <number>
              Controls the number of output lines reported by  -list_annotated
              or -list_non_annotated parameter.

       -tcl_list
              Produces the report in Tcl list format instead of a tabular for-
              mat. This is useful for integrating timing with custom Tcl func-
              tions, and also for customizing report generation.

              The  -tcl_list and <filename> parameters are mutually exclusive;
              you cannot specify them together.

       -view <viewName>
              Generates the report for the specified analysis view  only.  You
              can  specify  this parameter only when the software is in multi-
              mode multi-corner timing analysis mode.

Examples
       If your SDF has only cell arcs, and net delays are included in the cell
       delays, you can report the status of annotation for cell arcs, internal
       net arcs, net arcs from primary inputs, and net arcs  to  primary  out-
       puts, and all timing arcs separately. The following report is generated
       for report_annotated_delay for delay arcs types:

       report_annotated_delay

       ---------------------------------------------------------

       Delay  Arc  Type      Total    Annotated    Not Annotated    Percentage
       Annotated

       ---------------------------------------------------------------------------------

       Cell arcs          128      0           128              0.000000

       Input net arcs     14       0           14               0.000000

       Internal net arcs  107      0           107              0.000000

       Output net arcs    7        0           7                0.000000

       ------------------------------------------------------------------

       All timing arcs    256      0           256              0.000000

       ------------------------------------------------------------------

Related Information
              * set_annotated_delay

              * report_net

                           Fri Apr 04 01:25:37 202r5eport_annotated_delay(25.10)