Product Version     25.10    Cadence Design Systems, Inc.
report_metal_fill(25.10)                              report_metal_fill(25.10)

Name
       report_metal_fill  -  Generates a report on metal fill to summarize the
       number and area of fill shapes on a per-net and per-layer basis

Syntax
       report_metal_fill

       [-help]

       [-file <file_name>]

       [-fill_area]

       [-fill_length]

       [-mesh]

       Generates a report on metal fill to summarize the number  and  area  of
       fill  shapes on a per-net and per-layer basis. Use the generated report
       to tune the add_metal_fill_signoff flow parameters to achieve  the  de-
       sired  distribution across multiple nets and layers as well as to mini-
       mize floating fill.

       Before generating a metal fill report, you should have:

              * Imported the design

              * Completed detailed routing

              * Added metal fill

Parameters
       -help  Outputs a brief description that includes the type  and  default
              information for each report_metal_fill parameter.

              For  a  detailed  description of the command and all its parame-
              ters, use man report_metal_fill.

       -file <file_name>
              Writes the report to a file with the specified name.

              Default: <topCellName>_metal_fill_report.rpt

       -fill_area
              Reports area information for metal fill for each layer.

       -fill_length
              Reports length information for metal fill for each layer.

       -mesh  Reports mesh information for  metal fill.

Examples
              * The following command  writes  a  metal  fill  report  to  the
                dtmf_metal_fill.rpt file.

                report_metal_fill -file dtmf_metal_fill.rpt

                The output is as follows:

                ###############################################################

                #  Generated by:      Cadence Innovus 19.10-p002_1

                #  Design:            DTMF_CHIP

                #        Command:                 report_metal_fill      -file
                dtmf_metal_fill.rpt

                ###############################################################

                Metal Fill Summary

                <numFillShapes>=<fillArea>squm(<percentTotal>)

                |floating    |total

                ------------------------------------------------------

                M1| 25214= 349610.52 (100.00%)  | 25214= 349610.52

                M2| 27905= 372408.83 (100.00%)  | 27905= 372408.83

                M3| 26106= 348543.27 (100.00%)  | 26106= 348543.27

                M4| 27439= 393704.76 (100.00%)  | 27439= 393704.76

                M5| 24305= 367076.78 (100.00%)  | 24305= 367076.78

                M6| 26208= 421137.91 (100.00%)  | 26208= 421137.91

                ------------------------------------------------------

                sum|157177=2252482.06 (100.00%)  |157177=2252482.06

              * The following command writes out fill length in the metal fill
                report:

                report_metal_fill              -fill_length              -file
                dtmf_metal_fill_length.rpt

                The output is as follows:

                ###############################################################

                # Generated by: Cadence Innovus 19.10-p002_1

                # Generated on: Wed May 22 14:56:50 2019

                # Design: DTMF_CHIP

                #     Command:     report_metal_fill     -fill_length    -file
                dtmf_metal_fill_length.rpt

                ###############################################################

                Metal Fill Summary

                <numFillShapes>=<fillLength>um(<percentTotal>)

                 |floating     |total

                ----------------------------------------------------

                M1| 25214= 183703.43 (100.00%) | 25214= 183703.43

                M2| 27905= 194629.92 (100.00%) | 27905= 194629.92

                M3| 26106= 185140.32 (100.00%) | 26106= 185140.32

                M4| 27439= 204525.36 (100.00%) | 27439= 204525.36

                M5| 24305= 188877.45 (100.00%) | 24305= 188877.45

                M6| 26208= 213826.83 (100.00%) | 26208= 213826.83

                ----------------------------------------------------

                sum|157177=1170703.33 (100.00%) |157177=1170703.33

                ----------------------------------------------------

Related Information
       The Optimizing Metal Density chapter of User Guide.

                           Fri Apr 04 01:25:37 2025   report_metal_fill(25.10)