Product Version     25.10    Cadence Design Systems, Inc.
set_active_clocks(25.10)                              set_active_clocks(25.10)

Name
       set_active_clocks - Defines a list of active clocks in the design

Syntax
       set_active_clocks

       [-help]

       active_clock_list | all_clocks

       Defines a list of active clocks in the design.

       When  the  set_active_clocks  command  is specified, only the specified
       clocks are made active while others remain inactive. Any clock  created
       after  using  the  set_active_clocks  command is active by default. The
       following commands are impacted:

              * report_clocks command output displays a new column showing ac-
                tive or inactive clocks in the design.

              * get_clocks command will report all clocks  including  inactive
                clocks.

              * write_timing_windows  command will not display windows for in-
                active clocks in the output report.

              * get_property command allows you to query on active clocks  us-
                ing the is_clock_active property.

Parameters
       -help  Prints out the command usage.

       active_clock_list | all_clocks
              Specifies a list of active clocks.

Examples
              * The  following command makes the specified clocks active while
                others remain inactive (only Iclk1 is active, while  Iclk2  is
                inactive):

       set_active_clocks Iclk1

Related Information
              * report_clocks

              * get_clocks

              * get_property

                           Fri Apr 04 01:25:37 2025   set_active_clocks(25.10)