Product Version     25.10    Cadence Design Systems, Inc.
route_ccopt_flexible_htrees(25.10)          route_ccopt_flexible_htrees(25.10)

Name
       route_ccopt_flexible_htrees  -  Routes  CCOpt flexible h-tree nets as a
       separate step after running the  synthesize_ccopt_flexible_htrees  com-
       mand

Syntax
       route_ccopt_flexible_htrees

       [-help]

       [nets <net>+]

       Routes  CCOpt flexible h-tree nets as a separate step after running the
       synthesize_ccopt_flexible_htrees command. The following use models  are
       supported:

              * Routing during H-tree syntheses:

                * create_ccopt_flexible_htree

                * synthesize_ccopt_flexible_htrees

              * Routing after H-tree synthesis (block level)

                * create_ccopt_flexible_htree

                * synthesize_ccopt_flexible_htrees -use_estimated_routes

                * route_ccopt_flexible_htrees

       Note: When using this command, the software expects the input routes of
       nets  in  the  flexible H-tree to be fully connected, as it is the case
       for routes  generated  by  synthesize_ccopt_flexible_htrees  -use_esti-
       mated_routes.  If  this expectation is not met, then unexpected results
       such as open nets may occur and you should check  for  connectivity-re-
       lated warnings in the log file.

Parameters
       -help  Outputs  a  brief description that includes type and default in-
              formation for each route_ccopt_flexible_htrees parameter. For  a
              detailed  description  of the command and all of its parameters,
              use the man command:

               man route_ccopt_flexible_htrees

       -nets <net>+
              Specifies a list of flexible h-tree nets to route. The specified
              nets must all have been created by  the  synthesize_ccopt_flexi-
              ble_htrees command.

              By default, the software automatically determines all the flexi-
              ble h-tree nets that need to be routed.

Related Information
              * create_ccopt_flexible_htree

              * synthesize_ccopt_flexible_htrees

              * The following chapter in the Innovus User Guide

                * Clock Tree Synthesis

              * You  can  also set the following properties on the flexible H-
                tree design objects by using the set_ccopt_property command:

              *

                * adjust_sink_grid_for_aspect_ratio

                * final_cell

                * flexible_htree

                * flexible_htree_placement_legalization_effort

                * htree_sinks

                * hv_balance

                * image_directory

                * inverting

                * layer_density

                * mode

                * omit_symmetry

                * partition_boundary_inverting

                * pin

                * power_weight

                * sink_grid

                * sink_grid_sink_area

                * sink_grid_box

                * sink_grid_exclusion_zones

                * sink_instance_prefix

                * stop_at_sdc_clock_roots

                * trunk_cell

       For detailed information about all public  CCOpt  properties,  see  the
       CCOpt  Properties  chapter  in the Innovus User Guide. You can also use
       the following command:

       get_ccopt_property -help <propertyName>

                           Fri Apr 04 01:25:3r7ou2t0e2_5ccopt_flexible_htrees(25.10)