Product Version     25.10    Cadence Design Systems, Inc.
unassignBump(25.10)                                        unassignBump(25.10)

Name
       unassignBump  -  Removes the Verilog signal names from bumps, which re-
       moves the connection between bumps and I/O pins

Syntax
       unassignBump

       [-help]

       {-allBumps | -byBumpName {<list>} | -byBumpSite {<list>} | -selected}

       Removes the Verilog signal names from bumps, which removes the  connec-
       tion between bumps and I/O pins. The original connection will remain in
       the  Verilog  and is connected when the bump is reassigned. If the bump
       is assigned, it will appear in the DEF  SPECIALNETS  section  with  the
       signal  (net)  name. Use this command after bumps are assigned with the
       assignBump command or defined in the I/O file with the signal name, but
       without the -fixed constraint.

Parameters
       -help  Outputs a brief description that includes type and  default  in-
              formation for each unassignBump parameter.

              For a detailed description of the command and all of its parame-
              ters, use the man command:

              man unassignBump

       -allBumps
              Removes  all  the connections between bumps and I/O pins and re-
              moves the signal assignment of the bumps.

       -byBumpName <list>
              Removes only the connections between bumps  and  I/O  pins  con-
              tained in the bump name list.

       -byBumpSite <list>
              Removes  only  the  connections  between bumps and I/O pins con-
              tained in the site list.

       -selected
              Specifies to unassign the bump(s) selected in the design in  the
              GUI.

Examples
              * The following command unassigns all of the bumps:

                unassignBump -allBumps

              * The  following  command  unassigns the (named) bumps bumpA and
                bumpB:

                unassignBump -byBumpName {bumpA bumpB}

Related Information
              * assignBump

              * checkBump

              * deleteBumps

              * Flip Chip Methodologies chapter of the User Guide

              * Tools Menu chapter of the Menu Reference

                * Flip Chip

                           Fri Apr 04 01:25:37 2025        unassignBump(25.10)