Product Version     25.10    Cadence Design Systems, Inc.
report_globals(25.10)                                    report_globals(25.10)

Name
       report_globals  -  Generates  a list of the officially supported global
       variables, with their current and default values

Syntax
       report_globals

       [-help]

       [<pattern>]

       [-add <global_name_list>]

       Generates a list of the officially  supported  global  variables,  with
       their current and default values.

       Note:  The  report_globals  command  is now obsolete. This command will
       continue to be supported in the current release, but will be removed in
       the next major release of the software. To search for global variables,
       you can use the find_global command.

Parameters
       -help  Prints out the command usage.

       -add <global_name_list>
              Adds the specified global variables to  the  generated  list  of
              supported global variables.

              When  you  use  this parameter, the global variables will be in-
              cluded in the generated list along  with  their  registered  and
              current values.

       <pattern>
              Reports  the  global variables that match the specified pattern.
              Pattern matching can be used for application as  well  as  user-
              specified  global variables (registered using the report_globals
              -add parameter).

                           Fri Apr 04 01:25:37 2025      report_globals(25.10)