Product Version     25.10    Cadence Design Systems, Inc.
timing_enable_latch_thru_mode(25.10)      timing_enable_latch_thru_mode(25.10)

Name
       timing_enable_latch_thru_mode

Syntax
       timing_enable_latch_thru_mode {true | false}

       Default: false

       Enables the latch through analysis mode in which timing paths can prop-
       agate  across  latches, depending on their arrival time with respect to
       the latch transparency window.

       When set to true, the arrival and required  times  will  be  propagated
       across  a  latch  if it is in transparent mode. The reporting will show
       the entire flow through the path, rather than individual segments. This
       allows the overall path slack to be  seen  through  upstream  borrowing
       latch  stages.  The timing analysis, timing optimization, and reporting
       will consider the sequence of borrowing latch stages as a single  path.
       As  a result, the timing optimization reaches the target slack by view-
       ing the entire path.

       This feature provides better visibility into  the  overall  context  of
       latch  path  timing  issues - for both the stage and path-level slacks.
       Additionally, this improves usability for debugging  and  manual  ECOs,
       and shows better quality of result for Tempus ECO timing closure.

       To set this global variable, use the set command.

                           Fri Apr 04 01:25t:i3m7in2g0_2e5nable_latch_thru_mode(25.10)