Product Version     25.10    Cadence Design Systems, Inc.
update_analysis_view(25.10)                        update_analysis_view(25.10)

Name
       update_analysis_view  -  Changes attribute values for the specified ex-
       isting analysis view

Syntax
       update_analysis_view

       [-help]

       -name <<existingAnalysisViewName>>

       {[-constraint_mode <<newModeName>>]

       [-delay_corner <<newDelayCornerObj>>]

       [-latency_file <<string>>]}

       Changes attribute values for the specified existing analysis view.

       You can update an analysis view before the multi-mode multi-corner def-
       inition file is loaded into the design, or after.  However,  after  the
       software  processes the file, any change to an existing object when the
       software is in multi-mode multi-corner mode results in the timing,  de-
       lay calculation, and RC data being reset.

Parameters
       -constraint_mode <newModeName>
              Specifies  the name of the new constraint mode to associate with
              this analysis view.

       -delay_corner <newDelayCornerObj>
              Specifies the name of the new delay calculation corner to  asso-
              ciate with this analysis view.

       -latency_file <<string>>
              Specifies the latency file name.

       -name <existingAnalysisViewName>
              Specifies the name of the existing analysis view to update.

Examples
              * The following command creates an analysis view called mission-
                Slow using the constraint mode missionSetup and the delay cal-
                culation corner dcWCCOM:

       create_analysis_view

       -name missionSlow

       -constraint_mode missionSetup

       -delay_corner dcWCCOM

              * The following command changes the delay calculation corner as-
                sociated with the analysis view missionSlow to dcMax:

       update_analysis_view -name missionSlow -delay_corner dcMax

Related Information
              * create_analysis_view

              * set_analysis_view

              * get_analysis_view

                           Fri Apr 04 01:25:37 2025update_analysis_view(25.10)