Product Version     25.10    Cadence Design Systems, Inc.
trim_pg_library(25.10)                                  trim_pg_library(25.10)

Name
       trim_pg_library  -  Specifies to remove a list of cells from the speci-
       fied PGV

Syntax
         trim_pg_library

       [-help]

       [-delete_cells <cell1> <cell2> ...]

       [-delete_cells_file <file_name>]

       -library_list_file <file_name>

       [-output <directory><_name>]

       -output_library <library><_name>

       Specifies to remove a list of cells from the specified PGV.  This  com-
       mand allows you to trim the size of a cell library by removing unwanted
       cells, which can reduce the overall time required for extraction.

Parameters
       -help  Outputs the command usage.

       -delete_cells <cell1> <cell2> ...
              Default: None

              Specifies  the  name  of a cell or a list of cells to be removed
              from the power-grid library.

       -delete_cells_file <file_name>
              Default: None

              Specifies the name of a file containing the list of  cells  (one
              per line) to be removed from the power-grid library.

              File Format:

              cell1

              cell2

              cell3

       -library_list_file <file_name>
              Default: None

              (Mandatory)  Specifies the name of a file containing the library
              or libraries (one per line) that are to be trimmed. If  multiple
              libraries  are  given,  Library  Generation  merges the multiple
              same-type power-grid libraries into one consolidated  power-grid
              library.

              File Format:

              PGV1

              PGV2

              PGV3

       -output <directory><_name>
              Default: current working directory

              Specifies  the name of the output directory in which the trimmed
              power-grid library will be created.

       -output_library <library><_name>
              Default: None

              (Mandatory) Specifies the name of the trimmed power-grid library
              created after removing the specified cells.

Examples
              * The following command removes the cell AND2X2 from the  power-
                grid libraries specified in the library_list.txt file and gen-
                erates one consolidated power-grid library trimlibrary:

                trim_pg_library   -library_list_file   library_list.txt  -out-
                put_library trimlibrary -delete_cells AND2X2

Related Information
              * merge_pg_library

              * "Power-Grid Library Generation" in the Voltus User Guide

                           Fri Apr 04 01:25:37 2025     trim_pg_library(25.10)