Product Version     25.10    Cadence Design Systems, Inc.
displayUserBundleNet(25.10)                        displayUserBundleNet(25.10)

Name
       displayUserBundleNet  - Displays flightlines for the specified net bun-
       dle

Syntax
       displayUserBundleNet

       [-help]

       [-keepExisting]

       -netBundle <bundleName>

       [-remove]

       Displays flightlines for the specified net bundle.  Bundled  nets  help
       you with data flow analysis before and after layout. Net bundles can be
       created and viewed in floorplan and amoeba views. When you run the dis-
       playUserBundleNet  command,  the software switches automatically to the
       net bundle mode and clears flightlines based on selection.

       You can create flight line net bundles  using  the  createUserBundleNet
       command and delete them using the deleteUserBundleNet command.

       Note: When selecting objects, you can choose to display flightlines for
       only  bundled nets by using the Only Show Net Bundle Flight Line option
       in the Preferences form. If this option is not selected, the net bundle
       flightlines are displayed along with other flightlines.

Parameters
       -help  Prints a brief description that includes type and default infor-
              mation for each displayUserBundleNet parameter.

              For a detailed description of the command and all of its parame-
              ters, use the man command:

              man displayUserBundleNet

       -keepExisting
              Retains existing net bundle  flightlines  while  displaying  the
              flightline of specified net bundles. If this option is not spec-
              ified, the command clears existing flightlines before displaying
              specified net bundle flightlines.

       -netBundle <bundleName>
              Specifies  the name of the net bundle whose flightlines you want
              to display. You can specify more than one net bundle.

       -remove
              Clears flightlines of specified  net  bundle  from  the  display
              area.  If no net bundle name is specified, all flightlines based
              on net bundles are removed.

              Note: This option only clears the flightlines of the net  bundle
              from  the display area. If you want to remove the net bundle it-
              self, use the deleteUserBundleNet command.

Examples
              * The following command displays flightlines of the  net  bundle
                bundle_1. Here, bundle_1 contains net_1, which is just between
                A and B, and net_2, which is just between B and C:

                displayUserBundleNet -netBundle bundle_1

              * The  following  command displays flightlines of the net bundle
                bundle_2 while retaining flightlines of bundle_1.  Here,  bun-
                dle_2 contains net_3, which is among B, C, and D:

                displayUserBundleNet -netBundle bundle_2 -keepExisting

                Note: The same flightlines could also be displayed in a single
                step by using the following command:

                displayUserBundleNet -netBundle {bundle_1 bundle_2}

Related Information
              * createUserBundleNet

              * deleteUserBundleNet

              * View Menu chapter of the Menu Reference

                * Preferences - Flightline

                           Fri Apr 04 01:25:37 2025displayUserBundleNet(25.10)