Product Version     25.10    Cadence Design Systems, Inc.
query_objects(25.10)                                      query_objects(25.10)

Name
       query_objects  - Displays the names of the objects contained inside the
       specified collection

Syntax
         query_objects

       [-help]

       <collection> [-limit <value>]

       Displays the names of the objects contained inside the  specified  col-
       lection.

       query_objects  displays  object names only. To return a tcl list of ob-
       ject names, the get_object_name command may be used instead.

Parameters
       -help  Prints out the command usage.

       <collection>
              Specifies the object collection for which to print names.

       -limit <value>
              Specifies the maximum number of object names to print. Specify a
              value of 0 to query the names of all of the objects in the  col-
              lection.

              Default: Prints the first 100 object names in the collection.

Examples
              * The  following  commands  create collections of pins and nets,
                add them together to create a new collection, and  prints  the
                names of the objects in the collection:

                set    pins   [get_pins   {i_block1/b1_Sin1   i_block1/b1_CLK1
                i_block1/b1_Sout1}]

                set nets [get_nets {Sin1 CLK1 Sout1}]

                add_to_collection newVar $pins

                add_to_collection newVar $cells

                query_objects $newVar

                The software returns the following information:

                i_block1/b1_Sin1 i_block1/b1_CLK1 i_block1/b1_Sout1 Sin1  CLK1
                Sout1

Related Information
              * get_object_name

                           Fri Apr 04 01:25:37 2025       query_objects(25.10)