Product Version     25.10    Cadence Design Systems, Inc.
get_ccopt_preferred_cell_stripe(25.10)  get_ccopt_preferred_cell_stripe(25.10)

Name
       get_ccopt_preferred_cell_stripe  -  Returns  a  list  of preferred cell
       stripes objects matching the supplied pattern

Syntax
       get_ccopt_preferred_cell_stripe

       [-help]

       [<pattern>]

       [-regexp]

       Returns a list of preferred cell stripes objects matching the  supplied
       pattern.

Parameters
       -help  Outputs  a  brief description that includes type and default in-
              formation for  each  get_ccopt_preferred_cell_stripe  parameter.
              For a detailed description of the command and all of its parame-
              ters, use the man command:  man get_ccopt_preferred_cell_stripe.

       <pattern>
              Specifies  the  pattern for preferred cell stripes to return. If
              not specified, all the preferred cell stripes objects that  sat-
              isfy the other conditions of the command will be returned.

       -regexp
              Specifies whether or not to use regular expression matching.

Example
              * The  following  command returns the list of all preferred cell
                stripes:

                get_ccopt_preferred_cell_stripe *

                stripes1 stripes2

Related Information
              * create_ccopt_preferred_cell_stripe

              * delete_ccopt_preferred_cell_stripe

              * The following chapter in the Innovus User Guide

                * Clock Tree Synthesis

                           Fri Apr 04 01:g2e5t:_3c7co2p0t2_5preferred_cell_stripe(25.10)