Product Version     25.10    Cadence Design Systems, Inc.
deselectBusGuide(25.10)                                deselectBusGuide(25.10)

Name
       deselectBusGuide - Deselects a bus guide segment

Syntax
       deselectBusGuide

       [-help]

       [-area <x1><y1><x2><y2>]

       [-netGroup {<netGroup> | {<list_of_net_groups>}}]

       [-layer {<id> | <id1>:<id2>}]

       [-direction {H | V}]

       [-all]

       Deselects a bus guide segment.

       If you do not specify any option, by default, the command deselects all
       the bus guide segments.

       Use this command after selecting a bus guide segment.

Parameters
       -all   Deselects all the bus guide segment in the design.

       -area <x1><y1><x2><y2>
              Specifies  the  coordinates of the area from which the bus guide
              segments are deselected.

       -direction {H | V}
              Specifies the direction of the bus guide  segment  to  deselect.
              This can be H (horizontal) or V (vertical).

       -help  Outputs  a  brief description that includes type and default in-
              formation for each deselectBusGuide parameter.

              For a detailed description of the command and all of its parame-
              ters, use the man command:

              man deselectBusGuide.

       -layer {<id> | <id1>:<id2>}
              Specifies the layer or layer range from which bus guide segments
              are deselected.

              The command deselects bus guide segments with the  exact  speci-
              fied layer information and not a subset of it.

              For  example,  for a bus guide segment with layer constraint 2:5
              if you specify -layer 5, the segment is not deselected. To dese-
              lect this guide segment you need  to  specify  -layer  2:5  com-
              pletely.

       -netGroup {<netGroup>| {<list_of_net_groups>}}
              Specifies  the  name of the net group or list of net groups from
              which the bus guide segments are deselected.

              You can also use wildcard (* or ?) for specifying the net  group
              name.

Example
       The  following  command deselects all the bus guide segments associated
       with the net group abcBus that has layer constraint  from  metal  3  to
       metal 7:

       deselectBusGuide -netGroup abcBus -layer 3:7

Related Information
              *

                selectBusGuide

              * selectBusGuideSegment

              *

                Bus Planning chapter in the User Guide

                * Creating a Bus Guide

              * Edit Menu chapter in the Menu Reference

                * Bus Guide

                           Fri Apr 04 01:25:37 2025    deselectBusGuide(25.10)