Product Version     25.10    Cadence Design Systems, Inc.
getBudgetingMode(25.10)                                getBudgetingMode(25.10)

Name
       getBudgetingMode - Displays the following information about a specified
       budgeting  mode  parameter  in  the Innovus log file and in the Innovus
       console

Syntax
       getBudgetingMode

       [-help]

       [-abutted]

       [-accumulated]

       [-boundaryConditionTemplatePath]

       [-bufferDelayLibCell]

       [-bufferDelaySelectionEffort]

       [-ccd]

       [-constantModel]

       [-distributeMMMC]

       [-dontWriteWireLoad]

       [-driveConstraint]

       [-fixTopLevelPaths]

       [-handleComplexSDC]

       [-honorPortBoundaryCondition]

       [-honorPortDelays]

       [-honorReportTimingFormat]

       [-ignoreDontTouch]

       [-includeLatency]

       [-includeWireLoadsInLib]

       [-inputLoad]

       [-justify]

       [-justifyBudgetDir]

       [-keepPinListsForBlockPorts]

       [-latencyOnClocks]

       [-localLatency]

       [-localUncertainty]

       [-makeNegativeInputDelayZero]

       [-makeReducedTimingGraph]

       [-masterClone]

       [-noFalsePathsForUnCstrPorts]

       [-noSetupView]

       [-noHoldView]

       [-reportOrModifyBudget]

       [-rptNegSlackOnPorts]

       [-sdcContents]

       [-stageBasedFanoutDrivingFactor]

       [-stageBasedPartitionMultiplier]

       [-stageBasedWeight]

       [-useBoundaryCondition]

       [-virtualClock]

       [-virtualOptEngine]

       [-writeConstraintsForClkOutputPorts]

       [-writeFPForHold]

       [-writeLatencyPerClock]

       [-quiet]

       Displays the following information about a specified budgeting mode pa-
       rameter in the Innovus log file and in the Innovus console.

              * Parameter name

              * Current value

              * Type (Boolean, string, and so on)

              * Whether the current value was set by user

       If you do not specify a parameter, the  software  displays  information
       for all of the budgeting mode parameters.

Parameters
       <-parameter_names>
              Displays information for the specified parameters. You can spec-
              ify one or more parameters.

              See  setBudgetingMode for descriptions of the budgeting mode pa-
              rameters you can specify.

       -quiet Displays the current settings for the  specified  parameters  in
              Tcl list format only.

              If  you specify -quiet without any parameters, the software dis-
              plays the current settings of all setBudgetingMode parameters in
              Tcl list format.

Examples
              * The following command displays the  current  setting  for  the
                -masterClone parameter:

                getBudgetingMode -masterClone

                The software displays the following information:

                -masterClone masterOnly # enums={masterOnly merged uniqueView-
                PerHInst}, default=masterOnly

                masterOnly

              * The  following  command  displays  the current setting for the
                -abutted parameter in Tcl list format:

                getBudgetingMode -abutted -quiet

                The software displays the following information:

                 false

              * The following command displays the current  settings  for  the
                -localLatency and -localUncertainty parameters:

                getBudgetingMode -localLatency -localUncertainty

                The software displays the following information:

                -localLatency false # bool, default=false

                -localUncertainty false # bool, default=false

                {localLatency false} {localUncertainty false}

Related Information
       The Timing Budgeting chapter of the User Guide document.

                           Fri Apr 04 01:25:37 2025    getBudgetingMode(25.10)