Product Version     25.10    Cadence Design Systems, Inc.
compare_model_timing(25.10)                        compare_model_timing(25.10)

Name
       compare_model_timing - Compares two reports that contain interface tim-
       ing characteristics generated by the write_model_timing command

Syntax
       compare_model_timing

       [-help]

       [-absolute_cap_tolerance <<float>>]

       [-absolute_tolerance <<float>>]

       [-absolute_tolerance_optimistic <<float>>]

       [-absolute_tolerance_pessimistic <<float>>]

       [-absolute_tran_tolerance <<float>>]

       -compare <<string>>

        [-ignore_view]

       -outFile <<string>>

       [-percent_cap_tolerance <<float>>]

       [-percent_tolerance <<float>>]

       [-percent_tolerance_optimistic <<float>>]

       [-percent_tolerance_pessimistic <<float>>]

       [-percent_tran_tolerance <float>]

        -ref <<string>>

       Compares two reports that contain interface timing characteristics gen-
       erated by the write_model_timing command.

       This  command  compares  the interface timing report generated by using
       the write_model_timing command on the original netlist with the  timing
       report  generated  by using the write_model_timing command on the model
       extracted by the do_extract_model command for the same design.

Parameters
       -help  Outputs a brief description that includes type and  default  in-
              formation  for  each  compare_model_timing  parameter. For a de-
              tailed description of the command and all of its parameters, use
              the man command: man compare_model_timing.

       -absolute_cap_tolerance <value>
              Specifies the tolerance value for capacitance  (as  an  absolute
              value)  while  comparing two report files. This parameter speci-
              fies the permissible difference, as an absolute  value,  between
              the capacitance values of two report files. If the difference in
              the  value  of  capacitance exceeds the absolute tolerance value
              specified, the comparison status is set to FAIL.

              Note: When this parameter is not specified,  the  software  uses
              the  absolute value specified with the -absolute_tolerance para-
              meter. If the -absolute_tolerance parameter  is  not  specified,
              the value defaults to 0.

              Note:  When  the -percent_cap_tolerance and -absolute_cap_toler-
              ance parameters are used together, the comparison status is  set
              to FAIL only when the difference in the value of capacitance ex-
              ceeds  the  specified  absolute  as well as percentage tolerance
              values.

       -absolute_tolerance <tolerance_value>
              Specifies the absolute tolerance value. The tolerance  value  is
              used  when there is a difference between the timing characteris-
              tics of the reference file (-ref) and the  file  that  is  being
              compared  (-compare) to determine the PASS or FAIL status of the
              comparison. If the difference in the value of a  timing  charac-
              teristic  exceeds  the  absolute tolerance value, the comparison
              status is set to FAIL.

              Note: When used with the -percent_tolerance option, the  differ-
              ence  in the value of a timing characteristic should exceed both
              absolute and percentage tolerance values for the comparison  re-
              sult status of an arc to be FAIL.

              Default: 0

       -absolute_tolerance_optimistic <<float>>
              Specifies  the  absolute  tolerance  limit for flagging an opti-
              mistic failure. An optimistic path violating absolute as well as
              percentage tolerance limit will be flagged as FAIL in the report
              output.

              Default: 10ps

       -absolute_tolerance_pessimistic <float>
              Specifies the absolute  tolerance  limit  for  flagging  a  pes-
              simistic  failure. A pessimistic path violating absolute as well
              as percentage tolerance limit will be flagged as FAIL in  report
              output.

              Default: 10ps

       -absolute_tran_tolerance <value>
              Specifies  the  tolerance value for transition time at ports (as
              an absolute value) while comparing two report files. This  para-
              meter  specifies  the  permissible  difference,  as  an absolute
              value, between the transition time at ports of two report files.
              If the difference in the transition time  exceeds  the  absolute
              tolerance value specified, the comparison status is set to FAIL.

              When  the  -percent_tran_tolerance  and -absolute_tran_tolerance
              parameters are used together, the comparison status  is  set  to
              FAIL only when the difference in the value of transition exceeds
              the specified absolute as well as percentage tolerance values.

              Note:  When  this  parameter is not specified, the software uses
              the absolute value specified with the -absolute_tolerance  para-
              meter.  If  the  -absolute_tolerance parameter is not specified,
              the value defaults to 0.

       -compare <filename>
              Specifies the name of the report file that contains  the  inter-
              face timing characteristics extracted from the model created us-
              ing  the do_extract_model command. The timing characteristics of
              this file are compared with the timing  characteristics  of  the
              reference file that you specify with the -ref option.

       -ignore_view
              Compares  non-MMMC  design write_model_timing output report with
              the MMMC design output report (of write_model_timing command).

              When you specify this parameter, the software ignores  the  view
              information  while  comparing the reports. So you do not require
              to create dummy views for timing model validation flow.

       -outFile <output_filename>
              Specifies the name of the output file in  which  the  comparison
              results  will  be generated. This file contains the PASS or FAIL
              status for the timing data comparison.

       -percent_cap_tolerance <value>
              Specifies the tolerance value for capacitance (as a  percentage)
              while  comparing  two report files. This parameter specifies the
              permissible difference, in percentage, between  the  capacitance
              values  of two report files. If the percentage difference in the
              value of capacitance  exceeds  the  percentage  tolerance  value
              specified, the comparison status is set to FAIL.

              When  the -percent_cap_tolerance and -absolute_cap_tolerance pa-
              rameters are used together, the comparison status is set to FAIL
              only when the difference in the value of capacitance exceeds the
              specified absolute as well as percentage tolerance values.

              Note: When this parameter is not specified,  the  software  uses
              the percentage value specified with the -percent_tolerance para-
              meter.  If  the   -percent_tolerance parameter is not specified,
              the value defaults to  0.

       -percent_tolerance <tolerance_value>
              Specifies the percentage tolerance value for comparing the  tim-
              ing  data of two report files. The percentage tolerance value is
              used when there is a difference between the timing  characteris-
              tics  of  the  reference  file (-ref) and the file that is being
              compared (-compare) to determine the PASS or FAIL status of  the
              comparison.  If the percentage difference in the value of a tim-
              ing characteristic exceeds the percentage tolerance  value,  the
              comparison status is set to FAIL.

              Note: When used with the -absolute_tolerance option, the differ-
              ence  in the value of a timing characteristic should exceed both
              percentage and absolute tolerance values for the comparison  re-
              sult status of an arc to be FAIL.

              Default: 0

       -percent_tolerance_optimistic <<float>>
              Specifies  the  percentage tolerance limit for flagging an opti-
              mistic failure. An optimistic path violating percentage as  well
              as  absolute  tolerance limit will be flagged as FAIL in the re-
              port output.

              Default: 5%

       -percent_tolerance_pessimistic <float>
              Specifies the percentage tolerance limit  for  flagging  a  pes-
              simistic  failure.  A  pessimistic  path violating percentage as
              well as absolute tolerance limit will be flagged as FAIL in  the
              report output.

              Default: 5%

       -percent_tran_tolerance <value>
              Specifies the tolerance value for transition time at ports (as a
              percentage)  while  comparing  two  report  files.This parameter
              specifies the permissible difference, in percentage, between the
              transition time at ports of two report files. If the  percentage
              difference  in the transition time exceeds the percentage toler-
              ance value specified, the comparison status is set to FAIL.

              When the -percent_tran_tolerance and

              -absolute_tran_tolerance parameters are used together, the  com-
              parison  status  is  set to FAIL only when the difference in the
              value of transition exceeds the specified absolute  as  well  as
              percentage tolerance values.

              Note:  When  this  parameter is not specified, the software uses
              the percentage value specified with the -percent_tolerance para-
              meter. If the -percent_tolerance parameter is not specified, the
              value defaults to 0.

       -ref <reference_filename>
              Specifies the name of the reference file that is used  for  com-
              parison. This is the report file that was generated by using the
              write_timing_model command on the original design.

              The  file  specified  with  the -compare option is compared with
              this file.

Examples
              * The following command compares the timing  characteristics  of
                the sample_compare.rpt file with the sample_reference.rpt file
                and  generates the comparison results in the sample_output.rpt
                file:

                 compare_model_timing -ref sample_reference.rpt -compare  sam-
                ple_compare.rpt

                -outFile sample_output.rpt

                ###############################################################

                # compare_model_timing report

                # Design : netlist = topcell =

                # Version : 07.10-dev.indfe_cm

                # Analysis Mode : setup

                # Date : Wed Mar 14 15:56:59 IST 2007

                ##############################################################

                #Section 1: Worst-case Arc-Delay

                #Tolerance Percent: 0.0%

                #Tolerance Absolute: 0.0

                #NOTE:  The  various  columns  list values in the form 'X[Y]',
                where:

                # X = value that is compared.

                # Y = reference value.

                #NOTE2: If a comparison fails (ie. status =  FAIL),  then  the
                clauses

                #  (ie.  'X[Y]'  pairs) that caused the failure are identified
                with

                # a '*' in front of them.

                #From   To    Arc-Type    Transition    Arc-Delay      abdDiff
                %Diff  Status

                ################################################################

                in      CLK3    setup       fall/rise    0.134[0.134]    0.000
                0.000%  PASS

                in      CLK3    setup       rise/rise   -0.005[-0.005]   0.000
                -0.000%  PASS

                ################################################################

                #Section 2: Pin-capacitances

                #Tolerance: 0.0%

                #NOTE:  The  various  columns  list values in the form 'X[Y]',
                where:

                # X = value that is compared.

                # Y = reference value.

                #NOTE2: If a comparison fails (ie. status =  FAIL),  then  the
                clauses

                #  (ie.  'X[Y]'  pairs) that caused the failure are identified
                with

                # a '*' in front of them.

                #

                #Pin C(total)[rise]  C(total)[fall] Status

                ###############################################################

                clk   0.002[0.002]  0.002[0.002]    PASS

                in    0.002[0.002]  0.002[0.002]    PASS

                out   0.000[0.000]  0.000[0.000]    PASS

                ################################################################

                #Section 3: Transition-times

                #Tolerance: 0.0%

                #NOTE: The various columns list values  in  the  form  'X[Y]',
                where:

                # X = value that is compared.

                # Y = reference value.

                #

                #NOTE2:  If  a  comparison fails (ie. status = FAIL), then the
                clauses

                # (ie. 'X[Y]' pairs) that caused the  failure  are  identified
                with

                # a '*' in front of them.

                #

                #Pin   Rise        Fall         Status

                #################################################################

                clk   0.000[0.000] 0.000[0.000] PASS

                in    0.000[0.000] 0.000[0.000] PASS

                out   0.056[0.056] 0.051[0.051] PASS

                #################################################################

                #Section 4: Design Rules

                #Tolerance: 0.0%

                #NOTE:  The  various  columns  list values in the form 'X[Y]',
                where:

                # X = value that is compared.

                # Y = reference value.

                #NOTE2: If a comparison fails (ie. status =  FAIL),  then  the
                clauses

                #  (ie.  'X[Y]'  pairs) that caused the failure are identified
                with

                # a '*' in front of them.

                #

                #Pin    MaxCap    MinCap    MaxTrans     MaxFanout     Fanout-
                Load    Status

                #########################################################################

                clk      NA[NA]      NA[NA]    NA[NA]      NA[NA]       NA[NA]
                PASS

                in      NA[NA]     NA[NA]    NA[NA]       NA[NA]        NA[NA]
                PASS

                out      NA[NA]      NA[NA]    NA[NA]      NA[NA]       NA[NA]
                PASS

                #########################################################################

                # SUMMARY

                #

                # Check-Type Passed Failed N/A Total

                ###################################################################

                Worst-Slacks 2 0 0 2

                Capacitances 3 0 0 3

                Trans-Times 3 0 0 3

                Design-Rules 3 0 0 3

              * The following example shows comparison report for tolerance:

                compare_model_timing -ref sample_reference.rpt  -compare  sam-
                ple_compare.rpt -outFile sample_output.rpt

                #####################################################################################################################

                #Section 1:Worst Case Slacks

                #Tolerance Percent Optimistic: 5%

                #Tolerance Percent Pessimistic: 5%

                #Tolerance Absolute Optimistic: 0.01

                #Tolerance Absolute Pessimistic: 0.01

                #NOTE:  The  various  columns  list values in the form 'X[Y]',
                where:

                #      X = value that is compared.

                #      Y = reference value.

                #NOTE2: If a comparison fails (ie. status =  FAIL),  then  the
                clauses

                #    (ie. 'X[Y]' pairs) that caused the failure are identified
                with

                #    a '*' in front of them.

                #

                #Status          Arc-Type        Trans      abdDiff      %Diff
                Slack          From-->To

                #####################################################################################

                PASS[P]        max_com          f_f        0.000        0.000%
                0.288[0.288]   clk-->out3

                PASS[P]        pulse_width      f_r        0.000        0.000%
                0.300[0.300]   CLK-->CLK

                PASS[P]        pulse_width      r_f        0.000        0.000%
                0.300[0.300]   CLK-->CLK

                PASS[P]        max_seq          r_f        0.000        0.000%
                0.724[0.724]   CLK-->out2

                PASS[P]        max_com          r_r        0.000        0.000%
                0.788[0.788]   clk-->out3

                PASS[P]        max_com          f_f        0.000        0.000%
                0.688[0.688]   in1-->out1

                PASS[P]        setup            f_r        0.000        0.000%
                0.876[0.876]   in2-->CLK

                PASS[P]        max_com          r_r        0.000        0.000%
                0.688[0.688]   in1-->out1

                PASS[P]        max_seq          r_r        0.000        0.000%
                0.729[0.729]   CLK-->out2

                PASS[P]        setup            r_r        0.000        0.000%
                0.863[0.863]   in2-->CLK

                #####################################################################################

                #Section 2:Transition time

                #Tolerance Percent: 5%

                #Tolerance Absolute: 0.01

                #NOTE: The various columns list values  in  the  form  'X[Y]',
                where:

                #      X = value that is compared.

                #      Y = reference value.

                #NOTE2:  If  a  comparison fails (ie. status = FAIL), then the
                clauses

                #    (ie. 'X[Y]' pairs) that caused the failure are identified
                with

                #    a '*' in front of them.

                #

                #Pin       Rise           Fall             Status

                ###################################################

                clk       0.004[0.004]    0.004[0.004]     PASS

                out1      0.005[0.005]    0.005[0.005]     PASS

                out2      0.005[0.005]    0.005[0.00       PASS

                out3      0.005[0.005]    0.005[0.005      PASS

                in1       0.004[0.004]    0.004[0.004      PASS

                in2       0.004[0.004]    0.004[0.004      PASS

                ###################################################

                #Section 3:Capacitance

                #Tolerance Percent: 5%

                #Tolerance Absolute: 0.01

                #NOTE: The various columns list values  in  the  form  'X[Y]',
                where:

                #      X = value that is compared.

                #      Y = reference value.

                #NOTE2:  If  a  comparison fails (ie. status = FAIL), then the
                clauses

                #    (ie. 'X[Y]' pairs) that caused the failure are identified
                with

                #    a '*' in front of them.

                #

                #Pin        C(total)[rise]   C(total)[fall]   Status

                #######################################################

                clk         0.002[0.002]     0.002[0.002]     PASS

                out1        0.000[0.000]     0.000[0.000]     PASS

                out2        0.000[0.000]     0.000[0.000]     PASS

                out3        0.000[0.000]     0.000[0.000]     PASS

                in1         0.001[0.001]     0.001[0.001]     PASS

                in2         0.001[0.001]     0.001[0.001]     PASS

                #######################################################

                #Section 4:Design Rules

                #Tolerance Percent: 5%

                #Tolerance Absolute: 0.01

                #NOTE: The various columns list values  in  the  form  'X[Y]',
                where:

                #      X = value that is compared.

                #      Y = reference value.

                #NOTE2:  If  a  comparison fails (ie. status = FAIL), then the
                clauses

                #    (ie. 'X[Y]' pairs) that caused the failure are identified
                with

                #    a '*' in front of them.

                #

                #Pin                  MaxCap          MinCap          MaxTrans
                MaxFanout

                    FanoutLoad              Status

                #########################################################################

                clk                  INFY[INFY]      INFY[INFY]     INFY[INFY]
                INFY[INFY]

                   0.000[0.000]             PASS

                out1                INFY[INFY]      INFY[INFY]      INFY[INFY]
                INFY[INFY]

                   0.000[0.000]             PASS

                out2                 INFY[INFY]      INFY[INFY]     INFY[INFY]
                INFY[INFY]

                   0.000[0.000]             PASS

                out3                INFY[INFY]      INFY[INFY]      INFY[INFY]
                INFY[INFY]

                   0.000[0.000]             PASS

                in1                  INFY[INFY]      INFY[INFY]     INFY[INFY]
                INFY[INFY]

                   0.000[0.000]             PASS

                in2                 INFY[INFY]      INFY[INFY]      INFY[INFY]
                INFY[INFY]

                   0.000[0.000]             PASS

                ########################################################################

                #Worst optimistic outlier:

                #######################################################################

                ######################################################################################

                #Worst pessimistic outlier:

                ######################################################################################

                ######################################################################################

                # SUMMARY

                #NOTE:   a/b   represents  number  failing  paths  with  opti-
                mistic/pessimistic slack in ETM

                #

                #Check-Type         Passed      Failed      N/A      Total

                #############################################################

                Worst-Slacks        10          0(0/0)      0        10

                Trans-Times         6           0           0        6

                Capacitances        6           0           0        6

                Design-Rules        6           0           0        6

                =============================================================

Related Information
              * merge_model_timing

              * write_model_timing

                           Fri Apr 04 01:25:37 2025compare_model_timing(25.10)