Product Version     25.10    Cadence Design Systems, Inc.
reportNetGroup(25.10)                                    reportNetGroup(25.10)

Name
       reportNetGroup  -  Creates  a report that contains net groups and their
       nets

Syntax
       reportNetGroup

       [-help]

       [-outfile <fileName>]

       Creates a report that contains net groups and their nets. You  can  use
       this command after importing the design.

Parameters
       -help  Outputs  a  brief description that includes the type and default
              information for each reportNetGroup parameter.  For  a  detailed
              description  of  the  command and all of its parameters, use the
              man command:

              man reportNetGroup

       -outfile <fileName>
              Specifies the report filename. If no filename is specified,  the
              report is printed to the console window.

              Data_type: string, optional

Example
       Check the bump assignment and send the report to netGrp.rpt:

       reportNetGroup -outfile netGrp.rpt

       The  output format is the same as the NetGroup section of the floorplan
       file:

       # NetGroup Report File

       NetGroup: netGroupName_one

           GroupNet net_name_01_in_netGroupName_one

           GroupNet net_name_02_in_netGroupName_one

       NetGroup: netGroupName_two

           GroupNet net_name_01_in_netGroupName_two

           GroupNet net_name_02_in_netGroupName_two

Related Information
              * createNetGroup

              * addNetToNetGroup

              * deleteNetGroup

              * deleteNetFromNetGroup

              * Partitioning the Design chapter in the Innovus User Guide

              * Floorplanning the Design chapter in the Innovus User Guide

                           Fri Apr 04 01:25:37 2025      reportNetGroup(25.10)