Product Version     25.10    Cadence Design Systems, Inc.
timing_ignore_..._rc_assertions(25.10)  timing_ignore_..._rc_assertions(25.10)

Name
       timing_ignore_lumped_rc_assertions

Syntax
        timing_ignore_lumped_rc_assertions

       {true | false}

       Default: false

       When  set to false, the set_load and set_resistance values override the
       actual extracted representation. A warning message  is  issued  stating
       that the specified constraints on internal nets will override extracted
       parasitics on those nets.

       When set to true, instructs the software to ignore set_load and set_re-
       sistance  assertions on internal nets in the design. Parasitic data for
       internal nets normally should be provided by Innovus RC extraction,  or
       external SPEF annotation.

       Using set_load to specify I/O boundary loading on ports is supported by
       either setting of this global.

       To set this global variable, use the set_global command.

                           Fri Apr 04 01:t2i5m:i3n7g_2i0g2n5ore_..._rc_assertions(25.10)