Product Version     25.10    Cadence Design Systems, Inc.
unfixAllIos(25.10)                                          unfixAllIos(25.10)

Name
       unfixAllIos - Changes the status of all I/Os from FIXED to PLACED

Syntax
        unfixAllIos

       [-help]

       [-incAreaIo]

       Changes  the  status of all I/Os from FIXED to PLACED. If any I/O has a
       status other than fixed prior to running this command, that status will
       be retained. You can use this command after importing the design.

Parameters
       -help  Outputs a brief description that includes the type  and  default
              information  for  each unfixAllIos parameter. For a detailed de-
              scription of the command and all of its parameters, use the  man
              command:

              man unfixAllIos

       -incAreaIo
              Changes  the  status  of all CLASS PAD AREAIO cells from a FIXED
              state to a PLACED state.

              Data_type: bool, optional

Examples
              * The following command changes the status of all I/O  pins  and
                I/O cells from a FIXED state to a PLACED state:

                unfixAllIos

              * The  following command changes the status of all I/O pins, I/O
                cells, and all CLASS PAD AREAIO cells from a FIXED state to  a
                PLACED state:

                unfixAllIos -incAreaIo

Related Information
              * fixAllIos

              * Floorplanning the Design chapter in the Innovus User Guide

              * Data Preparation chapter in the Innovus User Guide

                * Performing Area I/O Placement

                           Fri Apr 04 01:25:37 2025         unfixAllIos(25.10)