Product Version     25.10    Cadence Design Systems, Inc.
gui_select(25.10)                                            gui_select(25.10)

Name
       gui_select - Selects objects as per the parameters you specify

Syntax
       gui_select

       [-help]

       {-point {x y} |

       -line {x1 y1 x2 y2} |

       -rect {x1 y1 x2 y2}}

       [-toggle  | -append  | -next]

       [-point {x y} [-next ]]

       Selects objects as per the parameters you specify. Use -point to select
       the  object  at  the  specified coordinate, -line to select the objects
       through which the specified line passes, or -rect to select the objects
       falling within the specified box coordinates.

Parameters
       -help  Prints a brief description that includes type and default infor-
              mation for each gui_select parameter.

              For a detailed description of the command and all of its parame-
              ters, use the man command:

              man gui_select

       -append
              Appends to the existing selection. This is equivalent to  press-
              ing the Shift key while selecting an object using the GUI.

       -line {x1 y1 x2 y2}
              Selects  by  line.  Use  this  parameter  to  select the objects
              through which the specified line passes.

       -next  Steps to next object under point. This is same  as  using  space
              bar while selecting an object using the GUI.

       -point {x y}
              Selects the object at the specified point.

       -rect {x1 y1 x2 y2}
              Selects by box. Use this parameter to select the objects falling
              within the specified rectangular area.

       -toggle
              Toggles  the  selection. This is equivalent to pressing the Ctrl
              key while selecting an object using the GUI.

Examples
              *

                The following command selects the objects that are totally en-
                closed within the box defined by the coordinates (x = 10, y  =
                200 ) and ( x = 100, y = 50 ):

                gui_select -rect {10 200 100 50}

              *

                The  following  command selects all the objects falling across
                the specified line coordinates:

                gui_select -line {168.654 994.049 688.129 436.224}

              * The following command selects the objects crossed by the spec-
                ified line and appends them to the current selection:

                gui_select -line {169.622 996.049 698.290 446.240} -append

              * The following command toggles the selection on the objects  in
                the  specified bounding box. If the objects are previously se-
                lected, the command deselects them and vice versa:

                gui_select -rect {10 200 100 50} -toggle

Related Information
              * deselect_obj

              * gui_deselect

              * lineSelect

              * select_obj

              * windowSelect

              * The Main Window chapter in Menu Reference

                * Tool Box Widgets

                           Fri Apr 04 01:25:37 2025          gui_select(25.10)