Product Version     25.10    Cadence Design Systems, Inc.
timing_cppr_sk..._reconvergence(25.10)  timing_cppr_sk..._reconvergence(25.10)

Name
       timing_cppr_skip_clock_reconvergence

Syntax
       timing_cppr_skip_clock_reconvergence {true | false}

       Default: false

       Specifies  the  branch  point to use for computing clock path pessimism
       removal (CPPR) adjustment when there  is  reconvergence  in  the  clock
       tree.

       When  set  to  false, the software uses the branch point closest to the
       register clock pins where the clocks reconverge. When set to true,  the
       software  uses  the  farthest branch point from the register clock pins
       (that is, the branch point closest to the  clock  root  pin  where  the
       clocks diverge).

       Note:  The  timing_cppr_skip_clock_reconvergence and timing_enable_pes-
       simistic_cppr_for_reconvergent_clock_paths global variables  are  mutu-
       ally exclusive.

       Also,  the  timing_cppr_skip_clock_reconvergence  global  variable  has
       precedence      over       timing_enable_pessimistic_cppr_for_reconver-
       gent_clock_paths.

       To set this global variable, use the set command.

                           Fri Apr 04 01:t2i5m:i3n7g_2c0p2p5r_sk..._reconvergence(25.10)