Product Version     25.10    Cadence Design Systems, Inc.
reportLegalWireWidthForBump(25.10)          reportLegalWireWidthForBump(25.10)

Name
       reportLegalWireWidthForBump  - Reports two legal widths for a 45-degree
       wire to connect to the 45-degree side of an octagon-shaped bump in  the
       wire editor

Syntax
       reportLegalWireWidthForBump

       [-help]

       -location <x y>

       -width <value>

       Reports  two legal widths for a 45-degree wire to connect to the 45-de-
       gree side of an octagon-shaped bump in the wire editor.

Parameters
       -help  Prints out the command usage.

       -location <x y>
              Specifies the location inside the bump near the (45-degree) side
              of the connection (point, required).

       -width <value>
              Sets the initial width value of the 45-degree wire in microns.

Example
              * The following command reports two legal widths for a 45-degree
                wire to connect to the 45-degree  side  of  an  octagon-shaped
                bump  at  the  specified  location  with the specified initial
                width:

                reportLegalWireWidthForBump  -location  681.83  777.28  -width
                9.25

                The reported values are:

                9.230000 9.260000

Related Information
              * Editing Wires chapter in the User Guide

              * Edit Menu chapter in the Menu Reference

                * Wire section

                           Fri Apr 04 01:25:3r7ep2o0r2t5LegalWireWidthForBump(25.10)