Product Version     25.10    Cadence Design Systems, Inc.
clock_opt_design(25.10)                                clock_opt_design(25.10)

Name
       clock_opt_design  -  The  clock_opt_design  command is used in place of
       ccopt_design when the input DB is place_opt_design V2  (PODV2  or  pod-
       turbo)

Syntax
       clock_opt_design

       [-help]

       [-check_cts_config]

       [-cts]

       [-expandedViews]

       [-num_paths number_of_paths]

       [-out_dir dirname]

        [-prefix fileNamePrefix]

       [-timing_debug_report]

       The  clock_opt_design command is used in place of ccopt_design when the
       input DB is place_opt_design V2 (PODV2 or pod-turbo). It performs clock
       concurrent optimization (CCOpt) on the current  loaded  design  in  In-
       novus.  CCOpt  optimizes  both  the clock tree and the datapath to meet
       global timing constraints. The only difference between  this  flow  and
       the  ccopt_design flow is that clock_opt_design has legalization at the
       beginning to remove overlapping caused by PODV2 optimization.

       In this flow, the commands, place_opt_design and  clock_opt_design  are
       used  in  combination. This means that the clock_opt_design command can
       only be used  with  the  place_opt_design  V2  (PODV2),  which  is  the
       place_opt_design command that is run after enabling the PODV2 flow.

       For details of the flow, see The clock_opt_design Flow.

Parameters
       -help  Outputs  a  brief description that includes type and default in-
              formation for each clock_opt_design parameter.  For  a  detailed
              description  of  the  command and all of its parameters, use the
              man command:  man clock_opt_design.

       -check_cts_config
              Checks that all the prerequisites for running clock tree synthe-
              sis are fulfilled without actually doing CTS.  For  example,  it
              checks  that  the  design is loaded, and the options set by that
              the user are correct. There are no changes made to the design

       -cts   Turns off clock concurrent optimization, and performs only clock
              tree synthesis (CTS) using the CCOpt engine. It does not perform
              any datapath optimization or useful skew.

       -expandedViews
              This parameter is not interpreted in CCOpt but  passed  directly
              to  optDesign.  The parameter is same as optDesign-expandedViews
              parameter, which is specified to generate detailed view-specific
              timing reports at the end of the optDesign command run.

       -num_paths <number_of_paths>
              Specifies the number of paths generated in the  timing  reports.
              By default, all timing paths are reported.

       -out_dir <dirname>
              This parameter specifies the directory where the software writes
              timing reports that are generated after timing optimization.

              The default directory is ./timingReports

       -prefix <fileNamePrefix>
              Specifies a prefix for optDesign report file names.

              Default:  DesignName_DesignStage  , where DesignStage is preCTS,
              postCTS, or postRoute

       -timing_debug_report
              When specified, generates a machine-readable timing debug report
              after completing CTS. This report is used for  debugging  timing
              results using the timing debug feature in Innovus. The number of
              paths to be reported can be specified using the -num_paths para-
              meter.

Examples
              * The  following  command runs a complete CCOpt optimization for
                the podV2 flow:

                clock_opt_design

Related Information
              * ccopt_design

              * create_ccopt_clock_tree_spec

              * optDesign

              * place_opt_design

              * The following topic in the Innovus User Guide

                * Flow and Quick Start for CTS

                           Fri Apr 04 01:25:37 2025    clock_opt_design(25.10)