Product Version     25.10    Cadence Design Systems, Inc.
reset_ccopt_config(25.10)                            reset_ccopt_config(25.10)

Name
       reset_ccopt_config

Syntax
       reset_ccopt_config

       [-help]

       [-preserve_sink_insertion_delays]

       Resets  the CCOpt configuration. The command functions in the same man-
       ner as the delete_ccopt_clock_tree_spec command, but also takes out all
       values set using the set_ccopt_property command. This command basically
       wipes out all CCOpt-specific data in Innovus. However, you can preserve
       the pin insertion delays on clock tree sinks by  specifying  the  -pre-
       serve_sink_insertion_delays parameter.

Parameter
       -help  Outputs a brief description of the reset_ccopt_config parameter.
              For a detailed description of the command and all of its parame-
              ters, use the man command:

               man reset_ccopt_config

       -preserve_sink_insertion_delays
              When specified, preserves pin insertion delays currently config-
              ured on clock tree sinks.

Example
              *

                The following command resets the CCOpt configuration:

                reset_ccopt_config

Related Information
              * delete_ccopt_clock_tree_spec

              * restore_ccopt_config

              * save_ccopt_config

              * set_ccopt_property

              * The following chapter in the Innovus User Guide

                * Clock Tree Synthesis

                           Fri Apr 04 01:25:37 2025  reset_ccopt_config(25.10)