Product Version     25.10    Cadence Design Systems, Inc.
setWhatIfPortParameters(25.10)                  setWhatIfPortParameters(25.10)

Name
       setWhatIfPortParameters

Syntax
        setWhatIfPortParameters

       <blackBoxCellName>

       [-port <portName>]

       [-cap <capacitanceValue>]

       [-cell <cell name>]

       [-max_cap <maxCapacitanceValue>]

       [-max_trans <maxTransitionValue>]

       [-max_fanout <maxFanoutValue>]

       [-pin <pin name>]

       Sets the following values on the what-if cell ports:

              * Capacitance

              * Maximum capacitance

              * Maximum transition

              * Maximum fanout

       You can use this command after the module definition of the blackbox or
       the blackblob is available with the I/O's in the Verilog netlist.

Parameters
       <blackBoxCellName>
              Specifies the name of the blackbox or blackblob cell.

       -cell <cell name>
              Specifies the name of library cell from which DRVs are inferred.

       -pin <pin name>
              Specifies the name of pin from which DRVs are inferred.

       -port <portname>
              Specifies  the  name  of  the  clock  port  on  which to set the
              value(s).

              Default: By default, the specified parameters are applied to all
              ports in the what-if timing analysis model.

              Note: The value specified for a  particular  port  override  the
              global values. For example, consider the following use case sce-
              nario  for  a cell b_cell: 1. You specify a maximum fanout value
              for all ports to 20 (without specifying any port with  the  com-
              mand):

              setWhatIfPortParameters b_cell -max_fanout 20

              * You  then  run  the  command again on port out1 with a maximum
                fanout value of 5.

              setWhatIfPortParameters b_cell -max_fanout 5 -port out1

              In this case, the maximum fanout for port out1 will be set to 5.

       -cap <capacitanceValue>
              Specifies the capacitance value in picoFarad. This is the capac-
              itance within the blackbox or the blackblob,  on  the  specified
              I/O port.

              The value can be in decimal, for example, 0.75.

       -max_cap <maxCapacitanceValue>
              Specifies  the  maximum  capacitance  value. This is the maximum
              value of capacitance permitted on the net going through the  I/O
              port.

       -max_fanout <maxfanOutValue>
              Specifies the maximum fanout value. The value should be an inte-
              ger, for example 20.

       -max_trans <maxTransitionValue>
              Specifies the maximum transition value in nanoseconds. The value
              can be in decimal, for example, 5.3.

Examples
              * The  following  command  sets the maximum capacitance value to
                1.0 and the maximum fanout value to 20 for  the  port  a1_out-
                port1 of the blackbox or blackblob cell named blockCell2A.

                setWhatIfPortParameters    <blockCell2A>   -port   a1_outport1
                -max_fanout 20 -max_cap 1.0

              * The following command is similar to the previous command,  ex-
                cept  that  it  sets  the  values for all ports (as no port is
                specified with the command)

                setWhatIfPortParameters <blockCell2A> -max_fanout 20  -max_cap
                1.0

              * The following set of commands set the values as follows

                     * the  maximum  maximum  fanout  value  to 20 for all the
                       ports except port a1_outport1

                     * the maximum fanout value to 5 and the  maximum  capaci-
                       tance value to 1.3 for port a1_outport1

                       setWhatIfPortParameters blockCell2A -max_fanout 20

                       setWhatIfPortParameters   blockCell2A   -max_fanout   5
                       -max_cap 1.3 -port a1_outport1

                           Fri Apr 04 01:25:37 20s2e5tWhatIfPortParameters(25.10)