Product Version     25.10    Cadence Design Systems, Inc.
writeDesignTiming(25.10)                              writeDesignTiming(25.10)

Name
       writeDesignTiming - Writes out the timing information of the design

Syntax
       writeDesignTiming <filename>

       Writes out the timing information of the design.

       Use  this command when you run the NanoRoute(R) router in timing-driven
       mode. The router prioritizes each net to route based on the timing  in-
       formation specified in the output file. Do not edit the file because it
       is internally generated for the router.

       By default, when the router runs with setNanoRouteMode -route_with_tim-
       ing_driven true specified, it automatically generates a timing informa-
       tion  file  named  timingfile.tif in the working directory, and uses it
       for timing-driven routing.

       However, you can control the timing information passed to the router by
       specifying a timing information file  with  writeDesignTiming.  If  you
       specify  a  file  with  this command, and also specify setNanoRouteMode
       -timingEngine <filename>, the router uses the file written out by writ-
       eDesignTiming to drive routing, instead of the timingfile.tif file.

Parameters
       <filename>
              Specifies the output filename.

              Note: The output file is for internal tool use  only.  You  must
              not edit the output file.

Related Information
              * setNanoRouteMode

                           Fri Apr 04 01:25:37 2025   writeDesignTiming(25.10)