Product Version     25.10    Cadence Design Systems, Inc.
verifyFlipChip...ingConstraints(25.10)  verifyFlipChip...ingConstraints(25.10)

Name
       verifyFlipChipRoutingConstraints - Reports the status of bump placement
       and routing contsraints

Syntax
       verifyFlipChipRoutingConstraints

       [-help]

       [-routeStyle {manhattan | 45DegreeRoute}]

       Reports  the status of bump placement and routing contsraints. Use this
       command to check whether the flip chip routing result  meets  the  set-
       tings in the constraints file.

Parameters
       -help  Outputs  a  brief description that includes type and default in-
              formation for each verifyFlipChipRoutingConstraints parameter.

              For a detailed description of the command and all of its parame-
              ters, use the man command:

              man verifyFlipChipRoutingConstraints.

       -routeStyle {manhattan | 45DegreeRoute}
              Specifies the route style to check, which could be manhattan  or
              45DegreeRoute.

Example
              * The  following command checks for flip chip routing violations
                of the Manhattan route style:

                verifyFlipChipRoutingConstraints -routeStyle manhattan

Related Information
              * fcroute

              * getFlipChipMode

              * setFlipChipMode

              * Flip Chip Methodologies chapter of the User Guide

              * Tools Menu chapter of the Menu Reference

                * Flip Chip

                           Fri Apr 04 01:v2e5r:i3f7yF2l0i2p5Chip...ingConstraints(25.10)