Product Version     25.10    Cadence Design Systems, Inc.
verifyPowerSwitch(25.10)                              verifyPowerSwitch(25.10)

Name
       verifyPowerSwitch  - Verifies power switch placement and enable connec-
       tions, including the row coverage for column insertion

Syntax
       verifyPowerSwitch

       [-help]

       [-powerDomain <powerDomain>]

       [-checkFloatingInput]

       [-checkFloatingOutput]

       [-checkFloating]

       [-checkOverlap]

       [-checkPlace]

       [-checkLoop]

       [-checkRowCoverage]

       [-checkAll]

       [-hilite]

       [-reportFile]

       [-reportLongestChain]

       [-startingNet]

       Verifies power switch placement and enable connections,  including  the
       row coverage for column insertion. The command issues a warning message
       detailing  which  rows  do not contain power switches. The options also
       enable reporting for the longest signal chain starting from a given en-
       able net. If the start of the enable net is not available,  all  enable
       nets of all domains will be used as starting points and all chains will
       be  reported. Both the length of the chain and the switch instances in-
       volved in the longest chain will be reported.

       The verifyPowerDomain -powerSwitch parameter performs  the  same  func-
       tion.

Parameters
       -help  Outputs  a  brief description that includes the type and default
              information for each verifyPowerSwitch parameter.

              For a detailed description of the command and  all  its  parame-
              ters, use the man command:

              man verifyPowerSwitch.

       -checkFloatingInput
              To check floating input enable pins.

       -checkFloatingOutput
              To check floating output enable pins.

       -checkFloating
              To check both floating input and output enable pins.

       -checkOverlap
              To check any overlap among the pins.

       -checkPlace
              To check for unplaced power switches.

       -checkLoop
              To check for accidentally created enable signal loops.

       -checkRowCoverage
              To check if every row is covered by power switch.

       -checkAll
              To verify all the checks.

       -hilite
              To select the violation.

       -startingNet
              To start the net to report longest chain.

       -reportFile
              To report output to a file.

       -reportLongestChain [startingNet <enableNet>]
              Reports  the  longest  chain starting from the given enable net.
              If-startingNet is not given, all enable nets of all domains will
              be used as the starting point and all chains will  be  reported.
              The  report  will include both: the length of the chain, and the
              switch instances involved in the longest chain.

       -powerDomain powerDomain
              Verify only the specified power domain.

Examples
       The following command verifies the placement  status  of  power  switch
       cells  and checks the row coverage by power switch cells for the power-
       Domain TDSPCore:

       verifyPowerSwitch -powerDomain TDSPCore -checkPlace -checkRowCoverage

       Verifying domain: TDSPCore.

       Verifying power switch row coverage ...

       Verifying power switch placement status ...

       Switch verification completed on domain: TDSPCore.

       Number of warnings on domain TDSPCore : 0.

       Power switch verification completed with 0 warnings..

       1

Related Information
              * deletePowerSwitch

              * exportPowerSwitch

              * importPowerSwitch

              * movePowerSwitch

              * rechainPowerSwitch

              * replacePowerSwitch

              * Low Power Design chapter in the Innovus User Guide

                           Fri Apr 04 01:25:37 2025   verifyPowerSwitch(25.10)