Product Version     25.10    Cadence Design Systems, Inc.
set_advanced_package_options(25.10)        set_advanced_package_options(25.10)

Name
       set_advanced_package_options

Syntax
       set_advanced_package_options

       [-help]

       -reset  |

       {[-tool_path <<binary_path>>] [-net_mapping_file <<filename>>]}

       Specifies the path to the bin folder of package extraction and analysis
       tools. Also, a net mapping file needs to be specified. The mapping file
       is  a simple two column format containing the die net name and the cor-
       responding package net names. After running this command, use  the  ex-
       tract_package command to start package model extraction.

Parameters
       -help  Outputs the command usage and a brief description about the com-
              mand parameters.

       -tool_path <<binary_path>>
              Specifies the full path to the bin folder of the package extrac-
              tion and analysis tools (XtractIM and PowerDC).

       -net_mapping_file <<filename>>
              Specifies  the name of the two column mapping file that contains
              the mapping between the net names of package with the net  names
              of die.

       -reset Resets all specified options back to default values.

Example
              * The  following example specifies the path to the bin folder of
                package extraction and analysis tools:

                set_advanced_package_options \

                   -tool_path /home/sigrity/tools/bin/ \

                   -net_mapping_file net_mapping.txt

Related Information
              * extract_package

              * "Package Analysis" in the Voltus IC Power  Integrity  Solution
                User Guide

                           Fri Apr 04 01:25:s3e7t_2a0d2v5anced_package_options(25.10)