Product Version     25.10    Cadence Design Systems, Inc.
reset_clock_tree_latency(25.10)                reset_clock_tree_latency(25.10)

Name
       reset_clock_tree_latency  -  Resets all network clock latency set using
       the set_clock_latency command in the fanout of the specified  clock  or
       pins and ports

Syntax
       reset_clock_tree_latency

        [<object_list>]

       Resets  all  network clock latency set using the set_clock_latency com-
       mand in the fanout of the specified clock or pins and  ports.  The  re-
       set_clock_tree_latency  command  resets the latency until the root pins
       of clocks and generated clocks. Use this command after  building  clock
       tree and setting the clock network from the root to propagated mode us-
       ing the set_propagated_clock <clockRootPinOrPort> command.

       Note:  You can use the reset_clock_tree_latency command only on command
       line and command script. You cannot specify it in an SDC file.

Parameters
       <object_list>
              Specifies list of objects - pins, ports, or clocks for which la-
              tency will be reset.

       Related Information
              * set_clock_latency

              * set_propagated_clock

                           Fri Apr 04 01:25:37 2r0e2s5et_clock_tree_latency(25.10)