Product Version     25.10    Cadence Design Systems, Inc.
reportDeCapCellCandidates(25.10)              reportDeCapCellCandidates(25.10)

Name
       reportDeCapCellCandidates  - Reports the available cells for decoupling
       capacitance insertion

Syntax
       reportDeCapCellCandidates

       [-help]

       [-file <outputFileName>]

       Reports the available cells for decoupling capacitance  insertion.  You
       use this command to report decoupling capacitance candidates previously
       specified using the addDeCapCellCandidates command.

Parameters
       -help

       Outputs  a brief description that includes type and default information
       for each reportDeCapCellCandidates parameter. For a  detailed  descrip-
       tion of the command and all of its parameters, use the man command: man
       reportDeCapCellCandidates.

       -file<filename                           >
              Outputs a list of the available cells for decoupling capacitance
              insertion  to  the specified file. This file can then be used by
              the addDeCapCellCandidates command to define cell candidates  in
              a different session, or after cell candidates have been deleted.

Example
       Following is a sample report generated by using the reportDeCapCellCan-
       didates command:

       ###############################################################

       # Generated by: Cadence Innovus

       # OS:         Linux x86_64(Host ID icdopt70s)

       # Generated on: Tue Jan 25 11:47:55 2011

       # Design:     dtmf_chip

       # Command:     reportDeCapCellCandidates

       ###############################################################

       #The available decoupling capaictance cells:

       #--------------------------

       #Cell Name    Cap (fF)

       #--------------------------

       DECAP1 10

       DECAP8 5

       #--------------------------

Related Information
              * Placing the Design chapter in the Innovus System User Guide

                     * Adding Decoupling Capacitance

              * addDeCapCellCandidates

              * clearDeCapCellCandidates

                           Fri Apr 04 01:25:37r2e0p2o5rtDeCapCellCandidates(25.10)