Product Version     25.10    Cadence Design Systems, Inc.
unplaceGuide(25.10)                                        unplaceGuide(25.10)

Name
       unplaceGuide - Unplaces hierarchical instances and instance groups from
       the floorplan

Syntax
            unplaceGuide

        [-help]

        obj_name

       Unplaces hierarchical instances and instance groups from the floorplan.
       This  command can also be used to delete fences and regions. Guides are
       hierarchical instances in the design and are guided in  the  floorplan.
       You can use this command after importing the design.

Parameters
       -help  Outputs  a  brief description that includes the type and default
              information for each unplaceGuide parameter. For a detailed  de-
              scription  of the command and all of its parameters, use the man
              command:

              man unplaceGuide

       <obj_name >
              Specifies the name of the module or group to be guided.

              Data_type: string, required

Examples
              * The following command unplaces the guide  MEM_DSCAN  from  the
                floorplan:

                unplaceGuide MEM_DSCAN

              * The  following command unplaces the instance group adder1 from
                the floorplan:

                unplaceGuide adder1

Related Information
              * createFence

              * createRegion

              * Floorplanning the Design chapter in the Innovus User Guide

                           Fri Apr 04 01:25:37 2025        unplaceGuide(25.10)