Product Version     25.10    Cadence Design Systems, Inc.
set_interactiv...nstraint_modes(25.10)  set_interactiv...nstraint_modes(25.10)

Name
       set_interactive_constraint_modes  -  Puts the software into interactive
       constraint entry mode for the specified  multi-mode  multi-corner  con-
       straint mode objects

Syntax
       set_interactive_constraint_modes

       [-help]

       {<list_of_constraint_modes>}

       Puts the software into interactive constraint entry mode for the speci-
       fied  multi-mode  multi-corner constraint mode objects. Any timing con-
       straints that you specify after this command take effect immediately on
       all active analysis views that are associated with the  specified  con-
       straint modes. By default, no constraint modes are considered active.

       The software stays in interactive mode until you exit by specifying the
       set_interactive_constraint_modes command with an empty list:

       set_interactive_constraint_modes { }

       All  new  assertions  are  saved in the SDC files of the specified con-
       straint modes when you save the design (saveDesign).

       The all_constraint_modes command can be used to generate a list of con-
       straint modes as the argument for this command.

       Use the get_interactive_constraint_modes command to return  a  list  of
       the constraint mode objects in constraint entry mode.

       Note:  Interactive  constraint  mode only works when the software is in
       multi-mode multi-corner timing analysis mode. In min/max analysis mode,
       constraints are always accepted interactively.

Parameters
       -help  Prints out the command usage.

       {<list_of_constraint_modes>}
              Specifies the constraint mode objects to update with the new as-
              sertions.

Examples
              * The following commands put the software into interactive  con-
                straint  entry mode, and apply the set_propagated_clock asser-
                tion on all views in the current session that  are  associated
                with the constraint mode func1:

                set_interactive_constraint_modes func1

                set_propagated_clock [all_clocks]

                When  you specify saveDesign, the updated constraints file for
                the  func1  constraint  mode  will  include   the   set_propa-
                gated_clock.

              * The  following commands put the software into interactive con-
                straint entry mode, and apply the set_propagated_clock  asser-
                tion on all active analysis views in the current session.

                set_interactive_constraint_modes   [all_constraint_modes  -ac-
                tive]

                set_propagated_clock [all_clocks]

                When you specify saveDesign, the  set_propagated_clock  asser-
                tion will be saved persistently as part of a new .sdc file.

Related Information
              * get_interactive_constraint_modes

              * all_constraint_modes

                           Fri Apr 04 01:s2e5t:_3i7nt2e0r2a5ctiv...nstraint_modes(25.10)