env PAGER=cat man timing_timing_window_pessimism_removal_include_s i_delay
Product Version     25.10    Cadence Design Systems, Inc.
timing_timing...clude_si_delay(25.10)    timing_timing...clude_si_delay(25.10)

Name
       timing_timing_window_pessimism_removal_include_si_delay

Syntax
       timing_timing_window_pessimism_removal_include_si_delay {true | false}

       Default: false

       Controls  inclusion  of SI delay in timing window pessimism removal be-
       tween the attacker and victim pins in the design.

       The cross-talk analysis of a net depends on the relative positioning of
       attacker and victim arrival times. To compute the worst case  switching
       times,  the  arrival  windows of attacker and victim are considered. If
       the attacker and victim share a common clock path, then considering the
       original arrival windows will be pessimistic, and the common path  con-
       tribution in these arrival windows needs to be adjusted.

       When  set  to  false, the software adjusts the elongated timing windows
       with the difference in the minimum-maximum base  delay  of  the  common
       clock  path  at the top level - while calculating the closest switching
       time, and the SI incremental delay differences are not adjusted.

       When set to true, the software adjusts the timing windows with  the  SI
       incremental  delay  differences as well, in addition to the base delay.
       When this global variable is enabled, the timing window calculation can
       be optimistic, especially for cases where the attacker and  victim  are
       triggered  by  different  clock  edges. But for cases where all the at-
       tacker and victim nets are triggered by the same clock edge, then  real
       pessimism will be removed from the timing window calculation.

       To set this global variable, use the set command.

                           Fri Apr 04 01:2t5i:m3i7ng2_0t2i5ming...clude_si_delay(25.10)