Product Version     25.10    Cadence Design Systems, Inc.
set_net_group(25.10)                                      set_net_group(25.10)

Name
       set_net_group  - Specifies the list of either power or ground nets that
       are isolated but need to be analyzed together as a single net

Syntax
       set_net_group

       [-help]

       -reset | {-name <group_name>

       -type [power | ground]

       -nets {<net_list>}

       }

       Specifies the list of either power or ground nets that are isolated but
       need to be analyzed together as a single net. The results are generated
       for the new grouped net. The new grouped net name must be  one  of  the
       net names in the group. To analyze the grouped net, you must also spec-
       ify power pads for the grouped net name.

Parameters
       -help  Outputs  a  brief description that includes the type and default
              information for each set_net_group parameter.

              For a detailed description of the command and all of its parame-
              ters, use the man command: man set_net_group.

       -name <group_name>
              Name of the net group.

              Note: The name of the net group must be one of the net names  in
              the  group.  Using  a net name that is not in the net group will
              trigger error when displaying results in the flow.

       -nets {<net_list>}
              Specifies a list of power or ground nets.

       -reset Resets all previously created net name(s) with the  new  grouped
              net name(s).

       -type [power | ground]
              Specifies whether it is a power or ground net.

Examples
              * The  following example groups the power nets that will be ana-
                lyzed together as a group called VDD.

                set_net_group -name VDD -type power -nets { VDD VDD1 VDD2 VDD3
                }

                 set_power_pads -net VDD -format xy -file VDD.pp

                 analyze_rail -type net VDD

Related Information
              * set_rail_analysis_mode

              * set_power_pads

              * "Static Power, IRdrop and EM Analysis" in the Voltus IC  Power
                Integrity Solution User Guide

              * "Dynamic Power and IRDrop Analysis" in the Voltus IC Power In-
                tegrity Solution User Guide

                           Fri Apr 04 01:25:37 2025       set_net_group(25.10)