Product Version     25.10    Cadence Design Systems, Inc.
delete_clock_tree_repeaters(25.10)          delete_clock_tree_repeaters(25.10)

Name
       delete_clock_tree_repeaters - This command removes buffers and inverter
       pairs from the clock trees

Syntax
       delete_clock_tree_repeaters

       [-help]

       [-force]

       This  command  removes buffers and inverter pairs from the clock trees.
       If used without specifying any parameters, it deletes all repeaters ex-
       cept those that have fixed or dont_touch attributes that  are  assigned
       either by the user or by ccopt_design. To delete all repeaters, specify
       the -force parameter.

       Note:  After  running  the command, there may be remaining inverters in
       the clock tree that are required to preserve an inversion. The  remain-
       ing  inverters may not be the same as the ones that were originally in-
       troduced for inversion, which means that the naming can differ.

Parameters
       -help  Prints a brief description that includes type and default infor-
              mation for each  delete_clock_tree_repeaters  parameter.  For  a
              detailed  description  of the command and its parameter, use the
              man command:  man delete_clock_tree_repeaters.

       -force Deletes all repeaters even if they have fixed or dont_touch  at-
              tributes defined.

Related Information
              * ccopt_design

              * clock_opt_design

              * The following chapter in the Innovus User Guide

                * Clock Tree Synthesis

                           Fri Apr 04 01:25:3d7el2e0t2e5_clock_tree_repeaters(25.10)