Product Version     25.10    Cadence Design Systems, Inc.
specifyJtag(25.10)                                          specifyJtag(25.10)

Name
       specifyJtag - Specifies instances to place with the placeJtag command

Syntax
       specifyJtag

       {-help}

       {-cell <leafCellName>

           | -inst <instName>

           | -instGroup

           | -hinst <hInstName>

           | -group {<hInstName> | <cellName>}

           | -groupWArea {<hInstName> | <cellNam>e <width> <height>} }

       Specifies  instances  to place with the placeJtag command. This command
       should be used before the placeJtag command.

Parameters
       -cell <leafCellName>
              Marks all instances of the  specified  cell  type  as  JTAG  in-
              stances.

       -group <hInstName> | <cellName>
              Marks  all  hierarchical  instances or intermediate instances as
              JTAG instances.

       -groupWArea <hInstName> | <cellName width height>
              Marks all instances inside the hierarchical instance or interme-
              diate cells as JTAG instances, and specifies a rectangular width
              and height where all instances or cells are placed  within  that
              rectangular region.

       -help  Outputs  a  brief description that includes type and default in-
              formation for each specifyJtag parameter.

              For a detailed description of the command and all of its parame-
              ters, use the man command: man specifyJtag.

       -hinst <hInstName>
              Marks a hierarchical instance as a JTAG instance.

       -inst <instName>
              Marks an instance as a JTAG instance. You can use a wildcard (*)
              character for this parameter.

       -instGroup
              Marks the instGroup name to be made JTAG instance

Command Order
       Use this command before running the placeJtag command.

Example
              * The following command specifies that  the  cell  jtag_FlipFlop
                will be placed when using the placeJtag command:

                specifyJtag -cell jtag_FlipFlop

              * The  following  command specifies that all instance names that
                begin with instG will be placed when using the placeJtag  com-
                mand:

                specifyJtag -inst instG*

Related Information
              * placeJtag

              * reportJtagInst

              *

                traceJtag

              *

                unplaceJtag

              * Placing the Design chapter in the Innovus User Guide

                * Specifying  and  Placing  JTAG  and Other Cells Close to the
                  I/Os

                           Fri Apr 04 01:25:37 2025         specifyJtag(25.10)