Product Version     25.10    Cadence Design Systems, Inc.
timing_library...use_group_name(25.10)  timing_library...use_group_name(25.10)

Name
       timing_library_genclk_use_group_name

Syntax
        timing_library_genclk_use_group_name

       {true | false}

       Default: false

       When set to true, the software uses the generated_clock group name when
       creating  a  generated clock from a library-generated clock group. When
       set to false, the software uses the pin name when creating  the  gener-
       ated clock.

       For  example,  assume  the  cell for instance a/b in the timing library
       contained the following generated clock group:

       generated_clock(genclk2) {

        clock_pin : clk1;

        master_pin : "int/clk";

        multiplied_by : 2;

        duty_cycle : 50.0;

       }

       By default (false), the software creates a  generated  clock  with  the
       following name:

       a/b/clk1

       If the timing_prefix_module_name_with_library_genclk global variable is
       set  to  true,  and  you set this global variable to true, the software
       creates a generated clock with the following name:

       a/b/genclk2

       If the timing_prefix_module_name_with_library_genclk global variable is
       set to false, and you set this global variable to  true,  the  software
       creates a generated clock with the following name:

       genclk2

       To set this global variable, use the set_global command.

                           Fri Apr 04 01:t2i5m:i3n7g_2l0i2b5rary...use_group_name(25.10)