Product Version     25.10    Cadence Design Systems, Inc.
checkFPlanSpace(25.10)                                  checkFPlanSpace(25.10)

Name
       checkFPlanSpace  - Checks the floorplan for spacing rule violations and
       saves the violation information in a report

Syntax
         checkFPlanSpace

        [-help]

        [-outfile <filename>]

        [-constraints <filename> | -trackUtil  <layerID  value  layerID  value
       ...>]

        [-clearMarker]

       Checks  the  floorplan for spacing rule violations and saves the viola-
       tion information in a report. A marker is displayed at  each  violation
       spot. You can use the command at any point in the design flow.

Parameters
       -clearMarker
              Clears all space violation markers.

              Data_type: bool, optional

       -constraints <filename>
              Specifies the file that contains the spacing rules. A constraint
              file is a text file that can contain a list of seeds to use when
              generating fences and module guides, and basic relative, spacing
              and orientation constraints to follow during macro placement.

              Data_type: string, optional

       -help  Outputs  a  brief description that includes type and default in-
              formation for each checkFPlanSpace parameter. For a detailed de-
              scription of the command and all of its parameters, use the  man
              command:

              man checkFPlanSpace

       -outfile <filename>
              Writes  the  spacing rule violation information to the specified
              file.

              Data_type: string, optional

       -trackUtil <layerID value layerID value ...>
              Specifies the track utilization value on each routing layer from
              bottom to top, for example, Metal1 value Metal1  value.  If  the
              layer  track  utilization  value  is  not specified, the default
              value is used.

              Note: The checkFPlanSpace command supports the model based space
              checker. It takes user provided track  utilization  numbers  and
              technology  information  stored  in the LEF file to estimate re-
              quired minimum channel width between placed macros.  This  esti-
              mated  minimum channel width (demand) is then compared to actual
              channel width (supply) in floorplan. A violation marker is  dis-
              played  in GUI over the channel in which the supply is less than
              the demand.

              Data_type: list, optional

Example
              * The following command checks the floorplan  for  spacing  rule
                violations  and  saves  the  violation  information  in  a de-
                tails.txt report file;

                checkFPlanSpace -outFile details.txt

Related Information
              * check_design

              * checkFPlan

              * Floorplan Menu chapter in the Innovus Menu Reference

                * Check Floorplan Space Rule

                           Fri Apr 04 01:25:37 2025     checkFPlanSpace(25.10)