Product Version     25.10    Cadence Design Systems, Inc.
create_thermal_model(25.10)                        create_thermal_model(25.10)

Name
       create_thermal_model

Syntax
       create_thermal_model

       [-help]

       [-leakage_temperature_scale_table  {$<temp1>  $<scalefactor1>  $<temp2>
       $<scalefactor2> $<temp3> $<scalefactor3> .....}]

       [-leakage_temperature_scale_table_file <filename>]

       [-metal_density_file <filename>]

       [-power_db <path_to_power_database>]

       [-vtm_SI_unit {true | false}]

       [-vtm_conductivity_inputs <filename>]

       [-vtm_densitytable_tile {<Xint> <Yint>}]

       [-vtm_file <filename>]

       [-vtm_format {simple | stack} ]

       [-vtm_format_version {new | default} ]

       [-vtm_header_include_file <filename>]

       [-vtm_leakage_temp {<temp1> <temp2> <temp3>} ]

       [-vtm_output_dir <directory>]

       [-vtm_powertable_tile {<Xint> <Yint>} ]

       [-vtm_tile {<Xint> <Yint>}]

        [-vtm_tile_size {<$X_um> <$Y_um>}]

       Sets the parameters for extracting the metal density information.  This
       command must be specified before the extract_metal_density command.

Parameters
       -help  Outputs the command usage and a brief description about the com-
              mand parameters.

       -leakage_temperature_scale_table {$<temp1> $<scalefactor1> $<temp2>
       $<scalefactor2> $<temp3> $<scalefactor3> .....}
              Specifies the global scale factor for a temperature value to en-
              able  scaling  of the leakage power values coming from the input
              dotlib file. This parameter allows you to scale the power values
              only at certain specific temperatures.

              This parameter allows you to generate a multi-temperature  leak-
              age power map table from a single input dotlib file in the power
              map generation flow. -leakage_temperature_scale_table and -leak-
              age_temperature_scale_table_file are mutually exclusive.

       -leakage_temperature_scale_table_file <filename>
              Specifies  a file containing the user-defined temperature values
              and the corresponding scale factors for each library,  cell,  or
              instance. The format of the file is:

              #Type Name temp1 temp2 temp3 temp4

              Lib       <library_name>      <scalefactor@temp1>     <scalefac-
              tor@temp2>  <scalefactor@temp3>   <scalefactor@temp4>

              Cell     <cell_name>         <scalefactor@temp1>      <scalefac-
              tor@temp2>  <scalefactor@temp3>   <scalefactor@temp4>

              inst      <instance_name>     <scalefactor@temp1>     <scalefac-
              tor@temp2>  <scalefactor@temp3>   <scalefactor@temp4>

              This parameter allows you to generate a multi-temperature  leak-
              age power map table from a single input dotlib file in the power
              map   generation   flow.   -leakage_temperature_scale_table  and
              -leakage_temperature_scale_table_file are mutually exclusive.

              File Format Example for the Type Lib:

              #Type Name         25 50 125 150

              Lib   fast         1 2 10 100

              Lib   bufao        1 2 10 100

              Lib   header       1 2 10 100

              Lib   pso_ring_wc  1 2 10 100

       -metal_density_file <filename>
              Specifies the VTM  metal  density  file  generated  by  the  ex-
              tract_metal_density command.

       -power_db <path_to_power_database>
              Specifies the path to the power database with cell boundary box,
              location,  and rotation information. This is generated by speci-
              fying the set_power_analysis_mode -save_bbx true parameter.

       -vtm_SI_unit {true | false}
              Specifies the unit definition for power and length. The possible
              arguments are:

              * true: unit will be in m and W.

              * false: unit will be um and mW.

              Default is true with unit m(meter) for length  and  W(Watt)  for
              power.

       -vtm_conductivity_inputs <filename>
              This  parameter  is same as the set_metal_density_options -ther-
              mal_conductivity_file parameter. When you want to overwrite  the
              thermal  conductivity defined in the metal density file, you can
              provide a new thermal conductivity file using the   create_ther-
              mal_model -vtm_conductivity_inputs command.

       -vtm_densitytable_tile {<Xint> <Yint>}
              Specifies  the number of tiles in the X and Y directions for the
              metal density tables only.

       -vtm_file <filename>
              Specifies the name of the output Voltus thermal model file.

       -vtm_format {simple | stack}
              Generates a tile-based power map file in  the  simple  or  stack
              format to perform accurate thermal analysis.

              The possible arguments are:

              * simple:  generates only power tables without metal density ta-
                bles.

              * stack: generates both power and metal density tables.

       -vtm_format_version {new | default}
              Determines whether to generate the default or the new power  map
              file  format.  This  parameter allows you to have different tile
              number between the power table and the metal density table. When
              set to new, the power map file format with non-uniform tile num-
              bers for the power (-vtm_powertable_tile) and metal density  ta-
              bles (-vtm_densitytable_tile) can be generated.

       -vtm_header_include_file <filename>
              Allows  you  to  define extra header information like file loca-
              tion.

       -vtm_leakage_temp {<temp1> <temp2> <temp3>}
              Specifies the leakage temperature values used for trilib (single
              voltage but different temperatures dot libs) in the power calcu-
              lation flow to output user-defined temperature  points'  leakage
              power tables.

       -vtm_output_dir <directory>
              Specifies  the directory path to the Voltus thermal model output
              folder.

       -vtm_powertable_tile {<Xint> <Yint>}
              Specifies the number of tiles in the X and Y directions for  the
              power tables only.

       -vtm_tile {<Xint> <Yint>}
              Specifies  the number of tiles in the X and Y directions for the
              generated Voltus thermal model file. The default is 10x10.

       -vtm_tile_size {<$X_um> <$Y_um>}
              Specifies the unit tile size in the X and Y directions  for  the
              generated thermal model file.

Examples
              *

                The following command is an example of the trilib Tcl command,
                that is, uses the temperature in vtm_leakage_temp to calculate
                the leakage:

                create_thermal_model \

                -power_db powerdb \

                -metal_density_file vtm_MD_db/my_chip.rpt \

                -vtm_output_dir ./vtm_output \

                -vtm_leakage_temp {20 50 80}

              *

                The  following command is an example of the mix-usage Tcl com-
                mand, that is, some instances have trilib data while other in-
                stances only have a single library:

                create_thermal_model \

                -power_db powerdb \

                -metal_density_file vtm_MD_db/my_chip.rpt \

                -vtm_output_dir ./vtm_output \

                -vtm_leakage_temp {20 50 80} \

                -leakage_temperature_scale_table {0 1 20 2 50 3 100 10}

Related Information
              * extract_metal_density

                           Fri Apr 04 01:25:37 2025create_thermal_model(25.10)