Product Version     25.10    Cadence Design Systems, Inc.
set_noise_lib_pin(25.10)                              set_noise_lib_pin(25.10)

Name
       set_noise_lib_pin  -  Allows you to map noise properties of an instance
       pin to that of different library cell pin

Syntax
       set_noise_lib_pin

       [-help]

       -from <string>

       -to <string>

       Allows you to map noise properties of an instance pin to that  of  dif-
       ferent library cell pin.

Parameters
       -help  Prints out the command usage.

       -from <string>
              Specifies  the  library pin name whose definition will be mapped
              from the given pin name.

       -to <string>
              Specifies the library pin name whose definition will  be  mapped
              to the given pin name.

              When multiple set_noise_lib_pin commands are run on the same -to
              pin, the software will honor the first command only.

              Note:  The -from and -to parameters also accept library cell pin
              names (that can be retrieved using  the  get_lib_pins  command).
              These parameters do not honor collections or instance pin names.

Examples
              * The  input  pin  A  of  the macro_cell cell inherits the noise
                characteristics of the  input  pin  I  of  the  library  cell,
                ccs_noise_lib/inv.  This  information is used to calculate the
                noise immunity of the pin, library1/macro_cell/A.

                >   set_noise_lib_pin    -to    library1/macro_cell/A    -from
                ccs_noise_lib/inv/I

              * The following syntax specifies the library pin name whose def-
                inition  will  be  mapped from the given pin name to the given
                pin       name:        >        set_noise_lib_pin        -from
                [from_lib/from_cell/from_pin] -to [to_lib/to_cell/to_pin]

              * The  following  syntax  specifies that a bidi pin is mapped to
                two from pins; that is, - 1 input pin and 1 output pin.

                >   set_noise_lib_pin   -to   library1/macro_cell/PAD    -from
                "ccs_noise_lib/inv/I ccs_noise_lib/inv/Z"

Related Information
              * report_noise_lib_pin

              * reset_noise_lib_pin

              * report_noise

                           Fri Apr 04 01:25:37 2025   set_noise_lib_pin(25.10)