Product Version     25.10    Cadence Design Systems, Inc.
set_default_view(25.10)                                set_default_view(25.10)

Name
       set_default_view - Temporarily changes the default active analysis view
       to a different active view

Syntax
       set_default_view

       {-setup <newDefaultSetupView> | -hold <newDefaultHoldView>}

       Temporarily changes the default active analysis view to a different ac-
       tive view.

       Some  Innovus  applications can function only on a single analysis view
       at a time. By default, these single-view applications use  the  default
       analysis view. If an application or flow step does not provide a native
       option  for  specifying which view to use, the set_default_view command
       can be used to temporarily change the default view to a  different  ac-
       tive view that is better suited to that flow step.

       Note:  Using the set_default_view command does not affect software per-
       formance because it only uses views that are already active in the  de-
       sign.  If  you  use the set_analysis_view command to change the default
       views, the existing timing, delay calculation, and RC data is reset.

       Use this command after defining active views for the design (set_analy-
       sis_view).

Parameters
       -hold <newDefaultHoldView>
              Changes the default active hold analysis view to  the  specified
              analysis view.

       -setup <newDefaultSetupView>
              Changes  the default setup analysis view to the specified analy-
              sis view.

Examples
              * The following command sets  missionWCCOM,  mission2WCCOM,  and
                missionSlow  as  the active views for setup analysis, and mis-
                sionBCCOM and testBCCOM as the active views for hold analysis.
                The default active setup view is missionWCCOM, and the default
                active hold view is missionBCCOM.

       set_analysis_view -setup {missionWCCOM mission2WCCOM missionSlow}

       -hold {missionBCCOM testBCCOM}

              * The following command changes the default active setup view to
                missionSlow:

                set_default_view -setup missionSlow

              * The following command changes the default active hold view  to
                testBCCOM:

                set_default_view -hold testBCCOM

Related Information
              * create_analysis_view

              * update_analysis_view

              * set_analysis_view

                           Fri Apr 04 01:25:37 2025    set_default_view(25.10)