Product Version     25.10    Cadence Design Systems, Inc.
delete_ccopt_clock_spines(25.10)              delete_ccopt_clock_spines(25.10)

Name
       delete_ccopt_clock_spines  -  This  command  deletes  all  clock spines
       matching the specified pattern

Syntax
       delete_ccopt_clock_spines

       [-help]

       pattern

       [-regexp]

       This command deletes all clock spines matching the  specified  pattern.
       This  will  also delete any placement groups or regions associated with
       the spine.

       This command is part of CCOpt spine functionality, which is a  limited-
       access  feature  in this release. It is enabled by a variable specified
       through the setLimitedAccessFeature command. To use this feature,  con-
       tact  your  Cadence  representative to explain your usage requirements,
       and make sure this feature meets your needs before deploying it widely.

Parameters
       -help  Outputs a brief description that includes type and  default  in-
              formation  for  each  delete_ccopt_clock_spines parameter. For a
              detailed description of the command and all of  its  parameters,
              use the man command:  man delete_ccopt_clock_spines.

       <pattern>
              Specifies  the patterns for clock spines to delete. This parame-
              ter is required.

       -regexp
              Specifies whether or not to use regular expression matching.

Example
              *

                The following set of commands are used to delete and  retrieve
                information  for  clock spines spineA and spineB that are cre-
                ated using the create_ccopt_clock_spine command:

                The following command deletes spineA:

                delete_ccopt_clock_spines spineA

                Now when you retrieve the list of spines, the software returns
                the following information:

                get_ccopt_clock_spines spine*

                spineB

Related Information
              * create_ccopt_clock_tree

              * create_ccopt_clock_spine

              * get_ccopt_clock_spines

              * get_ccopt_property

              * The following chapter in the Innovus User Guide

                * Clock Tree Synthesis

                           Fri Apr 04 01:25:37d2e0l2e5te_ccopt_clock_spines(25.10)