Product Version     25.10    Cadence Design Systems, Inc.
delaycal_use_d...lt_delay_limit(25.10)  delaycal_use_d...lt_delay_limit(25.10)

Name
       delaycal_use_default_delay_limit

Syntax
        delaycal_use_default_delay_limit

       Type: Integer

       Default: 1000

       Sets the pin number threshold for nets for delay calculation. Nets that
       have  more  than  the  specified number of pins are excluded from delay
       calculation, and use the default delay values instead.

       Net default delay values are:

              * Net delay: 1 ns

              * Transition time: 0 ps

              * Net load: 0.5 pF

       Note: In post route stage, default delay  calculation  does  not  honor
       this  variable.  Slews  and  delays  are computed based on actual para-
       sitics.

       To change the default delay values, set the following global variables:

              * delaycal_default_net_delay

              * delaycal_default_net_load

              * delaycal_input_transition_delay

Example
              * The following global variable sets the  pin  threshold  number
                for nets to 2,000:

                set delaycal_use_default_delay_limit 2000

                The software displays the following information:

                Set Using Default Delay Limit as 2000.

       Nets that exceed pin count of 2,000 are excluded from delay calculation
       and use the default delay values.

Related Information
              * "Base Delay Analysis" chapter in the Innovus System User Guide

Related Global Variables
              * delaycal_default_net_delay

              * delaycal_default_net_load

              * delaycal_input_transition_delay

                           Fri Apr 04 01:d2e5l:a3y7ca2l0_2u5se_d...lt_delay_limit(25.10)