Product Version     25.10    Cadence Design Systems, Inc.
create_analysis_view(25.10)                        create_analysis_view(25.10)

Name
       create_analysis_view  - Creates an analysis view object that associates
       a delay calculation corner with a constraint mode

Syntax
        create_analysis_view

       -name <viewName>

       -constraint_mode <modeName>

       -delay_corner <dcCornerObj>

       Creates an analysis view object that  associates  a  delay  calculation
       corner  with a constraint mode. An analysis view object provides all of
       the information necessary to control a single  multi-mode  multi-corner
       analysis.

       After  creating  analysis  views,  use the set_analysis_view command to
       specify which views to use for setup and hold  optimization  or  timing
       analysis.

       Use   this   command   after  creating  constraint  modes  (create_con-
       straint_mode) and delay calculation corners (create_delay_corner).

Parameters
       -name <viewName>
              Specifies the name of the analysis view being defined.

       -constraint_mode <modeName>
              Specifies the name of the constraint mode to associate with this
              analysis view. A constraint mode groups a set of constraints  to
              be  used with any given analysis. To create the constraint mode,
              use the create_constraint_mode command.

       -delay_corner <dcCornerObj>
              Specifies the name of the delay calculation corner object to as-
              sociate with this analysis view. A delay calculation corner  ob-
              ject  contains  all  of  the information needed to control delay
              calculation for a specific analysis view. To create a delay cal-
              culation corner, use the create_delay_corner command.

Examples
              * The following command creates an analysis view called mission-
                Slow using the constraint mode missionSetup and the delay cal-
                culation corner dcWCCOM:

       create_analysis_view

       -name missionSlow

       -constraint_mode missionSetup

       -delay_corner dcWCCOM

              * The following command creates an analysis view called mission-
                Fast using the constraint mode missionHold and the delay  cal-
                culation corner dcBCCOM:

       create_analysis_view

       -name missionFast

       -constraint_mode missionHold

       -delay_corner dcBCCOM

Related Information
              * set_analysis_view

              * create_constraint_mode

              * create_delay_corner

                           Fri Apr 04 01:25:37 2025create_analysis_view(25.10)