Product Version     25.10    Cadence Design Systems, Inc.
analyze_joule_heat(25.10)                            analyze_joule_heat(25.10)

Name
       analyze_joule_heat - Specifies to perform joule heat analysis

Syntax
       analyze_joule_heat

       [-help]

       [-detail_delta_temperature_file <filename]>

       [-detail_delta_temperature_region {<x1 y1 x2 y2>}]

       [-domain <rail_domain_name>]

       [-net <pg_net_name>]

       [-report_conn_pin_wire <filename>]

       [-scale_rms_limit <value>]

       [-tile_delta_temperature_file <filename>]

       [-tiles {<n_tile_in_x> <m_tile_in_y>}]

       [-output_directory<dir_name>]

       Specifies to perform joule heat analysis. This command will use the dy-
       namic  RMS current to compute delta-T RMS on the power and signal wires
       for all segments in the design. The analyze_joule_heat command is simi-
       lar  to  the   analyze_self_heat  command,   except   that   the   ana-
       lyze_self_heat  command computes both delta-T FEOL (FEOL self heat) and
       delta-T RMS (BEOL self heat)  whereas  the  analyze_joule_heat  command
       computes only delta-T RMS.

       Joule  heat  analysis  (analyze_joule_heat) should be performed for the
       entire design, that is, you must use domain analysis with all  PG  nets
       (-domain  ALL).  The  -net  <<pgnet>> parameter should be used only for
       preliminary checking.

Parameters
       -help  Outputs a brief description that includes the type  and  default
              information for each analyze_joule_heat parameter.

              For a detailed description of the command and all of its parame-
              ters, use the man command man analyze_joule_heat.

       -detail_delta_temperature_file <filename>
              Specifies the name of the generated BEOL detailed delta-tempera-
              ture file.

       -detail_delta_temperature_region {<x1 y1 x2 y2>}
              Specifies  the  region coordinates for generating detailed delta
              temperature file.

       -domain <rail_domain_name>
              Specifies the domain name of the rail.

       -net <pg_net_name>
              Specifies a net for joule heat analysis.

       -output_directory<dir_name>
              Specifies the directory name for storing the joule heat analysis
              results. When you specify this parameter, the  following  result
              files are saved in the specified directory:

              * Rail analysis output directory

              * Detail delta temperature file

              If -output_directory is not specified, by default the joule heat
              analysis results are stored in the current working directory.

       -report_conn_pin_wire <filename>
              Reports results on wires connecting to cell pins.

       -scale_rms_limit <value>
              Specifies  the scale factor for the root-mean-square (rms) limit
              relaxation factor during Electromigration current  limit  analy-
              sis.

       -tile_delta_temperature_file <filename>
              Specifies  the  name of the generated BEOL tile-based delta-tem-
              perature file.

       -tiles <{n_tile_in_x m_tile_in_y}>
              Specifies the number of tiles in the x and y directions  in  the
              tile-based delta temperature file.

Examples
              * The following command is an example of analyze_joule_heat com-
                mand:

                analyze_joule_heat  -domain  ALL  -tile_delta_temperature_file
                joule_ttm.txt -tiles  {10  10}  -detail_delta_temperature_file
                joule_heat_detail.rpt -report_conn_pin_wire joule_heat.rpt

Related Information
              * set_rail_analysis_mode

              * analyze_self_heat

              * "Self-Heating  Effect  Analysis"  in  the  Voltus IC Power In-
                tegrity Solution User Guide

                           Fri Apr 04 01:25:37 2025  analyze_joule_heat(25.10)